$@MID@$: 1
Date: Thu, 16 Aug 2012 19:56:38 +0000
Author: AH
S/N: 
Type: Routine
Category: Hardware
Subject: Link to Manual for re-terminating
Cruise: at22-01
Attachment: 
Encoding: HTML
========================================
<p>Hi..<br />
<br />
I added the Tow cable termination instructions 26.pdf to http://128.128.250.51:pub/maggie<br />
<br />
I will try and remember to get them on when you all are at WHOI, but if you need it before let me know and<br />
an can move them to the rsync outgoing.<br />
<br />
cheers, laura<br />
<br />
&nbsp;</p>
