$@MID@$: 3
Date: Mon, 17 Oct 2011 19:44:14 +0000
Author: AH
Type: Routine
Category: scintillation counter
Subject: New Scintillation Counter - SERIAL NUMBER AND INFO
Cruise: at18-12
Attachment: 
Encoding: HTML
========================================
<p><span style="font-size:large">I set up the new scintillation counter in the isotope van.&nbsp;&nbsp;&nbsp; </span></p>

<p><span style="font-size:large">There is a Service Manual and software in my (Allison/computer lab) file cabinet drawer under &quot;isotope&quot;.&nbsp; </span></p>

<p><span style="font-size:large">HIDEX 300SL &nbsp;&nbsp; S/N&nbsp;2110156 &nbsp;&nbsp; </span></p>

<p><span style="font-size:large">Hidex 300SL Power Supply&nbsp;&nbsp;&nbsp;&nbsp; S/N 2110294&nbsp; (<del>this was on power supply - not sure if it is for entire counter, I could not find any other</del></span></p>

<p><span style="font-size:large"><del>&nbsp; &nbsp; &nbsp; &nbsp; &nbsp; &nbsp; &nbsp; &nbsp; &nbsp; &nbsp; &nbsp; &nbsp; &nbsp; &nbsp; &nbsp; &nbsp; &nbsp; &nbsp; &nbsp; &nbsp; &nbsp; &nbsp; &nbsp; &nbsp; &nbsp; numbers</del>)&nbsp; Yes, that is the power supply serial number as per email 2018-Jan-09:</span></p>

<p><span style="font-size:11px">Date: Tue, 9 Jan 2018 08:32:05 +0000<br />
From: Hidex Oy &lt;info@hidex.com&gt;<br />
To: atlantis sssg &lt;sssg@atlantis.whoi.edu&gt;<br />
Subject: RE: request for license<br />
Parts/Attachments:<br />
&nbsp; &nbsp;1 Shown &nbsp; &nbsp;~78 lines &nbsp;Text<br />
&nbsp; &nbsp;2 &nbsp; &nbsp; &nbsp; &nbsp; &nbsp;1.2 KB &nbsp; &nbsp; Application, &quot;license_2110156.xml&quot;<br />
----------------------------------------</span></p>

<p><span style="font-size:11px">Hi,</span><span style="font-size:large"><span style="font-size:11px">ok, yes this certainly is the power supply serial number, now I understand why we could not match it with instrument numbers.&nbsp; The instrument has its own number, and the label should be on the back of the instrument nearby the power supply connection.</span></span><span style="font-size:11px">&nbsp; I send herewith another license key, with what I believe is the correct instrument number, i.e. 2110156.</span><span style="font-size:11px">&nbsp; But it makes no difference which number you use when registering the software, as long as the number initially entered into the software is the same than in the key file.</span></p>

<p><span style="font-size:11px">Best regards,<br />
Marja</span><br />
&nbsp;</p>

<p><span style="font-size:large">&nbsp;&nbsp;&nbsp;&nbsp;&nbsp;&nbsp;&nbsp;&nbsp;&nbsp;&nbsp;&nbsp;&nbsp;&nbsp;&nbsp;&nbsp;&nbsp;&nbsp;&nbsp;&nbsp;&nbsp;&nbsp;&nbsp;&nbsp;&nbsp;&nbsp;&nbsp; Type 425-9900 &nbsp;&nbsp; </span></p>

<p><span style="font-size:large">Mikro Win2000 license ID 17438&nbsp; - from dongle that is used to operate software for HIDEX scint. counter</span></p>
$@MID@$: 4
Date: Mon, 17 Oct 2011 19:45:48 +0000
Author: AH
Type: Inventory
Category: scintillation counter
Subject: Standards
Cruise: at18-12
Attachment: 
Encoding: HTML
========================================
<p>Here is the information on the standards:</p>
<p>1 - Blank - for background</p>
<p>2 - H3 equivalent to 293900 dpm</p>
<p>3- C14 equivalent to 129900 dpm</p>
<p>&nbsp;</p>
<p>&nbsp;</p>
