$@MID@$: 5
Date: Sat, 05 Nov 2011 10:18:34 +0000
Author: AH
Type: Other
Category: isotopes
Subject: NOTES - Isotope Workshop
Cruise: at18-13
Attachment: 
Encoding: HTML
========================================
<p>Version:1.0 StartHTML:0000000199 EndHTML:0000023902 StartFragment:0000002375 EndFragment:0000023866 SourceURL:file://localhost/Users/aheater/Desktop/ISOTOPE_WORKSHOP14C3H_NotesandActions_2.doc
<meta content="" name="Title">
<meta content="" name="Keywords">
<meta content="text/html; charset=utf-8" http-equiv="Content-Type">
<meta content="Word.Document" name="ProgId">
<meta content="Microsoft Word 11" name="Generator">
<meta content="Microsoft Word 11" name="Originator">
<link href="file://localhost/Users/aheater/Library/Caches/TemporaryItems/msoclip1/01/clip_filelist.xml" rel="File-List" /> <!--[if gte mso 9]><xml>
 <o:DocumentProperties>
  <o:Template>Normal</o:Template>
  <o:Revision>0</o:Revision>
  <o:TotalTime>0</o:TotalTime>
  <o:Pages>1</o:Pages>
  <o:Words>929</o:Words>
  <o:Characters>5299</o:Characters>
  <o:Lines>44</o:Lines>
  <o:Paragraphs>10</o:Paragraphs>
  <o:CharactersWithSpaces>6507</o:CharactersWithSpaces>
  <o:Version>11.1282</o:Version>
 </o:DocumentProperties>
 <o:OfficeDocumentSettings>
  <o:AllowPNG/>
 </o:OfficeDocumentSettings>
</xml><![endif]--><!--[if gte mso 9]><xml>
 <w:WordDocument>
  <w:Zoom>0</w:Zoom>
  <w:DoNotShowRevisions/>
  <w:DoNotPrintRevisions/>
  <w:DisplayHorizontalDrawingGridEvery>0</w:DisplayHorizontalDrawingGridEvery>
  <w:DisplayVerticalDrawingGridEvery>0</w:DisplayVerticalDrawingGridEvery>
  <w:UseMarginsForDrawingGridOrigin/>
 </w:WordDocument>
</xml><![endif]--> <style type="text/css">
<!--
 /* Font Definitions */
@font-face
	{font-family:"Times New Roman";
	panose-1:0 2 2 6 3 5 4 5 2 3;
	mso-font-charset:0;
	mso-generic-font-family:auto;
	mso-font-pitch:variable;
	mso-font-signature:50331648 0 0 0 1 0;}
 /* Style Definitions */
p.MsoNormal, li.MsoNormal, div.MsoNormal
	{mso-style-parent:"";
	margin:0in;
	margin-bottom:.0001pt;
	mso-pagination:widow-orphan;
	font-size:12.0pt;
	font-family:Times;}
table.MsoNormalTable
	{mso-style-parent:"";
	font-size:10.0pt;
	font-family:"Times New Roman";}
@page Section1
	{size:8.5in 11.0in;
	margin:1.0in 1.25in 1.0in 1.25in;
	mso-header-margin:.5in;
	mso-footer-margin:.5in;
	mso-paper-source:0;}
div.Section1
	{page:Section1;}
-->
</style>  <!--StartFragment-->
<p class="MsoNormal"><span style="font-size: 16pt;"><b>14C/3H NSF Workshop <o:p></o:p></b></span></p>
<p class="MsoNormal"><span style="font-size: 14pt;">Notes &amp; Actions<o:p></o:p></span></p>
<p class="MsoNormal">27Oct11</p>
<p class="MsoNormal">&nbsp;</p>
<p class="MsoNormal"><b>The objective is to develop guidelines for accommodating both natural level and enhanced isotope work on UNOLS vessels.<span style="">&nbsp; </span>The thought is that this would reside as a document on the UNOLS site for institutions to reference.<o:p></o:p></b></p>
<p class="MsoNormal"><b><o:p></o:p></b></p>
<p class="MsoNormal"><b>What can Ship Operators do to minimize contamination?<o:p></o:p></b></p>
<p style="margin-left: 0.5in; text-indent: -0.5in;" class="MsoNormal"><span style="">&nbsp;&nbsp;&nbsp;&nbsp;&nbsp;&nbsp;&nbsp;&nbsp;&nbsp;&nbsp;&nbsp; </span>&bull;<span style="">&nbsp;&nbsp;&nbsp;&nbsp;&nbsp;&nbsp;&nbsp;&nbsp;&nbsp;&nbsp;&nbsp; </span>Provide a Radioisotope Van for all enhanced tracer work.</p>
<p style="margin-left: 0.5in; text-indent: -0.5in;" class="MsoNormal"><span style="">&nbsp;&nbsp;&nbsp;&nbsp;&nbsp;&nbsp;&nbsp;&nbsp;&nbsp;&nbsp;&nbsp; </span>&bull;<span style="">&nbsp;&nbsp;&nbsp;&nbsp;&nbsp;&nbsp;&nbsp;&nbsp;&nbsp;&nbsp;&nbsp; </span>Clearly communicate processes and expectations of the users including but not limited to:</p>
<p style="margin-left: 1in; text-indent: -1in;" class="MsoNormal"><span style="">&nbsp;&nbsp;&nbsp;&nbsp;&nbsp;&nbsp;&nbsp;&nbsp;&nbsp;&nbsp;&nbsp;&nbsp;&nbsp;&nbsp;&nbsp;&nbsp;&nbsp;&nbsp;&nbsp;&nbsp;&nbsp;&nbsp;&nbsp; </span>&bull;<span style="">&nbsp;&nbsp;&nbsp;&nbsp;&nbsp;&nbsp;&nbsp;&nbsp;&nbsp;&nbsp;&nbsp; </span>Who provides what (e.g. PPE, swipe materials, etc)?</p>
<p style="margin-left: 1in; text-indent: -1in;" class="MsoNormal"><span style="">&nbsp;&nbsp;&nbsp;&nbsp;&nbsp;&nbsp;&nbsp;&nbsp;&nbsp;&nbsp;&nbsp; </span>&bull;<span style="">&nbsp;&nbsp;&nbsp;&nbsp;&nbsp;&nbsp;&nbsp;&nbsp;&nbsp;&nbsp;&nbsp; </span>How is waste handled?</p>
<p style="margin-left: 1in; text-indent: -1in;" class="MsoNormal"><span style="">&nbsp;&nbsp;&nbsp;&nbsp;&nbsp;&nbsp;&nbsp;&nbsp;&nbsp;&nbsp;&nbsp; </span>&bull;<span style="">&nbsp;&nbsp;&nbsp;&nbsp;&nbsp;&nbsp;&nbsp;&nbsp;&nbsp;&nbsp;&nbsp; </span>Who is responsible for clean-up?</p>
<p style="margin-left: 1in; text-indent: -1in;" class="MsoNormal"><span style="">&nbsp;&nbsp;&nbsp;&nbsp;&nbsp;&nbsp;&nbsp;&nbsp;&nbsp;&nbsp;&nbsp; </span>&bull;<span style="">&nbsp;&nbsp;&nbsp;&nbsp;&nbsp;&nbsp;&nbsp;&nbsp;&nbsp;&nbsp;&nbsp; </span>What sort of swipes are required?<span style="">&nbsp; </span>Where?<span style="">&nbsp; </span>Provide timelines, instructions and maps.</p>
<p style="margin-left: 1in; text-indent: -1in;" class="MsoNormal"><span style="">&nbsp;&nbsp;&nbsp;&nbsp;&nbsp;&nbsp;&nbsp;&nbsp;&nbsp;&nbsp;&nbsp; </span>&bull;<span style="">&nbsp;&nbsp;&nbsp;&nbsp;&nbsp;&nbsp;&nbsp;&nbsp;&nbsp;&nbsp;&nbsp; </span>Transportation of rads to the ship?</p>
<p style="margin-left: 1in; text-indent: -1in;" class="MsoNormal"><span style="">&nbsp;&nbsp;&nbsp;&nbsp;&nbsp;&nbsp;&nbsp;&nbsp;&nbsp;&nbsp;&nbsp; </span>&bull;<span style="">&nbsp;&nbsp;&nbsp;&nbsp;&nbsp;&nbsp;&nbsp;&nbsp;&nbsp;&nbsp;&nbsp; </span>What are the consequences for not following procedures?</p>
<p style="margin-left: 1in;" class="MsoNormal">NOTE: This topic needs to be explored further.<span style="">&nbsp; </span>It could be as simple as not receiving a passport or as rigid as getting the NSF involved.</p>
<p style="margin-left: 0.75in;" class="MsoNormal"><i>How is it best to communicate this?<span style="">&nbsp; </span>Will/Can they be standard throughout the fleet?<span style="">&nbsp; </span>If so, we can develop some guidelines.<span style="">&nbsp; </span>If not, can we develop an outline which the institutions can follow</i><span style="font-style: normal;">?<span style="">&nbsp; </span></span></p>
<p style="margin-left: 0.5in; text-indent: -0.5in;" class="MsoNormal"><span style="">&nbsp;&nbsp;&nbsp;&nbsp;&nbsp;&nbsp;&nbsp;&nbsp;&nbsp;&nbsp;&nbsp; </span>&bull;<span style="">&nbsp;&nbsp;&nbsp;&nbsp;&nbsp;&nbsp;&nbsp;&nbsp;&nbsp;&nbsp;&nbsp; </span>Request a SWAB test after each cruise that uses enhanced radioisotopes.</p>
<p class="MsoNormal">NOTE:<span style="">&nbsp; </span>This will be difficult for ships like the <i>KM</i><span style="font-style: normal;"> and </span><i>AE</i><span style="font-style: normal;"> who have ~20 cruises per year that use radioisotope.<span style="">&nbsp; </span></span><i>Alice</i><span style="font-style: normal;"> will look at the actual numbers and see how something could be worked out.<span style="">&nbsp; </span>Some ideas </span></p>
<p style="margin-left: 0.5in; text-indent: -0.5in;" class="MsoNormal"><span style="">&nbsp;&nbsp;&nbsp;&nbsp;&nbsp;&nbsp;&nbsp;&nbsp;&nbsp;&nbsp;&nbsp; </span>&bull;<span style="">&nbsp;&nbsp;&nbsp;&nbsp;&nbsp;&nbsp;&nbsp;&nbsp;&nbsp;&nbsp;&nbsp; </span>The shipboard techs could complete either a complete or simplified SWAB tests with test kits from UMTL, sending the kits back to UMTL for analysis.<span style="">&nbsp; </span>This could be too big of a job for already busy techs.</p>
<p style="margin-left: 0.5in; text-indent: -0.5in;" class="MsoNormal"><span style="">&nbsp;&nbsp;&nbsp;&nbsp;&nbsp;&nbsp;&nbsp;&nbsp;&nbsp;&nbsp;&nbsp; </span>&bull;<span style="">&nbsp;&nbsp;&nbsp;&nbsp;&nbsp;&nbsp;&nbsp;&nbsp;&nbsp;&nbsp;&nbsp; </span>Put together a Radioisotope Familiarization presentation for the scientists, techs and crew.</p>
<p class="MsoNormal">SIO has a good example of this.<span style="">&nbsp; </span><i>Alice</i><span style="font-style: normal;"> will also look at what other institutions may have including the USAP and disseminate for review.<span style="">&nbsp; </span>Some topics that make sure are included:</span></p>
<p style="margin-left: 0.5in; text-indent: -0.5in;" class="MsoNormal"><span style="">&nbsp;&nbsp;&nbsp;&nbsp;&nbsp;&nbsp;&nbsp;&nbsp;&nbsp;&nbsp;&nbsp; </span>&bull;<span style="">&nbsp;&nbsp;&nbsp;&nbsp;&nbsp;&nbsp;&nbsp;&nbsp;&nbsp;&nbsp;&nbsp; </span>Potential pathways for contamination</p>
<p style="margin-left: 0.5in; text-indent: -0.5in;" class="MsoNormal"><span style="">&nbsp;&nbsp;&nbsp;&nbsp;&nbsp;&nbsp;&nbsp;&nbsp;&nbsp;&nbsp;&nbsp; </span>&bull;<span style="">&nbsp;&nbsp;&nbsp;&nbsp;&nbsp;&nbsp;&nbsp;&nbsp;&nbsp;&nbsp;&nbsp; </span>The Cradle to Grave concept &ndash; How do you safely transport your rads to the ship and what happens to the waste afterwards</p>
<p style="margin-left: 0.5in; text-indent: -0.5in;" class="MsoNormal"><span style="">&nbsp;&nbsp;&nbsp;&nbsp;&nbsp;&nbsp;&nbsp;&nbsp;&nbsp;&nbsp;&nbsp; </span>&bull;<span style="">&nbsp;&nbsp;&nbsp;&nbsp;&nbsp;&nbsp;&nbsp;&nbsp;&nbsp;&nbsp;&nbsp; </span>What sort of monitoring is required</p>
<p style="margin-left: 0.5in; text-indent: -0.5in;" class="MsoNormal"><span style="">&nbsp;&nbsp;&nbsp;&nbsp;&nbsp;&nbsp;&nbsp;&nbsp;&nbsp;&nbsp;&nbsp; </span>&bull;<span style="">&nbsp;&nbsp;&nbsp;&nbsp;&nbsp;&nbsp;&nbsp;&nbsp;&nbsp;&nbsp;&nbsp; </span>Use of the Radvan &ndash; who/how/when, keeping it locked when not in use, not storing cargo in it, etc</p>
<p style="margin-left: 0.5in; text-indent: -0.5in;" class="MsoNormal"><span style="">&nbsp;&nbsp;&nbsp;&nbsp;&nbsp;&nbsp;&nbsp;&nbsp;&nbsp;&nbsp;&nbsp; </span>&bull;<span style="">&nbsp;&nbsp;&nbsp;&nbsp;&nbsp;&nbsp;&nbsp;&nbsp;&nbsp;&nbsp;&nbsp; </span>Thoughts about placement of the radvan and its stacks.</p>
<p style="margin-left: 0.5in;" class="MsoNormal">We would like to make this a UNOLS presentation and put it somewhere on the UNOLS site.</p>
<p style="margin-left: 0.5in; text-indent: -0.5in;" class="MsoNormal"><span style="">&nbsp;&nbsp;&nbsp;&nbsp;&nbsp;&nbsp;&nbsp;&nbsp;&nbsp;&nbsp;&nbsp; </span>&bull;<span style="">&nbsp;&nbsp;&nbsp;&nbsp;&nbsp;&nbsp;&nbsp;&nbsp;&nbsp;&nbsp;&nbsp; </span>Create a standardized UNOLS Radioisotope Use Form for scientists to complete prior to their use of radioisotopes onboard.<span style="">&nbsp; </span></p>
<p style="margin-left: 0.5in;" class="MsoNormal">NOTE:<span style="">&nbsp; </span>SIO and WHOI have good examples.<span style="">&nbsp; </span><i>Alice </i><span style="font-style: normal;">will also look at what is used at other institutions.<span style="">&nbsp; </span>This too will reside on the UNOLS website.<span style="">&nbsp;&nbsp; </span></span><i>How will this be disseminated to the proper parties?<o:p></o:p></i></p>
<p style="margin-left: 0.5in; text-indent: -0.5in;" class="MsoNormal"><span style="">&nbsp;&nbsp;&nbsp;&nbsp;&nbsp;&nbsp;&nbsp;&nbsp;&nbsp;&nbsp;&nbsp; </span>&bull;<span style="">&nbsp;&nbsp;&nbsp;&nbsp;&nbsp;&nbsp;&nbsp;&nbsp;&nbsp;&nbsp;&nbsp; </span>Add a questions regarding Natural Abundance work onto the STR form.<span style="">&nbsp; </span></p>
<p style="margin-left: 0.5in;" class="MsoNormal">There is already a question there asking whether the scientist plans to use radioisotopes.<span style="">&nbsp; </span>A 2<sup>nd</sup> question regarding Natural Abundance work give the operators early notice that this work will be done.<span style="">&nbsp; </span>It is understood that sometimes scientists do not know at the time they submit their STR but it is at least a start.<span style="">&nbsp; </span><i>Natural Abundance Scientists will create the best verbiage for this question (to include radiocarbon dating) and Alice will work with the UNOLS office on this.<o:p></o:p></i></p>
<p style="margin-left: 0.5in; text-indent: -0.5in;" class="MsoNormal"><span style="">&nbsp;&nbsp;&nbsp;&nbsp;&nbsp;&nbsp;&nbsp;&nbsp;&nbsp;&nbsp;&nbsp; </span>&bull;<span style="">&nbsp;&nbsp;&nbsp;&nbsp;&nbsp;&nbsp;&nbsp;&nbsp;&nbsp;&nbsp;&nbsp; </span>Create some sort of Radioisotope Use History for the ships to show on which cruises radioisotopes were used.</p>
<p class="MsoNormal">NOTE: This would be only from now forwards.<span style="">&nbsp; </span><i>Could we make this as easy as a note or a checkbox on the ship schedule?<span style="">&nbsp; </span>Other ideas for this?<o:p></o:p></i></p>
<p style="margin-left: 0.5in; text-indent: -0.5in;" class="MsoNormal"><i><span style="">&nbsp;&nbsp;&nbsp;&nbsp;&nbsp;&nbsp;&nbsp;&nbsp;&nbsp;&nbsp;&nbsp; </span>&bull;<span style="">&nbsp;&nbsp;&nbsp;&nbsp;&nbsp;&nbsp;&nbsp;&nbsp;&nbsp;&nbsp;&nbsp; </span>Recommend (or require?)</i><span style="font-style: normal;"> the institutions create Use Histories for any institution owned Radvans.<span style="">&nbsp;&nbsp; </span>This would also be done for Van Pool Vans.<span style="">&nbsp; </span>This would include what and when rads were used and also any Swipe or SWAB results.<span style="">&nbsp; </span>It would be great if these were available online.</span></p>
<p class="MsoNormal">NOTE: Would this be from now forward.<span style="">&nbsp; </span><i>What about institutions who do not have any IT support?<o:p></o:p></i></p>
<p style="margin-left: 0.5in; text-indent: -0.5in;" class="MsoNormal"><span style="">&nbsp;&nbsp;&nbsp;&nbsp;&nbsp;&nbsp;&nbsp;&nbsp;&nbsp;&nbsp;&nbsp; </span>&bull;<span style="">&nbsp;&nbsp;&nbsp;&nbsp;&nbsp;&nbsp;&nbsp;&nbsp;&nbsp;&nbsp;&nbsp; </span>All rad vans should have at least a functioning single-counter LSC OR should each cruise using enhanced radioisotopes should have at least 1 functioning LSC onboard (single or multiple counters)?<span style="">&nbsp; </span><i>Alice </i><span style="font-style: normal;">will try to see who has radvans and whether they have LSCs installed. </span></p>
<p class="MsoNormal">&nbsp;</p>
<p class="MsoNormal"><b>What can Scientists do to minimize contamination?<o:p></o:p></b></p>
<p style="margin-left: 0.5in; text-indent: -0.5in;" class="MsoNormal"><span style="">&nbsp;&nbsp;&nbsp;&nbsp;&nbsp;&nbsp;&nbsp;&nbsp;&nbsp;&nbsp;&nbsp; </span>&bull;<span style="">&nbsp;&nbsp;&nbsp;&nbsp;&nbsp;&nbsp;&nbsp;&nbsp;&nbsp;&nbsp;&nbsp; </span>Increased education for new isotope users</p>
<p style="margin-left: 0.5in; text-indent: -0.5in;" class="MsoNormal"><span style="">&nbsp;&nbsp;&nbsp;&nbsp;&nbsp;&nbsp;&nbsp;&nbsp;&nbsp;&nbsp;&nbsp; </span>&bull;<span style="">&nbsp;&nbsp;&nbsp;&nbsp;&nbsp;&nbsp;&nbsp;&nbsp;&nbsp;&nbsp;&nbsp; </span>Suggested Best Practices</p>
<p style="margin-left: 1in;" class="MsoNormal"><i>Woody &amp; David F</i><span style="font-style: normal;"> to each ask a PI he knows has good radioisotope use practices to put something together.<span style="">&nbsp; </span></span><i>Paty &amp; Walker</i><span style="font-style: normal;"> to review and comment.<span style="">&nbsp; </span></span></p>
<p style="margin-left: 1in;" class="MsoNormal">It was noted that this should also be distributed to RSOs at the operator institutions.</p>
<p style="margin-left: 0.5in; text-indent: -0.5in;" class="MsoNormal"><span style="">&nbsp;&nbsp;&nbsp;&nbsp;&nbsp;&nbsp;&nbsp;&nbsp;&nbsp;&nbsp;&nbsp; </span>&bull;<span style="">&nbsp;&nbsp;&nbsp;&nbsp;&nbsp;&nbsp;&nbsp;&nbsp;&nbsp;&nbsp;&nbsp; </span>Increased education for new isotope users &ndash; <i>Who? What? When? How?<o:p></o:p></i></p>
<p style="margin-left: 0.5in; text-indent: -0.5in;" class="MsoNormal"><span style="">&nbsp;&nbsp;&nbsp;&nbsp;&nbsp;&nbsp;&nbsp;&nbsp;&nbsp;&nbsp;&nbsp; </span>&bull;<span style="">&nbsp;&nbsp;&nbsp;&nbsp;&nbsp;&nbsp;&nbsp;&nbsp;&nbsp;&nbsp;&nbsp; </span>Mandatory Swipe Tests:</p>
<p style="margin-left: 1in; text-indent: -1in;" class="MsoNormal"><span style="">&nbsp;&nbsp;&nbsp;&nbsp;&nbsp;&nbsp;&nbsp;&nbsp;&nbsp;&nbsp;&nbsp;&nbsp;&nbsp;&nbsp;&nbsp;&nbsp;&nbsp;&nbsp;&nbsp;&nbsp;&nbsp;&nbsp;&nbsp; </span>&bull;<span style="">&nbsp;&nbsp;&nbsp;&nbsp;&nbsp;&nbsp;&nbsp;&nbsp;&nbsp;&nbsp;&nbsp; </span>Pre &amp; Post-cruise</p>
<p style="margin-left: 1in; text-indent: -1in;" class="MsoNormal"><span style="">&nbsp;&nbsp;&nbsp;&nbsp;&nbsp;&nbsp;&nbsp;&nbsp;&nbsp;&nbsp;&nbsp; </span>&bull;<span style="">&nbsp;&nbsp;&nbsp;&nbsp;&nbsp;&nbsp;&nbsp;&nbsp;&nbsp;&nbsp;&nbsp; </span>Regularly as defined by the operating institution (at least 1x/week)</p>
<p style="margin-left: 0.5in; text-indent: -0.5in;" class="MsoNormal"><span style="">&nbsp;&nbsp;&nbsp;&nbsp;&nbsp;&nbsp;&nbsp;&nbsp;&nbsp;&nbsp;&nbsp; </span>&bull;<span style="">&nbsp;&nbsp;&nbsp;&nbsp;&nbsp;&nbsp;&nbsp;&nbsp;&nbsp;&nbsp;&nbsp; </span>Enhanced Radioisotope scientist should conduct a briefing at the beginning of each cruise to inform his/her users that their use practices have repercussions on future users of the ship.<span style="">&nbsp; </span><i>Natural Abundance scientists will develop a short briefing.<o:p></o:p></i></p>
<p style="margin-left: 0.5in; text-indent: -0.5in;" class="MsoNormal"><span style="">&nbsp;&nbsp;&nbsp;&nbsp;&nbsp;&nbsp;&nbsp;&nbsp;&nbsp;&nbsp;&nbsp; </span>&bull;<span style="">&nbsp;&nbsp;&nbsp;&nbsp;&nbsp;&nbsp;&nbsp;&nbsp;&nbsp;&nbsp;&nbsp; </span>SWAB samples conducted by the scientists?<span style="">&nbsp; </span>There was discussion of having the enhanced radioisotope scientists conducting <i>a few</i><span style="font-style: normal;"> SWAB samples within the van towards the end of the cruise.<span style="">&nbsp; </span>Was resolution reached on this?</span></p>
<p style="margin-left: 0.5in; text-indent: -0.5in;" class="MsoNormal"><span style="">&nbsp;&nbsp;&nbsp;&nbsp;&nbsp;&nbsp;&nbsp;&nbsp;&nbsp;&nbsp;&nbsp; </span>&bull;<span style="">&nbsp;&nbsp;&nbsp;&nbsp;&nbsp;&nbsp;&nbsp;&nbsp;&nbsp;&nbsp;&nbsp; </span>Develop generally uniform swipe procedures &ndash; ie</p>
<p style="margin-left: 0.5in; text-indent: -0.5in;" class="MsoNormal"><span style="">&nbsp;&nbsp;&nbsp;&nbsp;&nbsp;&nbsp;&nbsp;&nbsp;&nbsp;&nbsp;&nbsp; </span>&bull;<span style="">&nbsp;&nbsp;&nbsp;&nbsp;&nbsp;&nbsp;&nbsp;&nbsp;&nbsp;&nbsp;&nbsp; </span>Dry or soapy water?</p>
<p style="margin-left: 0.5in; text-indent: -0.5in;" class="MsoNormal"><span style="">&nbsp;&nbsp;&nbsp;&nbsp;&nbsp;&nbsp;&nbsp;&nbsp;&nbsp;&nbsp;&nbsp; </span>&bull;<span style="">&nbsp;&nbsp;&nbsp;&nbsp;&nbsp;&nbsp;&nbsp;&nbsp;&nbsp;&nbsp;&nbsp; </span>How many swipes in a 20ft van?</p>
<p style="margin-left: 0.5in; text-indent: -0.5in;" class="MsoNormal"><span style="">&nbsp;&nbsp;&nbsp;&nbsp;&nbsp;&nbsp;&nbsp;&nbsp;&nbsp;&nbsp;&nbsp; </span>&bull;<span style="">&nbsp;&nbsp;&nbsp;&nbsp;&nbsp;&nbsp;&nbsp;&nbsp;&nbsp;&nbsp;&nbsp; </span>Any standard places?<span style="">&nbsp; </span>Perhaps have X number of &ldquo;standard&rdquo; locations and Y number of &ldquo;areas of choice&rdquo;?</p>
<p style="margin-left: 0.5in; text-indent: -0.5in;" class="MsoNormal"><span style="">&nbsp;&nbsp;&nbsp;&nbsp;&nbsp;&nbsp;&nbsp;&nbsp;&nbsp;&nbsp;&nbsp; </span>&bull;<span style="">&nbsp;&nbsp;&nbsp;&nbsp;&nbsp;&nbsp;&nbsp;&nbsp;&nbsp;&nbsp;&nbsp; </span>Standard count time?</p>
<p style="margin-left: 0.5in; text-indent: -0.5in;" class="MsoNormal"><span style="">&nbsp;&nbsp;&nbsp;&nbsp;&nbsp;&nbsp;&nbsp;&nbsp;&nbsp;&nbsp;&nbsp; </span>&bull;<span style="">&nbsp;&nbsp;&nbsp;&nbsp;&nbsp;&nbsp;&nbsp;&nbsp;&nbsp;&nbsp;&nbsp; </span>Anything else?</p>
<p style="margin-left: 0.5in;" class="MsoNormal"><i>Is this possible or does each institution have their own guidelines that must be followed?<span style="">&nbsp; </span>If it is possible, who will do this?<o:p></o:p></i></p>
<p style="margin-left: 0.5in; text-indent: -0.5in;" class="MsoNormal"><span style="">&nbsp;&nbsp;&nbsp;&nbsp;&nbsp;&nbsp;&nbsp;&nbsp;&nbsp;&nbsp;&nbsp; </span>&bull;<span style="">&nbsp;&nbsp;&nbsp;&nbsp;&nbsp;&nbsp;&nbsp;&nbsp;&nbsp;&nbsp;&nbsp; </span>Create some Waste Management Best Practices at sea.</p>
<p style="margin-left: 0.5in;" class="MsoNormal">Are there some standard &ldquo;Do&rsquo;s and Don&rsquo;ts&rdquo; for dealing with waste at sea?<span style="">&nbsp; </span>It was noted that often the users have not worked with radioisotopes at sea and have not had to deal with their waste before (it was always dealt with by the institution at which they were working).<span style="">&nbsp; </span>Some sort of Best Practices could go a long way at making sure that the materials are dealt with properly.<span style="">&nbsp; </span><i>Who will develop this?<o:p></o:p></i></p>
<p class="MsoNormal"><i><o:p></o:p></i></p>
<p class="MsoNormal"><b>What can SWAB do to minimize contamination?<o:p></o:p></b></p>
<p style="margin-left: 0.5in; text-indent: -0.5in;" class="MsoNormal"><span style="">&nbsp;&nbsp;&nbsp;&nbsp;&nbsp;&nbsp;&nbsp;&nbsp;&nbsp;&nbsp;&nbsp; </span>&bull;<span style="">&nbsp;&nbsp;&nbsp;&nbsp;&nbsp;&nbsp;&nbsp;&nbsp;&nbsp;&nbsp;&nbsp; </span>Review radioisotope use as indicated in STRS and remind the operators that SWABS should be conducted after enhanced radioisotope cruises.</p>
<p style="margin-left: 0.5in; text-indent: -0.5in;" class="MsoNormal"><span style="">&nbsp;&nbsp;&nbsp;&nbsp;&nbsp;&nbsp;&nbsp;&nbsp;&nbsp;&nbsp;&nbsp; </span>&bull;<span style="">&nbsp;&nbsp;&nbsp;&nbsp;&nbsp;&nbsp;&nbsp;&nbsp;&nbsp;&nbsp;&nbsp; </span>Better inform the community that SWAB courtesy kits are available (along with the protocols) for anyone who is interested.</p>
<p class="MsoNormal">&nbsp;</p>
<p class="MsoNormal"><b>What can NSF do?<o:p></o:p></b></p>
<p class="MsoNormal">It was noted that the Guidelines will need NSF&rsquo;s stamp of approval and potentially some &ldquo;teeth&rdquo; to the document.</p>
<p class="MsoNormal">&nbsp;</p>
<!--EndFragment--> </meta>
</meta>
</meta>
</meta>
</meta>
</meta>
</p>
