$@MID@$: 17
Date: Mon, 24 Aug 2015 15:45:20 +0000
Author: lstolp per ihanley
Cruise: ti836
Sensor: pump
S/N: 
cal date: 
Category: Hardware
Type: Other
Subject: pump is broken
Attachment: 
Encoding: HTML
========================================
<p>&nbsp;<span style="font-family: Menlo; font-size: 11px;">Date: Mon, 24 Aug 2015 12:07:56 -0400</span></p>
<p style="margin: 0px; font-size: 11px; font-family: Menlo;">From: Ian G Hanley &lt;ihanley@whoi.edu&gt;</p>
<p style="margin: 0px; font-size: 11px; font-family: Menlo;">To: Laura Stolp &lt;laura@striker.whoi.edu&gt;</p>
<p style="margin: 0px; font-size: 11px; font-family: Menlo;">Cc: khoutler@whoi.edu, dfisichella@whoi.edu, rlaird@whoi.edu</p>
<p style="margin: 0px; font-size: 11px; font-family: Menlo;">Subject: Re: Tioga datalog computer</p>
<p style="margin: 0px; font-size: 11px; font-family: Menlo; min-height: 13px;">&nbsp;</p>
<p style="margin: 0px; font-size: 11px; font-family: Menlo;">Laura,</p>
<p style="margin: 0px; font-size: 11px; font-family: Menlo; min-height: 13px;">&nbsp;</p>
<p style="margin: 0px; font-size: 11px; font-family: Menlo;">I won't be back on the boat until Wednesday or Thursday, I'll check the logbook to see what</p>
<p style="margin: 0px; font-size: 11px; font-family: Menlo;">cruises the TSG was on or off. I got the pump running on Friday about midway through our cruise</p>
<p style="margin: 0px; font-size: 11px; font-family: Menlo;">(don't remember the cruise #),</p>
<p style="margin: 0px; font-size: 11px; font-family: Menlo; min-height: 13px;">&nbsp;</p>
