$@MID@$: 15
Date: Thu, 02 Feb 2012 00:23:23 +0000
Author: lstolp
S/N: C2900
Type: Configuration
Component: router
Subject: HSN-over-FBB
Cruise: at18-18
Attachment: 
Encoding: HTML
========================================
<div>####################### Commands to create the HSN-over-FBB #########</div>
<div>&nbsp;</div>
<div>interface Tunnel10</div>
<div>&nbsp;description HSN-over-FBB tunnel</div>
<div>&nbsp;bandwidth 432</div>
<div>&nbsp;ip address 192.168.252.201 255.255.255.252</div>
<div>&nbsp;ip access-group 128 in</div>
<div>&nbsp;no ip redirects</div>
<div>&nbsp;no ip unreachables</div>
<div>&nbsp;ip accounting output-packets</div>
<div>&nbsp;ip mtu 1336</div>
<div>&nbsp;ip tcp adjust-mss 1296</div>
<div>&nbsp;delay 100000</div>
<div>&nbsp;keepalive 10 3</div>
<div>&nbsp;traffic-shape rate 96000 7968 7968 1000</div>
<div>&nbsp;tunnel source GigabitEthernet0/2</div>
<div>&nbsp;tunnel destination 137.110.255.83</div>
<div>&nbsp;exit</div>
<div>&nbsp;</div>
<div>interface GigabitEthernet0/2</div>
<div>&nbsp;description WAN, FBB-LAN</div>
<div>&nbsp;ip dhcp client default-router distance 255</div>
<div>&nbsp;no ip dhcp client request tftp-server-address</div>
<div>&nbsp;no ip dhcp client request netbios-nameserver</div>
<div>&nbsp;no ip dhcp client request vendor-specific</div>
<div>&nbsp;no ip dhcp client request static-route</div>
<div>&nbsp;no ip dhcp client request domain-name</div>
<div>&nbsp;no ip dhcp client request dns-nameserver</div>
<div>&nbsp;ip address dhcp</div>
<div>&nbsp;ip mtu 1360</div>
<div>&nbsp;ip nat outside</div>
<div>&nbsp;ip virtual-reassembly</div>
<div>&nbsp;no ip route-cache cef</div>
<div>&nbsp;no ip route-cache</div>
<div>&nbsp;no ip split-horizon</div>
<div>&nbsp;duplex auto</div>
<div>&nbsp;speed auto</div>
<div>&nbsp;fair-queue</div>
<div>&nbsp;no cdp enable</div>
<div>&nbsp;exit</div>
<div>&nbsp;</div>
<div>&nbsp;</div>
<div>
<div>router bgp 64521</div>
<div>&nbsp;network 128.128.0.0</div>
<div>&nbsp;timers bgp 8 20</div>
<div>&nbsp;neighbor 192.168.252.201 remote-as 64521</div>
<div>&nbsp;neighbor 192.168.252.201 description ucsd-sdsc-hiseasnet-2821-tunnel-via-fbb</div>
<div>&nbsp;neighbor 192.168.252.201 next-hop-self</div>
<div>&nbsp;neighbor 192.168.252.201 weight 25000</div>
<div>&nbsp;neighbor 192.168.252.201 distribute-list 28 out</div>
<div>&nbsp;exit</div>
<div>&nbsp;</div>
<div>&nbsp;</div>
<div># still need this ip number</div>
<div>no ip nat pool FBB-SHORE 192.168.0.53 192.168.0.53 prefix-length 24</div>
<div>ip nat pool FBB-SHORE 216.86.250.143 216.86.250.143 prefix-length 24</div>
<div>ip nat inside source route-map fbb-shore pool FBB-SHORE</div>
<div>&nbsp;</div>
<div>ip route 137.110.255.83 255.255.255.255 GigabitEthernet0/2 dhcp</div>
<div>&nbsp;</div>
<div>no access-list 128</div>
<div>access-list 128 remark normal WHOI access</div>
<div>access-list 128 permit ip any 128.128.252.200 0.0.0.3</div>
<div>access-list 128 permit ip any 128.128.252.0 0.0.0.15</div>
<div>access-list 128 permit ip any 192.168.252.200 0.0.0.3</div>
<div>access-list 128 remark Ensure MTU negotiation works with ICMP</div>
<div>access-list 128 permit icmp any any time-exceeded</div>
<div>access-list 128 permit icmp any any unreachable</div>
<div>access-list 128 remark Ensure FBB can talk GRE to our HSN-over-FBB tunnel destination</div>
<div>IP</div>
<div>access-list 128 permit gre any host 137.110.255.83</div>
<div>&nbsp;</div>
<div>&nbsp;</div>
</div>
$@MID@$: 16
Date: Thu, 02 Feb 2012 18:42:01 +0000
Author: lstolp
S/N: C2900
Type: Configuration
Component: router
Subject: HSN-over-FBB
Cruise: at18-18
Attachment: 120202_184133_hsnoverfbb_20120202.cap,120202_184305_at-hiseasnet.cfg.20120201
Encoding: HTML
========================================
<div id="magicdomid145" style="padding-right: 1px; font-family: Arial, sans-serif; font-size: 13px; line-height: 17px; ">
<ul class="list-bullet1" style="padding-top: 0px; padding-right: 0px; padding-bottom: 0px; padding-left: 0px; margin-top: 0px; margin-right: 0px; margin-bottom: 0px; margin-left: 1.5em; list-style-type: disc; ">
    <li style="padding-top: 0px; padding-right: 0px; padding-bottom: 0px; padding-left: 0px; margin-top: 0px; margin-right: 0px; margin-bottom: 0px; margin-left: 0px; "><span class="b" style="cursor: auto; padding-top: 1px; padding-bottom: 1px; "><b>Atlantis</b></span></li>
</ul>
</div>
<div id="magicdomid146" style="padding-right: 1px; font-family: Arial, sans-serif; font-size: 13px; line-height: 17px; ">
<ul class="list-bullet2" style="padding-top: 0px; padding-right: 0px; padding-bottom: 0px; padding-left: 0px; margin-top: 0px; margin-right: 0px; margin-bottom: 0px; margin-left: 3em; list-style-type: circle; ">
    <li style="padding-top: 0px; padding-right: 0px; padding-bottom: 0px; padding-left: 0px; margin-top: 0px; margin-right: 0px; margin-bottom: 0px; margin-left: 0px; "><span style="cursor: auto; padding-top: 1px; padding-bottom: 1px; ">&nbsp;&nbsp;&nbsp; 216.86.248.176&nbsp;&nbsp; #A108</span><span class="author-p-5" style="cursor: auto; background-color: rgb(255, 227, 227); padding-top: 1px; padding-bottom: 1px; ">1</span><span style="cursor: auto; padding-top: 1px; padding-bottom: 1px; ">55 SHIP Port, FBB computer, LAN port 1</span></li>
</ul>
</div>
<div id="magicdomid718" class="ace-line" style="padding-right: 1px; font-family: Arial, sans-serif; font-size: 13px; line-height: 17px; "><span class="author-p-5" style="cursor: auto; background-color: rgb(255, 227, 227); padding-top: 1px; padding-bottom: 1px; ">&nbsp;</span><span style="cursor: auto; padding-top: 1px; padding-bottom: 1px; ">&nbsp;&nbsp;&nbsp;&nbsp;&nbsp;&nbsp;&nbsp;&nbsp;&nbsp;&nbsp;&nbsp;&nbsp;&nbsp; -To netgear switch in chart room</span><span class="author-p-1" style="cursor: auto; background-color: rgb(220, 204, 255); padding-top: 1px; padding-bottom: 1px; ">&nbsp;changed to 8 port netgear switch</span><span style="cursor: auto; padding-top: 1px; padding-bottom: 1px; ">:</span></div>
<div id="magicdomid547" class="ace-line" style="padding-right: 1px; font-family: Arial, sans-serif; font-size: 13px; line-height: 17px; "><span style="cursor: auto; padding-top: 1px; padding-bottom: 1px; ">&nbsp;&nbsp;&nbsp;&nbsp;&nbsp;&nbsp;&nbsp;&nbsp;&nbsp;&nbsp;&nbsp;&nbsp;&nbsp;&nbsp;&nbsp;&nbsp;&nbsp;&nbsp; Port 1: Feed from LAN1</span></div>
<div id="magicdomid548" class="ace-line" style="padding-right: 1px; font-family: Arial, sans-serif; font-size: 13px; line-height: 17px; "><span style="cursor: auto; padding-top: 1px; padding-bottom: 1px; ">&nbsp;&nbsp;&nbsp;&nbsp;&nbsp;&nbsp;&nbsp;&nbsp;&nbsp;&nbsp;&nbsp;&nbsp;&nbsp;&nbsp;&nbsp;&nbsp;&nbsp;&nbsp; Port 2: To Radio Table Computer &quot;knob&quot;</span></div>
<div id="magicdomid549" class="ace-line" style="padding-right: 1px; font-family: Arial, sans-serif; font-size: 13px; line-height: 17px; "><span style="cursor: auto; padding-top: 1px; padding-bottom: 1px; ">&nbsp;&nbsp;&nbsp;&nbsp;&nbsp;&nbsp;&nbsp;&nbsp;&nbsp;&nbsp;&nbsp;&nbsp;&nbsp;&nbsp;&nbsp;&nbsp;&nbsp;&nbsp; Port 3: To Bridge MaxSea Computer &quot;knob&quot;</span></div>
<div id="magicdomid550" class="ace-line" style="padding-right: 1px; font-family: Arial, sans-serif; font-size: 13px; line-height: 17px; "><span style="cursor: auto; padding-top: 1px; padding-bottom: 1px; ">&nbsp;&nbsp;&nbsp;&nbsp;&nbsp;&nbsp;&nbsp;&nbsp;&nbsp;&nbsp;&nbsp;&nbsp;&nbsp;&nbsp;&nbsp;&nbsp;&nbsp;&nbsp; Port 4: To Cheng</span></div>
<div id="magicdomid719" class="ace-line" style="padding-right: 1px; font-family: Arial, sans-serif; font-size: 13px; line-height: 17px; "><span style="cursor: auto; padding-top: 1px; padding-bottom: 1px; ">&nbsp;&nbsp;&nbsp;&nbsp;&nbsp;&nbsp;&nbsp;&nbsp;&nbsp;&nbsp;&nbsp;&nbsp;&nbsp;&nbsp;&nbsp;&nbsp;&nbsp;&nbsp; Port 5: To VOIP</span></div>
<div id="magicdomid734" class="ace-line" style="padding-right: 1px; font-family: Arial, sans-serif; font-size: 13px; line-height: 17px; "><span class="author-p-1" style="cursor: auto; background-color: rgb(220, 204, 255); padding-top: 1px; padding-bottom: 1px; ">&nbsp;&nbsp;&nbsp;&nbsp;&nbsp;&nbsp;&nbsp;&nbsp;&nbsp;&nbsp;&nbsp;&nbsp;&nbsp;&nbsp;&nbsp;&nbsp;&nbsp;&nbsp; Port 6: Master</span></div>
<div id="magicdomid153" style="padding-right: 1px; font-family: Arial, sans-serif; font-size: 13px; line-height: 17px; ">
<ul class="list-bullet2" style="padding-top: 0px; padding-right: 0px; padding-bottom: 0px; padding-left: 0px; margin-top: 0px; margin-right: 0px; margin-bottom: 0px; margin-left: 3em; list-style-type: circle; ">
    <li style="padding-top: 0px; padding-right: 0px; padding-bottom: 0px; padding-left: 0px; margin-top: 0px; margin-right: 0px; margin-bottom: 0px; margin-left: 0px; "><span style="cursor: auto; padding-top: 1px; padding-bottom: 1px; ">&nbsp;&nbsp;&nbsp; 216.86.248.177&nbsp;&nbsp; #B108</span><span class="author-p-5" style="cursor: auto; background-color: rgb(255, 227, 227); padding-top: 1px; padding-bottom: 1px; ">1</span><span style="cursor: auto; padding-top: 1px; padding-bottom: 1px; ">55&nbsp; SSSG Port, goes to linus LAN port 2</span></li>
</ul>
</div>
<div id="magicdomid552" class="ace-line" style="padding-right: 1px; font-family: Arial, sans-serif; font-size: 13px; line-height: 17px; "><span style="cursor: auto; padding-top: 1px; padding-bottom: 1px; ">&nbsp;&nbsp;&nbsp;&nbsp;&nbsp;&nbsp;&nbsp;&nbsp;&nbsp;&nbsp;&nbsp;&nbsp;&nbsp;&nbsp; -To netgear switch in computer lab:</span></div>
<div id="magicdomid553" class="ace-line" style="padding-right: 1px; font-family: Arial, sans-serif; font-size: 13px; line-height: 17px; "><span style="cursor: auto; padding-top: 1px; padding-bottom: 1px; ">&nbsp;&nbsp;&nbsp;&nbsp;&nbsp;&nbsp;&nbsp;&nbsp;&nbsp;&nbsp;&nbsp;&nbsp;&nbsp;&nbsp;&nbsp;&nbsp;&nbsp; Port 1: Feed from LAN2</span></div>
<div id="magicdomid554" class="ace-line" style="padding-right: 1px; font-family: Arial, sans-serif; font-size: 13px; line-height: 17px; "><span style="cursor: auto; padding-top: 1px; padding-bottom: 1px; ">&nbsp;&nbsp;&nbsp;&nbsp;&nbsp;&nbsp;&nbsp;&nbsp;&nbsp;&nbsp;&nbsp;&nbsp;&nbsp;&nbsp;&nbsp;&nbsp;&nbsp; Port 2: Linus</span></div>
<div id="magicdomid555" class="ace-line" style="padding-right: 1px; font-family: Arial, sans-serif; font-size: 13px; line-height: 17px; "><span style="cursor: auto; padding-top: 1px; padding-bottom: 1px; ">&nbsp;&nbsp;&nbsp;&nbsp;&nbsp;&nbsp;&nbsp;&nbsp;&nbsp;&nbsp;&nbsp;&nbsp;&nbsp;&nbsp;&nbsp;&nbsp;&nbsp; Port 3: Router</span></div>
<div id="magicdomid556" class="ace-line" style="padding-right: 1px; font-family: Arial, sans-serif; font-size: 13px; line-height: 17px; "><span style="cursor: auto; padding-top: 1px; padding-bottom: 1px; ">&nbsp;&nbsp;&nbsp;&nbsp;&nbsp;&nbsp;&nbsp;&nbsp;&nbsp;&nbsp;&nbsp;&nbsp;&nbsp;&nbsp;&nbsp;&nbsp;&nbsp; Port 4: Comet shop</span></div>
<div id="magicdomid560" class="ace-line" style="padding-right: 1px; font-family: Arial, sans-serif; font-size: 13px; line-height: 17px; ">
<ul class="list-bullet2" style="padding-top: 0px; padding-right: 0px; padding-bottom: 0px; padding-left: 0px; margin-top: 0px; margin-right: 0px; margin-bottom: 0px; margin-left: 3em; list-style-type: circle; ">
    <li style="padding-top: 0px; padding-right: 0px; padding-bottom: 0px; padding-left: 0px; margin-top: 0px; margin-right: 0px; margin-bottom: 0px; margin-left: 0px; "><span style="cursor: auto; padding-top: 1px; padding-bottom: 1px; ">&nbsp;&nbsp;&nbsp; 216.86.248.179&nbsp;&nbsp; #C108155&nbsp;&nbsp;</span><span class="s" style="cursor: auto; padding-top: 1px; padding-bottom: 1px; "><s>Master, direct feed from LAN 3</s></span></li>
</ul>
</div>
<div id="magicdomid618" class="ace-line" style="padding-right: 1px; font-family: Arial, sans-serif; font-size: 13px; line-height: 17px; ">
<ul class="list-bullet3" style="padding-top: 0px; padding-right: 0px; padding-bottom: 0px; padding-left: 0px; margin-top: 0px; margin-right: 0px; margin-bottom: 0px; margin-left: 4.5em; list-style-type: square; ">
    <li style="padding-top: 0px; padding-right: 0px; padding-bottom: 0px; padding-left: 0px; margin-top: 0px; margin-right: 0px; margin-bottom: 0px; margin-left: 0px; "><span class="author-p-1" style="cursor: auto; background-color: rgb(220, 204, 255); padding-top: 1px; padding-bottom: 1px; ">Science user</span></li>
</ul>
</div>
<div id="magicdomid736" class="ace-line" style="padding-right: 1px; font-family: Arial, sans-serif; font-size: 13px; line-height: 17px; ">
<ul class="list-bullet3" style="padding-top: 0px; padding-right: 0px; padding-bottom: 0px; padding-left: 0px; margin-top: 0px; margin-right: 0px; margin-bottom: 0px; margin-left: 4.5em; list-style-type: square; ">
    <li style="padding-top: 0px; padding-right: 0px; padding-bottom: 0px; padding-left: 0px; margin-top: 0px; margin-right: 0px; margin-bottom: 0px; margin-left: 0px; "><span class="author-p-1" style="cursor: auto; background-color: rgb(220, 204, 255); padding-top: 1px; padding-bottom: 1px; ">Direct feed to C2900 router Gigabit 0/2&nbsp;</span></li>
</ul>
</div>
<div id="magicdomid558" class="ace-line" style="padding-right: 1px; font-family: Arial, sans-serif; font-size: 13px; line-height: 17px; ">
<ul class="list-bullet2" style="padding-top: 0px; padding-right: 0px; padding-bottom: 0px; padding-left: 0px; margin-top: 0px; margin-right: 0px; margin-bottom: 0px; margin-left: 3em; list-style-type: circle; ">
    <li style="padding-top: 0px; padding-right: 0px; padding-bottom: 0px; padding-left: 0px; margin-top: 0px; margin-right: 0px; margin-bottom: 0px; margin-left: 0px; "><span style="cursor: auto; padding-top: 1px; padding-bottom: 1px; ">IP Handset, LAN 4</span></li>
</ul>
</div>
