$@MID@$: 19
Date: Tue, 14 Aug 2012 10:22:59 +0000
Author: lstolp
S/N: expand accelerator
Type: Configuration
Component: accelerator
Subject: sssg  5blahblah!
Cruise: at22-01
Attachment: 
Encoding: HTML
========================================
<p># AcceleratorOS configuration file<br />
# Generated by AcceleratorOS v7.0(1) build 3.18 on Aug 14, 2012 at 09:10<br />
!<br />
hostname atlantis-accel<br />
!<br />
interface local<br />
&nbsp;ip address 128.128.252.11 255.255.255.240<br />
&nbsp;ip default-gateway 128.128.252.1&nbsp; <br />
&nbsp;deployment onpath<br />
&nbsp;routing-strategy routing-only<br />
!<br />
core-allocation<br />
&nbsp;resource-policy topology-size 1<br />
!<br />
no terminal-timeout<br />
interface link 1<br />
&nbsp;description Atlantis<br />
&nbsp;bandwidth 96<br />
&nbsp;fragmentation auto 360<br />
&nbsp;metric 11 subnet exclude 132.239.4.177 255.255.255.255<br />
&nbsp;tcp-acceleration<br />
&nbsp; use-global-tcp-acceleration disable<br />
!<br />
!<br />
policy-rule 1 global outbound<br />
&nbsp;match application rtp<br />
&nbsp;set policy priority real-time<br />
&nbsp;set policy rate desired 16<br />
!<br />
policy-rule 2 global outbound<br />
&nbsp;match application ssh<br />
&nbsp;set policy priority high<br />
&nbsp;set policy rate desired 2<br />
!<br />
policy-rule 3 global outbound<br />
&nbsp;match application domain<br />
&nbsp;set policy priority high<br />
&nbsp;set policy rate desired 2<br />
!<br />
policy-rule 4 global outbound<br />
&nbsp;match application https<br />
&nbsp;set policy priority high<br />
&nbsp;set policy rate desired 30<br />
!<br />
policy-rule 6 global outbound<br />
&nbsp;match application http-www<br />
&nbsp;set policy priority high<br />
&nbsp;set policy rate desired 30<br />
!<br />
policy-rule 8 global outbound<br />
&nbsp;match application icmp<br />
&nbsp;set policy priority high<br />
&nbsp;set policy rate desired 2<br />
!<br />
monitored-application http-www normal 1<br />
monitored-application http-www normal non-link<br />
&nbsp;snmp read community public <br />
aaa<br />
&nbsp;user expand password local !$1$MRlUHJTi$NzuRM6wDqmHfNYTS4F.Cf. lock<br />
&nbsp;user sssg role administrator password local $1$GY6HyClx$.4qnRJLzg12ANpedc.3pv0<br />
&nbsp;user hiseasnet role administrator password local $1$Wo/hEI5H$u5g05.nutrt630CnAOjpn/<br />
!<br />
End<br />
<br />
&nbsp;link destination 192.168.96.2<br />
&nbsp;subnet add 0.0.0.0 0.0.0.0<br />
&nbsp;</p>
