$@MID@$: 4
Date: Sat, 06 Dec 2014 12:01:38 +0000
Author: AH
S/N: 
Type: General Problem
Category: General
Subject: GRAVITY CORE STAND - basic measurements
Cruise: at26-24
Attachment: 141206_120124_griner_core_stand0001.pdf
Encoding: HTML
========================================

$@MID@$: 5
Date: Sat, 06 Dec 2014 12:02:30 +0000
Author: AH
S/N: 
Type: Configuration
Category: General
Subject: Beth Orcutt - gravity corer - basic measurements
Cruise: at26-24
Attachment: 141206_120225_Orcutt_gravity_core0001.pdf
Encoding: HTML
========================================

