$@MID@$: 39
Date: Thu, 30 Apr 2015 02:27:41 +0000
Author: dsims
S/N: 
Type: notes
Component: cabling
Subject: Magic Cable - SYSTEM TYPE for magic  15 - for no magic  13       
Cruise: at26-30
Attachment: 150501_145318_magic_cable_pinning_2015april.jpg
Encoding: HTML
========================================
<p><span style="font-size: medium;"><br />
</span></p>
<p><span style="font-size: medium;">&nbsp; Amy built a new magic cable for the new Teledyne Modem.<br />
</span></p>
<p><span style="font-size: medium;"><br />
</span></p>
<p><span style="font-size: medium;">Old Magic&nbsp;&nbsp;&nbsp;&nbsp;&nbsp;&nbsp;&nbsp;&nbsp;&nbsp;&nbsp;&nbsp;&nbsp;&nbsp;&nbsp;&nbsp;&nbsp;&nbsp;&nbsp;&nbsp;&nbsp;&nbsp;&nbsp;&nbsp;&nbsp;&nbsp;&nbsp;&nbsp;&nbsp;&nbsp;&nbsp;&nbsp;&nbsp;&nbsp;&nbsp;&nbsp;&nbsp;&nbsp;&nbsp;&nbsp; New Magic<br />
</span></p>
<p><span style="font-size: medium;">Pin&nbsp; Color<br />
</span></p>
<p><span style="font-size: medium;">1&nbsp; Black --------------------------&gt;&nbsp; 15&nbsp; ground<br />
</span></p>
<p><span style="font-size: medium;">7&nbsp; Green&nbsp; -------------------------&gt; 2&nbsp;&nbsp;&nbsp; Fault Common<br />
</span></p>
<p><span style="font-size: medium;">9&nbsp; Red&nbsp; ----------------------------&gt; 7&nbsp; TX off<br />
</span></p>
<p><span style="font-size: medium;">15 White --------------------------&gt; 10 (maybe 9 ?)<br />
</span></p>
<p><span style="font-size: medium;"><br />
</span></p>
<p><span style="font-size: medium;">Set System type correctly from 13 to 15.<br />
</span></p>
<p><span style="font-size: medium;"><br />
</span></p>
<p><span style="font-size: medium;">EXCERPT FROM EMAIL 9-March-2015<br />
</span></p>
<p><span style="font-size: medium;">&gt; Quoting Steve Foley &lt;sfoley@ucsd.edu&gt;:<br />
&gt; <br />
&gt; &gt; Hey Robbie ?<br />
&gt; &gt; <br />
&gt; &gt; Any chance you are working on the Atlantis these days? It Looks like we need to tweak the modem/DAC magic cables<br />
&gt; &gt; to deal with the new modem?s slightly different alarm pinouts, and I figured you might be interested in trying it<br />
&gt; &gt; out with me. It looks like it is just a matter of changing some of the pinouts on the alarms end of the cable. On<br />
&gt; &gt; the DB-15 side,<br />
&gt; &gt; 1) the wire in pin 15 should go to pin 10 (Maybe pin 9 is better with an EbNo threshold setting)<br />
&gt; &gt; 2) the wire in pin 1 should go to pin 15 (ground)<br />
&gt; &gt; 3) the wire in pin 7 should go to pin 2 (fault common)<br />
&gt; &gt; 4) The wire in pin 9 should go to pin 7 (Tx off)<br />
&gt; &gt; <br />
&gt; &gt; 5) Set the system type correctly (to have the 2 bit on ?0007 instead of 0005 or something along those lines)<br />
&gt; &gt; <br />
&gt; &gt; -Steve<br />
&gt; &gt; -----<br />
&gt; &gt; Steve Foley<br />
&gt; &gt; Scripps Institution of Oceanography<br />
&gt; &gt; sfoley@ucsd.edu, (858) 822-3356<br />
</span></p>
<p><span style="font-size: medium;"><br />
</span></p>
