$@MID@$: 40
Date: Mon, 04 May 2015 16:18:58 +0000
Author: AH
S/N: 
Type: Configuration
Component: teledyne modem
Subject: 
Cruise: at27-a
Attachment: 150504_161521_Teledyne_dualIFLband_sat_modem0001.pdf
Encoding: plain
========================================

$@MID@$: 41
Date: Mon, 04 May 2015 16:22:42 +0000
Author: AH
S/N: 
Type: Configuration
Component: teledyne modem
Subject: 
Cruise: at27-a
Attachment: 150509_130604_210058_20150305.pdf
Encoding: plain
========================================

