$@MID@$: 1
Date: Wed, 11 Apr 2018 09:45:43 +0000
Author: lstolp
Cruise: ti1014
Type: schematic
Category: documentation
Subject: tioga_Switch_Panel from hugh popenoe
Attachment: 180411_094530_tioga_Switch_Panel.pdf
Encoding: HTML
========================================

$@MID@$: 2
Date: Wed, 11 Apr 2018 09:46:33 +0000
Author: lstolp
Cruise: ti1014
Type: schematic
Category: documentation
Subject: tioga science wiring from Hugh
Attachment: 180411_094625_tioga_science_wiring_schematic_201804.pdf
Encoding: HTML
========================================

