$@MID@$: 11
Date: Tue, 31 Jan 2012 02:24:42 +0000
Author: lstolp
S/N: 0010
Calibration Date: December 21,  2005
Sensor: SBE48
Type: Configuration
Category: Other
Subject: calibration information via rs232
Cruise: at18-17
Attachment: 
Encoding: HTML
========================================
<div>Address of instrument is: #01</div>
<div>serial setup: 9600 8N</div>
<div>&nbsp;</div>
<div>cmd S&gt;?cmd S&gt;SBE48-ID V 1.0a &nbsp;SERIAL NO. 0010 &nbsp; &nbsp;30 Jan 2012 &nbsp;16:45:18</div>
<div>not logging: received stop command</div>
<div>sample interval = 0 seconds</div>
<div>number of samples to average = 10</div>
<div>samplenumber = 168, free = 299425</div>
<div>serial sync mode disabled</div>
<div>real-time output disabled</div>
<div>temperature = 24.22 deg C</div>
<div>S&gt;SBE48-ID V 1.0a &nbsp;SERIAL NO. 0010 &nbsp; &nbsp;30 Jan 2012 &nbsp;16:45:41</div>
<div>not logging: received stop command</div>
<div>sample interval = 0 seconds</div>
<div>number of samples to average = 10</div>
<div>samplenumber = 168, free = 299425</div>
<div>serial sync mode disabled</div>
<div>real-time output disabled</div>
<div>temperature = 24.22 deg C</div>
<div>S&gt;SBE48-ID V 1.0a &nbsp;0010</div>
<div>temperature: &nbsp;21-dec-05&nbsp;</div>
<div>&nbsp; &nbsp; TA0 = -2.388674e-04</div>
<div>&nbsp; &nbsp; TA1 = 3.135455e-04</div>
<div>&nbsp; &nbsp; TA2 = -4.860154e-06</div>
<div>&nbsp; &nbsp; TA3 = 2.161689e-07</div>
<div>rtc: &nbsp;21-dec-05</div>
<div>&nbsp; &nbsp; RTCA0 = 1.000000e+00</div>
<div>&nbsp; &nbsp; RTCA1 = 0.000000e+00</div>
<div>&nbsp; &nbsp; RTCA2 = 0.000000e+00</div>
<div>S&gt;</div>
<div>&nbsp;</div>
