$@MID@$: 20
Date: Tue, 02 Oct 2012 11:44:51 +0000
Author: lstolp
Sensor: SBE48
S/N: 480019
Calibration Date: N/A
Type: Calibration
Category: Hardware
Subject: removed to ship back to SeaBird for fix
Cruise: at22-01
Attachment: 
Encoding: HTML
========================================
<p>sensor would run for a while, then spit out bad data, then run for a while.. </p>
<p>&nbsp;</p>
<p>SST_SBE48 &nbsp;&nbsp;&nbsp; 41136.57932&nbsp;&nbsp;&nbsp; 13:54:13&nbsp;&nbsp;&nbsp; 24.5061<br />
SST_SBE48 &nbsp;&nbsp;&nbsp; 41136.58002&nbsp;&nbsp;&nbsp; 13:55:13&nbsp;&nbsp;&nbsp; 24.5060<br />
SST_SBE48 &nbsp;&nbsp;&nbsp; 41136.58071&nbsp;&nbsp;&nbsp; 13:56:13&nbsp;&nbsp;&nbsp; 24.5047<br />
SST_SBE48 &nbsp;&nbsp;&nbsp; 41136.58141&nbsp;&nbsp;&nbsp; 13:57:13&nbsp;&nbsp;&nbsp; -300.1665<br />
SST_SBE48 &nbsp;&nbsp;&nbsp; 41136.58210&nbsp;&nbsp;&nbsp; 13:58:13&nbsp;&nbsp;&nbsp; 24.5070<br />
SST_SBE48 &nbsp;&nbsp;&nbsp; 41136.58280&nbsp;&nbsp;&nbsp; 13:59:13&nbsp;&nbsp;&nbsp; 24.5006<br />
SST_SBE48 &nbsp;&nbsp;&nbsp; 41136.58349&nbsp;&nbsp;&nbsp; 14:00:13&nbsp;&nbsp;&nbsp; 24.4927<br />
SST_SBE48 &nbsp;&nbsp;&nbsp; 41136.58419&nbsp;&nbsp;&nbsp; 14:01:13&nbsp;&nbsp;&nbsp; 24.4865<br />
SST_SBE48 &nbsp;&nbsp;&nbsp; 41136.58488&nbsp;&nbsp;&nbsp; 14:02:13&nbsp;&nbsp;&nbsp; 24.4836<br />
SST_SBE48 &nbsp;&nbsp;&nbsp; 41136.58558&nbsp;&nbsp;&nbsp; 14:03:13&nbsp;&nbsp;&nbsp; 24.4796<br />
SST_SBE48 &nbsp;&nbsp;&nbsp; 41136.58628&nbsp;&nbsp;&nbsp; 14:04:14&nbsp;&nbsp;&nbsp; 24.4787<br />
SST_SBE48 &nbsp;&nbsp;&nbsp; 41136.58697&nbsp;&nbsp;&nbsp; 14:05:14&nbsp;&nbsp;&nbsp; 24.4827<br />
SST_SBE48 &nbsp;&nbsp;&nbsp; 41136.58767&nbsp;&nbsp;&nbsp; 14:06:14&nbsp;&nbsp;&nbsp; 24.4857<br />
SST_SBE48 &nbsp;&nbsp;&nbsp; 41136.58836&nbsp;&nbsp;&nbsp; 14:07:14&nbsp;&nbsp;&nbsp; 24.4895<br />
SST_SBE48 &nbsp;&nbsp;&nbsp; 41136.58906&nbsp;&nbsp;&nbsp; 14:08:14&nbsp;&nbsp;&nbsp; 24.4909<br />
SST_SBE48 &nbsp;&nbsp;&nbsp; 41136.58975&nbsp;&nbsp;&nbsp; 14:09:14&nbsp;&nbsp;&nbsp; 24.4886<br />
SST_SBE48 &nbsp;&nbsp;&nbsp; 41136.59045&nbsp;&nbsp;&nbsp; 14:10:14&nbsp;&nbsp;&nbsp; 24.4869<br />
SST_SBE48 &nbsp;&nbsp;&nbsp; 41136.59114&nbsp;&nbsp;&nbsp; 14:11:14&nbsp;&nbsp;&nbsp; 24.4854<br />
SST_SBE48 &nbsp;&nbsp;&nbsp; 41136.59184&nbsp;&nbsp;&nbsp; 14:12:14&nbsp;&nbsp;&nbsp; 24.4841<br />
SST_SBE48 &nbsp;&nbsp;&nbsp; 41136.59254&nbsp;&nbsp;&nbsp; 14:13:15&nbsp;&nbsp;&nbsp; 24.4825<br />
SST_SBE48 &nbsp;&nbsp;&nbsp; 41136.59323&nbsp;&nbsp;&nbsp; 14:14:15&nbsp;&nbsp;&nbsp; 24.4799<br />
SST_SBE48 &nbsp;&nbsp;&nbsp; 41136.59381&nbsp;&nbsp;&nbsp; 14:15:05&nbsp;&nbsp;&nbsp; 24.4789<br />
SST_SBE48 &nbsp;&nbsp;&nbsp; 41136.59462&nbsp;&nbsp;&nbsp; 14:16:15&nbsp;&nbsp;&nbsp; 24.4756<br />
SST_SBE48 &nbsp;&nbsp;&nbsp; 41136.59532&nbsp;&nbsp;&nbsp; 14:17:15&nbsp;&nbsp;&nbsp; 24.4740<br />
SST_SBE48 &nbsp;&nbsp;&nbsp; 41136.59601&nbsp;&nbsp;&nbsp; 14:18:15&nbsp;&nbsp;&nbsp; 24.4723<br />
SST_SBE48 &nbsp;&nbsp;&nbsp; 41136.59671&nbsp;&nbsp;&nbsp; 14:19:15&nbsp;&nbsp;&nbsp; 24.4710<br />
SST_SBE48 &nbsp;&nbsp;&nbsp; 41136.59740&nbsp;&nbsp;&nbsp; 14:20:15&nbsp;&nbsp;&nbsp; 24.4708<br />
SST_SBE48 &nbsp;&nbsp;&nbsp; 41136.59810&nbsp;&nbsp;&nbsp; 14:21:15&nbsp;&nbsp;&nbsp; 24.4708<br />
SST_SBE48 &nbsp;&nbsp;&nbsp; 41136.59879&nbsp;&nbsp;&nbsp; 14:22:15&nbsp;&nbsp;&nbsp; 24.4685<br />
SST_SBE48 &nbsp;&nbsp;&nbsp; 41136.59949&nbsp;&nbsp;&nbsp; 14:23:15&nbsp;&nbsp;&nbsp; 24.4674<br />
SST_SBE48 &nbsp;&nbsp;&nbsp; 41136.60019&nbsp;&nbsp;&nbsp; 14:24:16&nbsp;&nbsp;&nbsp; 24.4627<br />
SST_SBE48 &nbsp;&nbsp;&nbsp; 41136.60088&nbsp;&nbsp;&nbsp; 14:25:16&nbsp;&nbsp;&nbsp; 24.4585<br />
SST_SBE48 &nbsp;&nbsp;&nbsp; 41136.60158&nbsp;&nbsp;&nbsp; 14:26:16&nbsp;&nbsp;&nbsp; 24.4583<br />
SST_SBE48 &nbsp;&nbsp;&nbsp; 41136.60227&nbsp;&nbsp;&nbsp; 14:27:16&nbsp;&nbsp;&nbsp; 24.4603<br />
SST_SBE48 &nbsp;&nbsp;&nbsp; 41136.60297&nbsp;&nbsp;&nbsp; 14:28:16&nbsp;&nbsp;&nbsp; 24.4653<br />
SST_SBE48 &nbsp;&nbsp;&nbsp; 41136.60355&nbsp;&nbsp;&nbsp; 14:29:06&nbsp;&nbsp;&nbsp; 24.4680<br />
SST_SBE48 &nbsp;&nbsp;&nbsp; 41136.60424&nbsp;&nbsp;&nbsp; 14:30:06&nbsp;&nbsp;&nbsp; -5332.1171<br />
SST_SBE48 &nbsp;&nbsp;&nbsp; 41136.60505&nbsp;&nbsp;&nbsp; 14:31:16&nbsp;&nbsp;&nbsp; 24.4765<br />
SST_SBE48 &nbsp;&nbsp;&nbsp; 41136.60575&nbsp;&nbsp;&nbsp; 14:32:16&nbsp;&nbsp;&nbsp; 24.4801<br />
&nbsp;</p>
<p>&nbsp;</p>
<p>SST_SBE48 &nbsp;&nbsp;&nbsp; 41139.05449&nbsp;&nbsp;&nbsp; 01:18:28&nbsp;&nbsp;&nbsp; 27.5806<br />
SST_SBE48 &nbsp;&nbsp;&nbsp; 41139.05518&nbsp;&nbsp;&nbsp; 01:19:27&nbsp;&nbsp;&nbsp; -278.9807<br />
SST_SBE48 &nbsp;&nbsp;&nbsp; 41139.05588&nbsp;&nbsp;&nbsp; 01:20:28&nbsp;&nbsp;&nbsp; 14635.4111<br />
SST_SBE48 &nbsp;&nbsp;&nbsp; 41139.05646&nbsp;&nbsp;&nbsp; 01:21:18&nbsp;&nbsp;&nbsp; 27.5980<br />
SST_SBE48 &nbsp;&nbsp;&nbsp; 41139.05727&nbsp;&nbsp;&nbsp; 01:22:28&nbsp;&nbsp;&nbsp; 27.6039<br />
SST_SBE48 &nbsp;&nbsp;&nbsp; 41139.05797&nbsp;&nbsp;&nbsp; 01:23:28&nbsp;&nbsp;&nbsp; 27.6105<br />
SST_SBE48 &nbsp;&nbsp;&nbsp; 41139.05866&nbsp;&nbsp;&nbsp; 01:24:28&nbsp;&nbsp;&nbsp; 27.6183<br />
SST_SBE48 &nbsp;&nbsp;&nbsp; 41139.05936&nbsp;&nbsp;&nbsp; 01:25:28&nbsp;&nbsp;&nbsp; 27.6281<br />
SST_SBE48 &nbsp;&nbsp;&nbsp; 41139.06006&nbsp;&nbsp;&nbsp; 01:26:28&nbsp;&nbsp;&nbsp; -5332.1171<br />
SST_SBE48 &nbsp;&nbsp;&nbsp; 41139.06075&nbsp;&nbsp;&nbsp; 01:27:28&nbsp;&nbsp;&nbsp; 27.6552<br />
SST_SBE48 &nbsp;&nbsp;&nbsp; 41139.06110&nbsp;&nbsp;&nbsp; 01:27:59&nbsp;&nbsp;&nbsp; -278.7103<br />
SST_SBE48 &nbsp;&nbsp;&nbsp; 41139.06237&nbsp;&nbsp;&nbsp; 01:29:49&nbsp;&nbsp;&nbsp; -258.0684<br />
SST_SBE48 &nbsp;&nbsp;&nbsp; 41139.07165&nbsp;&nbsp;&nbsp; 01:43:10&nbsp;&nbsp;&nbsp; -5332.1171<br />
SST_SBE48 &nbsp;&nbsp;&nbsp; 41139.07246&nbsp;&nbsp;&nbsp; 01:44:20&nbsp;&nbsp;&nbsp; -5332.1171<br />
SST_SBE48 &nbsp;&nbsp;&nbsp; 41139.07258&nbsp;&nbsp;&nbsp; 01:44:30&nbsp;&nbsp;&nbsp; 27.7290<br />
SST_SBE48 &nbsp;&nbsp;&nbsp; 41139.07837&nbsp;&nbsp;&nbsp; 01:52:51&nbsp;&nbsp;&nbsp; -5332.1171<br />
SST_SBE48 &nbsp;&nbsp;&nbsp; 41139.09100&nbsp;&nbsp;&nbsp; 02:11:02&nbsp;&nbsp;&nbsp; -290.8174<br />
SST_SBE48 &nbsp;&nbsp;&nbsp; 41139.09123&nbsp;&nbsp;&nbsp; 02:11:22&nbsp;&nbsp;&nbsp; -350.1801<br />
SST_SBE48 &nbsp;&nbsp;&nbsp; 41139.10062&nbsp;&nbsp;&nbsp; 02:24:53&nbsp;&nbsp;&nbsp; -204.0220<br />
SST_SBE48 &nbsp;&nbsp;&nbsp; 41139.10074&nbsp;&nbsp;&nbsp; 02:25:03&nbsp;&nbsp;&nbsp; 27.3305<br />
SST_SBE48 &nbsp;&nbsp;&nbsp; 41139.10201&nbsp;&nbsp;&nbsp; 02:26:53&nbsp;&nbsp;&nbsp; 27.3465<br />
SST_SBE48 &nbsp;&nbsp;&nbsp; 41139.10271&nbsp;&nbsp;&nbsp; 02:27:53&nbsp;&nbsp;&nbsp; 27.3502<br />
SST_SBE48 &nbsp;&nbsp;&nbsp; 41139.10340&nbsp;&nbsp;&nbsp; 02:28:53&nbsp;&nbsp;&nbsp; 27.3557<br />
SST_SBE48 &nbsp;&nbsp;&nbsp; 41139.10410&nbsp;&nbsp;&nbsp; 02:29:53&nbsp;&nbsp;&nbsp; 27.3648<br />
SST_SBE48 &nbsp;&nbsp;&nbsp; 41139.10468&nbsp;&nbsp;&nbsp; 02:30:44&nbsp;&nbsp;&nbsp; 27.3693<br />
SST_SBE48 &nbsp;&nbsp;&nbsp; 41139.10549&nbsp;&nbsp;&nbsp; 02:31:54&nbsp;&nbsp;&nbsp; -5332.1171<br />
SST_SBE48 &nbsp;&nbsp;&nbsp; 41139.10607&nbsp;&nbsp;&nbsp; 02:32:44&nbsp;&nbsp;&nbsp; -365.5646<br />
SST_SBE48 &nbsp;&nbsp;&nbsp; 41139.10688&nbsp;&nbsp;&nbsp; 02:33:54&nbsp;&nbsp;&nbsp; 27.4011<br />
SST_SBE48 &nbsp;&nbsp;&nbsp; 41139.10758&nbsp;&nbsp;&nbsp; 02:34:54&nbsp;&nbsp;&nbsp; -5332.1171<br />
SST_SBE48 &nbsp;&nbsp;&nbsp; 41139.10804&nbsp;&nbsp;&nbsp; 02:35:34&nbsp;&nbsp;&nbsp; -5332.1171<br />
SST_SBE48 &nbsp;&nbsp;&nbsp; 41139.10897&nbsp;&nbsp;&nbsp; 02:36:54&nbsp;&nbsp;&nbsp; -328.7941<br />
SST_SBE48 &nbsp;&nbsp;&nbsp; 41139.11963&nbsp;&nbsp;&nbsp; 02:52:15&nbsp;&nbsp;&nbsp; -5332.1171<br />
SST_SBE48 &nbsp;&nbsp;&nbsp; 41139.12102&nbsp;&nbsp;&nbsp; 02:54:16&nbsp;&nbsp;&nbsp; -774.8723<br />
SST_SBE48 &nbsp;&nbsp;&nbsp; 41139.12171&nbsp;&nbsp;&nbsp; 02:55:16&nbsp;&nbsp;&nbsp; 27.3538<br />
SST_SBE48 &nbsp;&nbsp;&nbsp; 41139.12241&nbsp;&nbsp;&nbsp; 02:56:16&nbsp;&nbsp;&nbsp; -5332.1171<br />
SST_SBE48 &nbsp;&nbsp;&nbsp; 41139.12310&nbsp;&nbsp;&nbsp; 02:57:16&nbsp;&nbsp;&nbsp; 27.3208<br />
SST_SBE48 &nbsp;&nbsp;&nbsp; 41139.12855&nbsp;&nbsp;&nbsp; 03:05:06&nbsp;&nbsp;&nbsp; -5332.1171<br />
SST_SBE48 &nbsp;&nbsp;&nbsp; 41139.12866&nbsp;&nbsp;&nbsp; 03:05:16&nbsp;&nbsp;&nbsp; 27.2713<br />
SST_SBE48 &nbsp;&nbsp;&nbsp; 41139.13122&nbsp;&nbsp;&nbsp; 03:08:56&nbsp;&nbsp;&nbsp; -5332.1171<br />
SST_SBE48 &nbsp;&nbsp;&nbsp; 41139.13527&nbsp;&nbsp;&nbsp; 03:14:47&nbsp;&nbsp;&nbsp; -281.1515<br />
SST_SBE48 &nbsp;&nbsp;&nbsp; 41139.13585&nbsp;&nbsp;&nbsp; 03:15:37&nbsp;&nbsp;&nbsp; -1058.1375<br />
SST_SBE48 &nbsp;&nbsp;&nbsp; 41139.13655&nbsp;&nbsp;&nbsp; 03:16:37&nbsp;&nbsp;&nbsp; -263.2818<br />
SST_SBE48 &nbsp;&nbsp;&nbsp; 41139.13678&nbsp;&nbsp;&nbsp; 03:16:57&nbsp;&nbsp;&nbsp; -5332.1171<br />
SST_SBE48 &nbsp;&nbsp;&nbsp; 41139.13805&nbsp;&nbsp;&nbsp; 03:18:47&nbsp;&nbsp;&nbsp; 27.2127<br />
SST_SBE48 &nbsp;&nbsp;&nbsp; 41139.13875&nbsp;&nbsp;&nbsp; 03:19:47&nbsp;&nbsp;&nbsp; 27.2117<br />
SST_SBE48 &nbsp;&nbsp;&nbsp; 41139.13944&nbsp;&nbsp;&nbsp; 03:20:48&nbsp;&nbsp;&nbsp; 27.2094<br />
SST_SBE48 &nbsp;&nbsp;&nbsp; 41139.14014&nbsp;&nbsp;&nbsp; 03:21:48&nbsp;&nbsp;&nbsp; 27.2084<br />
SST_SBE48 &nbsp;&nbsp;&nbsp; 41139.14083&nbsp;&nbsp;&nbsp; 03:22:48&nbsp;&nbsp;&nbsp; 27.2101<br />
SST_SBE48 &nbsp;&nbsp;&nbsp; 41139.14153&nbsp;&nbsp;&nbsp; 03:23:48&nbsp;&nbsp;&nbsp; 27.2100<br />
SST_SBE48 &nbsp;&nbsp;&nbsp; 41139.14223&nbsp;&nbsp;&nbsp; 03:24:48&nbsp;&nbsp;&nbsp; 27.2078<br />
SST_SBE48 &nbsp;&nbsp;&nbsp; 41139.14292&nbsp;&nbsp;&nbsp; 03:25:48&nbsp;&nbsp;&nbsp; 27.2045<br />
&nbsp;</p>
<p>&nbsp;</p>
$@MID@$: 21
Date: Tue, 02 Oct 2012 11:46:23 +0000
Author: lstolp
Sensor: SBE48
S/N: 480019
Calibration Date: N/A
Type: Other
Category: Hardware
Subject: firmware
Cruise: at22-01
Attachment: 
Encoding: HTML
========================================
<p>Model: 48</p>
<p>Part No: 90382.1</p>
<p>S/N: 480019</p>
<p>Firmware v1.1</p>
