$@MID@$: 18
Date: Sun, 04 Dec 2016 19:02:55 +0000
Author: AH
Type: Configuration
Subject: 
Cruise: at37-05
Attachment: 
Encoding: HTML
========================================
<p><style type="text/css">
<!--
 /* Font Definitions */
@font-face
	{font-family:Arial;
	panose-1:2 11 6 4 2 2 2 2 2 4;
	mso-font-charset:0;
	mso-generic-font-family:auto;
	mso-font-pitch:variable;
	mso-font-signature:3 0 0 0 1 0;}
@font-face
	{font-family:"Comic Sans MS";
	panose-1:3 15 7 2 3 3 2 2 2 4;
	mso-font-charset:0;
	mso-generic-font-family:auto;
	mso-font-pitch:variable;
	mso-font-signature:3 0 0 0 1 0;}
 /* Style Definitions */
p.MsoNormal, li.MsoNormal, div.MsoNormal
	{mso-style-parent:"";
	margin:0in;
	margin-bottom:.0001pt;
	mso-pagination:widow-orphan;
	font-size:12.0pt;
	font-family:"Times New Roman";
	mso-ascii-font-family:"Comic Sans MS";
	mso-fareast-font-family:"Times New Roman";
	mso-hansi-font-family:"Comic Sans MS";
	mso-bidi-font-family:"Times New Roman";}
@page Section1
	{size:8.5in 11.0in;
	margin:1.0in 1.25in 1.0in 1.25in;
	mso-header-margin:.5in;
	mso-footer-margin:.5in;
	mso-paper-source:0;}
div.Section1
	{page:Section1;}
-->
</style></p>
<p class="MsoNormal">SEE MORE RECENT LOG ENTRY FOR NEWEST CONFIGURATION</p>
<p class="MsoNormal"><span style="font-size:14.0pt;mso-bidi-font-size:12.0pt;
font-family:Arial">Port:<span style="mso-spacerun: yes">&nbsp; </span>The phins ports have been slightly re-configured to allow for sending the CNAV position back out the the phins.<span style="mso-spacerun: yes">&nbsp; </span>Right now, the position is coming out of port D, so is confined to 4800 baud (by the 1850 GPS input).<span style="mso-spacerun: yes">&nbsp; </span>See em122 section about the need to up this rate and possible ways of doing so (to be done during the Easter Island transit).</span></p>
<p class="MsoNormal"><span style="font-size:14.0pt;mso-bidi-font-size:12.0pt;
font-family:Arial">&nbsp;</span></p>
<p class="MsoNormal"><span style="font-size:14.0pt;mso-bidi-font-size:12.0pt;
font-family:Arial">The phins firmware was upgraded while we were in Manzanillo. The new firmware is version 10.1.3.<span style="mso-spacerun: yes">&nbsp; </span>After the firmware upgrade, suddenly, the sonardyne beacons were tracking erratically.<span style="mso-spacerun: yes">&nbsp; </span>It turns out the roll convention for the PRDID TSS string changed (see above).</span></p>
<p class="MsoNormal"><span style="font-size:14.0pt;mso-bidi-font-size:12.0pt;
font-family:Arial">&nbsp;</span></p>
