$@MID@$: 19
Date: Mon, 07 Mar 2016 21:25:34 +0000
Author: Hugh Popenoe
Cruise: ti864
Sensor: SBE48
S/N: 4824310-0013
cal date: 
Category: Replaced for Calibration
Type: Routine
Subject: Removed for Calibration
Attachment: 
Encoding: HTML
========================================
<p>SBE48 4824310-0013 removed for calibration. Replaced with 480019</p>
$@MID@$: 20
Date: Mon, 07 Mar 2016 21:28:44 +0000
Author: Hugh Popenoe
Cruise: ti864
Sensor: SBE48
S/N: 480019
cal date: 2/19/2016
Category: installed
Type: Routine
Subject: Installed SBE48 sn480019
Attachment: 160307_212743_calsheets-pdf.pdf
Encoding: HTML
========================================
<p>Installed SBE48 SN480019 Removed SN4824310-0013</p>
