$@MID@$: 24
Date: Thu, 04 Aug 2016 14:29:04 +0000
Author: lstolp
Cruise: ti900
Sensor: SBE48
S/N: 480019
cal date: 
Category: Hardware
Type: Problem Fixed
Subject: power loss SBE48 stopped logging
Attachment: 
Encoding: HTML
========================================
<p>SBE 48&nbsp;&nbsp;&nbsp;&nbsp;&nbsp;&nbsp;&nbsp;&nbsp;&nbsp;&nbsp;&nbsp;&nbsp;&nbsp;&nbsp;&nbsp;&nbsp;&nbsp;&nbsp;&nbsp;&nbsp;&nbsp;&nbsp;&nbsp;&nbsp;&nbsp;&nbsp;&nbsp;&nbsp;&nbsp;&nbsp;&nbsp;&nbsp;&nbsp;&nbsp;&nbsp;&nbsp;&nbsp;&nbsp;&nbsp;&nbsp;&nbsp;&nbsp;&nbsp;&nbsp;&nbsp;&nbsp;&nbsp;&nbsp;&nbsp;&nbsp; <br />
S&gt;AT S7=45 S0=0 L1 V1 X4 &amp;c1 E1 Q0&nbsp;&nbsp;&nbsp;&nbsp;&nbsp;&nbsp;&nbsp;&nbsp;&nbsp;&nbsp;&nbsp;&nbsp;&nbsp;&nbsp;&nbsp;&nbsp;&nbsp;&nbsp;&nbsp;&nbsp;&nbsp;&nbsp; <br />
?cmd S&gt;?&nbsp;&nbsp;&nbsp;&nbsp;&nbsp;&nbsp;&nbsp;&nbsp;&nbsp;&nbsp;&nbsp;&nbsp;&nbsp;&nbsp;&nbsp;&nbsp;&nbsp;&nbsp;&nbsp;&nbsp;&nbsp;&nbsp;&nbsp;&nbsp;&nbsp;&nbsp;&nbsp;&nbsp;&nbsp;&nbsp;&nbsp;&nbsp;&nbsp;&nbsp;&nbsp;&nbsp;&nbsp;&nbsp;&nbsp;&nbsp;&nbsp;&nbsp;&nbsp;&nbsp;&nbsp;&nbsp;&nbsp;&nbsp; <br />
?cmd S&gt;DS<br />
SBE 48 V 2.0a&nbsp;&nbsp; SERIAL NO. 0019&nbsp;&nbsp;&nbsp; 04 Aug 2016&nbsp; 14:26:52<br />
battery voltage = 12.2<br />
not logging: low battery<br />
sample interval = 0 seconds<br />
number of samples to average = 4<br />
samplenumber = 4112384, free = 587483<br />
serial sync mode disabled<br />
real-time output enabled<br />
SBE 39 configuration = temperature only<br />
binary upload does not include time<br />
temperature = 21.75 deg C<br />
&nbsp;</p>
