$@MID@$: 25
Date: Wed, 23 Nov 2016 18:51:00 +0000
Author: rlaird
Cruise: ti914
Sensor: SBE45
S/N: 0092
cal date: 2/9/2015
Category: Replaced for Calibration
Type: Calibration
Subject: Removed sensor from ship.
Attachment: 
Encoding: HTML
========================================
<p>Removed sensor from ship, now in office.</p>
$@MID@$: 26
Date: Wed, 23 Nov 2016 18:52:11 +0000
Author: rlaird
Cruise: ti914
Sensor: SBE45
S/N: 0122
cal date: 11/22/2016
Category: Replaced for Calibration
Type: Calibration
Subject: Installed new SBE45
Attachment: 
Encoding: HTML
========================================
<p>Installed SBE45 #0122</p>
$@MID@$: 27
Date: Wed, 23 Nov 2016 19:10:40 +0000
Author: rlaird
Cruise: ti914
Sensor: Fluorometer
S/N: 1032P
cal date: June 9, 2015
Category: notes
Type: Routine
Subject: Cleaned flurometer
Attachment: 
Encoding: HTML
========================================
<p>Cleaned&nbsp;the&nbsp;flurometer,&nbsp;flushed&nbsp;with salt water.&nbsp;&nbsp;Output&nbsp;dropped&nbsp;to&nbsp;something more&nbsp;normal.&nbsp; Seems to be working correctly.</p>
