$@MID@$: 28
Date: Tue, 14 Oct 2014 16:21:35 +0000
Author: dsims
S/N: 
Type: Configuration
equipment: Cisco Router
Subject: Shipyard Network
Cruise: Shipyard
Attachment: 
Encoding: HTML
========================================
<p>Taken from SSSG Etherpad</p>
<p>&nbsp;</p>
<div id="magicdomid2"><span>Atlantis</span><span class="author-p-2">&nbsp;</span></div>
<div id="magicdomid3">
<ul class="list-bullet1">
    <li><span>use C2600 router at1.. This router is setup to use a landline at MARFAC</span></li>
</ul>
</div>
<div id="magicdomid4">
<ul class="list-bullet2">
    <li><span>on ftp: minicom at1</span></li>
</ul>
</div>
<div id="magicdomid5">&nbsp;</div>
<div id="magicdomid6">
<ul class="list-bullet1">
    <li><span>&nbsp;little white netgear switch should be plugged into shore MARFAC connection, Ethernet 1/2</span></li>
</ul>
</div>
<div id="magicdomid7">
<ul class="list-bullet1">
    <li><span>HSN serial cable Serial0/0 and HSN ftp interface need to both be plugged in...</span></li>
</ul>
</div>
<div id="magicdomid8">&nbsp;</div>
<div id="magicdomid9"><span>at1-hiseasnet#int</span></div>
<div id="magicdomid10"><span>Interface&nbsp;&nbsp;&nbsp;&nbsp;&nbsp;&nbsp;&nbsp;&nbsp;&nbsp;&nbsp;&nbsp;&nbsp;&nbsp;&nbsp;&nbsp;&nbsp;&nbsp; IP-Address&nbsp;&nbsp;&nbsp;&nbsp;&nbsp; OK? Method Status&nbsp;&nbsp;&nbsp;&nbsp;&nbsp;&nbsp;&nbsp;&nbsp;&nbsp;&nbsp;&nbsp;&nbsp;&nbsp;&nbsp;&nbsp; Protocol</span></div>
<div id="magicdomid11"><span>FastEthernet0/0&nbsp;&nbsp;&nbsp;&nbsp;&nbsp;&nbsp;&nbsp;&nbsp;&nbsp;&nbsp;&nbsp; 128.128.252.1&nbsp;&nbsp; YES NVRAM&nbsp; up&nbsp;&nbsp;&nbsp;&nbsp;&nbsp;&nbsp;&nbsp;&nbsp;&nbsp;&nbsp;&nbsp;&nbsp;&nbsp;&nbsp;&nbsp; up&nbsp;&nbsp;&nbsp;&nbsp;&nbsp;&nbsp;</span></div>
<div id="magicdomid12"><span>Serial0/0&nbsp;&nbsp;&nbsp;&nbsp;&nbsp;&nbsp;&nbsp;&nbsp;&nbsp;&nbsp;&nbsp;&nbsp;&nbsp;&nbsp;&nbsp;&nbsp;&nbsp; 128.128.252.201 YES NVRAM&nbsp; up&nbsp;&nbsp;&nbsp;&nbsp;&nbsp;&nbsp;&nbsp;&nbsp;&nbsp;&nbsp;&nbsp;&nbsp;&nbsp;&nbsp;&nbsp;&nbsp;&nbsp;&nbsp;&nbsp; up&nbsp;&nbsp;&nbsp;&nbsp;&nbsp;&nbsp;</span></div>
<div id="magicdomid13"><span>Ethernet1/1&nbsp;&nbsp;&nbsp;&nbsp;&nbsp;&nbsp;&nbsp;&nbsp;&nbsp;&nbsp;&nbsp;&nbsp;&nbsp;&nbsp;&nbsp; 128.128.200.147 YES NVRAM&nbsp; up&nbsp;&nbsp;&nbsp;&nbsp;&nbsp;&nbsp;&nbsp;&nbsp;&nbsp;&nbsp;&nbsp;&nbsp;&nbsp;&nbsp;&nbsp;&nbsp; down&nbsp;&nbsp;&nbsp;&nbsp;</span></div>
<div id="magicdomid14"><span>Ethernet1/2&nbsp;&nbsp;&nbsp;&nbsp;&nbsp;&nbsp;&nbsp;&nbsp;&nbsp;&nbsp;&nbsp;&nbsp;&nbsp;&nbsp;&nbsp; 137.110.144.66&nbsp; YES NVRAM&nbsp; up&nbsp;&nbsp;&nbsp;&nbsp;&nbsp;&nbsp;&nbsp;&nbsp;&nbsp;&nbsp;&nbsp;&nbsp;&nbsp;&nbsp;&nbsp;&nbsp;&nbsp;&nbsp; up&nbsp;&nbsp;&nbsp;&nbsp;&nbsp;&nbsp;</span></div>
<div id="magicdomid15"><span>Ethernet1/3&nbsp;&nbsp;&nbsp;&nbsp;&nbsp;&nbsp;&nbsp;&nbsp;&nbsp;&nbsp;&nbsp;&nbsp;&nbsp;&nbsp;&nbsp; 199.92.161.185&nbsp; YES NVRAM&nbsp; up&nbsp;&nbsp;&nbsp;&nbsp;&nbsp;&nbsp;&nbsp;&nbsp;&nbsp;&nbsp;&nbsp;&nbsp;&nbsp;&nbsp;&nbsp;&nbsp;&nbsp; down&nbsp;&nbsp;&nbsp;&nbsp;</span></div>
<div id="magicdomid16">&nbsp;</div>
<div id="magicdomid17">
<ul class="list-bullet1">
    <li><span>on ftp setup squid</span></li>
</ul>
</div>
<div id="magicdomid18">
<ul class="list-bullet2">
    <li><span>For squid, remove the current squid.conf</span></li>
</ul>
</div>
<div id="magicdomid19">
<ul class="list-bullet3">
    <li><span>rm&nbsp; /usr/local/squid/etc/squid.conf</span></li>
</ul>
</div>
<div id="magicdomid20">
<ul class="list-bullet2">
    <li><span>link squid.conf.shore to squid.conf</span></li>
</ul>
</div>
<div id="magicdomid21">
<ul class="list-bullet3">
    <li><span>ln -s /usr/local/squid/etc/squid.conf.shore /usr/local/squid/conf/squid.conf</span></li>
</ul>
</div>
<div id="magicdomid22">
<ul class="list-bullet2">
    <li><span>restart squid</span></li>
</ul>
</div>
<div id="magicdomid23">
<ul class="list-bullet3">
    <li><span>/etc/init.d/squid restart</span></li>
</ul>
</div>
<div id="magicdomid24">&nbsp;</div>
<div id="magicdomid25">
<ul class="list-bullet1">
    <li><span>on ftp setup iptables</span></li>
</ul>
</div>
<div id="magicdomid26">
<ul class="list-bullet2">
    <li><span>cd /home/sssg/bin; ./iptables.shoremode</span></li>
</ul>
</div>
<div id="magicdomid27">&nbsp;</div>
<div id="magicdomid28">
<ul class="list-bullet1">
    <li><span>on lunus as user sssg comment out NOAA and SAMOS emails of data</span></li>
</ul>
</div>
<div id="magicdomid29">
<ul class="list-bullet2">
    <li><span>crontab -e</span></li>
</ul>
</div>
<div id="magicdomid30"><span>#mail NOAA data hourly</span></div>
<div id="magicdomid31"><span>##56 * * * * /usr/bin/mail -s Atlantis_NOAA_data_transfer anmet\@sssg1.whoi.edu &lt; /home/data/underway/proc/noaa.tmp</span></div>
<div id="magicdomid32"><span>#send data file to sssg@atlantis.whoi.edu as a check</span></div>
<div id="magicdomid33"><span>#56 * * * * /usr/bin/mail -s Atlantis_NOAA_data_transfer sssg\@atlantis.whoi.edu &lt; /home/data/underway/proc/noaa.tmp</span></div>
<div id="magicdomid34">&nbsp;</div>
<div id="magicdomid35"><span># mail SAMOS&nbsp;</span></div>
<div id="magicdomid36"><span>#59 23 * * * /usr/bin/mail -s Atlantis_samos_data_transfer amet\@sssg1.whoi.edu &lt; /home/data/underway/proc/samos.tmp</span></div>
<div id="magicdomid37"><span>##59  23 * * * sleep 5; /usr/bin/mutt -s Atlantis_samos_data_transfer -a  /home/data/underway/proc/samos.tmp -- amet\@sssg1.whoi.edu &lt;  /dev/null&nbsp;</span></div>
<div id="magicdomid38">&nbsp;</div>
<div id="magicdomid39">
<ul class="list-bullet1">
    <li><span>on linus as user root comment out sailor_call in crontab (shipyards do not allow ICMP pings out)</span></li>
</ul>
</div>
<div id="magicdomid40"><span>&nbsp;&nbsp;&nbsp;&nbsp; ## commented out while in shipyard</span></div>
<div id="magicdomid41"><span>&nbsp;&nbsp;&nbsp;&nbsp; ##*/10 * * * * /usr/local/cmail/bin/sailor_call.stbdfbb striker&nbsp; &gt;&gt; /usr/local/cmail/log/ecall.log 2&gt;&amp;1</span></div>
<div id="magicdomid42"><span>&nbsp;&nbsp;&nbsp;&nbsp; #*/10 * * * * /usr/local/cmail/bin/sailor_call.portfbb striker&nbsp; &gt;&gt; /usr/local/cmail/log/ecall.log 2&gt;&amp;1</span></div>
<div id="magicdomid43">&nbsp;</div>
<div id="magicdomid44">
<ul class="list-bullet1">
    <li><span>on linus as user cmail run /usr/local/cmail/bin/ecall&nbsp; to make sure it still works, then uncomment is user cmail's crontab.&nbsp;</span></li>
</ul>
</div>
<div id="magicdomid45"><span>&nbsp;&nbsp;&nbsp;&nbsp; */10 * * * * /usr/local/cmail/bin/ecall &gt;&gt; /usr/local/cmail/log/ecall.log 2&gt;&amp;1</span></div>
<div id="magicdomid46">&nbsp;</div>
<div id="magicdomid47">
<ul class="list-bullet1">
    <li><span>IF all the above is working change the route in at1 to use a static route out the netgear switch DO NOT save!</span></li>
</ul>
</div>
<div id="magicdomid48">
<ul class="list-bullet2">
    <li><span>on ftp minicom at1</span></li>
</ul>
</div>
<div id="magicdomid49">
<ul class="list-bullet2">
    <li><span>ena</span></li>
</ul>
</div>
<div id="magicdomid50">
<ul class="list-bullet2">
    <li><span>config term</span></li>
</ul>
</div>
<div id="magicdomid51">
<ul class="list-bullet2">
    <li><span>ip route 0.0.0.0 0.0.0.0 137.110.144.65 10</span></li>
</ul>
</div>
<div id="magicdomid52">
<ul class="list-bullet1">
    <li><span>IF the ship needs to go back to HSN, repowering the C2600 at1 router should bring it back</span></li>
</ul>
</div>
<div id="magicdomid53">&nbsp;</div>
<div id="magicdomid54">
<ul class="list-bullet1">
    <li><span>access to the ship in the shipyard via autossh:</span></li>
</ul>
</div>
<div id="magicdomid55">
<ul class="list-bullet1">
    <li><span>mnemosyn: ssh -p 20522 sssg@127.0.0.1</span></li>
</ul>
</div>
<div id="magicdomid56">&nbsp;</div>
