$@MID@$: 14
Date: Fri, 11 Oct 2019 11:27:02 +0000
Author: Stolp  
Cruise: 
Part: CTD Sensor
S/N: 0484
cal date: not sure
Type: Problem
Category: Software
Subject: Pressure sensor readings are off, pressure offset is different in different files
Attachment: 
Encoding: plain
========================================
Do you have a pdf of the pressure sensor calibration? Peter had noted that
for every 1 meter wire out the CTD was reading close to 2db, for example
in 4 meters of water it was reading almost double in depth.

Rebecca and I dug through the documentation:

In the documentation from this year:
sssg@tiftp:/home/data/ctd/archive/ti1070/doc$ more SBE09_0484_20130301.XML
<?xml version="1.0" encoding="UTF-8"?>
<PressureSensor SensorID="45" SB_ConfigCTD_FileVersion="7.22.0.0" >
  <SerialNumber>0484</SerialNumber>
  <CalibrationDate>01-Mar-13</CalibrationDate>
  <C1>-4.680530e+004</C1>
  <C2>-8.320595e-001</C2>
  <C3>1.450810e-002</C3>
  <D1>3.903100e-002</D1>
  <D2>0.000000e+000</D2>
  <T1>3.038361e+001</T1>
  <T2>-5.411459e-004</T2>
  <T3>4.085080e-006</T3>
  <T4>2.564540e-009</T4>
  <Slope>0.99987529</Slope>
  <Offset>0.07578</Offset>
  <T5>0.000000e+000</T5>
  <AD590M>1.280820e-002</AD590M>
  <AD590B>-9.210200e+000</AD590B>
</PressureSensor>

The offset in the XML con had offset of: 0.07578

In the txt file:
   Serial number : 0484
   Calibrated on : 20180807
   C1            : -4.680530e+004
   C2            : -8.320595e-001
   C3            : 1.450810e-002
   D1            : 3.903100e-002
   D2            : 0.000000e+000
   T1            : 3.038361e+001
   T2            : -5.411459e-004
  <T2>-5.411459e-004</T2>
  <T3>4.085080e-006</T3>
  <T4>2.564540e-009</T4>
  <Slope>0.99987529</Slope>
  <Offset>0.07578</Offset>
  <T5>0.000000e+000</T5>
  <AD590M>1.280820e-002</AD590M>
  <AD590B>-9.210200e+000</AD590B>
</PressureSensor>

The offset in the XML con had offset of: 0.07578

In the txt file:
   Serial number : 0484
   Calibrated on : 20180807 
   C1            : -4.680530e+004
   C2            : -8.320595e-001
   C3            : 1.450810e-002
   D1            : 3.903100e-002
   D2            : 0.000000e+000
   T1            : 3.038361e+001
   T2            : -5.411459e-004
   T3            : 4.085080e-006
   T4            : 2.564540e-009
   T5            : 0.000000e+000
   Slope         : 0.99987529
   Offset        : -0.54000
   AD590M        : 1.280820e-002
   AD590B        : -9.210200e+000
  
  
  
An XML file for 0484 from last year:
SBE09-0484-Paros_SN69685-20180807.XML
  
/home/data/archive/ti1021/ctd/doc/SBE09-0484-Paros_SN69685-20180807.XML
<?xml version="1.0" encoding="UTF-8"?>
<PressureSensor SensorID="45" SB_ConfigCTD_FileVersion="7.26.4.0" >
  <SerialNumber>0484</SerialNumber>
  <CalibrationDate>20180807</CalibrationDate>
  <C1>-4.680530e+004</C1>
  <C2>-8.320595e-001</C2>
  <C3>1.450810e-002</C3>
  <D1>3.903100e-002</D1>
  <D2>0.000000e+000</D2>
  <T1>3.038361e+001</T1>
  <T2>-5.411459e-004</T2>
  <T3>4.085080e-006</T3>
  <T4>2.564540e-009</T4>   
  <Slope>0.99987529</Slope>
  <Offset>-0.54000</Offset>
  <T5>0.000000e+000</T5>
  <AD590M>1.280820e-002</AD590M>
  <AD590B>-9.210200e+000</AD590B>
</PressureSensor>
   
I think the
SBE09-0484-Paros_SN69685-20180807.XML
is the correct one... and this one is old although it came with this years
zip packate.
SBE09_0484_20130301.XML
