$@MID@$: 44
Date: Wed, 13 Mar 2013 18:32:00 +0000
Author: lstolp
Type: Build
name: linus2
server type: mail
OS: Linux
Location: Computer Lab
Category: Software
Subject: sendmail install
Cruise: at24-02
Attachment: 
Encoding: HTML
========================================
<p>1. The sendmail build will fail unless you link the man directory:<br />
&nbsp;&nbsp; ln -s /usr/share/man /usr/man&nbsp; --- did not rebuild sendmail binary, so did not need to do this..<br />
4. Copy<br />
cp /root/updates/sedmail/aliases /etc/mail/.<br />
cp cmail.m4&nbsp;&nbsp;&nbsp;&nbsp;&nbsp; /cf/mailer/.<br />
cp /etc/mail/mailhost.atlantis.cf&nbsp; cf/cf/.<br />
<br />
5. Change to the cf/cf/ directory (that's not a typo): Copy cmail-ship.mc<br />
&nbsp;&nbsp; to this directory and edit for computer name and shipname. Then run<br />
&nbsp;&nbsp; &quot;sh Build sendmail.cf&quot;.<br />
<br />
6. Install sendmail.cf as /etc/mail/sendmail.cf and submit.cf as<br />
&nbsp;&nbsp; /etc/mail/submit.cf.&nbsp; This can be done in the cf/cf by using<br />
&nbsp;&nbsp; &quot;sh Build install-cf&quot;.<br />
<br />
7. Edit /etc/mail/sendmail.cf and comment out<br />
<br />
#Mesmtp,&nbsp;&nbsp;&nbsp;&nbsp;&nbsp;&nbsp;&nbsp;&nbsp;&nbsp;&nbsp;&nbsp;&nbsp;&nbsp;&nbsp;&nbsp; P=[IPC], F=mDFMuXa, S=EnvFromSMTP/HdrFromSMTP,<br />
R=EnvToSMTP, E=\r\n, L=990,<br />
#Mesmtp,&nbsp;&nbsp;&nbsp;&nbsp;&nbsp;&nbsp;&nbsp;&nbsp;&nbsp;&nbsp;&nbsp;&nbsp;&nbsp;&nbsp;&nbsp; P=[IPC], F=mDFMuXa, S=EnvFromSMTP/HdrFromSMTP,<br />
R=EnvToSMTP, E=\r\n, L=990,<br />
#&nbsp;&nbsp;&nbsp;&nbsp;&nbsp;&nbsp;&nbsp;&nbsp;&nbsp;&nbsp;&nbsp;&nbsp;&nbsp;&nbsp; T=DNS/RFC822/SMTP,<br />
#&nbsp;&nbsp;&nbsp;&nbsp;&nbsp;&nbsp;&nbsp;&nbsp;&nbsp;&nbsp;&nbsp;&nbsp;&nbsp;&nbsp; A=TCP $h<br />
#Msmtp8,&nbsp;&nbsp;&nbsp;&nbsp;&nbsp;&nbsp;&nbsp;&nbsp;&nbsp;&nbsp;&nbsp;&nbsp;&nbsp;&nbsp;&nbsp; P=[IPC], F=mDFMuX8, S=EnvFromSMTP/HdrFromSMTP,<br />
R=EnvToSMTP, E=\r\n, L=990,<br />
#&nbsp;&nbsp;&nbsp;&nbsp;&nbsp;&nbsp;&nbsp;&nbsp;&nbsp;&nbsp;&nbsp;&nbsp;&nbsp;&nbsp; T=DNS/RFC822/SMTP,<br />
#&nbsp;&nbsp;&nbsp;&nbsp;&nbsp;&nbsp;&nbsp;&nbsp;&nbsp;&nbsp;&nbsp;&nbsp;&nbsp;&nbsp; A=TCP $h<br />
#Mdsmtp,&nbsp;&nbsp;&nbsp;&nbsp;&nbsp;&nbsp;&nbsp;&nbsp;&nbsp;&nbsp;&nbsp;&nbsp;&nbsp;&nbsp;&nbsp; P=[IPC], F=mDFMuXa%, S=EnvFromSMTP/HdrFromSMTP,<br />
R=EnvToSMTP, E=\r\n, L=990,<br />
#&nbsp;&nbsp;&nbsp;&nbsp;&nbsp;&nbsp;&nbsp;&nbsp;&nbsp;&nbsp;&nbsp;&nbsp;&nbsp;&nbsp; T=DNS/RFC822/SMTP,<br />
#&nbsp;&nbsp;&nbsp;&nbsp;&nbsp;&nbsp;&nbsp;&nbsp;&nbsp;&nbsp;&nbsp;&nbsp;&nbsp;&nbsp; A=TCP $h<br />
#Mrelay,&nbsp;&nbsp;&nbsp;&nbsp;&nbsp;&nbsp;&nbsp;&nbsp;&nbsp;&nbsp;&nbsp;&nbsp;&nbsp;&nbsp;&nbsp; P=[IPC], F=mDFMuXa8, S=EnvFromSMTP/HdrFromSMTP,<br />
R=MasqSMTP, E=\r\n, L=2040,<br />
#&nbsp;&nbsp;&nbsp;&nbsp;&nbsp;&nbsp;&nbsp;&nbsp;&nbsp;&nbsp;&nbsp;&nbsp;&nbsp;&nbsp; T=DNS/RFC822/SMTP,<br />
#&nbsp;&nbsp;&nbsp;&nbsp;&nbsp;&nbsp;&nbsp;&nbsp;&nbsp;&nbsp;&nbsp;&nbsp;&nbsp;&nbsp; A=TCP $h</p>
<p>They have been redefined in the cmail.m4 mailer.<br />
<br />
10. Change ownership of mqueue directory and aliases<br />
&nbsp;&nbsp; chown cmail.mail /var/spool/mqueue<br />
&nbsp;&nbsp; chown cmail.root /etc/mail/aliases<br />
<br />
11. Restart sendmail.<br />
<br />
12. It appears that you have to have<br />
&nbsp;&nbsp;&nbsp; 127.0.0.1&nbsp; localhost localhost.localdomain<br />
&nbsp;&nbsp;&nbsp; [realip]&nbsp;&nbsp; [maildomain ie: arundel.seanet.int] hostname<br />
<br />
&nbsp;&nbsp;&nbsp; mail uses the first and pine uses the second. Pine will use which<br />
&nbsp;&nbsp;&nbsp; ever name comes first on realip line.<br />
<br />
Need to remove /etc/mail/Makefile&nbsp; </p>
<p>&nbsp;&nbsp;&nbsp;&nbsp;&nbsp;&nbsp;&nbsp;&nbsp; * it seems to remake the cf file and messes with things.. if need to remake the aliases.db run: </p>
<p>&nbsp;&nbsp;&nbsp;&nbsp;&nbsp;&nbsp;&nbsp;&nbsp;&nbsp;&nbsp;&nbsp; /etc/mail/make_databases</p>
<p><br />
&nbsp;</p>
$@MID@$: 45
Date: Wed, 13 Mar 2013 18:33:33 +0000
Author: lstolp
Type: Configuration
name: linus2
server type: mail
OS: Linux
Location: Computer Lab
Category: Software
Subject: /etc/mail/access
Cruise: at24-02
Attachment: 
Encoding: HTML
========================================
<p># /etc/mail/access<br />
# Copyright (c) 1998,2004 Richard Nelson &lt;cowboy@debian.org&gt;.<br />
# Time-stamp: &lt;1998/10/27 10:00:00 cowboy&gt;<br />
# GPL'd config file, please feed any gripes, suggestions, etc. to me<br />
#<br />
# Function:<br />
#&nbsp;&nbsp;&nbsp;&nbsp;&nbsp;&nbsp;&nbsp; Access Control for this smtp server - determines:<br />
#&nbsp;&nbsp;&nbsp;&nbsp;&nbsp;&nbsp;&nbsp;&nbsp;&nbsp;&nbsp;&nbsp;&nbsp;&nbsp;&nbsp;&nbsp; * Who we accept mail from<br />
#&nbsp;&nbsp;&nbsp;&nbsp;&nbsp;&nbsp;&nbsp;&nbsp;&nbsp;&nbsp;&nbsp;&nbsp;&nbsp;&nbsp;&nbsp; * Who we accept relaying from<br />
#&nbsp;&nbsp;&nbsp;&nbsp;&nbsp;&nbsp;&nbsp;&nbsp;&nbsp;&nbsp;&nbsp;&nbsp;&nbsp;&nbsp;&nbsp; * Who we will not send to<br />
#<br />
# Usage:<br />
#&nbsp;&nbsp;&nbsp;&nbsp;&nbsp;&nbsp;&nbsp; FEATURE(access_db[, type [-o] /etc/mail/access])dnl<br />
#&nbsp;&nbsp;&nbsp;&nbsp;&nbsp;&nbsp;&nbsp; makemap hash access &lt; access<br />
#<br />
# Format:<br />
#&nbsp;&nbsp;&nbsp;&nbsp;&nbsp;&nbsp;&nbsp; lhs:<br />
#&nbsp;&nbsp;&nbsp;&nbsp;&nbsp;&nbsp;&nbsp;&nbsp;&nbsp;&nbsp;&nbsp;&nbsp;&nbsp;&nbsp;&nbsp; email addr&nbsp;&nbsp;&nbsp;&nbsp;&nbsp;&nbsp;&nbsp;&nbsp;&nbsp;&nbsp;&nbsp;&nbsp;&nbsp; &lt;user@[host.domain]&gt;<br />
#&nbsp;&nbsp;&nbsp;&nbsp;&nbsp;&nbsp;&nbsp;&nbsp;&nbsp;&nbsp;&nbsp;&nbsp;&nbsp;&nbsp;&nbsp; domain name&nbsp;&nbsp;&nbsp;&nbsp; unless&nbsp; FEATURE(relay_hosts_only) is used,<br />
#&nbsp;&nbsp;&nbsp;&nbsp;&nbsp;&nbsp;&nbsp;&nbsp;&nbsp;&nbsp;&nbsp;&nbsp;&nbsp;&nbsp;&nbsp;&nbsp;&nbsp;&nbsp;&nbsp;&nbsp;&nbsp;&nbsp;&nbsp; then this is a fqdn - and relay-domains ($=R)<br />
#&nbsp;&nbsp;&nbsp;&nbsp;&nbsp;&nbsp;&nbsp;&nbsp;&nbsp;&nbsp;&nbsp;&nbsp;&nbsp;&nbsp;&nbsp;&nbsp;&nbsp;&nbsp;&nbsp;&nbsp;&nbsp;&nbsp;&nbsp; must also be fqdns.<br />
#&nbsp;&nbsp;&nbsp;&nbsp;&nbsp;&nbsp;&nbsp;&nbsp;&nbsp;&nbsp;&nbsp;&nbsp;&nbsp;&nbsp;&nbsp; network number&nbsp; must end on an octet boundary, or<br />
#&nbsp;&nbsp;&nbsp;&nbsp;&nbsp;&nbsp;&nbsp;&nbsp;&nbsp;&nbsp;&nbsp;&nbsp;&nbsp;&nbsp;&nbsp;&nbsp;&nbsp;&nbsp;&nbsp;&nbsp;&nbsp;&nbsp;&nbsp; you're stuck going the longwinded way ;-{<br />
#&nbsp;&nbsp;&nbsp;&nbsp;&nbsp;&nbsp;&nbsp; rhs:<br />
#&nbsp;&nbsp;&nbsp;&nbsp;&nbsp;&nbsp;&nbsp;&nbsp;&nbsp;&nbsp;&nbsp;&nbsp;&nbsp;&nbsp;&nbsp; OK&nbsp;&nbsp;&nbsp;&nbsp;&nbsp;&nbsp;&nbsp;&nbsp;&nbsp;&nbsp;&nbsp;&nbsp;&nbsp;&nbsp;&nbsp;&nbsp;&nbsp;&nbsp;&nbsp;&nbsp;&nbsp;&nbsp;&nbsp;&nbsp;&nbsp;&nbsp;&nbsp;&nbsp;&nbsp; accept mail even if other rules in the<br />
#&nbsp;&nbsp;&nbsp;&nbsp;&nbsp;&nbsp;&nbsp;&nbsp;&nbsp;&nbsp;&nbsp;&nbsp;&nbsp;&nbsp;&nbsp;&nbsp;&nbsp;&nbsp;&nbsp;&nbsp;&nbsp;&nbsp;&nbsp;&nbsp;&nbsp;&nbsp;&nbsp;&nbsp;&nbsp;&nbsp;&nbsp;&nbsp;&nbsp;&nbsp;&nbsp;&nbsp;&nbsp;&nbsp;&nbsp;&nbsp;&nbsp;&nbsp;&nbsp;&nbsp;&nbsp;&nbsp;&nbsp; running ruleset would reject it.<br />
#&nbsp;&nbsp;&nbsp;&nbsp;&nbsp;&nbsp;&nbsp;&nbsp;&nbsp;&nbsp;&nbsp;&nbsp;&nbsp;&nbsp;&nbsp; RELAY&nbsp;&nbsp;&nbsp;&nbsp;&nbsp;&nbsp;&nbsp;&nbsp;&nbsp;&nbsp;&nbsp;&nbsp;&nbsp;&nbsp;&nbsp;&nbsp;&nbsp;&nbsp; Allow domain to relay through your SMTP<br />
#&nbsp;&nbsp;&nbsp;&nbsp;&nbsp;&nbsp;&nbsp;&nbsp;&nbsp;&nbsp;&nbsp;&nbsp;&nbsp;&nbsp;&nbsp;&nbsp;&nbsp;&nbsp;&nbsp;&nbsp;&nbsp;&nbsp;&nbsp;&nbsp;&nbsp;&nbsp;&nbsp;&nbsp;&nbsp;&nbsp;&nbsp;&nbsp;&nbsp;&nbsp;&nbsp;&nbsp;&nbsp;&nbsp;&nbsp;&nbsp;&nbsp;&nbsp;&nbsp;&nbsp;&nbsp;&nbsp;&nbsp; server.&nbsp; RELAY also serves an implicit<br />
#&nbsp;&nbsp;&nbsp;&nbsp;&nbsp;&nbsp;&nbsp;&nbsp;&nbsp;&nbsp;&nbsp;&nbsp;&nbsp;&nbsp;&nbsp;&nbsp;&nbsp;&nbsp;&nbsp;&nbsp;&nbsp;&nbsp;&nbsp;&nbsp;&nbsp;&nbsp;&nbsp;&nbsp;&nbsp;&nbsp;&nbsp;&nbsp;&nbsp;&nbsp;&nbsp;&nbsp;&nbsp;&nbsp;&nbsp;&nbsp;&nbsp;&nbsp;&nbsp;&nbsp;&nbsp;&nbsp;&nbsp; OK for the other checks.<br />
#&nbsp;&nbsp;&nbsp;&nbsp;&nbsp;&nbsp;&nbsp;&nbsp;&nbsp;&nbsp;&nbsp;&nbsp;&nbsp;&nbsp;&nbsp; REJECT&nbsp;&nbsp;&nbsp;&nbsp;&nbsp;&nbsp;&nbsp;&nbsp;&nbsp;&nbsp;&nbsp;&nbsp;&nbsp;&nbsp;&nbsp;&nbsp;&nbsp; reject the sender/recipient with a general<br />
#&nbsp;&nbsp;&nbsp;&nbsp;&nbsp;&nbsp;&nbsp;&nbsp;&nbsp;&nbsp;&nbsp;&nbsp;&nbsp;&nbsp;&nbsp;&nbsp;&nbsp;&nbsp;&nbsp;&nbsp;&nbsp;&nbsp;&nbsp;&nbsp;&nbsp;&nbsp;&nbsp;&nbsp;&nbsp;&nbsp;&nbsp;&nbsp;&nbsp;&nbsp;&nbsp;&nbsp;&nbsp;&nbsp;&nbsp;&nbsp;&nbsp;&nbsp;&nbsp;&nbsp;&nbsp;&nbsp;&nbsp; purpose message that can be customized.<br />
#&nbsp;&nbsp;&nbsp;&nbsp;&nbsp;&nbsp;&nbsp;&nbsp;&nbsp;&nbsp;&nbsp;&nbsp;&nbsp;&nbsp;&nbsp;&nbsp;&nbsp;&nbsp;&nbsp;&nbsp;&nbsp;&nbsp;&nbsp;&nbsp;&nbsp;&nbsp;&nbsp;&nbsp;&nbsp;&nbsp;&nbsp;&nbsp;&nbsp;&nbsp;&nbsp;&nbsp;&nbsp;&nbsp;&nbsp;&nbsp;&nbsp;&nbsp;&nbsp;&nbsp;&nbsp;&nbsp;&nbsp; confREJECT_MSG [550 Access denied] will be issued<br />
#&nbsp;&nbsp;&nbsp;&nbsp;&nbsp;&nbsp;&nbsp;&nbsp;&nbsp;&nbsp;&nbsp;&nbsp;&nbsp;&nbsp;&nbsp; DISCARD&nbsp;&nbsp;&nbsp;&nbsp;&nbsp;&nbsp;&nbsp;&nbsp;&nbsp;&nbsp;&nbsp;&nbsp;&nbsp;&nbsp;&nbsp;&nbsp; discard the message completely using<br />
#&nbsp;&nbsp;&nbsp;&nbsp;&nbsp;&nbsp;&nbsp;&nbsp;&nbsp;&nbsp;&nbsp;&nbsp;&nbsp;&nbsp;&nbsp;&nbsp;&nbsp;&nbsp;&nbsp;&nbsp;&nbsp;&nbsp;&nbsp;&nbsp;&nbsp;&nbsp;&nbsp;&nbsp;&nbsp;&nbsp;&nbsp;&nbsp;&nbsp;&nbsp;&nbsp;&nbsp;&nbsp;&nbsp;&nbsp;&nbsp;&nbsp;&nbsp;&nbsp;&nbsp;&nbsp;&nbsp;&nbsp; the $#discard mailer.<br />
#&nbsp;&nbsp;&nbsp;&nbsp;&nbsp;&nbsp;&nbsp;&nbsp;&nbsp;&nbsp;&nbsp;&nbsp;&nbsp;&nbsp;&nbsp; ### any text&nbsp;&nbsp;&nbsp; where ### is an RFC 821 compliant error code<br />
#&nbsp;&nbsp;&nbsp;&nbsp;&nbsp;&nbsp;&nbsp;&nbsp;&nbsp;&nbsp;&nbsp;&nbsp;&nbsp;&nbsp;&nbsp;&nbsp;&nbsp;&nbsp;&nbsp;&nbsp;&nbsp;&nbsp;&nbsp;&nbsp;&nbsp;&nbsp;&nbsp;&nbsp;&nbsp;&nbsp;&nbsp; and &quot;any text&quot; is a message to return for<br />
#&nbsp;&nbsp;&nbsp;&nbsp;&nbsp;&nbsp;&nbsp;&nbsp;&nbsp;&nbsp;&nbsp;&nbsp;&nbsp;&nbsp;&nbsp;&nbsp;&nbsp;&nbsp;&nbsp;&nbsp;&nbsp;&nbsp;&nbsp; the command<br />
# Examples:<br />
#&nbsp;&nbsp;&nbsp;&nbsp;&nbsp;&nbsp; spammer@aol.com&nbsp;&nbsp;&nbsp;&nbsp;&nbsp;&nbsp;&nbsp;&nbsp;&nbsp;&nbsp;&nbsp;&nbsp;&nbsp;&nbsp;&nbsp;&nbsp; REJECT<br />
#&nbsp;&nbsp;&nbsp;&nbsp;&nbsp;&nbsp; FREE.STEALTH.MAILER@&nbsp;&nbsp;&nbsp; 550 Spam not accepted<br />
#<br />
# Notes:<br />
#&nbsp;&nbsp;&nbsp;&nbsp;&nbsp;&nbsp; With FEATURE(blacklist_recipients) this is also possible:<br />
#&nbsp;&nbsp;&nbsp;&nbsp;&nbsp;&nbsp; badlocaluser&nbsp;&nbsp;&nbsp;&nbsp;&nbsp;&nbsp;&nbsp;&nbsp;&nbsp;&nbsp;&nbsp;&nbsp;&nbsp;&nbsp;&nbsp;&nbsp;&nbsp;&nbsp;&nbsp;&nbsp;&nbsp;&nbsp;&nbsp;&nbsp;&nbsp;&nbsp;&nbsp;&nbsp; 550 Mailbox disabled for this username<br />
#&nbsp;&nbsp;&nbsp;&nbsp;&nbsp;&nbsp; host.mydomain.com&nbsp;&nbsp;&nbsp;&nbsp;&nbsp;&nbsp;&nbsp;&nbsp;&nbsp;&nbsp;&nbsp;&nbsp;&nbsp;&nbsp;&nbsp;&nbsp;&nbsp;&nbsp;&nbsp;&nbsp;&nbsp;&nbsp;&nbsp; 550 That host does not accept mail<br />
#&nbsp;&nbsp;&nbsp;&nbsp;&nbsp;&nbsp; user@otherhost.mydomain.com&nbsp; 550 Mailbox disabled for this recipient<br />
#<br />
# Related:<br />
#&nbsp;&nbsp;&nbsp;&nbsp;&nbsp;&nbsp;&nbsp; define(`confREJECT_MSG', `550 Access denied')dnl<br />
#&nbsp;&nbsp;&nbsp;&nbsp;&nbsp;&nbsp;&nbsp; define(`confCR_FILE', `-o /etc/mail/relay-domains')dnl &lt;&lt;- $=R<br />
#&nbsp;&nbsp;&nbsp;&nbsp;&nbsp;&nbsp;&nbsp; FEATURE(relay_hosts_only)dnl<br />
#&nbsp;&nbsp;&nbsp;&nbsp;&nbsp;&nbsp;&nbsp; FEATURE(relay_entire_domain)dnl &lt;&lt;- relays any host in the $=m class<br />
#&nbsp;&nbsp;&nbsp;&nbsp;&nbsp;&nbsp;&nbsp; FEATURE(relay_based_on_MX)dnl &lt;&lt;- relaying for boxes MX'd to you<br />
#&nbsp;&nbsp;&nbsp;&nbsp;&nbsp;&nbsp;&nbsp; FEATURE(blacklist_recipients)dnl<br />
#&nbsp;&nbsp;&nbsp;&nbsp;&nbsp;&nbsp;&nbsp; FEATURE(rbl[,alternate server])dnl<br />
#&nbsp;&nbsp;&nbsp;&nbsp;&nbsp;&nbsp;&nbsp; FEATURE(orbs[,alternate server])dnl&nbsp;&nbsp; &lt;&lt;- Debian addition<br />
#&nbsp;&nbsp;&nbsp;&nbsp;&nbsp;&nbsp;&nbsp; FEATURE(orca[,alternate server])dnl&nbsp;&nbsp; &lt;&lt;- Debian addition<br />
#&nbsp;&nbsp;&nbsp;&nbsp;&nbsp;&nbsp;&nbsp; FEATURE(accept_unqualified_senders)dnl<br />
#&nbsp;&nbsp;&nbsp;&nbsp;&nbsp;&nbsp;&nbsp; FEATURE(accept_unresolvable_domains)dnl<br />
## Local addresses 10.x.x.x, 127.x.x.x, 172.16-31.x.x 192.168.x.x can relay<br />
# Note Well! You *must* make sure these address can't be spoofed externally<br />
# Note, outbound relaying is controlled by connection and/or auth<br />
#&nbsp;&nbsp;&nbsp;&nbsp;&nbsp;&nbsp; If you're not firewalled, and you don't have a lan, comment these out<br />
#&nbsp;&nbsp;&nbsp;&nbsp;&nbsp;&nbsp; If you're not firewalled, and you have a lan, get firewalled *NOW*<br />
# GreetPause - delay to check for spammers<br />
# Client Connection rate (and #) control<br />
Connect:localhost&nbsp;&nbsp;&nbsp;&nbsp;&nbsp;&nbsp;&nbsp;&nbsp;&nbsp;&nbsp;&nbsp;&nbsp;&nbsp;&nbsp; RELAY<br />
GreetPause:localhost&nbsp;&nbsp;&nbsp; 0<br />
ClientRate:localhost&nbsp;&nbsp;&nbsp; 0<br />
ClientConn:localhost&nbsp;&nbsp;&nbsp; 0<br />
#Connect:10&nbsp;&nbsp;&nbsp;&nbsp;&nbsp;&nbsp;&nbsp;&nbsp;&nbsp;&nbsp;&nbsp;&nbsp;&nbsp;&nbsp;&nbsp;&nbsp;&nbsp;&nbsp;&nbsp;&nbsp;&nbsp;&nbsp;&nbsp;&nbsp;&nbsp;&nbsp;&nbsp;&nbsp; RELAY<br />
#GreetPause:10&nbsp;&nbsp;&nbsp;&nbsp;&nbsp;&nbsp;&nbsp;&nbsp;&nbsp;&nbsp;&nbsp;&nbsp;&nbsp;&nbsp;&nbsp;&nbsp;&nbsp; 0<br />
#ClientRate:10&nbsp;&nbsp;&nbsp;&nbsp;&nbsp;&nbsp;&nbsp;&nbsp;&nbsp;&nbsp;&nbsp;&nbsp;&nbsp;&nbsp;&nbsp;&nbsp;&nbsp; 0<br />
#ClientConn:10&nbsp;&nbsp;&nbsp;&nbsp;&nbsp;&nbsp;&nbsp;&nbsp;&nbsp;&nbsp;&nbsp;&nbsp;&nbsp;&nbsp;&nbsp;&nbsp;&nbsp; 0<br />
Connect:127&nbsp;&nbsp;&nbsp;&nbsp;&nbsp;&nbsp;&nbsp;&nbsp;&nbsp;&nbsp;&nbsp;&nbsp;&nbsp;&nbsp;&nbsp;&nbsp;&nbsp;&nbsp;&nbsp;&nbsp;&nbsp;&nbsp;&nbsp;&nbsp;&nbsp;&nbsp;&nbsp;&nbsp; RELAY<br />
GreetPause:127&nbsp;&nbsp;&nbsp;&nbsp;&nbsp;&nbsp;&nbsp;&nbsp;&nbsp;&nbsp;&nbsp;&nbsp;&nbsp;&nbsp;&nbsp;&nbsp;&nbsp; 0<br />
ClientRate:127&nbsp;&nbsp;&nbsp;&nbsp;&nbsp;&nbsp;&nbsp;&nbsp;&nbsp;&nbsp;&nbsp;&nbsp;&nbsp;&nbsp;&nbsp;&nbsp;&nbsp; 0<br />
ClientConn:127&nbsp;&nbsp;&nbsp;&nbsp;&nbsp;&nbsp;&nbsp;&nbsp;&nbsp;&nbsp;&nbsp;&nbsp;&nbsp;&nbsp;&nbsp;&nbsp;&nbsp; 0<br />
#Connect:IPv6:::1&nbsp;&nbsp;&nbsp;&nbsp;&nbsp;&nbsp;&nbsp;&nbsp;&nbsp;&nbsp;&nbsp;&nbsp;&nbsp;&nbsp; RELAY<br />
#GreetPause:IPv6:::1&nbsp;&nbsp;&nbsp;&nbsp;&nbsp;&nbsp;&nbsp;&nbsp;&nbsp;&nbsp;&nbsp; 0<br />
#ClientRate:IPv6:::1&nbsp;&nbsp;&nbsp;&nbsp;&nbsp;&nbsp;&nbsp;&nbsp;&nbsp;&nbsp;&nbsp; 0<br />
#ClientConn:IPv6:::1&nbsp;&nbsp;&nbsp;&nbsp;&nbsp;&nbsp;&nbsp;&nbsp;&nbsp;&nbsp;&nbsp; 0<br />
Connect:192.168.11&nbsp;&nbsp;&nbsp;&nbsp;&nbsp;&nbsp;&nbsp;&nbsp;&nbsp;&nbsp;&nbsp;&nbsp;&nbsp;&nbsp;&nbsp;&nbsp;&nbsp;&nbsp;&nbsp;&nbsp;&nbsp; RELAY<br />
GreetPause:192.168.11&nbsp;&nbsp;&nbsp;&nbsp;&nbsp;&nbsp;&nbsp;&nbsp;&nbsp;&nbsp; 0<br />
ClientRate:192.168.11&nbsp;&nbsp;&nbsp;&nbsp;&nbsp;&nbsp;&nbsp;&nbsp;&nbsp;&nbsp; 0<br />
ClientConn:192.168.11&nbsp;&nbsp;&nbsp;&nbsp;&nbsp;&nbsp;&nbsp;&nbsp;&nbsp;&nbsp; 0<br />
<br />
Connect:192.168.12&nbsp;&nbsp;&nbsp;&nbsp;&nbsp;&nbsp;&nbsp;&nbsp;&nbsp;&nbsp;&nbsp;&nbsp;&nbsp;&nbsp;&nbsp;&nbsp;&nbsp;&nbsp;&nbsp;&nbsp;&nbsp; RELAY<br />
GreetPause:192.168.12&nbsp;&nbsp;&nbsp;&nbsp;&nbsp;&nbsp;&nbsp;&nbsp;&nbsp;&nbsp; 0<br />
ClientRate:192.168.12&nbsp;&nbsp;&nbsp;&nbsp;&nbsp;&nbsp;&nbsp;&nbsp;&nbsp;&nbsp; 0<br />
ClientConn:192.168.12&nbsp;&nbsp;&nbsp;&nbsp;&nbsp;&nbsp;&nbsp;&nbsp;&nbsp;&nbsp; 0<br />
<br />
Connect:192.168.13&nbsp;&nbsp;&nbsp;&nbsp;&nbsp;&nbsp;&nbsp;&nbsp;&nbsp;&nbsp;&nbsp;&nbsp;&nbsp;&nbsp;&nbsp;&nbsp;&nbsp;&nbsp;&nbsp;&nbsp;&nbsp; RELAY<br />
GreetPause:192.168.13&nbsp;&nbsp;&nbsp;&nbsp;&nbsp;&nbsp;&nbsp;&nbsp;&nbsp;&nbsp; 0<br />
ClientRate:192.168.13&nbsp;&nbsp;&nbsp;&nbsp;&nbsp;&nbsp;&nbsp;&nbsp;&nbsp;&nbsp; 0<br />
ClientConn:192.168.13&nbsp;&nbsp;&nbsp;&nbsp;&nbsp;&nbsp;&nbsp;&nbsp;&nbsp;&nbsp; 0<br />
<br />
Connect:199.92.161&nbsp;&nbsp;&nbsp;&nbsp;&nbsp;&nbsp;&nbsp;&nbsp;&nbsp;&nbsp;&nbsp;&nbsp;&nbsp;&nbsp;&nbsp;&nbsp;&nbsp;&nbsp;&nbsp;&nbsp;&nbsp; RELAY<br />
GreetPause:199.92.161&nbsp;&nbsp;&nbsp;&nbsp;&nbsp;&nbsp;&nbsp;&nbsp;&nbsp;&nbsp; 0<br />
ClientRate:199.92.161&nbsp;&nbsp;&nbsp;&nbsp;&nbsp;&nbsp;&nbsp;&nbsp;&nbsp;&nbsp; 0<br />
ClientConn:199.92.161&nbsp;&nbsp;&nbsp;&nbsp;&nbsp;&nbsp;&nbsp;&nbsp;&nbsp;&nbsp; 0<br />
<br />
Connect:199.92.162&nbsp;&nbsp;&nbsp;&nbsp;&nbsp;&nbsp;&nbsp;&nbsp;&nbsp;&nbsp;&nbsp;&nbsp;&nbsp;&nbsp;&nbsp;&nbsp;&nbsp;&nbsp;&nbsp;&nbsp;&nbsp; RELAY<br />
GreetPause:199.92.162&nbsp;&nbsp;&nbsp;&nbsp;&nbsp;&nbsp;&nbsp;&nbsp;&nbsp;&nbsp; 0<br />
ClientRate:199.92.162&nbsp;&nbsp;&nbsp;&nbsp;&nbsp;&nbsp;&nbsp;&nbsp;&nbsp;&nbsp; 0<br />
ClientConn:199.92.162&nbsp;&nbsp;&nbsp;&nbsp;&nbsp;&nbsp;&nbsp;&nbsp;&nbsp;&nbsp; 0<br />
<br />
Connect:128.128.252&nbsp;&nbsp;&nbsp;&nbsp;&nbsp;&nbsp;&nbsp;&nbsp;&nbsp;&nbsp;&nbsp;&nbsp;&nbsp;&nbsp;&nbsp;&nbsp;&nbsp;&nbsp;&nbsp;&nbsp;&nbsp; RELAY<br />
GreetPause:128.128.252&nbsp;&nbsp;&nbsp;&nbsp;&nbsp;&nbsp;&nbsp;&nbsp;&nbsp;&nbsp; 0<br />
ClientRate:128.128.252&nbsp;&nbsp;&nbsp;&nbsp;&nbsp;&nbsp;&nbsp;&nbsp;&nbsp;&nbsp; 0<br />
ClientConn:128.128.252&nbsp;&nbsp;&nbsp;&nbsp;&nbsp;&nbsp;&nbsp;&nbsp;&nbsp;&nbsp; 0<br />
<br />
# Defaults<br />
GreetPause:&nbsp;&nbsp;&nbsp;&nbsp;&nbsp;&nbsp;&nbsp;&nbsp;&nbsp;&nbsp;&nbsp;&nbsp;&nbsp;&nbsp;&nbsp;&nbsp;&nbsp;&nbsp;&nbsp;&nbsp;&nbsp;&nbsp;&nbsp;&nbsp;&nbsp;&nbsp;&nbsp;&nbsp; 5000<br />
ClientRate:&nbsp;&nbsp;&nbsp;&nbsp;&nbsp;&nbsp;&nbsp;&nbsp;&nbsp;&nbsp;&nbsp;&nbsp;&nbsp;&nbsp;&nbsp;&nbsp;&nbsp;&nbsp;&nbsp;&nbsp;&nbsp;&nbsp;&nbsp;&nbsp;&nbsp;&nbsp;&nbsp;&nbsp; 10<br />
ClientConn:&nbsp;&nbsp;&nbsp;&nbsp;&nbsp;&nbsp;&nbsp;&nbsp;&nbsp;&nbsp;&nbsp;&nbsp;&nbsp;&nbsp;&nbsp;&nbsp;&nbsp;&nbsp;&nbsp;&nbsp;&nbsp;&nbsp;&nbsp;&nbsp;&nbsp;&nbsp;&nbsp;&nbsp; 10<br />
#<br />
# Don't offer AUTH on local network<br />
#SRV_Features:192.168.1 A<br />
# Hosts with to allow relaying<br />
#<br />
#<br />
# Hosts that validly forward to me<br />
#GreetPause:&lt;ip&gt;&nbsp;&nbsp;&nbsp;&nbsp;&nbsp;&nbsp;&nbsp;&nbsp;&nbsp;&nbsp;&nbsp;&nbsp;&nbsp;&nbsp;&nbsp; 0<br />
#ClientRate:&lt;ip&gt;&nbsp;&nbsp;&nbsp;&nbsp;&nbsp;&nbsp;&nbsp;&nbsp;&nbsp;&nbsp;&nbsp;&nbsp;&nbsp;&nbsp;&nbsp; 30<br />
#ClientConn:&lt;ip&gt;&nbsp;&nbsp;&nbsp;&nbsp;&nbsp;&nbsp;&nbsp;&nbsp;&nbsp;&nbsp;&nbsp;&nbsp;&nbsp;&nbsp;&nbsp; 0<br />
#<br />
# Whitelisted users<br />
#<br />
Spam:postmaster@&nbsp;&nbsp;&nbsp;&nbsp;&nbsp;&nbsp;&nbsp; FRIEND<br />
Spam:abuse@&nbsp;&nbsp;&nbsp;&nbsp;&nbsp;&nbsp;&nbsp;&nbsp;&nbsp;&nbsp;&nbsp;&nbsp; FRIEND<br />
Spam:spam@&nbsp;&nbsp;&nbsp;&nbsp;&nbsp;&nbsp;&nbsp;&nbsp;&nbsp;&nbsp;&nbsp;&nbsp;&nbsp; FRIEND<br />
#<br />
# Blacklisted users<br />
#<br />
#Connect:rampellsoft.com 554 Email directly, not through didtheyreadit.com<br />
reject@&nbsp;&nbsp;&nbsp;&nbsp;&nbsp;&nbsp;&nbsp;&nbsp;&nbsp;&nbsp;&nbsp;&nbsp;&nbsp;&nbsp;&nbsp;&nbsp; REJECT<br />
#cyberpromo.com REJECT<br />
#From:MAILER-DAEMON@store2.netvisao.pt REJECT<br />
#<br />
# Block invalid IPs<br />
#<br />
#Connect:0&nbsp;&nbsp;&nbsp;&nbsp;&nbsp; REJECT whilst invalid, this also blocks sendmail -bs -Am<br />
Connect:169.254 REJECT<br />
Connect:192.0.2 REJECT<br />
Connect:224&nbsp;&nbsp;&nbsp;&nbsp;&nbsp;&nbsp;&nbsp;&nbsp;&nbsp;&nbsp;&nbsp;&nbsp; REJECT<br />
Connect:255&nbsp;&nbsp;&nbsp;&nbsp;&nbsp;&nbsp;&nbsp;&nbsp;&nbsp;&nbsp;&nbsp;&nbsp; REJECT<br />
<br />
#<br />
<br />
&nbsp;</p>
