$@MID@$: 31
Date: Wed, 13 Sep 2017 10:49:07 +0000
Author: lstolp 
Cruise: ti986
Sensor: Fluorometer
S/N: WS3S-582P
cal date: June 6, 2017
Category: Plumbing
Type: Problem Fixed
Subject: dfisichella cleaned fluorometer
Attachment: 
Encoding: HTML
========================================
<p style="margin: 0px; font-size: 11px; line-height: normal; font-family: Menlo;"><span style="font-variant-ligatures: no-common-ligatures">Laura,</span></p>
<p style="margin: 0px; font-size: 11px; line-height: normal; font-family: Menlo; min-height: 13px;">&nbsp;</p>
<p style="margin: 0px; font-size: 11px; line-height: normal; font-family: Menlo;"><span style="font-variant-ligatures: no-common-ligatures">I made a few passes with the brush yesterday. The pump was off. I turned on the switch briefly,</span></p>
<p style="margin: 0px; font-size: 11px; line-height: normal; font-family: Menlo;"><span style="font-variant-ligatures: no-common-ligatures">but it did not seem to come on and I didn't have time yet to trouble shoot it past that point.</span></p>
<p style="margin: 0px; font-size: 11px; line-height: normal; font-family: Menlo; min-height: 13px;">&nbsp;</p>
<p style="margin: 0px; font-size: 11px; line-height: normal; font-family: Menlo;"><span style="font-variant-ligatures: no-common-ligatures">David</span></p>
<p style="margin: 0px; font-size: 11px; line-height: normal; font-family: Menlo; min-height: 13px;">&nbsp;</p>
<p style="margin: 0px; font-size: 11px; line-height: normal; font-family: Menlo;"><span style="font-variant-ligatures: no-common-ligatures">On 9/7/2017 1:28 PM, Laura Stolp wrote:</span></p>
<p style="margin: 0px; font-size: 11px; line-height: normal; font-family: Menlo;"><span style="font-variant-ligatures: no-common-ligatures">&nbsp; &nbsp; &nbsp; Hi Robbie and David,</span></p>
<p style="margin: 0px; font-size: 11px; line-height: normal; font-family: Menlo; min-height: 13px;">&nbsp;</p>
<p style="margin: 0px; font-size: 11px; line-height: normal; font-family: Menlo;"><span style="font-variant-ligatures: no-common-ligatures">&nbsp; &nbsp; &nbsp; The Tioga Fluorometer is reading extremely high and looks to be getting close to</span></p>
<p style="margin: 0px; font-size: 11px; line-height: normal; font-family: Menlo;"><span style="font-variant-ligatures: no-common-ligatures">&nbsp; &nbsp; &nbsp; max (flatline at 5000 and it is reading 4950 now). I checked the data for the last</span></p>
<p style="margin: 0px; font-size: 11px; line-height: normal; font-family: Menlo;"><span style="font-variant-ligatures: no-common-ligatures">&nbsp; &nbsp; &nbsp; cruise and they look to have had the valves open and pumps on. You can see it in</span></p>
<p style="margin: 0px; font-size: 11px; line-height: normal; font-family: Menlo;"><span style="font-variant-ligatures: no-common-ligatures">&nbsp; &nbsp; &nbsp; the temperature plots, but the Fluorometer sort of looks like there is no flow.</span></p>
<p style="margin: 0px; font-size: 11px; line-height: normal; font-family: Menlo; min-height: 13px;">&nbsp;</p>
<p style="margin: 0px; font-size: 11px; line-height: normal; font-family: Menlo;"><span style="font-variant-ligatures: no-common-ligatures">&nbsp; &nbsp; &nbsp; It probably needs to be cleaned, but I am wondering if there is an issue w/ the</span></p>
<p style="margin: 0px; font-size: 11px; line-height: normal; font-family: Menlo;"><span style="font-variant-ligatures: no-common-ligatures">&nbsp; &nbsp; &nbsp; tubing or how it is plumbed?</span></p>
<p style="margin: 0px; font-size: 11px; line-height: normal; font-family: Menlo; min-height: 13px;">&nbsp;</p>
<p style="margin: 0px; font-size: 11px; line-height: normal; font-family: Menlo;"><span style="font-variant-ligatures: no-common-ligatures">&nbsp; &nbsp; &nbsp; thanks, laura</span></p>
<p style="margin: 0px; font-size: 11px; line-height: normal; font-family: Menlo; min-height: 13px;">&nbsp;</p>
<p>&nbsp;</p>
<p style="margin: 0px; font-size: 11px; line-height: normal; font-family: Menlo; min-height: 13px;">&nbsp;</p>
