$@MID@$: 5
Date: Wed, 10 Dec 2014 17:19:17 +0000
Author: AH
Type: Routine
Category: General
Subject: TRANSDUCER - general interfacing information - cables
Cruise: at26-24
Attachment: 141210_171635_transducer_pigtail0001.pdf,141210_171649_0008213_Rev_D.PDF,141210_171712_8012Apinout.pdf
Encoding: HTML
========================================
<p>GENERAL CABLING / WIRING INFORMATION ATLANTIS 12 kHz TRANSDUCER - science transducers, deck unit, etc</p>
<p>**************************</p>
<p>HERE's AN OLD EMAIL (not sure it is relevant):</p>
<p>Date: Thu, 19 Jul 2007 15:59:25 -0400<br />
From: tcrook@whoi.edu<br />
To: &quot;Thomas, Hans&quot; &lt;hthomas@mbari.org&gt;<br />
Cc: sssg@atlantis.whoi.edu<br />
Subject: Re: pinouts for XLR transducer connector<br />
<br />
Hi Thomas,<br />
<br />
&nbsp;&nbsp;&nbsp; The XLR pinouts are:<br />
<br />
&nbsp;&nbsp;&nbsp;&nbsp;&nbsp; Pin 1 - Signal to one side of SP23LT internal transformer<br />
&nbsp;&nbsp;&nbsp;&nbsp;&nbsp; Pin 2 - Ground, tied to ship grond at 'ducer end<br />
&nbsp;&nbsp;&nbsp;&nbsp;&nbsp; Pin 3 - Signal to the other side of the SP23LT transformer<br />
<br />
&nbsp;Let me know if you need more info<br />
***************************</p>
