$@MID@$: 3
Date: Sat, 06 Apr 2013 11:22:41 +0000
Author: lstolp
svn: 
Type: notes
Subject: installation
Cruise: WHOIDock
Attachment: 
Encoding: HTML
========================================
<p><b>Build: Ubuntu 12.04 amd 64 server</b>.. built </p>
<p><b>extra packages to add: apt-get update; apt-get install ntp gcc</b></p>
<ul>
    <li>ntpd setup</li>
</ul>
<p style="margin-left: 40px;">&nbsp;tar -xzf ntp-4.2.4p6.tar.gz<br />
&nbsp; cd&nbsp; ntp-4.2.4p6/<br />
&nbsp;mv ntpd/refclock_dumbclock.c ntpd/refclock_dumbclock.c.org<br />
&nbsp;cp ../refclock_dumbclock.c.ese ntpd/refclock_dumbclock.c<br />
&nbsp;./configure --enable-linuxcaps<br />
&nbsp;make<br />
&nbsp;make install<br />
&nbsp;cp /usr/local/bin/ntp* /usr/sbin/.</p>
<p style="margin-left: 40px;"><br />
&nbsp; * ln -s /dev/ttyM0 /dev/dumbclock0<br />
&nbsp;&nbsp;&nbsp;&nbsp; put above in /etc/rc.local<br />
&nbsp;&nbsp;&nbsp;&nbsp; <br />
&nbsp; * cd /etc/apparmor.d/tunables/ntpd<br />
&nbsp;&nbsp; @{NTPD_DEVICE}=&quot;/dev/ttyM0&quot;<br />
&nbsp;</p>
<p style="margin-left: 40px;">* vi /etc/ntp.conf# Specify one or more NTP servers.<br />
<br />
server 127.127.33.0 prefer<br />
fudge 127.127.33.0 time1 -1.000<br />
<br />
server&nbsp; 127.127.1.0&nbsp;&nbsp;&nbsp;&nbsp; # local clock<br />
fudge&nbsp;&nbsp; 127.127.1.0 stratum 10<br />
<br />
<br />
peer 199.92.161.3<br />
peer 199.92.161.2<br />
&nbsp;</p>
<p style="margin-left: 40px;">&nbsp;* /etc/init.d/ntp&nbsp;&nbsp; commented out in dhcp and if test &quot;$blah blah&nbsp; /etc/init.d/ntp<br />
&nbsp;&nbsp;&nbsp;&nbsp;&nbsp;&nbsp;&nbsp;&nbsp;&nbsp;&nbsp;&nbsp;&nbsp;&nbsp;&nbsp;&nbsp;&nbsp;&nbsp;&nbsp;&nbsp;&nbsp;&nbsp;&nbsp;&nbsp;&nbsp;&nbsp;&nbsp;&nbsp;&nbsp;&nbsp;&nbsp;&nbsp;&nbsp;&nbsp;&nbsp;&nbsp;&nbsp;&nbsp;&nbsp;&nbsp;&nbsp;&nbsp;&nbsp;&nbsp;&nbsp;&nbsp;&nbsp;&nbsp;&nbsp;&nbsp;&nbsp;&nbsp;&nbsp;&nbsp;&nbsp;&nbsp;&nbsp;&nbsp;&nbsp;&nbsp;&nbsp;&nbsp;&nbsp;&nbsp;&nbsp;&nbsp;&nbsp;&nbsp;&nbsp;&nbsp;&nbsp;&nbsp;&nbsp;&nbsp;&nbsp;&nbsp; </p>
$@MID@$: 4
Date: Sat, 06 Apr 2013 11:23:04 +0000
Author: lstolp
svn: 21
Type: atdatalog
Subject: installed svn version 21
Cruise: WHOIDock
Attachment: 
Encoding: HTML
========================================

