$@MID@$: 8
Date: Tue, 11 Jun 2013 18:02:59 +0000
Author: AH
svn: 
Type: programs
Subject: status_screen FEEDERS - INFORMATION ON WHAT TO START AND WHERE TO START IT
Cruise: at26-01
Attachment: 
Encoding: HTML
========================================
<p>From EMAIL Dated: Mon, 10 Jun 2013 17:28:32 +0000 (GMT)&nbsp; - From Laura<br />
&nbsp;</p>
<p>****I made a go.sh script in /usr/lib/cgi-bin/db_driven_data/status_screen that will start all of these (Allison)<br />
feeders on ftp:<br />
<br />
-rwxr-xr-x 1 root&nbsp;&nbsp;&nbsp;&nbsp; root&nbsp;&nbsp;&nbsp;&nbsp; 3105 2013-05-04 19:28 ssv_feeder.pl<br />
grabs SBE45S and SBE48 temp from database to create SSV<br />
<br />
-rwxr-xr-x 1 root&nbsp;&nbsp;&nbsp;&nbsp; root&nbsp;&nbsp;&nbsp;&nbsp; 3985 2013-05-04 20:17 ssw_feeder.pl<br />
grabs SBE45S and SBE48 from udpport and stuffs into database</p>
<p>-rwxr-xr-x 1 sssg&nbsp;&nbsp;&nbsp;&nbsp; sssg&nbsp;&nbsp;&nbsp;&nbsp; 2335 2014-10-30 13:39 send_dslog_ssv.pl</p>
<p>grabs ssv out of datascreen.db and then send it out the serial port - also send it out udp port 55504<br />
<br />
<br />
<br />
<br />
database:<br />
-rw-r--r-- 1 root&nbsp;&nbsp;&nbsp;&nbsp; root&nbsp;&nbsp;&nbsp;&nbsp; 3072 2013-06-10 17:08 ssw.db<br />
<br />
soundvelocity OUT RS232 for multibeam:<br />
-rwxr-xr-x 1 root&nbsp;&nbsp;&nbsp;&nbsp; root&nbsp;&nbsp;&nbsp;&nbsp; 2415 2013-05-04 22:16 write_svt.pl<br />
Grabs SSV from db and sends out ttyS1 on ftp<br />
<br />
feeders on linus:<br />
<br />
go.sh&nbsp; (will start all these)<br />
<br />
seems to have everything in it.. wind_feeder.pl cannot be started until the wx_feeder is up and<br />
running... ssv_feeder.pl cannot be started until after SBE45 and SBE48 are working.<br />
<br />
Update go.sh<br />
<br />
#!/bin/bash<br />
#<br />
#&nbsp; Updating for dsLog UPD ports.<br />
#&nbsp;&nbsp;&nbsp;&nbsp;&nbsp;&nbsp;&nbsp;&nbsp;&nbsp;&nbsp;&nbsp;&nbsp;&nbsp;&nbsp; january 17, 2013&nbsp; lws and ams<br />
#<br />
#<br />
# added route_feeder.pl and winch_feeder.pl&nbsp; 20130609<br />
# need to run from /usr/lib/cgi-bin/db_driven_data/status_screen/<br />
#<br />
<br />
# database<br />
database=&quot;/usr/lib/cgi-bin/db_driven_data/status_screen/datascreen.db&quot;;<br />
<br />
# gprmc for cog sog dec_lat and dec_lon<br />
./rmc_feeder.pl &amp;<br />
./rmb_feeder.pl &amp;<br />
# sbe45&nbsp; need to<br />
./sbe45_feeder.pl &amp;<br />
<br />
# sbe48<br />
./udp_db_feeder.pl --port 55502 --database $database --udptype SBE48 &amp;<br />
# SWR<br />
./udp_db_feeder.pl --port 55403 --database $database --udptype met &amp;<br />
# LWR<br />
./udp_db_feeder.pl --port 55404 --database $database --udptype lwr &amp;<br />
# FLR<br />
./udp_db_feeder.pl --port 55503 --database $database --udptype flr &amp;<br />
# Port Vaisala&nbsp; this parses the data<br />
./wx_feeder.pl --port 55401 --database $database --udptype wxt &amp;<br />
# STBD Vaisala this parses the data<br />
./wx_feeder.pl --port 55402 --database $database --udptype wxt &amp;<br />
# gyro<br />
./udp_db_feeder.pl --port 55103 --database $database --udptype gyro &amp;<br />
# SpeedLog<br />
./udp_db_feeder.pl --port 55202 --database $database --udptype spd &amp;<br />
<br />
<br />
# These feeders should be done after all the other ones are working<br />
# Knudsen Depth<br />
./depth_feeder.pl &amp;<br />
# sound velocity for the csv files<br />
./ssv_feeder.pl &amp;<br />
# creates wind for both<br />
./wind_feeder.pl &amp;<br />
<br />
# route feeder<br />
./route_control.sh start<br />
# winch feeder<br />
./winch_control.sh start<br />
<br />
&nbsp;</p>
