$@MID@$: 50
Date: Thu, 14 Jan 2021 11:12:56 +0000
Author: lstolp
Cruise: 
Sensor: SBE45
S/N: SBE45-0340
cal date: removed
Category: Hardware
Type: Calibration
Subject: removed for calibration by Peter Collins
Attachment: 
Encoding: HTML
========================================

$@MID@$: 51
Date: Thu, 14 Jan 2021 11:14:00 +0000
Author: lstolp
Cruise: 
Sensor: SBE45
S/N: 4534595-0092 
cal date: Oct 19, 2019 
Category: Hardware
Type: Calibration
Subject: Installed w/ out any calibration documentation
Attachment: 
Encoding: HTML
========================================
<p>When installed it did not send out any data.</p>

<p>&nbsp;</p>
