$@MID@$: 5
Date: Tue, 26 Feb 2019 20:34:50 +0000
Author: Catie
S/N: 
Item: -70_freezer
Type: Other
Subject: New Panasonic 25 cuft
Cruise: AT MARE ISLAND 2019
Attachment: 
Encoding: HTML
========================================
<p>New 25 cu ft Panasonic -80 brought aboard and initialized 2/22/19.</p>
$@MID@$: 6
Date: Tue, 26 Feb 2019 20:36:52 +0000
Author: Catie
S/N: 0809177
Item: -70_freezer
Type: Other
Subject: Disposal of 25 cu ft SoLow
Cruise: AT MARE ISLAND 2019
Attachment: 190226_203823_SoLowFreezerDisposalRecord.pdf
Encoding: HTML
========================================
<p>25 cuft SoLow -80 taken from Mare Island Dry Dock 2/26/19 by Cascade Thermal Solutions for disposal</p>
