$@MID@$: 25
Date: Sat, 10 Aug 2019 15:21:04 +0000
Author: Catie
svn: 
Type: inputs
Subject: 24 hour surface PAR setup instructions
Cruise: at42-15
Attachment: 
Encoding: HTML
========================================
<p>1) Do not hook up SPAR Metrabyte to the 485 loop. It does not work. Nobody knows why, but it doesn&#39;t. Feed the Metrabyte into a 485-232 converter and then into its own serial port on atdatalog.</p>

<p>2) If you want to test the SPAR/Metrabyte before hooking into atdatalog, from teraterm or whatever, send it $1RD (enter) to return a data point, $1RS (enter) to view setup.</p>

<p>3) Working config in dsLog.ini is:</p>

<p># SPAR not on 485<br />
[INPUT_15]<br />
DATA_TYPE=&quot;MET&quot;<br />
DATA_SOURCE=&quot;PAR&quot;</p>

<p>FILENAME_PREFIX=&quot;at&quot;</p>

<p>SOURCE_TYPE=2<br />
SERIAL_PORT_NAME=&quot;/dev/ttyM10&quot;<br />
BAUD=9600</p>

<p>PROMPT_SEQUENCE_NUMBER_OF_PROMPTS=1</p>

<p># $1RD(CR)</p>

<p>PROMPT_1_ENABLE=1<br />
PROMPT_1_CHAR_1=24<br />
PROMPT_1_CHAR_2=31<br />
PROMPT_1_CHAR_3=52<br />
PROMPT_1_CHAR_4=44<br />
PROMPT_1_CHAR_5=0D</p>

<p>USE_DESTINATION_SPECIFIC_FILE_EXTENSION=1<br />
DESTINATION_1=1<br />
DESTINATION_1_EXTENSION=&quot;PAR&quot;<br />
DESTINATION_2=0<br />
DESTINATION_2_IPADDRESS=&quot;199.92.161.3&quot;<br />
DESTINATION_2_SOCKET=55405<br />
DESTINATION_3=0<br />
DESTINATION_3_IPADDRESS=&quot;127.0.0.1&quot;<br />
DESTINATION_3_SOCKET=55405</p>

<p>USE_PROMPT_SPECIFIC_DESTINATIONS_FLAG=1<br />
PROMPT_1_DESTINATION_ENABLE_1=1<br />
PROMPT_1_DESTINATION_ENABLE_2=1<br />
PROMPT_1_DESTINATION_ENABLE_3=1</p>

<p>USE_PROMPT_SPECIFIC_TERM_CHAR=1<br />
PROMPT_1_TERM_CHAR=0D</p>

<p>USE_PROMPT_SPECIFIC_DATA_TYPE=1<br />
PROMPT_1_DATA_TYPE=&quot;MET&quot;</p>

<p>USE_PROMPT_SPECIFIC_SOURCE_NAME=1<br />
PROMPT_1_SOURCE_NAME=&quot;PAR&quot;<br />
&nbsp;</p>

<p>&nbsp;</p>

<p>4) Working config in dsLogCSV is:</p>

<p><br />
[INPUT_10]<br />
SOURCE_TYPE=&quot;UDP&quot;<br />
IN_SOCKET=55405<br />
INPUT_ENABLE=1</p>

<p>NUMBER_OF_CSV_PARSE=1</p>

<p># The minimum for each field is to specify what rule&nbsp;<br />
# to use to parse the data and the ABSTRACT_INDEX<br />
PARSE_DATATYPE_1=&quot;SSSG_GENERIC&quot;<br />
PARSE_ABSTRACT_INDEX_1=40<br />
GENERIC_HEADER_STRING_1=&quot;*-&quot;<br />
GENERIC_DELIMITER_CHARACTER_1=&quot;&quot;<br />
GENERIC_INDEX_1=0<br />
GENERIC_DATA_TYPE_1=1<br />
GENERIC_DATA_PRECISION_1=2<br />
&nbsp;</p>

<p>&nbsp;</p>
