$@MID@$: 7
Date: Mon, 27 May 2019 15:52:23 +0000
Author: R Laird
Cruise: 
Sensor: Wind_WS425
S/N: who knows
cal date: who knows
Type: Other
Category: 
Subject: Removed from ship.
Attachment: 
Encoding: HTML
========================================
<p>Spring 2019 shipyard</p>

<p>This wind sensor has been removed from the ship.</p>
$@MID@$: 8
Date: Mon, 27 May 2019 15:54:50 +0000
Author: R Laird
Cruise: 
Sensor: Honeywell(Baro)
S/N: unknown
cal date: unknown
Type: Other
Category: 
Subject: Removed from ship.
Attachment: 
Encoding: HTML
========================================
<p>Spring 2019 shipyard.</p>

<p>Honeywell barometer removed from the ship.&nbsp;</p>
