$@MID@$: 4
Date: Tue, 04 Jun 2013 17:59:48 +0000
Author: AH
Type: Other
Subject: WHOI software registration numbers
Cruise: at26-01
Attachment: 
Encoding: HTML
========================================
<p>I got this list a month after the other list..<br />
**NEWER LIST<br />
6968084&nbsp;&nbsp;&nbsp;&nbsp;&nbsp;&nbsp;&nbsp;&nbsp; Windows XP Professional with Service Pack<br />
&nbsp;2 - Windows XP Professional with Service Pack 2 32Bit&nbsp; KH7TV-782HC-8QCX8-M4FM8-C8GJ6&nbsp;&nbsp; VL <br />
<br />
6968084&nbsp;&nbsp;&nbsp;&nbsp;&nbsp;&nbsp;&nbsp;&nbsp;&nbsp;&nbsp;&nbsp;&nbsp;&nbsp; Windows XP<br />
Professional with Service Pack 2 - Windows XP Professional with Service Pack 2 64Bit&nbsp;&nbsp;&nbsp; P8M6X-2P7R7-GG248-KQHQ2-GQW2J&nbsp;&nbsp; VL 6968084<br />
<br />
Windows XP Professional with Service Pack 2 (64-Bit) - Windows XP Professional with Service Pack 2 64Bit<br />
P8M6X-2P7R7-GG248-KQHQ2-GQW2J&nbsp;&nbsp; VL Key&nbsp; 0/0<br />
<br />
6968084&nbsp;&nbsp;&nbsp;&nbsp;&nbsp;&nbsp;&nbsp;&nbsp; Windows XP Professional with Service Pack 2 (ISO) - Windows XP Professional with Service Pack 2 32Bit<br />
KH7TV-782HC-8QCX8-M4FM8-C8GJ6&nbsp;&nbsp; VL Key&nbsp; 0/0<br />
<br />
6968084&nbsp;&nbsp;&nbsp;&nbsp;&nbsp;&nbsp;&nbsp;&nbsp; Windows XP Professional with Service Pack 2 (ISO) - Windows XP Professional with Service Pack 2 64Bit<br />
P8M6X-2P7R7-GG248-KQHQ2-GQW2J&nbsp;&nbsp; VL Key&nbsp; 0/0<br />
<br />
6968084&nbsp;&nbsp;&nbsp;&nbsp;&nbsp;&nbsp;&nbsp;&nbsp; Windows XP Professional with Service Pack 3 - Windows XP Professional with Service Pack 2 32Bit<br />
KH7TV-782HC-8QCX8-M4FM8-C8GJ6&nbsp;&nbsp; VL Key&nbsp; 0/0<br />
<br />
6968084&nbsp;&nbsp;&nbsp;&nbsp;&nbsp;&nbsp;&nbsp;&nbsp; Windows XP Professional with Service Pack 3 - Windows XP Professional with Service Pack 3 32Bit<br />
KH7TV-782HC-8QCX8-M4FM8-C8GJ6&nbsp;&nbsp; VL Key&nbsp; 0/0<br />
<br />
6968084&nbsp;&nbsp;&nbsp;&nbsp;&nbsp;&nbsp;&nbsp;&nbsp; Windows XP Professional with Service Pack 3 (ISO) - Windows XP Professional with Service Pack 3 32Bit<br />
KH7TV-782HC-8QCX8-M4FM8-C8GJ6&nbsp;&nbsp; VL Key&nbsp; 0/0</p>
<p><br />
<br />
***********SLIGHTLY OLDER LIST</p>
<p>Windows XP Professional<br />
WQ4RP-WVPWC-FKW77-HH22V-6RG9Q<br />
<br />
Windows 7 Professional 32 and 64 bit<br />
H63DB-94832-W9WGV-RR7TG-P4XDP<br />
<br />
Windows 8 Professional 32 and 64 bit<br />
VV47B-N7G3G-3XXKM-VK7K9-C7F92<br />
<br />
Office 2003 Professional<br />
T29CR-7DFMW-46TM3-667D4-YMDHY<br />
<br />
Office 2007 Professional<br />
QW8XV-JKVBM-Q9TRC-8X9F3-YGYYQ<br />
<br />
Office 2010 Professional Plus<br />
76DJ7-QHYMG-GVY7J-4G22B-CBYTT<br />
<br />
&nbsp;</p>
