$@MID@$: 7
Date: Tue, 06 Sep 2016 20:46:57 +0000
Author: AH - from a Dave S email
Type: 
Location: 
S/N: 
Subject: Mac Pros in Main Lab & switch - summer 2016
Cruise: at37-02
Attachment: 
Encoding: HTML
========================================
<p>&gt;&nbsp; The Mac Pros we have are firewire 800.&nbsp; They don't have any Thunderbolt connections.&nbsp; They have:<br />
&gt; <br />
&gt; 4 ea Firewire 800<br />
&gt; 2 ea USB 2<br />
&gt; 2 ea USB3 (added by us)<br />
&gt; 2 ea Mini Display Port<br />
&gt; 2 ea DVI port 2 ea SAS ports via an added board<br />
&gt; 2 ea 1 Gbit ethernet ports<br />
&gt; <br />
&gt; Hardware Overview:<br />
&gt; <br />
&gt;&nbsp; Model Name:&nbsp; Mac Pro<br />
&gt;&nbsp; Model Identifier:&nbsp;&nbsp;&nbsp; MacPro5,1<br />
&gt;&nbsp; Processor Name:&nbsp;&nbsp;&nbsp;&nbsp;&nbsp; 6-Core Intel Xeon<br />
&gt;&nbsp; Processor Speed:&nbsp;&nbsp;&nbsp;&nbsp; 2.4 GHz<br />
&gt;&nbsp; Number of Processors:&nbsp;&nbsp;&nbsp;&nbsp;&nbsp;&nbsp;&nbsp; 2<br />
&gt;&nbsp; Total Number of Cores:&nbsp;&nbsp;&nbsp;&nbsp;&nbsp;&nbsp; 12<br />
&gt;&nbsp; L2 Cache (per Core): 256 KB<br />
&gt;&nbsp; L3 Cache (per Processor):&nbsp;&nbsp;&nbsp; 12 MB<br />
&gt;&nbsp; Memory:&nbsp;&nbsp;&nbsp;&nbsp;&nbsp; 16 GB<br />
&gt;&nbsp; Processor Interconnect Speed:&nbsp;&nbsp;&nbsp;&nbsp;&nbsp;&nbsp;&nbsp; 5.86 GT/s<br />
&gt;&nbsp; Boot ROM Version:&nbsp;&nbsp;&nbsp; MP51.007F.B03<br />
&gt;&nbsp; SMC Version (system):&nbsp;&nbsp;&nbsp;&nbsp;&nbsp;&nbsp;&nbsp; 1.39f11<br />
&gt;&nbsp; SMC Version (processor tray):&nbsp;&nbsp;&nbsp;&nbsp;&nbsp;&nbsp;&nbsp; 1.39f11<br />
&gt;&nbsp; Serial Number (system):&nbsp;&nbsp;&nbsp;&nbsp;&nbsp; CMVHX06SF4MH<br />
&gt;&nbsp; Serial Number (processor tray):&nbsp;&nbsp;&nbsp;&nbsp;&nbsp; J522101DSBH8C<br />
&gt;&nbsp; Hardware UUID:&nbsp;&nbsp;&nbsp;&nbsp;&nbsp;&nbsp; EA092D33-7D83-5CB7-8F5B-F6A58CABA6D9<br />
&gt; <br />
&gt;&nbsp; They have 3Gbit SATA.<br />
&gt; <br />
&gt;&nbsp; That is the info for the towers.<br />
&gt; <br />
&gt;&nbsp; The network switch in the computer lab is an Interface Masters Niagara 2904-24TG.&nbsp; It has 4 ea 10GB SFP+ fiber ports, and<br />
24 ea 1Gbit RJ45 ports. Only 2 of the fiber ports are currently being used.&nbsp; We have two of these switches on board. (one is<br />
spare)<br />
&gt; <br />
&gt;&nbsp; I wonder if any new computer lab RAID could be connected to whatever switch is used in the main lab via 10Gbit fiber?<br />
&gt; <br />
&nbsp;</p>
