$@MID@$: 48
Date: Sat, 24 Jul 2021 21:56:36 +0000
Author: AH
Sensor: WXTP | WXTS
S/N: Port:  S/N: E0110003 PTU: T1820379             Stbd:  S/N: C2140003 PTU: T1820378
Calibration Date: 2021-July  New PTUs installed
Type: Calibration
Category: Hardware
Subject: Vaisala Sensors  installed
Cruise: at43-02
Revisions:  & Sat Jul 24 22:00:17 2021^M & Fri Oct 22 10:56:39 2021^M & Wed Jan 12 18:37:09 2022^M & Wed Jan 12 18:37:29 2022^M
Attachment: 
Encoding: HTML
========================================
<p>*Starboard Sensor has not responded since installed - unable to test before raising tower (midlife shuffle-curfuffle)</p>

<p>&nbsp;</p>

<p>PORT:</p>

<p>Instrument Make and Model: &nbsp;Vaisala WXT520<br />
S/N: E0110003<br />
PTU: T1820379<br />
Calibration Date: PTU (Pressure Temperature Unit)<br />
Installed: PTU: July 2021</p>

<p>&nbsp;</p>

<p>STBD:</p>

<p>Instrument Make and Model: &nbsp;Vaisala WXT520<br />
S/N: C2140003<br />
PTU: T1820378<br />
Calibration Date: PTU (Pressure Temperature Unit:&nbsp;<br />
Installed on: July 2021<br />
&nbsp;</p>
$@MID@$: 49
Date: Sat, 24 Jul 2021 22:00:36 +0000
Author: AH
Sensor: RAD
S/N: RAD223; PSP38214F3; PIR38138F3
Calibration Date: 2021 - March
Type: Calibration
Category: Hardware
Subject: Installed Rad Sensors
Cruise: at43-03
Revisions:  & Sat Jul 24 22:01:37 2021^M & Sat Jul 24 22:02:11 2021^M
Attachment: 210724_220152_Eppley-PIR-38138F3-Cal-March-11-2021.pdf,210724_220203_Eppley-SPP-38214F3_Cal-March-10-2021.pdf
Encoding: HTML
========================================
<p>&nbsp;</p>

<p>&nbsp;</p>

<p>Instrument Make: &nbsp;RMR - Remote Measurements &amp; Research Company&nbsp;<br />
Instrument Model: RAD - Radiometer Analog to Digital Interface with Eppley PSP (Precision Spectral Pyra-<br />
nometer) &nbsp;and &nbsp;PIR &nbsp;(Precision &nbsp;Infrared &nbsp;Radiometer)<br />
S/N: RAD223; PSP38214F3; PIR38138F3<br />
PSP Tested: &nbsp;2021 March 11<br />
PIR Tested: &nbsp;2021 March 10<br />
RAD Calibrated&nbsp;<br />
&nbsp;</p>
