$@MID@$: 12
Date: Fri, 10 May 2013 16:06:45 +0000
Author: AH
Type: 
gps: 
Category: 
Subject: CNAV authorization information 2013
Cruise: atpostat2502
Attachment: 
Encoding: HTML
========================================
<p>Serial No:&nbsp;&nbsp;&nbsp; &nbsp;&nbsp;&nbsp; 14959<br />
Issued Date:&nbsp;&nbsp;&nbsp; &nbsp;&nbsp;&nbsp; 05/10/2013<br />
Start Date: &nbsp;&nbsp;&nbsp; &nbsp;&nbsp;&nbsp; 05/10/2013<br />
Stop Date: &nbsp;&nbsp;&nbsp; &nbsp;&nbsp;&nbsp; 05/09/2014<br />
Sell-to Customer Name: &nbsp;&nbsp;&nbsp; Woods Hole Oceanographic Institution Procurement Department<br />
Bill-to Customer Name: &nbsp;&nbsp;&nbsp; Woods Hole Oceanographic Institution Procurement Department<br />
Reference No:&nbsp;&nbsp;&nbsp; &nbsp;&nbsp;&nbsp; M215975<br />
Contact Name: &nbsp;&nbsp;&nbsp; &nbsp;&nbsp;&nbsp; RICK CHANDLER<br />
Contact Phone:&nbsp;&nbsp;&nbsp; &nbsp;&nbsp;&nbsp; 508 289 2272<br />
Contact Fax:&nbsp;&nbsp;&nbsp; &nbsp;&nbsp;&nbsp; 508 457 2107<br />
Contact E-Mail:&nbsp;&nbsp;&nbsp; &nbsp;&nbsp;&nbsp; rchandler@whoi.edu<br />
Vessel: &nbsp;&nbsp;&nbsp; &nbsp;&nbsp;&nbsp; Atlantis<br />
Region:&nbsp;&nbsp;&nbsp; &nbsp;&nbsp;&nbsp; &nbsp;&nbsp;&nbsp; All<br />
Service Type: &nbsp;&nbsp;&nbsp; &nbsp;&nbsp;&nbsp; ACADEMIC<br />
Service Level:&nbsp;&nbsp;&nbsp;&nbsp;&nbsp;&nbsp;&nbsp;&nbsp;&nbsp; GLOBAL Activation&nbsp; APS (SF2)<br />
Region of Use: &nbsp;&nbsp;&nbsp; &nbsp;&nbsp;&nbsp; Unknown<br />
Network Type:&nbsp;&nbsp;&nbsp; &nbsp;&nbsp;&nbsp; N1N2<br />
Actions: &nbsp;&nbsp;&nbsp; &nbsp;&nbsp;&nbsp; Cancel Current License &amp; Load New License<br />
Firmware Version:&nbsp;&nbsp;&nbsp; 3.2.11.0<br />
License Code: 292AAF7C-2905849D-2C5896B8-88DC0485<br />
<br />
Best regards<br />
<br />
Benjamin Kidder<br />
Authcode Support Europe<br />
On 10/05/2013 13:33, authcode@cnav.com wrote:<br />
<br />
&nbsp;&nbsp;&nbsp;&nbsp;&nbsp; &nbsp;Logo [www.cnavgnss.com]<br />
<br />
&nbsp;&nbsp;&nbsp;&nbsp;&nbsp; C-Nav Subscription Request<br />
&nbsp;&nbsp;&nbsp;&nbsp;&nbsp; Request Details<br />
&nbsp;&nbsp;&nbsp;&nbsp;&nbsp; &nbsp;<br />
&nbsp;&nbsp;&nbsp;&nbsp;&nbsp; Company Name:<br />
&nbsp;&nbsp;&nbsp;&nbsp;&nbsp; Woods Hole Oceanographic Institution<br />
&nbsp;&nbsp;&nbsp;&nbsp;&nbsp; &nbsp;<br />
&nbsp;&nbsp;&nbsp;&nbsp;&nbsp; Request Type:<br />
&nbsp;&nbsp;&nbsp;&nbsp;&nbsp; Authorization<br />
&nbsp;&nbsp;&nbsp;&nbsp;&nbsp; &nbsp;<br />
&nbsp;&nbsp;&nbsp;&nbsp;&nbsp; Start Date:<br />
&nbsp;&nbsp;&nbsp;&nbsp;&nbsp; 5/10/2013<br />
&nbsp;&nbsp;&nbsp;&nbsp;&nbsp; &nbsp;<br />
&nbsp;&nbsp;&nbsp;&nbsp;&nbsp; End Date:<br />
&nbsp;&nbsp;&nbsp;&nbsp;&nbsp; 5/9/2014<br />
&nbsp;&nbsp;&nbsp;&nbsp;&nbsp; &nbsp;<br />
&nbsp;&nbsp;&nbsp;&nbsp;&nbsp; Receiver Type:<br />
&nbsp;&nbsp;&nbsp;&nbsp;&nbsp; C-Nav3050 GNSS Sensor<br />
&nbsp;&nbsp;&nbsp;&nbsp;&nbsp; &nbsp;<br />
&nbsp;&nbsp;&nbsp;&nbsp;&nbsp; Receiver Serial Number:<br />
&nbsp;&nbsp;&nbsp;&nbsp;&nbsp; 14959<br />
&nbsp;&nbsp;&nbsp;&nbsp;&nbsp; &nbsp;<br />
&nbsp;&nbsp;&nbsp;&nbsp;&nbsp; Receiver LBM Number:<br />
<br />
&nbsp;&nbsp;&nbsp;&nbsp;&nbsp; &nbsp;<br />
&nbsp;&nbsp;&nbsp;&nbsp;&nbsp; Receiver Software Version:<br />
&nbsp;&nbsp;&nbsp;&nbsp;&nbsp; 3.2.11.0<br />
&nbsp;&nbsp;&nbsp;&nbsp;&nbsp; &nbsp;<br />
&nbsp;&nbsp;&nbsp;&nbsp;&nbsp; Service Net:<br />
&nbsp;&nbsp;&nbsp;&nbsp;&nbsp; N1N2<br />
&nbsp;&nbsp;&nbsp;&nbsp;&nbsp; &nbsp;<br />
&nbsp;&nbsp;&nbsp;&nbsp;&nbsp; Level:<br />
&nbsp;&nbsp;&nbsp;&nbsp;&nbsp; SF2<br />
&nbsp;&nbsp;&nbsp;&nbsp;&nbsp; Service Type:<br />
&nbsp;&nbsp;&nbsp;&nbsp;&nbsp; ACADEMIC<br />
&nbsp;&nbsp;&nbsp;&nbsp;&nbsp; &nbsp;<br />
&nbsp;&nbsp;&nbsp;&nbsp;&nbsp; Region of Use:<br />
&nbsp;&nbsp;&nbsp;&nbsp;&nbsp; UNKNOWN<br />
&nbsp;&nbsp;&nbsp;&nbsp;&nbsp; &nbsp;<br />
&nbsp;&nbsp;&nbsp;&nbsp;&nbsp; Preferred Contact Method:<br />
&nbsp;&nbsp;&nbsp;&nbsp;&nbsp; E-Mail<br />
&nbsp;&nbsp;&nbsp;&nbsp;&nbsp; &nbsp;<br />
&nbsp;&nbsp;&nbsp;&nbsp;&nbsp; Name:<br />
&nbsp;&nbsp;&nbsp;&nbsp;&nbsp; Rick Chandler<br />
&nbsp;&nbsp;&nbsp;&nbsp;&nbsp; &nbsp;<br />
&nbsp;&nbsp;&nbsp;&nbsp;&nbsp; Vessel Name:<br />
&nbsp;&nbsp;&nbsp;&nbsp;&nbsp; Atlantis<br />
&nbsp;&nbsp;&nbsp;&nbsp;&nbsp; &nbsp;<br />
&nbsp;&nbsp;&nbsp;&nbsp;&nbsp; Billing Reference:<br />
&nbsp;&nbsp;&nbsp;&nbsp;&nbsp; M215975<br />
&nbsp;&nbsp;&nbsp;&nbsp;&nbsp; &nbsp;<br />
&nbsp;&nbsp;&nbsp;&nbsp;&nbsp; Email:<br />
&nbsp;&nbsp;&nbsp;&nbsp;&nbsp; rchandler@whoi.edu<br />
&nbsp;&nbsp;&nbsp;&nbsp;&nbsp; &nbsp;<br />
&nbsp;&nbsp;&nbsp;&nbsp;&nbsp; CC Email:<br />
&nbsp;&nbsp;&nbsp;&nbsp;&nbsp; sssg@atlantis.whoi.edu sssg@whoi.edu<br />
&nbsp;&nbsp;&nbsp;&nbsp;&nbsp; &nbsp;<br />
&nbsp;&nbsp;&nbsp;&nbsp;&nbsp; Phone:<br />
&nbsp;&nbsp;&nbsp;&nbsp;&nbsp; 508 289 2272<br />
&nbsp;&nbsp;&nbsp;&nbsp;&nbsp; &nbsp;<br />
&nbsp;&nbsp;&nbsp;&nbsp;&nbsp; Fax:<br />
&nbsp;&nbsp;&nbsp;&nbsp;&nbsp; 508 457 2107<br />
<br />
&nbsp;</p>
