$@MID@$: 1
Date: Sat, 03 Dec 2011 04:17:48 +0000
Author: AH
Type: Routine
Category: Hardware
Subject: ROCK SAW
Cruise: at18-14
Attachment: 111203_041643_IMG_1361.JPG,111203_041657_IMG_1357.JPG,111203_041710_IMG_1356.JPG,111203_041726_IMG_1353.JPG,111203_041742_IMG_1351.JPG
Encoding: HTML
========================================
<p>
<meta name="Title" content="">
<meta name="Keywords" content="">
<meta http-equiv="Content-Type" content="text/html; charset=utf-8">
<meta name="ProgId" content="Word.Document">
<meta name="Generator" content="Microsoft Word 11">
<meta name="Originator" content="Microsoft Word 11">
<link rel="File-List" href="file://localhost/Users/aheater/Library/Caches/TemporaryItems/msoclip1/01/clip_filelist.xml" />
<link rel="Edit-Time-Data" href="file://localhost/Users/aheater/Library/Caches/TemporaryItems/msoclip1/01/clip_editdata.mso" /> <!--[if !mso]>
<style>
v\:* {behavior:url(#default#VML);}
o\:* {behavior:url(#default#VML);}
w\:* {behavior:url(#default#VML);}
.shape {behavior:url(#default#VML);}
</style>
<![endif]--><!--[if gte mso 9]><xml>
 <o:DocumentProperties>
  <o:Template>Normal</o:Template>
  <o:Revision>0</o:Revision>
  <o:TotalTime>0</o:TotalTime>
  <o:Pages>1</o:Pages>
  <o:Words>6</o:Words>
  <o:Characters>38</o:Characters>
  <o:Lines>1</o:Lines>
  <o:Paragraphs>1</o:Paragraphs>
  <o:CharactersWithSpaces>46</o:CharactersWithSpaces>
  <o:Version>11.1282</o:Version>
 </o:DocumentProperties>
 <o:OfficeDocumentSettings>
  <o:AllowPNG/>
 </o:OfficeDocumentSettings>
</xml><![endif]--><!--[if gte mso 9]><xml>
 <w:WordDocument>
  <w:Zoom>0</w:Zoom>
  <w:DoNotShowRevisions/>
  <w:DoNotPrintRevisions/>
  <w:DisplayHorizontalDrawingGridEvery>0</w:DisplayHorizontalDrawingGridEvery>
  <w:DisplayVerticalDrawingGridEvery>0</w:DisplayVerticalDrawingGridEvery>
  <w:UseMarginsForDrawingGridOrigin/>
 </w:WordDocument>
</xml><![endif]--> <style type="text/css">
<!--
 /* Font Definitions */
@font-face
	{font-family:"Times New Roman";
	panose-1:0 2 2 6 3 5 4 5 2 3;
	mso-font-charset:0;
	mso-generic-font-family:auto;
	mso-font-pitch:variable;
	mso-font-signature:50331648 0 0 0 1 0;}
 /* Style Definitions */
p.MsoNormal, li.MsoNormal, div.MsoNormal
	{mso-style-parent:"";
	margin:0in;
	margin-bottom:.0001pt;
	mso-pagination:widow-orphan;
	font-size:12.0pt;
	font-family:"Times New Roman";}
table.MsoNormalTable
	{mso-style-parent:"";
	font-size:10.0pt;
	font-family:"Times New Roman";}
@page Section1
	{size:8.5in 11.0in;
	margin:1.0in 1.25in 1.0in 1.25in;
	mso-header-margin:.5in;
	mso-footer-margin:.5in;
	mso-paper-source:0;}
div.Section1
	{page:Section1;}
-->
</style> <!--[if gte mso 9]><xml>
 <o:shapedefaults v:ext="edit" spidmax="1027"/>
</xml><![endif]--><!--[if gte mso 9]><xml>
 <o:shapelayout v:ext="edit">
  <o:idmap v:ext="edit" data="1"/>
 </o:shapelayout></xml><![endif]-->  <!--StartFragment-->                         </meta>
</meta>
</meta>
</meta>
</meta>
</meta>
</p>
<p class="MsoNormal"><span style="font-size: 18pt;"><b>ROCK SAW &ndash; MK DIAMOND PRODUCTS<o:p></o:p></b></span></p>
<p class="MsoNormal"><!--[if gte vml 1]><v:shapetype id="_x0000_t75" coordsize="21600,21600"
 o:spt="75" o:preferrelative="t" path="m@4@5l@4@11@9@11@9@5xe" filled="f"
 stroked="f">
 <v:stroke joinstyle="miter"/>
 <v:formulas>
  <v:f eqn="if lineDrawn pixelLineWidth 0"/>
  <v:f eqn="sum @0 1 0"/>
  <v:f eqn="sum 0 0 @1"/>
  <v:f eqn="prod @2 1 2"/>
  <v:f eqn="prod @3 21600 pixelWidth"/>
  <v:f eqn="prod @3 21600 pixelHeight"/>
  <v:f eqn="sum @0 0 1"/>
  <v:f eqn="prod @6 1 2"/>
  <v:f eqn="prod @7 21600 pixelWidth"/>
  <v:f eqn="sum @8 21600 0"/>
  <v:f eqn="prod @7 21600 pixelHeight"/>
  <v:f eqn="sum @10 21600 0"/>
 </v:formulas>
 <v:path o:extrusionok="f" gradientshapeok="t" o:connecttype="rect"/>
 <o:lock v:ext="edit" aspectratio="t"/>
</v:shapetype><v:shape id="_x0000_s1026" type="#_x0000_t75" style='position:absolute;
 margin-left:229.05pt;margin-top:10.1pt;width:4in;height:3in;z-index:1;
 mso-position-horizontal:absolute;mso-position-vertical:absolute'>
 <v:imagedata src="file://localhost/Users/aheater/Library/Caches/TemporaryItems/msoclip1/01/clip_image001.jpg"
  o:title="IMG_1361"/>
</v:shape><![endif]--><!--[if !vml]--><!--[endif]--><span style="font-size: 18pt;"><b>MK 101 Series<o:p></o:p></b></span></p>
<!--EndFragment-->
<p>&nbsp;</p>
