$@MID@$: 15
Date: Tue, 02 Apr 2013 16:45:10 +0000
Author: lstolp
Sensor: WXTP
S/N: E2320003
Calibration Date: 
Type: Configuration
Category: Hardware
Subject: S/N of port vaisala
Cruise: WHOIDock
Revisions:  & Tue Apr  2 16:49:21 2013^M & Tue Apr  2 16:49:35 2013^M & Thu Feb 18 23:07:13 2016^M
Attachment: 
Encoding: HTML
========================================

$@MID@$: 16
Date: Tue, 02 Apr 2013 16:46:03 +0000
Author: lstolp
Sensor: WXTS
S/N: C2140003
Calibration Date: 
Type: Configuration
Category: Hardware
Subject: serial number of STBD vaisala
Cruise: WHOIDock
Revisions:  & Tue Apr  2 16:47:04 2013^M & Tue Apr  2 16:48:57 2013^M & Thu Feb 18 23:07:47 2016^M
Attachment: 
Encoding: HTML
========================================

