$@MID@$: 83
Date: Fri, 22 Mar 2019 13:56:30 +0000
Author: Catie/lstolp
S/N: 
Type: Configuration
equipment: Cisco Router
Subject: Cisco 2900 router changes for BBC telepresence
Cruise: at42-08yardtrials
Attachment: 190322_135743_changes_BBC_AT42-09.txt
Encoding: HTML
========================================

$@MID@$: 84
Date: Fri, 22 Mar 2019 18:21:13 +0000
Author: Catie
S/N: 
Type: Configuration
equipment: peplink
Subject: Peplink configs during BBC
Cruise: at42-08yardtrials
Attachment: 190322_182138_Peplink_OutboundPolicyDefault.jpg,190322_182151_PeplinkWAN1_IPconfig.jpg,190322_182214_PeplinkInterfaces.jpg,190322_182251_20190322_b580hw3_1825430F8508_PeplinkConfig22Mar2019.conf
Encoding: HTML
========================================

