$@MID@$: 45
Date: Fri, 05 Aug 2016 20:53:14 +0000
Author: lstolp
Cruise: ti900
Computer: currents
Type: Problem Fixed
Category: Hardware | Software
Subject: 
Attachment: 
Encoding: HTML
========================================
<p>replaced UHDAS computer with new one, needed to change gps baud (9600) and port for ADCP (ttyS0), and it seems to work. Frank Bahr assisted :)</p>
<p>&nbsp;</p>
<p>ticurrents02:(~)$ uname -a<br />
Linux ticurrents02 3.13.0-32-generic #57-Ubuntu SMP Tue Jul 15 03:51:08 UTC 2014 x86_64 x86_64 x86_64 GNU/Linux<br />
&nbsp;</p>
<p>ticurrents02:(~)$ lsb_release -a<br />
No LSB modules are available.<br />
Distributor ID:&nbsp;&nbsp;&nbsp; Ubuntu<br />
Description:&nbsp;&nbsp;&nbsp; Ubuntu 14.04.4 LTS<br />
Release:&nbsp;&nbsp;&nbsp; 14.04<br />
Codename:&nbsp;&nbsp;&nbsp; trusty<br />
&nbsp;</p>
