$@MID@$: 7
Date: Tue, 12 May 2015 12:59:14 +0000
Author: AH
Type: Other
Subject / Summary: ACOUSTIC EQUIPMENT - frequencies & energy
Cruise: at27-b
link: 
Revisions:  & Sun Jun  7 15:15:33 2015^M
Attachment: 150512_143714_wh_mariner_ds_lr.pdf,150512_143729_ocean_surveyor_ds.pdf
Encoding: HTML
========================================
<p><span style="font-size: x-large;">LIST OF ACOUSTIC INSTRUMENTATION OPERATED BY SSSG:</span></p>
<p><span style="font-size: large;">******************<br />
Energy Source:&nbsp; Multibeam System </span></p>
<p><span style="font-size: large;">Manufacturer:&nbsp; Kongsberg MBES<br />
model:&nbsp; EM-122 RV<br />
High Energy Output:&nbsp;&nbsp;&nbsp; 210 dB&nbsp;&nbsp; EM122 Maintenance Manual (document 309059/A) page 8<br />
frequency of operation:&nbsp; 12 kHz&nbsp;&nbsp; (11 kHz to 13.4 kHz)</span></p>
<p><span style="font-size: large;">Hull mounted array<br />
&nbsp;********************</span></p>
<p><span style="font-size: large;">*****************<br />
</span><span style="font-size: large;"><span style="font-size: large;">Energy Source:&nbsp; </span>Acoustic Doppler Current Profiler<br />
</span><span style="font-size: large;"><span style="font-size: large;">Manufacturer:&nbsp; </span>RDI</span></p>
<p><span style="font-size: large;"><span style="font-size: large;">model:&nbsp; </span>ADCP Ocean Surveyor RV<br />
</span><span style="font-size: large;">Dynamic range 80 dB +-1.5 dB<br />
</span><span style="font-size: large;"><span style="font-size: large;">frequency of operation:&nbsp; </span>75 kHz</span></p>
<p><span style="font-size: large;">hull mounted transducer<br />
</span>****************************</p>
<p>**************************</p>
<p><span style="font-size: large;">COMING SOON:<br />
</span><span style="font-size: large;"><span style="font-size: large;"><span style="font-size: large;">Energy Source:&nbsp; </span></span>Acoustic Doppler Current Profiler<br />
</span><span style="font-size: large;"><span style="font-size: large;"><span style="font-size: large;">Manufacturer:&nbsp; </span></span>RDI ADCP<br />
</span><span style="font-size: large;"><span style="font-size: large;">model:&nbsp; </span>Workhorse<br />
Dynamic range 80 dB +-1.5 dB<br />
</span><span style="font-size: large;"><span style="font-size: large;"><span style="font-size: large;">frequency of operation:&nbsp; </span></span>300 kHz<br />
</span></p>
<p><span style="font-size: large;">Hull&nbsp; mounted transducer</span></p>
<p><span style="font-size: large;">******************</span></p>
<p>&nbsp;</p>
<p><span style="font-size: large;">****************</span></p>
<p><span style="font-size: large;"><span style="font-size: large;"><span style="font-size: large;">Energy Source:&nbsp; </span></span>Echosounder<br />
</span><span style="font-size: large;"><span style="font-size: large;"><span style="font-size: large;">Manufacturer:&nbsp; </span></span>Knudsen<br />
</span><span style="font-size: large;"><span style="font-size: large;">model:&nbsp; </span>CHIRP 3260 RV<br />
dB maximum before hull losses 10kW<br />
</span><span style="font-size: large;"><span style="font-size: large;"><span style="font-size: large;">frequency of operation:&nbsp; </span></span>12 kHz &amp; 3.5 kHz</span></p>
<p><span style="font-size: large;">Hull mounted transducers</span></p>
<p><span style="font-size: large;">********************</span></p>
<p><span style="font-size: large;"><br />
********************<br />
</span><span style="font-size: large;"><span style="font-size: large;"><span style="font-size: large;">Energy Source:&nbsp; </span></span>Echosounder<br />
</span><span style="font-size: large;"><span style="font-size: large;"><span style="font-size: large;">Manufacturer:&nbsp; </span></span>Knudsen<br />
</span><span style="font-size: large;"><span style="font-size: large;">model:&nbsp; </span>320B/R<br />
dB maximum before hull losses 10kW<br />
Total Energy Output rms in dB&nbsp;&nbsp; NOT AVAILABLE<br />
</span><span style="font-size: large;"><span style="font-size: large;"><span style="font-size: large;">frequency of operation:&nbsp; </span></span>12 kHz &amp; 3.5 kHz</span></p>
<p><span style="font-size: large;">hull mounted transducers</span></p>
<p><span style="font-size: large;">*********************</span></p>
<p><span style="font-size: large;"><br />
***********************<br />
<br />
</span><span style="font-size: large;"><span style="font-size: large;"><span style="font-size: large;">Energy Source:&nbsp; </span></span>Altimeter<br />
</span><span style="font-size: large;"><span style="font-size: large;"><span style="font-size: large;">Manufacturer:&nbsp; </span></span>Benthos<br />
</span><span style="font-size: large;"><span style="font-size: large;">model:&nbsp; </span>PSA916-T<br />
<br />
</span><span style="font-size: large;"><span style="font-size: large;"><span style="font-size: large;">frequency of operation:&nbsp; </span></span>200kHz<br />
mounted on CTD/rosette</span></p>
<p><span style="font-size: large;">********************</span></p>
<p><span style="font-size: large;"><br />
*********************<br />
Energy Source:&nbsp; Pinger<br />
</span><span style="font-size: large;"><span style="font-size: large;"><span style="font-size: large;">Manufacturer:&nbsp; </span></span>Benthos<br />
</span><span style="font-size: large;"><span style="font-size: large;">model:&nbsp; 2213 / 2216 / one other unknown model (small black, usually on CTD)</span> <br />
High Energy Output Peak&nbsp;&nbsp; 93 dB<br />
</span><span style="font-size: large;"><span style="font-size: large;"><span style="font-size: large;">frequency of operation:&nbsp; </span></span>12 kHz</span></p>
<p><span style="font-size: large;">mounted on CTD or wire</span></p>
<p><span style="font-size: large;">***********************</span></p>
<p><span style="font-size: large;">**********************</span><br />
&nbsp;</p>
