$@MID@$: 12
Date: Mon, 23 May 2011 20:06:08 +0000
Author: AH
Type: Other
name: ALL
server type: 
OS: 
Location: 
Category: Software
Subject: Site Licensed Software Keys -2011
Cruise: at18-05b
Attachment: 
Encoding: HTML
========================================
<p>Hi Laura - Here are the codes for Office and Windows.<br />
<br />
Windows 7 Professional 32 and 64 bit<br />
397DY-MKXHM-2GQ89-6MF2W-HBRRD<br />
<br />
Windows XP Professional<br />
HWYH8-CXKKP-F74KP-D3C76-4QTM3<br />
<br />
Office 2003 Professional<br />
JY4X9-2B6JK-TWYG3-FCBVV-RYYQ6<br />
<br />
Office 2007 Enterprise<br />
BQ636-PBT4J-CHBDP-BQ97T-XW3Q8<br />
<br />
Office 2010 Professional Plus<br />
76DJ7-QHYMG-GVY7J-4G22B-CBYTT<br />
<br />
Thanks,<br />
<br />
Tim Barber<br />
CIS Helpdesk x2439<br />
<br />
&nbsp;</p>
