$@MID@$: 20
Date: Sat, 02 Jul 2011 09:31:14 +0000
Author: AH
Type: Other
name: ALL
server type: 
OS: 
Location: 
Category: Software
Subject: PERL BOOKS ONLINE
Cruise: at18-07
Attachment: 
Encoding: HTML
========================================
<p>http://www.atlantis.whoi.edu/sssg/PerlCD/index.htm<br />
<br />
&nbsp;</p>
$@MID@$: 21
Date: Sat, 02 Jul 2011 12:19:04 +0000
Author: AH - updates sent by Laura
Type: 
name: ftp | mnemosyn
server type: backup
OS: Linux
Location: 
Category: Other
Subject: rsync
Cruise: at18-07
Attachment: 
Encoding: HTML
========================================
<p>1. running an rsync on ftp to memory to copy ftp:/home/data to memory:/home/data<br />
&nbsp;&nbsp; &nbsp;&bull;&nbsp;&nbsp; &nbsp;on memory /home/data/science is local to memory<br />
&nbsp;&nbsp; &nbsp;&bull;&nbsp;&nbsp; &nbsp;user atlantis on ftp rsync's as user atlantis to memory<br />
&nbsp;&nbsp;&nbsp; atlantis@ftp:~/bin$ crontab -l<br />
&nbsp;&nbsp;&nbsp; # m h&nbsp; dom mon dow&nbsp;&nbsp; command<br />
&nbsp;&nbsp;&nbsp; */2 * * * * /home/atlantis/bin/rsync_data&gt;&gt;/home/atlantis/logfiles/rsync_data.log 2&gt;&amp;1<br />
&nbsp;&nbsp; &nbsp;&bull;&nbsp;&nbsp; &nbsp;ftp:/home/atlatnis/bin has the executables<br />
&nbsp;&nbsp; &nbsp;&bull;&nbsp;&nbsp; &nbsp;writes a log file to: ftp:/home/atlantis/bin/logfiles<br />
<br />
&nbsp;</p>
$@MID@$: 22
Date: Sat, 02 Jul 2011 12:19:56 +0000
Author: AH
Type: Other
name: mnemosyn
server type: data
OS: 
Location: 
Category: Other
Subject: Mnemosyn updates from at18-06 - Laura
Cruise: at18-07
Attachment: 
Encoding: HTML
========================================
<p>2.&nbsp; mnemosyn.science.atlantis.whoi.edu<br />
&nbsp;&nbsp; &nbsp;&bull;&nbsp;&nbsp; &nbsp;as user atlantis rsync's /home/sci0/outgoing and /home/sci0/incoming<br />
&nbsp;&nbsp; &nbsp;&bull;&nbsp;&nbsp; &nbsp;rsync's with 128.128.250.51<br />
&nbsp;&nbsp; &nbsp;&bull;&nbsp;&nbsp; &nbsp;science has access via anonymous ftp and user atsci<br />
&nbsp;&nbsp; &nbsp;&bull;&nbsp;&nbsp; &nbsp;run as a cronjob every 20 minutes, executables in <br />
&nbsp;&nbsp; &nbsp;&bull;&nbsp;&nbsp; &nbsp;memory:/home/atlantis/bin<br />
&nbsp;&nbsp; &nbsp;&bull;&nbsp;&nbsp; &nbsp;writes a logfile: memory:/home/atlantis/logfiles<br />
&nbsp;&nbsp; &nbsp;&bull;&nbsp;&nbsp; &nbsp;memory:/home/sssg holds sssg stuff<br />
&nbsp;&nbsp; &nbsp;&bull;&nbsp;&nbsp; &nbsp;created smb.conf to export /home/data and /home/sci0<br />
<br />
&nbsp;</p>
$@MID@$: 23
Date: Sat, 02 Jul 2011 12:22:39 +0000
Author: AH - via Laura
Type: 
name: ftp
server type: data
OS: Linux
Location: 
Category: backups
Subject: SCIENCE USB DATA DISKS
Cruise: at18-07
Attachment: 
Encoding: HTML
========================================
<p>3.&nbsp; ftp has md5deep and should be used to create end of cruise USB's<br />
&nbsp;&nbsp; &nbsp;&bull;&nbsp;&nbsp; &nbsp;copysci<br />
&nbsp;&nbsp; &nbsp;&bull;&nbsp;&nbsp; &nbsp;copies /home/data to /scratch1/scicd/[cruisenumber]<br />
&nbsp;&nbsp; &nbsp;&bull;&nbsp;&nbsp; &nbsp;after copy, delete directories that do not have data, or<br />
&nbsp;&nbsp;&nbsp;&nbsp;&nbsp;&nbsp;&nbsp;&nbsp;&nbsp; were not used during the cruise<br />
&nbsp;&nbsp; &nbsp;&bull;&nbsp;&nbsp; &nbsp;mksci_usb<br />
&nbsp;&nbsp; &nbsp;&bull;&nbsp;&nbsp; &nbsp;will rsync /scratch1/scicd/[cruiseid] to /media/Transcend<br />
<br />
&nbsp;</p>
$@MID@$: 24
Date: Sat, 02 Jul 2011 12:32:24 +0000
Author: AH - via Laura
Type: 
name: ftp
server type: 
OS: 
Location: 
Category: Software
Subject: SHIPSHARE
Cruise: at18-07
Attachment: 
Encoding: HTML
========================================
<p>5. No longer need ship_sharing. This is all done via ftp's firewall. All subnets<br />
&nbsp;&nbsp;&nbsp;&nbsp; should be able to reach the crew computer that is hosting this share:<br />
<br />
# let office computer ship_sharing through lstolp 20110323<br />
-A NOSNAT -d 192.168.12.3 -p tcp -m tcp --dport 139 -j ACCEPT<br />
-A NOSNAT -d 192.168.12.3 -p tcp -m tcp --dport 445 -j ACCEPT<br />
-A NOSNAT -s 192.168.12.3 -p tcp -m tcp --dport 139 -j ACCEPT<br />
-A NOSNAT -s 192.168.12.3 -p tcp -m tcp --dport 445 -j ACCEPT<br />
<br />
<br />
&nbsp;&nbsp;&nbsp;&nbsp; # allow smb to 192.168.12.3&nbsp;&nbsp; 20110323<br />
-A FORWARD -d 192.168.12.3 -p tcp --dport 445 -j ACCEPT<br />
-A FORWARD -d 192.168.12.3 -p tcp --dport 139 -j ACCEPT<br />
-A FORWARD -d 192.168.12.3 -p udp --dport 137 -j ACCEPT<br />
-A FORWARD -d 192.168.12.3 -p udp --dport 138 -j ACCEPT<br />
<br />
&nbsp;</p>
$@MID@$: 25
Date: Sat, 02 Jul 2011 12:33:40 +0000
Author: Laura
Type: 
name: mnemosyn
server type: 
OS: 
Location: 
Category: Software
Subject: ELOG
Cruise: at18-07
Attachment: 
Encoding: HTML
========================================
<p>6. memory can be used to run science eventlogs <br />
&nbsp;&nbsp;&nbsp;&nbsp;&nbsp;&nbsp;&nbsp; http://scienc<a href="8088">elog:8088</a><br />
&nbsp;&nbsp; &nbsp;&bull;&nbsp;&nbsp; &nbsp;this will not automagically work, need to check with laura (lstolp@whoi.edu)<br />
<br />
&nbsp;</p>
$@MID@$: 26
Date: Sat, 02 Jul 2011 12:36:49 +0000
Author: Laura
Type: 
name: ftp
server type: 
OS: 
Location: 
Category: Other
Subject: ELOG
Cruise: at18-07
Attachment: 
Encoding: HTML
========================================
<p>7. Added password to ftp:8080 sssg eLog<br />
&nbsp;&nbsp; &nbsp;&bull;&nbsp;&nbsp; &nbsp;comment out the following to get rid of passwords:<br />
&nbsp;&nbsp;&nbsp; #### Start Passwords <br />
&nbsp;&nbsp;&nbsp; # Comment self register when you are done registering<br />
<br />
&nbsp;&nbsp;&nbsp; Password file = passwd<br />
&nbsp;&nbsp;&nbsp; Self register = 1<br />
&nbsp;&nbsp;&nbsp; Admin user = aheater, dave, laura, cgraver<br />
&nbsp;&nbsp;&nbsp; Login expiration = 0<br />
<br />
&nbsp;&nbsp;&nbsp; #### End Passwords<br />
&nbsp;&nbsp; &nbsp;&bull;&nbsp;&nbsp; &nbsp;comment out self register option when you are done w/ self registering<br />
&nbsp;&nbsp; &nbsp;&bull;&nbsp;&nbsp; &nbsp;need to restart <a href="">elog:</a> /etc/init.d/elogd restart<br />
<br />
&nbsp;</p>
$@MID@$: 27
Date: Sat, 02 Jul 2011 12:42:53 +0000
Author: Laura
Type: 
name: ftp | linus | mnemosyn
server type: 
OS: Linux
Location: 
Category: backups
Subject: RSYNC - backups
Cruise: at18-07
Attachment: 
Encoding: HTML
========================================
<p>12. Fixed backups, both an rsync and a snapshottar<br />
ftp to memory and everyother week to linus<br />
linus to ftp and everyother week to memory<br />
memory to ftp<br />
<br />
&nbsp;</p>
$@MID@$: 28
Date: Sat, 02 Jul 2011 12:44:22 +0000
Author: Laura
Type: 
name: ftp
server type: 
OS: 
Location: 
Category: Other
Subject: Serverstats
Cruise: at18-07
Attachment: 
Encoding: HTML
========================================
<p>14 updated serverstats on ftp</p>
