$@MID@$: 4
Date: Tue, 06 Sep 2016 21:08:10 +0000
Author: AH
Type: Routine
Location: Main Lab Duping Station
S/N: 
Subject: BATTERIES FOR UPS in Alvin Video Rack main lab
Cruise: at37-02
Attachment: 
Encoding: HTML
========================================
<p><span style="font-size: large;">Scotty ordered batteries for this UPS as he figured it will not be long (Sept 2016).&nbsp; </span></p>
<p>&nbsp;</p>
<p><span style="font-size: large;">The batteries are in a plain brown box in the cabinet in the&nbsp; computer lab where we</span></p>
<p><span style="font-size: large;">keep the tapes for Alvin video.</span></p>
<p>&nbsp;</p>
<p>&nbsp;</p>
<p>&nbsp;</p>
<p>&nbsp;</p>
<p>&nbsp;</p>
<p>*******</p>
<p>Date: Wed, 27 Jul 2016 14:26:06 -0400<br />
From: Scott McCue &lt;smccue@whoi.edu&gt;<br />
To: Rick Chandler &lt;rchandler@whoi.edu&gt;<br />
Cc: Scott McCue &lt;smccue@whoi.edu&gt;, atlantis sssg &lt;sssg@atlantis.whoi.edu&gt;, sssg &lt;sssg@whoi.edu&gt;<br />
Subject: Proactive UPS battery alert&nbsp; Fwd: UPSforLess Order Confirmation (#227575)<br />
Parts/Attachments:<br />
&nbsp;&nbsp; 1&nbsp;&nbsp; OK&nbsp;&nbsp;&nbsp;&nbsp; ~70 lines&nbsp; Text (charset: windows-1252)<br />
&nbsp;&nbsp; 2 Shown&nbsp;&nbsp; ~198 lines&nbsp; Text (charset: windows-1252)<br />
----------------------------------------<br />
<br />
Rick,<br />
It is approaching time for the batteries in the UPS that supplies power to the Alvin video rack in main lab to give out. No<br />
signs yet<br />
of it happening,<br />
<br />
Below is the original purchase invoice.<br />
The replacement batteries appear like thaty can be found<br />
at&nbsp;http://www.replaceupsbattery.com/Tripp-Lite-RBC93-2U-Batteries-Set-of-3/ [www.replaceupsbattery.com].<br />
Currently $48 with free shipping, seems like they&rsquo;re worth getting prior to going south.<br />
<br />
S<br />
<br />
Begin forwarded message:<br />
<br />
&nbsp;&nbsp;&nbsp;&nbsp;&nbsp; From: &quot;UPSforLESS - APC SmartUPS &amp; Uninterruptible Power Supply Battery Backup Experts&quot; &lt;orderdesk@upsforless.com&gt;<br />
Subject: UPSforLess Order Confirmation (#227575)<br />
Date: February 8, 2013 at 2:46:12 AM EST<br />
To: &quot;Scott McCue&quot; &lt;smccue@whoi.edu&gt;<br />
<br />
&nbsp;&nbsp;&nbsp;&nbsp;&nbsp;&nbsp;&nbsp;&nbsp;&nbsp;&nbsp;&nbsp;&nbsp;&nbsp;&nbsp;&nbsp;&nbsp;&nbsp;&nbsp;&nbsp;&nbsp;&nbsp;&nbsp;&nbsp;&nbsp;&nbsp;&nbsp;&nbsp;&nbsp;&nbsp;&nbsp;&nbsp;&nbsp;&nbsp;&nbsp;&nbsp;&nbsp;&nbsp;&nbsp;&nbsp;&nbsp;&nbsp;&nbsp;&nbsp;&nbsp;&nbsp;&nbsp;&nbsp; UPSforLess Order ConfirmationThank you for your order, Scott McCue.<br />
Your order number is: 227575<br />
Date of order: 2/8/2013 2:46 AM<br />
Shipping Method: Free Shipping<br />
Payment Method: Credit card payment<br />
<br />
______________________________________________________________________________________________________________________________<br />
<br />
&nbsp; Ship To<br />
<br />
Scott McCue<br />
Woods Hole Oceanograhic Institution<br />
266 Woods Hole Rd<br />
Woods Hole, MA 02543<br />
United States<br />
Phone:5082893462<br />
<br />
&nbsp; Bill To<br />
<br />
Scott McCue<br />
Woods Hole Oceanograhic Institution<br />
266 Woods Hole Rd<br />
Woods Hole, MA 02543<br />
United States<br />
Phone:5082893462<br />
<br />
&nbsp; Product Information<br />
<br />
Product Name<br />
Part No.<br />
Quantity<br />
Item Price<br />
Total Price<br />
<br />
&nbsp;&nbsp;&nbsp;&nbsp;&nbsp; Tripp-Lite SmartPro 1500VA Rackmount 2U UPS, Refurbished (SMART1500RM2U)<br />
<br />
TRI-SMART1500RM2U<br />
1<br />
$259.00<br />
$259.00<br />
Subtotal:<br />
$259.00<br />
Shipping &amp; Handling:<br />
$0.00<br />
Tax:<br />
$0.00<br />
<br />
______________________________________________________________________________________________________________________________<br />
Order Total:<br />
$259.00<br />
<br />
&nbsp;</p>
