$@MID@$: 5
Date: Thu, 08 Sep 2016 14:56:35 +0000
Author: AH - from Scotty
Type: 
Location: Main Lab Duping Station
S/N: 
Subject: Dan Fornari - MAC's he loaned - software installed
Cruise: at37-02
Attachment: 
Encoding: HTML
========================================
<p><span style="font-size: large;">MAC's are called MISO3 &amp; MISO4</span></p>
<p>&nbsp;</p>
<p><span style="font-size: large;">SOFTWARE INSTALLED -</span></p>
<p><span style="font-size: large;">MISO3 &amp; MISO4 both:</span></p>
<p><span style="font-size: large;">&nbsp;&nbsp;&nbsp;&nbsp; OS :&nbsp; El Capitan</span></p>
<p>&nbsp;&nbsp;&nbsp;&nbsp;&nbsp;&nbsp; <span style="font-size: large;">1)&nbsp;&nbsp; Final Cut Pro</span></p>
<p><span style="font-size: large;">&nbsp;&nbsp;&nbsp;&nbsp; 2)&nbsp;&nbsp; PhaseOne Media Pro</span></p>
<p>&nbsp;&nbsp;&nbsp;&nbsp;&nbsp;&nbsp; <span style="font-size: large;">3)&nbsp; VLC</span></p>
<p><span style="font-size: large;">&nbsp;&nbsp;&nbsp;&nbsp; 4)&nbsp; Premier</span></p>
<p><span style="font-size: large;">&nbsp;&nbsp;&nbsp;&nbsp; 5)&nbsp; IIRC - Apple's Office Suite</span></p>
<p>&nbsp;</p>
<p><span style="font-size: large;">MISO3 &amp; MISO4 are iMacs based on a 4 GHz quad core CPU and have plenty of RAM, and offer Thunderbolt interfaces. </span></p>
<p><span style="font-size: large;">The established MacPro towers are each based on two slower CPUs @ 2.8GHz, but because they're quad core they double the number of<br />
processors of the newer iMacs.&nbsp; They offer FireWire and USB3 interfaces.</span></p>
<p>&nbsp;</p>
<p>&nbsp;</p>
