$@MID@$: 23
Date: Wed, 15 Apr 2015 15:59:32 +0000
Author: laura
Type: System
gps: CNAV
Category: Routine
Subject: 
Cruise: at26-31
Attachment: 
Encoding: HTML
========================================
<p>&nbsp;Date: Wed, 15 Apr 2015 10:56:45 -0400</p>
<div>From: Rick Chandler &lt;rchandler@whoi.edu&gt;</div>
<div>To: sssg@whoi.edu</div>
<div>Subject: Fwd: C-Nav Extension: C-Nav3050 SN: 14959 for Woods Hole &nbsp;Oceanographic Institution</div>
<div>&nbsp; &nbsp; Procurement Department</div>
<div>&nbsp;</div>
<div>&nbsp;</div>
<div>From: authcode@cnav.com</div>
<div>To: rchandler@whoi.edu</div>
<div>Cc: authcode@cnav.com, sssg@atlantis.whoi.edu</div>
<div>Date: 15 Apr 2015 09:44:40 -0500</div>
<div>Subject: C-Nav Extension: C-Nav3050 SN: 14959 for Woods Hole Oceanographic Institution</div>
<div>&nbsp;Procurement Department</div>
<div>&nbsp;</div>
<div>Attached is a C-Nav Extension Code for C-Nav3050 SN: 14959.</div>
<div>&nbsp;</div>
<div>&nbsp;</div>
<div>************License Details************</div>
<div>&nbsp;</div>
<div>License Type: &nbsp;Extension</div>
<div>Serial No: &nbsp; &nbsp; 14959</div>
<div>Issued Date: &nbsp; 04/15/2015</div>
<div>Start Date: &nbsp; &nbsp;04/15/2015</div>
<div>Stop Date: &nbsp; &nbsp; 05/12/2016</div>
<div>Reference No: &nbsp;M217462</div>
<div>Customer Name: Woods Hole Oceanographic Institution Procurement Department</div>
<div>Contact Name: &nbsp;RICK CHANDLER</div>
<div>Vessel: &nbsp; &nbsp; &nbsp; &nbsp;Atlantis</div>
<div>Region: &nbsp; &nbsp; &nbsp; &nbsp;All</div>
<div>Region of Use: Unknown</div>
<div>Service Level: SF2</div>
<div>Network Type: &nbsp;N1N2</div>
<div>Firmware: &nbsp; &nbsp; &nbsp;3.2.11.0</div>
<div>License Code: &nbsp;E2956729-93F7FA4F-72B72F77-B2F9A50F</div>
<div>&nbsp;</div>
<div>&nbsp;</div>
<div>Terms &amp; Conditions: Accepted</div>
<div>&nbsp;</div>
<div>By using this Auth code you indicate your acceptance of C-Nav's terms and conditions of use.</div>
<div>( See https://portal.cnavgnss.com/documents/TermsAndConditions.pdf )</div>
<div>&nbsp;</div>
<div>************Over-The-Air Broadcast************</div>
<div>&nbsp;</div>
<div>The requested C-Nav license for C-Nav3050 SN 14959 is scheduled for over-the-air broadcast in 5</div>
<div>minutes. To ensure reception, turn on the receiver before the specified broadcast time. Do not turn</div>
<div>off the receiver until verifying that the license is saved. The receiver must be tracking a C-Nav</div>
<div>correction satellite at the scheduled broadcast times, though the receiver is not required to be</div>
<div>operating in CCS mode during the broadcasts.</div>
<div>&nbsp;</div>
<div>Alternatively, the license can be input manually using the instructions provided below.</div>
<div>&nbsp;</div>
<div>&nbsp;</div>
<div>************Instructions************</div>
<div>&nbsp;</div>
<div>&nbsp;</div>
<div>C-Setup/C-Monitor</div>
<div>&nbsp;</div>
<div>1) While communicating with the C-Nav2050 receiver, select [Device &gt;&gt; License Auth &amp; Cancel...]</div>
<div>&nbsp;</div>
<div>
<div>2) Select Browse then navigate to and select the attached license file. Alternatively, input the</div>
<div>32-digit License Code in the Manual Input section.</div>
<div>3) Select Ok to upload the license code to the receiver.</div>
<div>4) Select [View &gt;&gt; License Status] and check the new expiration date to verify the license was</div>
<div>entered correctly.</div>
<div>&nbsp;</div>
<div>&nbsp;</div>
<div>C-NaviGator</div>
<div>&nbsp;</div>
<div>1) Select [Menu &gt;&gt; Settings &gt;&gt; C-Nav3050 &gt;&gt; Corrections Authorization] to access the license input</div>
<div>section.</div>
<div>2) Using the front panel keypad (C-NaviGator I) or on-screen keypad (C-NaviGator II), input the</div>
<div>32-digit License Code and press Apply.</div>
<div>3) Check the Authorization Information to verify the license was entered correctly.</div>
<div>&nbsp;</div>
<div>&nbsp;</div>
<div>************How to cancel a C-Nav License?************</div>
<div>&nbsp;</div>
<div>It is not required to request a cancellation code from C-Nav Support for early termination of the</div>
<div>license. Cancellation of a C-Nav license is performed from the controller software and will produce</div>
<div>a unique Cancellation Verification Code that must be returned to and verified by C-Nav Support for</div>
<div>signal charges to stop. Please refer to the instructions below:</div>
<div>&nbsp;</div>
<div>*Note: The receiver must be tracking GPS satellites and navigating at the time of license</div>
<div>cancellation.</div>
<div>&nbsp;</div>
<div>C-Setup/C-Monitor</div>
<div>&nbsp;</div>
<div>1. Access the License Auth &amp; Cancel Dialog (Device &gt;&gt; License Auth &amp; Cancel..)</div>
<div>2. Select the button labeled &quot;Cancel Licenses&quot;. When prompted, select Yes to confirm the action.</div>
<div>3. The License Status dialog will appear. Select the &quot;Retrieve&quot; button to update the license</div>
<div>information.</div>
<div>4. Wait 30 seconds then record the 32-digit Cancel Verification Code.</div>
<div>5. Email the Cancel Verification Code to authcode@cnavgps.com. Please specify the receiver serial</div>
<div>number when returning the Cancel Verification Code.</div>
<div>&nbsp;</div>
<div>C-NaviGator</div>
<div>&nbsp;</div>
<div>1. Access the Corrections Authorization page on the C-NaviGator (Menu &gt;&gt; Settings &gt;&gt; C-Nav3050 &gt;&gt;</div>
<div>Corrections Authorization).</div>
<div>2. Press the button labeled &quot;Cancel All&quot;.</div>
<div>3. Wait 30 seconds then record the first 32-digit Cancel Verify Code.</div>
<div>4. Email the Cancel Verification Code to authcode@cnavgps.com. Please specify the receiver serial</div>
<div>number when returning the Cancel Verification Code.</div>
<div>&nbsp;</div>
<div>Thanks and Best Regards,</div>
<div>&nbsp;</div>
<div>C-Nav Support</div>
<div>&nbsp;</div>
<div>Support Email: support@cnav.com</div>
<div>&nbsp;</div>
<div>C&amp;C Technologies, Inc.</div>
<div>Region: North America</div>
<div>Tel: +1 (337) 210-0000</div>
</div>
<div>&nbsp;</div>
