$@MID@$: 24
Date: Wed, 29 Apr 2015 22:42:38 +0000
Author: lstolp
Type: System
gps: CNAV
Category: 
Subject: extension code 
Cruise: at27-a
Attachment: 
Encoding: HTML
========================================
<p>&nbsp;<span style="color: rgb(34, 34, 34); font-family: arial, sans-serif; font-size: 13px;">From:&nbsp;</span><a href="mailto:authcode@cnav.com" target="_blank" style="color: rgb(17, 85, 204); font-family: arial, sans-serif; font-size: 13px;">authcode@<span class="il">cnav</span>.com</a><br style="color: rgb(34, 34, 34); font-family: arial, sans-serif; font-size: 13px;" />
<span style="color: rgb(34, 34, 34); font-family: arial, sans-serif; font-size: 13px;">To:&nbsp;</span><a href="mailto:rchandler@whoi.edu" target="_blank" style="color: rgb(17, 85, 204); font-family: arial, sans-serif; font-size: 13px;">rchandler@whoi.edu</a><br style="color: rgb(34, 34, 34); font-family: arial, sans-serif; font-size: 13px;" />
<span style="color: rgb(34, 34, 34); font-family: arial, sans-serif; font-size: 13px;">Cc:&nbsp;</span><a href="mailto:authcode@cnav.com" target="_blank" style="color: rgb(17, 85, 204); font-family: arial, sans-serif; font-size: 13px;">authcode@<span class="il">cnav</span>.com</a><span style="color: rgb(34, 34, 34); font-family: arial, sans-serif; font-size: 13px;">,&nbsp;</span><a href="mailto:sssg@atlantis.whoi.edu" target="_blank" style="color: rgb(17, 85, 204); font-family: arial, sans-serif; font-size: 13px;">sssg@atlantis.whoi.edu</a><br style="color: rgb(34, 34, 34); font-family: arial, sans-serif; font-size: 13px;" />
<span style="color: rgb(34, 34, 34); font-family: arial, sans-serif; font-size: 13px;">Date: 15 Apr 2015 09:44:40 -0500</span><br style="color: rgb(34, 34, 34); font-family: arial, sans-serif; font-size: 13px;" />
<span style="color: rgb(34, 34, 34); font-family: arial, sans-serif; font-size: 13px;">Subject: C-Nav Extension: C-Nav3050 SN: 14959 for Woods Hole Oceanographic Institution</span><br style="color: rgb(34, 34, 34); font-family: arial, sans-serif; font-size: 13px;" />
<span style="color: rgb(34, 34, 34); font-family: arial, sans-serif; font-size: 13px;">&nbsp;Procurement Department</span><br style="color: rgb(34, 34, 34); font-family: arial, sans-serif; font-size: 13px;" />
<br style="color: rgb(34, 34, 34); font-family: arial, sans-serif; font-size: 13px;" />
<span style="color: rgb(34, 34, 34); font-family: arial, sans-serif; font-size: 13px;">Attached is a C-Nav Extension Code for C-Nav3050 SN: 14959.</span><br style="color: rgb(34, 34, 34); font-family: arial, sans-serif; font-size: 13px;" />
<br style="color: rgb(34, 34, 34); font-family: arial, sans-serif; font-size: 13px;" />
<br style="color: rgb(34, 34, 34); font-family: arial, sans-serif; font-size: 13px;" />
<span style="color: rgb(34, 34, 34); font-family: arial, sans-serif; font-size: 13px;">************License Details************</span><br style="color: rgb(34, 34, 34); font-family: arial, sans-serif; font-size: 13px;" />
<br style="color: rgb(34, 34, 34); font-family: arial, sans-serif; font-size: 13px;" />
<span style="color: rgb(34, 34, 34); font-family: arial, sans-serif; font-size: 13px;">License Type:&nbsp; Extension</span><br style="color: rgb(34, 34, 34); font-family: arial, sans-serif; font-size: 13px;" />
<span style="color: rgb(34, 34, 34); font-family: arial, sans-serif; font-size: 13px;">Serial No:&nbsp; &nbsp; &nbsp;14959</span><br style="color: rgb(34, 34, 34); font-family: arial, sans-serif; font-size: 13px;" />
<span style="color: rgb(34, 34, 34); font-family: arial, sans-serif; font-size: 13px;">Issued Date:&nbsp; &nbsp;04/15/2015</span><br style="color: rgb(34, 34, 34); font-family: arial, sans-serif; font-size: 13px;" />
<span style="color: rgb(34, 34, 34); font-family: arial, sans-serif; font-size: 13px;">Start Date:&nbsp; &nbsp; 04/15/2015</span><br style="color: rgb(34, 34, 34); font-family: arial, sans-serif; font-size: 13px;" />
<span style="color: rgb(34, 34, 34); font-family: arial, sans-serif; font-size: 13px;">Stop Date:&nbsp; &nbsp; &nbsp;</span><span class="aBn" data-term="goog_358874152" tabindex="0" style="border-bottom-width: 1px; border-bottom-style: dashed; border-bottom-color: rgb(204, 204, 204); position: relative; top: -2px; z-index: 0; color: rgb(34, 34, 34); font-family: arial, sans-serif; font-size: 13px;"><span class="aQJ" style="position: relative; top: 2px; z-index: -1;">05/12/2016</span></span><br style="color: rgb(34, 34, 34); font-family: arial, sans-serif; font-size: 13px;" />
<span style="color: rgb(34, 34, 34); font-family: arial, sans-serif; font-size: 13px;">Reference No:&nbsp; M217462</span><br style="color: rgb(34, 34, 34); font-family: arial, sans-serif; font-size: 13px;" />
<span style="color: rgb(34, 34, 34); font-family: arial, sans-serif; font-size: 13px;">Customer Name: Woods Hole Oceanographic Institution Procurement Department</span><br style="color: rgb(34, 34, 34); font-family: arial, sans-serif; font-size: 13px;" />
<span style="color: rgb(34, 34, 34); font-family: arial, sans-serif; font-size: 13px;">Contact Name:&nbsp; RICK CHANDLER</span><br style="color: rgb(34, 34, 34); font-family: arial, sans-serif; font-size: 13px;" />
<span style="color: rgb(34, 34, 34); font-family: arial, sans-serif; font-size: 13px;">Vessel:&nbsp; &nbsp; &nbsp; &nbsp; Atlantis</span><br style="color: rgb(34, 34, 34); font-family: arial, sans-serif; font-size: 13px;" />
<span style="color: rgb(34, 34, 34); font-family: arial, sans-serif; font-size: 13px;">Region:&nbsp; &nbsp; &nbsp; &nbsp; All</span><br style="color: rgb(34, 34, 34); font-family: arial, sans-serif; font-size: 13px;" />
<span style="color: rgb(34, 34, 34); font-family: arial, sans-serif; font-size: 13px;">Region of Use: Unknown</span><br style="color: rgb(34, 34, 34); font-family: arial, sans-serif; font-size: 13px;" />
<span style="color: rgb(34, 34, 34); font-family: arial, sans-serif; font-size: 13px;">Service Level: SF2</span><br style="color: rgb(34, 34, 34); font-family: arial, sans-serif; font-size: 13px;" />
<span style="color: rgb(34, 34, 34); font-family: arial, sans-serif; font-size: 13px;">Network Type:&nbsp; N1N2</span><br style="color: rgb(34, 34, 34); font-family: arial, sans-serif; font-size: 13px;" />
<span style="color: rgb(34, 34, 34); font-family: arial, sans-serif; font-size: 13px;">Firmware:&nbsp; &nbsp; &nbsp; 3.2.11.0</span><br style="color: rgb(34, 34, 34); font-family: arial, sans-serif; font-size: 13px;" />
<span style="color: rgb(34, 34, 34); font-family: arial, sans-serif; font-size: 13px;">License Code:&nbsp; E2956729-93F7FA4F-72B72F77-B2F</span><wbr style="color: rgb(34, 34, 34); font-family: arial, sans-serif; font-size: 13px;"></wbr><span style="color: rgb(34, 34, 34); font-family: arial, sans-serif; font-size: 13px;">9A50F</span><br style="color: rgb(34, 34, 34); font-family: arial, sans-serif; font-size: 13px;" />
<br style="color: rgb(34, 34, 34); font-family: arial, sans-serif; font-size: 13px;" />
<br style="color: rgb(34, 34, 34); font-family: arial, sans-serif; font-size: 13px;" />
<span style="color: rgb(34, 34, 34); font-family: arial, sans-serif; font-size: 13px;">Terms &amp; Conditions: Accepted</span><br style="color: rgb(34, 34, 34); font-family: arial, sans-serif; font-size: 13px;" />
<br style="color: rgb(34, 34, 34); font-family: arial, sans-serif; font-size: 13px;" />
<span style="color: rgb(34, 34, 34); font-family: arial, sans-serif; font-size: 13px;">By using this Auth code you indicate your acceptance of C-Nav's terms and conditions of use.</span><br style="color: rgb(34, 34, 34); font-family: arial, sans-serif; font-size: 13px;" />
<span style="color: rgb(34, 34, 34); font-family: arial, sans-serif; font-size: 13px;">( See&nbsp;</span><a href="https://portal.cnavgnss.com/documents/TermsAndConditions.pdf" target="_blank" style="color: rgb(17, 85, 204); font-family: arial, sans-serif; font-size: 13px;">https://portal.cnavgnss.com/do<wbr></wbr>cuments/TermsAndConditions.pdf</a><span style="color: rgb(34, 34, 34); font-family: arial, sans-serif; font-size: 13px;">&nbsp;)</span><br style="color: rgb(34, 34, 34); font-family: arial, sans-serif; font-size: 13px;" />
<br style="color: rgb(34, 34, 34); font-family: arial, sans-serif; font-size: 13px;" />
<span style="color: rgb(34, 34, 34); font-family: arial, sans-serif; font-size: 13px;">************Over-The-Air Broadcast************</span><br style="color: rgb(34, 34, 34); font-family: arial, sans-serif; font-size: 13px;" />
<br style="color: rgb(34, 34, 34); font-family: arial, sans-serif; font-size: 13px;" />
<span style="color: rgb(34, 34, 34); font-family: arial, sans-serif; font-size: 13px;">The requested C-Nav license for C-Nav3050 SN 14959 is scheduled for over-the-air broadcast in 5 minutes. To ensure reception, turn on the receiver before the specified broadcast time. Do not turn off the receiver until verifying that the license is saved. The receiver must be tracking a C-Nav correction satellite at the scheduled broadcast times, though the receiver is not required to be operating in CCS mode during the broadcasts.</span><br style="color: rgb(34, 34, 34); font-family: arial, sans-serif; font-size: 13px;" />
<br style="color: rgb(34, 34, 34); font-family: arial, sans-serif; font-size: 13px;" />
<span style="color: rgb(34, 34, 34); font-family: arial, sans-serif; font-size: 13px;">Alternatively, the license can be input manually using the instructions provided below.</span><br style="color: rgb(34, 34, 34); font-family: arial, sans-serif; font-size: 13px;" />
<br style="color: rgb(34, 34, 34); font-family: arial, sans-serif; font-size: 13px;" />
<br style="color: rgb(34, 34, 34); font-family: arial, sans-serif; font-size: 13px;" />
<span style="color: rgb(34, 34, 34); font-family: arial, sans-serif; font-size: 13px;">************Instructions******</span><wbr style="color: rgb(34, 34, 34); font-family: arial, sans-serif; font-size: 13px;"></wbr><span style="color: rgb(34, 34, 34); font-family: arial, sans-serif; font-size: 13px;">******</span><br style="color: rgb(34, 34, 34); font-family: arial, sans-serif; font-size: 13px;" />
<br style="color: rgb(34, 34, 34); font-family: arial, sans-serif; font-size: 13px;" />
<br style="color: rgb(34, 34, 34); font-family: arial, sans-serif; font-size: 13px;" />
<span style="color: rgb(34, 34, 34); font-family: arial, sans-serif; font-size: 13px;">C-Setup/C-Monitor</span><br style="color: rgb(34, 34, 34); font-family: arial, sans-serif; font-size: 13px;" />
<br style="color: rgb(34, 34, 34); font-family: arial, sans-serif; font-size: 13px;" />
<span style="color: rgb(34, 34, 34); font-family: arial, sans-serif; font-size: 13px;">1) While communicating with the C-Nav2050 receiver, select [Device &gt;&gt; License Auth &amp; Cancel...]</span><br style="color: rgb(34, 34, 34); font-family: arial, sans-serif; font-size: 13px;" />
<span style="color: rgb(34, 34, 34); font-family: arial, sans-serif; font-size: 13px;">2) Select Browse then navigate to and select the attached license file. Alternatively, input the 32-digit License Code in the Manual Input section.</span><br style="color: rgb(34, 34, 34); font-family: arial, sans-serif; font-size: 13px;" />
<span style="color: rgb(34, 34, 34); font-family: arial, sans-serif; font-size: 13px;">3) Select Ok to upload the license code to the receiver.</span><br style="color: rgb(34, 34, 34); font-family: arial, sans-serif; font-size: 13px;" />
<span style="color: rgb(34, 34, 34); font-family: arial, sans-serif; font-size: 13px;">4) Select [View &gt;&gt; License Status] and check the new expiration date to verify the license was entered correctly.</span><br style="color: rgb(34, 34, 34); font-family: arial, sans-serif; font-size: 13px;" />
<br style="color: rgb(34, 34, 34); font-family: arial, sans-serif; font-size: 13px;" />
<br style="color: rgb(34, 34, 34); font-family: arial, sans-serif; font-size: 13px;" />
<span style="color: rgb(34, 34, 34); font-family: arial, sans-serif; font-size: 13px;">C-NaviGator</span><br style="color: rgb(34, 34, 34); font-family: arial, sans-serif; font-size: 13px;" />
<br style="color: rgb(34, 34, 34); font-family: arial, sans-serif; font-size: 13px;" />
<span style="color: rgb(34, 34, 34); font-family: arial, sans-serif; font-size: 13px;">1) Select [Menu &gt;&gt; Settings &gt;&gt; C-Nav3050 &gt;&gt; Corrections Authorization] to access the license input section.</span><br style="color: rgb(34, 34, 34); font-family: arial, sans-serif; font-size: 13px;" />
<span style="color: rgb(34, 34, 34); font-family: arial, sans-serif; font-size: 13px;">2) Using the front panel keypad (C-NaviGator I) or on-screen keypad (C-NaviGator II), input the 32-digit License Code and press Apply.</span><br style="color: rgb(34, 34, 34); font-family: arial, sans-serif; font-size: 13px;" />
<span style="color: rgb(34, 34, 34); font-family: arial, sans-serif; font-size: 13px;">3) Check the Authorization Information to verify the license was entered correctly.</span><br style="color: rgb(34, 34, 34); font-family: arial, sans-serif; font-size: 13px;" />
<br style="color: rgb(34, 34, 34); font-family: arial, sans-serif; font-size: 13px;" />
<br style="color: rgb(34, 34, 34); font-family: arial, sans-serif; font-size: 13px;" />
<span style="color: rgb(34, 34, 34); font-family: arial, sans-serif; font-size: 13px;">************How to cancel a C-Nav License?************</span><br style="color: rgb(34, 34, 34); font-family: arial, sans-serif; font-size: 13px;" />
<br style="color: rgb(34, 34, 34); font-family: arial, sans-serif; font-size: 13px;" />
<span style="color: rgb(34, 34, 34); font-family: arial, sans-serif; font-size: 13px;">It is not required to request a cancellation code from C-Nav Support for early termination of the license. Cancellation of a C-Nav license is performed from the controller software and will produce a unique Cancellation Verification Code that must be returned to and verified by C-Nav Support for signal charges to stop. Please refer to the instructions below:</span><br style="color: rgb(34, 34, 34); font-family: arial, sans-serif; font-size: 13px;" />
<br style="color: rgb(34, 34, 34); font-family: arial, sans-serif; font-size: 13px;" />
<span style="color: rgb(34, 34, 34); font-family: arial, sans-serif; font-size: 13px;">*Note: The receiver must be tracking GPS satellites and navigating at the time of license cancellation.</span><br style="color: rgb(34, 34, 34); font-family: arial, sans-serif; font-size: 13px;" />
<br style="color: rgb(34, 34, 34); font-family: arial, sans-serif; font-size: 13px;" />
<span style="color: rgb(34, 34, 34); font-family: arial, sans-serif; font-size: 13px;">C-Setup/C-Monitor</span><br style="color: rgb(34, 34, 34); font-family: arial, sans-serif; font-size: 13px;" />
<br style="color: rgb(34, 34, 34); font-family: arial, sans-serif; font-size: 13px;" />
<span style="color: rgb(34, 34, 34); font-family: arial, sans-serif; font-size: 13px;">1. Access the License Auth &amp; Cancel Dialog (Device &gt;&gt; License Auth &amp; Cancel..)</span><br style="color: rgb(34, 34, 34); font-family: arial, sans-serif; font-size: 13px;" />
<span style="color: rgb(34, 34, 34); font-family: arial, sans-serif; font-size: 13px;">2. Select the button labeled &quot;Cancel Licenses&quot;. When prompted, select Yes to confirm the action.</span><br style="color: rgb(34, 34, 34); font-family: arial, sans-serif; font-size: 13px;" />
<span style="color: rgb(34, 34, 34); font-family: arial, sans-serif; font-size: 13px;">3. The License Status dialog will appear. Select the &quot;Retrieve&quot; button to update the license information.</span><br style="color: rgb(34, 34, 34); font-family: arial, sans-serif; font-size: 13px;" />
<span style="color: rgb(34, 34, 34); font-family: arial, sans-serif; font-size: 13px;">4. Wait 30 seconds then record the 32-digit Cancel Verification Code.</span><br style="color: rgb(34, 34, 34); font-family: arial, sans-serif; font-size: 13px;" />
<span style="color: rgb(34, 34, 34); font-family: arial, sans-serif; font-size: 13px;">5. Email the Cancel Verification Code to&nbsp;</span><a href="mailto:authcode@cnavgps.com" target="_blank" style="color: rgb(17, 85, 204); font-family: arial, sans-serif; font-size: 13px;">authcode@cnavgps.com</a><span style="color: rgb(34, 34, 34); font-family: arial, sans-serif; font-size: 13px;">. Please specify the receiver serial number when returning the Cancel Verification Code.</span><br style="color: rgb(34, 34, 34); font-family: arial, sans-serif; font-size: 13px;" />
<br style="color: rgb(34, 34, 34); font-family: arial, sans-serif; font-size: 13px;" />
<span style="color: rgb(34, 34, 34); font-family: arial, sans-serif; font-size: 13px;">C-NaviGator</span><br style="color: rgb(34, 34, 34); font-family: arial, sans-serif; font-size: 13px;" />
<br style="color: rgb(34, 34, 34); font-family: arial, sans-serif; font-size: 13px;" />
<span style="color: rgb(34, 34, 34); font-family: arial, sans-serif; font-size: 13px;">1. Access the Corrections Authorization page on the C-NaviGator (Menu &gt;&gt; Settings &gt;&gt; C-Nav3050 &gt;&gt; Corrections Authorization).</span><br style="color: rgb(34, 34, 34); font-family: arial, sans-serif; font-size: 13px;" />
<span style="color: rgb(34, 34, 34); font-family: arial, sans-serif; font-size: 13px;">2. Press the button labeled &quot;Cancel All&quot;.</span><br style="color: rgb(34, 34, 34); font-family: arial, sans-serif; font-size: 13px;" />
<span style="color: rgb(34, 34, 34); font-family: arial, sans-serif; font-size: 13px;">3. Wait 30 seconds then record the first 32-digit Cancel Verify Code.</span><br style="color: rgb(34, 34, 34); font-family: arial, sans-serif; font-size: 13px;" />
<span style="color: rgb(34, 34, 34); font-family: arial, sans-serif; font-size: 13px;">4. Email the Cancel Verification Code to&nbsp;</span><a href="mailto:authcode@cnavgps.com" target="_blank" style="color: rgb(17, 85, 204); font-family: arial, sans-serif; font-size: 13px;">authcode@cnavgps.com</a><span style="color: rgb(34, 34, 34); font-family: arial, sans-serif; font-size: 13px;">. Please specify the receiver serial number when returning the Cancel Verification Code.</span><br style="color: rgb(34, 34, 34); font-family: arial, sans-serif; font-size: 13px;" />
<br style="color: rgb(34, 34, 34); font-family: arial, sans-serif; font-size: 13px;" />
<span style="color: rgb(34, 34, 34); font-family: arial, sans-serif; font-size: 13px;">Thanks and Best Regards,</span><br style="color: rgb(34, 34, 34); font-family: arial, sans-serif; font-size: 13px;" />
<br style="color: rgb(34, 34, 34); font-family: arial, sans-serif; font-size: 13px;" />
<span style="color: rgb(34, 34, 34); font-family: arial, sans-serif; font-size: 13px;">C-Nav Support</span><br style="color: rgb(34, 34, 34); font-family: arial, sans-serif; font-size: 13px;" />
<br style="color: rgb(34, 34, 34); font-family: arial, sans-serif; font-size: 13px;" />
<span style="color: rgb(34, 34, 34); font-family: arial, sans-serif; font-size: 13px;">Support Email:&nbsp;</span><a href="mailto:support@cnav.com" target="_blank" style="color: rgb(17, 85, 204); font-family: arial, sans-serif; font-size: 13px;">support@<span class="il">cnav</span>.com</a><br style="color: rgb(34, 34, 34); font-family: arial, sans-serif; font-size: 13px;" />
<br style="color: rgb(34, 34, 34); font-family: arial, sans-serif; font-size: 13px;" />
<span style="color: rgb(34, 34, 34); font-family: arial, sans-serif; font-size: 13px;">C&amp;C Technologies, Inc.</span><br style="color: rgb(34, 34, 34); font-family: arial, sans-serif; font-size: 13px;" />
<span style="color: rgb(34, 34, 34); font-family: arial, sans-serif; font-size: 13px;">Region: North America</span><br style="color: rgb(34, 34, 34); font-family: arial, sans-serif; font-size: 13px;" />
<span style="color: rgb(34, 34, 34); font-family: arial, sans-serif; font-size: 13px;">Tel:&nbsp;</span><a href="tel:%2B1%20%28337%29%20210-0000" value="+13372100000" target="_blank" style="color: rgb(17, 85, 204); font-family: arial, sans-serif; font-size: 13px;">+1 (337) 210-0000</a></p>
