$@MID@$: 21
Date: Sat, 19 Mar 2011 15:02:53 +0000
Author: AH
Type: Calibration
Category: sensor
Sensor: 9plus
S/N: 0383
Calibration Date: 28-Dec-2010
Subject / Summary: CTD Configuration
Cruise: Shipyard - Jacksonville, FL     March 2011
link: 
Attachment: 110319_150158_SBE9plus_0383_20101228.pdf
Encoding: HTML
========================================
<p>CTD System returned to ship.&nbsp; The new CTD package has 9+&nbsp;&nbsp;&nbsp; S/N 09P9852-0383</p>
<p>&nbsp;</p>
<p>&nbsp;</p>
<p>&nbsp;</p>
$@MID@$: 22
Date: Sat, 19 Mar 2011 15:29:09 +0000
Author: AH
Type: Calibration
Category: sensor
Sensor: temp
S/N: 03-2890
Calibration Date: 23-Dec-2010
Subject / Summary: Secondary sensor on CTD system - calibration information
Cruise: shipyard March 2011 - Jacksonville, FL
link: 
Attachment: 110319_152853_SBE03_2890_20101223_CR.pdf,110319_152903_SBE03_2890_20101223.pdf
Encoding: HTML
========================================

$@MID@$: 23
Date: Sat, 19 Mar 2011 15:34:16 +0000
Author: AH
Type: Calibration
Category: sensor
Sensor: temp
S/N: 04-3073
Calibration Date: 15-Dec-2010
Subject / Summary: Secondary Conductivity Sensor Calibration
Cruise: shipyard March 2011 - Jacksonville, FL 
link: 
Attachment: 110319_153349_SBE04_3073_20101215_CR.pdf,110319_153359_SBE04_3073_20101215.pdf
Encoding: HTML
========================================

$@MID@$: 24
Date: Sat, 19 Mar 2011 17:05:18 +0000
Author: AH
Type: Calibration
Category: sensor
Sensor: temp
S/N: 03P-4230
Calibration Date: 23-Dec-2010
Subject / Summary: Primary Temperature Sensor on CTD package
Cruise: shipyard - March 2011 - Jacksonville, FL
link: 
Attachment: 110319_170501_SBE03_4230_20101223_CR.pdf,110319_170513_SBE03_4230_20101223.pdf
Encoding: HTML
========================================

$@MID@$: 25
Date: Sat, 19 Mar 2011 17:08:26 +0000
Author: AH
Type: Calibration
Category: sensor
Sensor: O2
S/N: SBE43-1646
Calibration Date: 28-Dec-2010
Subject / Summary: Oxygen Sensor on CTD package
Cruise: shipyard - March 2011 - Jacksonville, FL
link: 
Attachment: 110319_170818_SBE43_1646_20101228.pdf
Encoding: HTML
========================================

