$@MID@$: 21
Date: Tue, 12 Mar 2013 10:03:50 +0000
Author: lstolp
Cruise: ti653
Computer: currents
Type: notes
Category: Software
Subject: UHDAS directions
Attachment: 
Encoding: HTML
========================================
<div>(1) *ALWAYS* set the DISPLAY environment variable first.</div>
<div>If you are logging in remotely, either make sure you forward X</div>
<div>at every step or at the end, say</div>
<div>&nbsp;</div>
<div>&nbsp;</div>
<div>export DISPLAY=0:0</div>
<div>&nbsp;</div>
<div>&nbsp;</div>
<div>(2) To start a cruise (jtest01)</div>
<div>&nbsp;</div>
<div>/home/currents/programs/uhdas/uhdas/DAS.py --cruisename jtest01</div>
<div>&nbsp;</div>
<div>(3) To start a cruise (jtest02) with a 15second timeout</div>
<div>(i.e. if there is no wh300 data coming in after 15sec,</div>
<div>start logging again)</div>
<div>&nbsp;</div>
<div>/home/currents/programs/uhdas/uhdas/DAS.py --cruisename jtest01 --timeout 15</div>
<div>&nbsp;</div>
<div>(4) To quit a given cruise &nbsp;(stop logging, end cruise, quit gui)</div>
<div>&nbsp;</div>
<div>&nbsp;</div>
<div>/home/currents/programs/uhdas/uhdas/DAS.py --quit</div>
<div>&nbsp;</div>
<div>&nbsp;</div>
<div>(5) If you want to do #1 or #2 and log out afterwards, I think</div>
<div>'nohup' will work, and 'screen' will work. &nbsp;We've had trouble with</div>
<div>'nohup' so I recomment 'screen'. &nbsp;Are you familiar with it?</div>
<div>&nbsp;</div>
<div>
<div>Don't forget, this stuff is alpha, so</div>
<div>&nbsp;</div>
<div>(1) The gui should still work like it did before</div>
<div>(2) The command line stuff should work as advertised with</div>
<div>&nbsp; &nbsp; &nbsp; &nbsp; --cruisename xxx</div>
<div>&nbsp; &nbsp; &nbsp; &nbsp; --quit</div>
<div>&nbsp; &nbsp; &nbsp; &nbsp; --timeout NN</div>
<div>&nbsp;</div>
<div>(3) If you notice anything else not working, let me know.</div>
<div>&nbsp; &nbsp; &nbsp; &nbsp; We had trouble with our instrument here when we put the number</div>
<div>of bins below 55, but I tried that on yours and it wasn't</div>
<div>a problem. &nbsp;(so who knows)</div>
<div>&nbsp;</div>
</div>
$@MID@$: 22
Date: Tue, 12 Mar 2013 10:05:00 +0000
Author: lstolp
Cruise: ti653
Computer: currents
Type: notes
Category: Other
Subject: test it is logging
Attachment: 
Encoding: HTML
========================================
<div>You can tell by several mechanisms, but this is the easiest:</div>
<div>&nbsp;</div>
<div>ps -ef | grep DAS.py</div>
<div>&nbsp;</div>
