$@MID@$: 19
Date: Thu, 07 Mar 2013 00:56:15 +0000
Author: lstolp
Cruise: ti652
Computer: adcp
Type: Configuration
Category: 
Subject: UHDAS
Attachment: 
Encoding: HTML
========================================
<p>Date: Wed, 06 Mar 2013 13:17:38 -0500<br />
From: Frank Bahr &lt;fbahr@whoi.edu&gt;<br />
To: Laura Stolp &lt;laura@striker.whoi.edu&gt;<br />
Cc: hummon@hawaii.edu, sssg@whoi.edu<br />
Subject: Re: Tioga ADCP shore status<br />
<br />
<br />
Hi Laura,<br />
<br />
<br />
&gt; <br />
&gt; Can you also stop the cruise and start another one so I can archive the data, when you go down to the ship?<br />
<br />
I just stopped titest10 (all lights still green), and restarted with titest11.<br />
(and updated the heading alignment, 45 -&gt; 43.1 degrees)<br />
<br />
<br />
Frank<br />
<br />
<br />
&nbsp;</p>
