$@MID@$: 24
Date: Thu, 02 May 2013 23:36:35 +0000
Author: lstolp
Cruise: ti665
Computer: tidatalog
Type: Configuration
Category: Hardware | Software | Network | Other
Subject: tidatalog
Attachment: 
Encoding: HTML
========================================
<p>installed tidatalog to run as the dsLog comptuter.. followed notes from knorr install and seems to work.. </p>
<p>&nbsp;</p>
<p>still need to setup ntp</p>
<p>&nbsp;</p>
$@MID@$: 25
Date: Thu, 02 May 2013 23:37:04 +0000
Author: lstolp
Cruise: ti665
Computer: ftp
Type: notes
Category: Software
Subject: newcruise
Attachment: 
Encoding: HTML
========================================
<p>reworked newcruise for dsLog and underway data. tidatalog /underway and /underway/archive/&nbsp;&nbsp; chmod to 777 </p>
