$@MID@$: 27
Date: Wed, 05 Jun 2013 00:58:11 +0000
Author: lstolp
Cruise: ti671
Computer: tidatalog
Type: notes
Category: Software
Subject: redirect_serial.pl
Attachment: 
Encoding: HTML
========================================
<p>Installed redirect_serial.pl&nbsp; </p>
<p>It will read the serial data from /dev/ttyS0 and send it out UDP port 55500 for ftp to broadcast..</p>
$@MID@$: 28
Date: Wed, 05 Jun 2013 14:43:25 +0000
Author: lstolp
Cruise: ti671
Computer: tidatalog
Type: notes
Category: Network
Subject: ntpd
Attachment: 
Encoding: HTML
========================================
<ul>
    <li>ntpd setup</li>
</ul>
<p style="margin-left: 40px;">&nbsp;tar -xzf ntp-4.2.4p6.tar.gz<br />
&nbsp; cd&nbsp; ntp-4.2.4p6/<br />
&nbsp;mv ntpd/refclock_dumbclock.c ntpd/refclock_dumbclock.c.org<br />
&nbsp;cp ../refclock_dumbclock.c.ese ntpd/refclock_dumbclock.c<br />
&nbsp;./configure --enable-linuxcaps<br />
&nbsp;make<br />
&nbsp;make install<br />
&nbsp;cp /usr/local/bin/ntp* /usr/sbin/.<br />
<br />
&nbsp;&nbsp;&nbsp;&nbsp;&nbsp;&nbsp;&nbsp;&nbsp;&nbsp;&nbsp;&nbsp;&nbsp;&nbsp;&nbsp;&nbsp;&nbsp;&nbsp;&nbsp;&nbsp;&nbsp;&nbsp;&nbsp;&nbsp;&nbsp;&nbsp;&nbsp;&nbsp;&nbsp;&nbsp;&nbsp;&nbsp;&nbsp;&nbsp;&nbsp;&nbsp;&nbsp;&nbsp;&nbsp;&nbsp;&nbsp;&nbsp;&nbsp;&nbsp;&nbsp;&nbsp;&nbsp;&nbsp;&nbsp;&nbsp;&nbsp;&nbsp;&nbsp;&nbsp;&nbsp;&nbsp;&nbsp;&nbsp;&nbsp;&nbsp;&nbsp;&nbsp;&nbsp;&nbsp;&nbsp;&nbsp;&nbsp;&nbsp;&nbsp;&nbsp;&nbsp;&nbsp;&nbsp;&nbsp;&nbsp;&nbsp;&nbsp;&nbsp;&nbsp;&nbsp; 20101201<br />
&nbsp; * ln -s /dev/ttyS1 /dev/dumbclock0<br />
&nbsp;&nbsp;&nbsp;&nbsp; put above in /etc/rc.local<br />
&nbsp;&nbsp;&nbsp;&nbsp; <br />
&nbsp; * cd /etc/apparmor.d/<br />
&nbsp;&nbsp;&nbsp;&nbsp; vi usr.sbin.ntpd <br />
&nbsp;&nbsp;&nbsp;&nbsp;&nbsp; added to the end of the file<br />
&nbsp;&nbsp;&nbsp;&nbsp;&nbsp;&nbsp;&nbsp;&nbsp;&nbsp;&nbsp;&nbsp; /dev/ttyS0</p>
<p style="margin-left: 40px;">&nbsp;* /etc/init.d/ntp&nbsp;&nbsp; commented out in dhcp and if test &quot;$blah blah&nbsp; /etc/init.d/ntp<br />
&nbsp;&nbsp;&nbsp;&nbsp;&nbsp;&nbsp;&nbsp;&nbsp;&nbsp;&nbsp;&nbsp;&nbsp;&nbsp;&nbsp;&nbsp;&nbsp;&nbsp;&nbsp;&nbsp;&nbsp;&nbsp;&nbsp;&nbsp;&nbsp;&nbsp;&nbsp;&nbsp;&nbsp;&nbsp;&nbsp;&nbsp;&nbsp;&nbsp;&nbsp;&nbsp;&nbsp;&nbsp;&nbsp;&nbsp;&nbsp;&nbsp;&nbsp;&nbsp;&nbsp;&nbsp;&nbsp;&nbsp;&nbsp;&nbsp;&nbsp;&nbsp;&nbsp;&nbsp;&nbsp;&nbsp;&nbsp;&nbsp;&nbsp;&nbsp;&nbsp;&nbsp;&nbsp;&nbsp;&nbsp;&nbsp;&nbsp;&nbsp;&nbsp;&nbsp;&nbsp;&nbsp;&nbsp;&nbsp;&nbsp;&nbsp; </p>
