$@MID@$: 20
Date: Thu, 02 May 2013 16:37:39 +0000
Author: lstolp
S/N: C2900 
Type: Configuration
equipment: Cisco Router
Subject: router config
Cruise: WHOIDock
Attachment: 130502_183608_c2900_20130502.cfg
Encoding: HTML
========================================
<p><strong>Tested and works fine.. routing is:<br />
</strong></p>
<p><strong>ip traffic goes out dock and if dock goes away traffic goes out HSN, if HSN blocked will go out PORT FBB (no loose of IP space), if PORT FBB is blocked will go out STBD FBB (will loose IP space).. <br />
</strong></p>
<p><strong><br />
</strong></p>
<p>&nbsp;</p>
<p>Putting the STBD FBB on the C2900 router..</p>
<p>using:</p>
<p>FastEthernet0/0/0&nbsp; with MAC f866.f2c3.1845<br />
&nbsp; <br />
&nbsp;In FBB dashboard 'captured' an ipnumber using dhcp on the router, then locked the MAC to kn-hiseasnet.</p>
<p>On the router added the following commands:</p>
<p>config term</p>
<p>interface fastethernet 0/0/0</p>
<p>&nbsp;&nbsp;&nbsp;&nbsp; description SWAP for Port FBB</p>
<p>&nbsp;&nbsp;&nbsp;&nbsp; ipaddress 192.168.100.5 255.255.255.0</p>
<p>&nbsp;</p>
<p>ip nat pool SWAP-SHORE 192.168.100.5 192.168.100.5 prefix-length 24</p>
<p>ip route 0.0.0.0 0.0.0.0 192.168.100.1 252</p>
<p>&nbsp;</p>
<p>ip nat inside source route-map swap-shore pool SWAP-SHORE</p>
<p>route-map swap-shore permit 10<br />
&nbsp;match ip address 1<br />
&nbsp;match interface FastEthernet 0/0/0<br />
&nbsp;</p>
<p>&nbsp;</p>
<p>&nbsp;</p>
