$@MID@$: 22
Date: Thu, 16 May 2013 20:55:50 +0000
Author: lstolp
S/N: notes
Type: Configuration
equipment: aironet1200
Subject: cisco aironet 1200
Cruise: atpostat2502
Attachment: 
Encoding: HTML
========================================
<p>Added to cabin network:</p>
<p>192.168.13.31&nbsp; atdkwl1.cabin.atlantis.whoi.edu&nbsp;&nbsp;&nbsp;&nbsp;&nbsp;&nbsp; atdkwl1<br />
192.168.13.32&nbsp; atdkwl2.cabin.atlantis.whoi.edu&nbsp;&nbsp;&nbsp;&nbsp;&nbsp;&nbsp; atdkwl2<br />
<br />
setup fixed dhcp address in dhcpd.conf</p>
<p>host atdkwl2 {<br />
&nbsp;&nbsp;&nbsp; hardware ethernet 00:0e:83:de:31:ff;<br />
&nbsp;&nbsp;&nbsp; fixed-address 192.168.13.32;<br />
&nbsp;&nbsp;&nbsp; option domain-name &quot;cabin.atlantis.whoi.edu&quot;;<br />
}<br />
<br />
host atdkwl1 {<br />
&nbsp;&nbsp;&nbsp; hardware ethernet 00:0f:8f:32:81:e6;<br />
&nbsp;&nbsp;&nbsp; fixed-address 192.168.13.31;<br />
&nbsp;&nbsp;&nbsp; option domain-name &quot;cabin.atlantis.whoi.edu&quot;;<br />
}<br />
&nbsp;</p>
<p>use minicom cisco to set&nbsp; BVI1 to dhcp:</p>
<p>config term</p>
<p>interface BVI1</p>
<pre class="messagepre">
interface BVI1
 ip address dhcp
 no ip route-cache
</pre>
<p>&nbsp;</p>
$@MID@$: 23
Date: Thu, 16 May 2013 20:58:15 +0000
Author: lstolp
S/N: atdkwl2
Type: Configuration
equipment: aironet1200
Subject: config
Cruise: atpostat2502
Attachment: 
Encoding: HTML
========================================
<p>Technical Support: http://www.cisco.com/techsupport<br />
Copyright (c) 1986-2006 by Cisco Systems, Inc.<br />
Compiled Tue 30-May-06 18:07 by pwade<br />
<br />
ROM: Bootstrap program is C1200 boot loader<br />
BOOTLDR: C1200 Boot Loader (C1200-BOOT-M) Version 12.2(8)JA, EARLY DEPLOYMENT RELEASE SOFTWARE (fc1)<br />
<br />
atdkwl2 uptime is 26 minutes<br />
System returned to ROM by power-on<br />
System restarted at 20:29:56 UTC Thu May 16 2013<br />
System image file is &quot;flash:/c1200-k9w7-mx.123-8.JA2/c1200-k9w7-mx.123-8.JA2&quot;<br />
<br />
<br />
This product contains cryptographic features and is subject to United<br />
States and local country laws governing import, export, transfer and<br />
use. Delivery of Cisco cryptographic products does not imply<br />
third-party authority to import, export, distribute or use encryption.<br />
Importers, exporters, distributors and users are responsible for<br />
compliance with U.S. and local country laws. By using this product you<br />
agree to comply with applicable laws and regulations. If you are unable<br />
to comply with U.S. and local laws, return this product immediately.<br />
<br />
A summary of U.S. laws governing Cisco cryptographic products may be found at:<br />
http://www.cisco.com/wwl/export/crypto/tool/stqrg.html<br />
<br />
If you require further assistance please contact us by sending email to<br />
export@cisco.com.<br />
<br />
cisco AIR-AP1230B-A-K9&nbsp;&nbsp;&nbsp;&nbsp; (PowerPC405GP) processor (revision A0) with 15038K/1336K bytes of memory.<br />
Processor board ID FOC07481H7H<br />
PowerPC405GP CPU at 196Mhz, revision number 0x00C4<br />
Last reset from power-on<br />
1 FastEthernet interface<br />
1 802.11 Radio(s)<br />
<br />
32K bytes of flash-simulated non-volatile configuration memory.<br />
Base ethernet MAC Address: 00:0E:83:DE:31:FF<br />
Part Number&nbsp;&nbsp;&nbsp;&nbsp;&nbsp;&nbsp;&nbsp;&nbsp;&nbsp;&nbsp;&nbsp;&nbsp;&nbsp;&nbsp;&nbsp;&nbsp;&nbsp;&nbsp;&nbsp;&nbsp;&nbsp;&nbsp;&nbsp;&nbsp;&nbsp; : 73-8704-05<br />
PCA Assembly Number&nbsp;&nbsp;&nbsp;&nbsp;&nbsp;&nbsp;&nbsp;&nbsp;&nbsp;&nbsp;&nbsp;&nbsp;&nbsp;&nbsp;&nbsp;&nbsp;&nbsp; : 800-23211-06<br />
PCA Revision Number&nbsp;&nbsp;&nbsp;&nbsp;&nbsp;&nbsp;&nbsp;&nbsp;&nbsp;&nbsp;&nbsp;&nbsp;&nbsp;&nbsp;&nbsp;&nbsp;&nbsp; : A0<br />
PCB Serial Number&nbsp;&nbsp;&nbsp;&nbsp;&nbsp;&nbsp;&nbsp;&nbsp;&nbsp;&nbsp;&nbsp;&nbsp;&nbsp;&nbsp;&nbsp;&nbsp;&nbsp;&nbsp;&nbsp; : FOC07481H7H<br />
Top Assembly Part Number&nbsp;&nbsp;&nbsp;&nbsp;&nbsp;&nbsp;&nbsp;&nbsp;&nbsp;&nbsp;&nbsp;&nbsp; : 800-23209-03<br />
Top Assembly Serial Number&nbsp;&nbsp;&nbsp;&nbsp;&nbsp;&nbsp;&nbsp;&nbsp;&nbsp;&nbsp; : FHK0749J4GF<br />
Top Revision Number&nbsp;&nbsp;&nbsp;&nbsp;&nbsp;&nbsp;&nbsp;&nbsp;&nbsp;&nbsp;&nbsp;&nbsp;&nbsp;&nbsp;&nbsp;&nbsp;&nbsp; : A0<br />
Product/Model Number&nbsp;&nbsp;&nbsp;&nbsp;&nbsp;&nbsp;&nbsp;&nbsp;&nbsp;&nbsp;&nbsp;&nbsp;&nbsp;&nbsp;&nbsp;&nbsp; : AIR-AP1230B-A-K9&nbsp;&nbsp;&nbsp; <br />
<br />
Configuration register is 0xF<br />
<br />
atdkwl2#Current configuration : 1687 bytes<br />
!<br />
! Last configuration change at 20:47:34 UTC Thu May 16 2013 by sssg<br />
! NVRAM config last updated at 20:47:34 UTC Thu May 16 2013 by sssg<br />
!<br />
version 12.3<br />
no service pad<br />
service timestamps debug datetime msec<br />
service timestamps log datetime msec<br />
service password-encryption<br />
!<br />
hostname atdkwl2<br />
!<br />
!<br />
ip subnet-zero<br />
ip domain name cabin.atlantis.whoi.edu<br />
!<br />
!<br />
aaa new-model<br />
!<br />
!<br />
aaa authentication login default local<br />
aaa authorization exec default local <br />
aaa session-id common<br />
!<br />
dot11 ssid atlantisdeckwifi<br />
&nbsp;&nbsp; authentication open <br />
!<br />
!<br />
!<br />
username Cisco password 7 05280F1C2243<br />
username sssg privilege 15 password 7 120A5647430A180222<br />
!<br />
bridge irb<br />
!<br />
!<br />
interface Dot11Radio0 no ip route-cache<br />
&nbsp;!<br />
&nbsp;ssid atlantisdeckwifi<br />
&nbsp;!<br />
&nbsp;speed basic-1.0 basic-2.0 basic-5.5 6.0 9.0 basic-11.0 12.0 18.0 24.0 36.0 48.0 54.0<br />
&nbsp;station-role root<br />
&nbsp;bridge-group 1<br />
&nbsp;bridge-group 1 subscriber-loop-control<br />
&nbsp;bridge-group 1 block-unknown-source<br />
&nbsp;no bridge-group 1 source-learning<br />
&nbsp;no bridge-group 1 unicast-flooding<br />
&nbsp;bridge-group 1 spanning-disabled<br />
!<br />
interface FastEthernet0<br />
&nbsp;no ip address<br />
&nbsp;no ip route-cache<br />
&nbsp;duplex auto<br />
&nbsp;speed auto<br />
&nbsp;bridge-group 1<br />
&nbsp;no bridge-group 1 source-learning<br />
&nbsp;bridge-group 1 spanning-disabled<br />
&nbsp;hold-queue 160 in<br />
!<br />
interface BVI1<br />
&nbsp;ip address dhcp<br />
&nbsp;no ip route-cache<br />
!<br />
ip http server<br />
ip http authentication aaa<br />
no ip http secure-server<br />
ip http help-path http://www.cisco.com/warp/public/779/smbiz/prodconfig/help/eag<br />
!<br />
snmp-server community sssg RO<br />
!alias exec int show ip interface brief<br />
alias exec rn show ip route<br />
!<br />
line con 0<br />
line vty 0 4<br />
&nbsp;privilege level 15<br />
&nbsp;transport preferred none<br />
&nbsp;transport input ssh<br />
!<br />
sntp server 192.168.13.1<br />
end<br />
<br />
<br />
control-plane<br />
!<br />
bridge 1 route ip<br />
!<br />
!<br />
<br />
&nbsp;no ip address<br />
<br />
&nbsp;</p>
$@MID@$: 24
Date: Thu, 16 May 2013 21:17:41 +0000
Author: lstolp
S/N: atdkwl1
Type: Configuration
equipment: aironet1200
Subject: atdkwl1 configuration
Cruise: atpostat2502
Attachment: 
Encoding: HTML
========================================
<p>Cisco IOS Software, C1200 Software (C1200-K9W7-M), Version 12.3(8)JEA3, RELEASE SOFTWARE (fc2)<br />
Technical Support: http://www.cisco.com/techsupport<br />
Copyright (c) 1986-2007 by Cisco Systems, Inc.<br />
Compiled Wed 21-Nov-07 13:56 by ccai<br />
<br />
ROM: Bootstrap program is C1200 boot loader<br />
BOOTLDR: C1200 Boot Loader (C1200-BOOT-M) Version 12.2(8)JA, EARLY DEPLOYMENT RELEASE SOFTWARE (fc1)<br />
<br />
atdkwl1 uptime is 5 minutes<br />
System returned to ROM by power-on<br />
System image file is &quot;flash:/c1200-k9w7-mx.123-8.JEA3/c1200-k9w7-mx.123-8.JEA3&quot;<br />
<br />
<br />
This product contains cryptographic features and is subject to United<br />
States and local country laws governing import, export, transfer and<br />
use. Delivery of Cisco cryptographic products does not imply<br />
third-party authority to import, export, distribute or use encryption.<br />
Importers, exporters, distributors and users are responsible for<br />
compliance with U.S. and local country laws. By using this product you<br />
agree to comply with applicable laws and regulations. If you are unable<br />
to comply with U.S. and local laws, return this product immediately.<br />
<br />
A summary of U.S. laws governing Cisco cryptographic products may be found at:<br />
http://www.cisco.com/wwl/export/crypto/tool/stqrg.html<br />
<br />
If you require further assistance please contact us by sending email to<br />
export@cisco.com.<br />
<br />
cisco AIR-AP1231G-A-K9&nbsp;&nbsp;&nbsp;&nbsp; (PowerPC405GP) processor (revision B0) with 15138K/1236K bytes of memory.<br />
Processor board ID FOC081017G4<br />
PowerPC405GP CPU at 196Mhz, revision number 0x0145<br />
Last reset from power-on<br />
1 FastEthernet interface<br />
1 802.11 Radio(s)<br />
<br />
32K bytes of flash-simulated non-volatile configuration memory.Base ethernet MAC Address: 00:0F:8F:32:81:E6<br />
Part Number&nbsp;&nbsp;&nbsp;&nbsp;&nbsp;&nbsp;&nbsp;&nbsp;&nbsp;&nbsp;&nbsp;&nbsp;&nbsp;&nbsp;&nbsp;&nbsp;&nbsp;&nbsp;&nbsp;&nbsp;&nbsp;&nbsp;&nbsp;&nbsp;&nbsp; : 73-8704-07<br />
PCA Assembly Number&nbsp;&nbsp;&nbsp;&nbsp;&nbsp;&nbsp;&nbsp;&nbsp;&nbsp;&nbsp;&nbsp;&nbsp;&nbsp;&nbsp;&nbsp;&nbsp;&nbsp; : 800-23211-08<br />
PCA Revision Number&nbsp;&nbsp;&nbsp;&nbsp;&nbsp;&nbsp;&nbsp;&nbsp;&nbsp;&nbsp;&nbsp;&nbsp;&nbsp;&nbsp;&nbsp;&nbsp;&nbsp; : A0<br />
PCB Serial Number&nbsp;&nbsp;&nbsp;&nbsp;&nbsp;&nbsp;&nbsp;&nbsp;&nbsp;&nbsp;&nbsp;&nbsp;&nbsp;&nbsp;&nbsp;&nbsp;&nbsp;&nbsp;&nbsp; : FOC081017G4<br />
Top Assembly Part Number&nbsp;&nbsp;&nbsp;&nbsp;&nbsp;&nbsp;&nbsp;&nbsp;&nbsp;&nbsp;&nbsp;&nbsp; : 800-23304-07<br />
Top Assembly Serial Number&nbsp;&nbsp;&nbsp;&nbsp;&nbsp;&nbsp;&nbsp;&nbsp;&nbsp;&nbsp; : FTX0813J1R0<br />
Top Revision Number&nbsp;&nbsp;&nbsp;&nbsp;&nbsp;&nbsp;&nbsp;&nbsp;&nbsp;&nbsp;&nbsp;&nbsp;&nbsp;&nbsp;&nbsp;&nbsp;&nbsp; : B0<br />
Product/Model Number&nbsp;&nbsp;&nbsp;&nbsp;&nbsp;&nbsp;&nbsp;&nbsp;&nbsp;&nbsp;&nbsp;&nbsp;&nbsp;&nbsp;&nbsp;&nbsp; : AIR-AP1231G-A-K9&nbsp;&nbsp;&nbsp; <br />
<br />
Current configuration : 1524 bytes<br />
!<br />
version 12.3<br />
no service pad<br />
service timestamps debug datetime msec<br />
service timestamps log datetime msec<br />
service password-encryption<br />
!<br />
hostname atdkwl1<br />
!<br />
!<br />
ip subnet-zero<br />
ip domain name cabin.atlantis.whoi.edu<br />
!<br />
!<br />
aaa new-model<br />
!<br />
!<br />
aaa authentication login default local<br />
aaa authorization exec default local <br />
aaa session-id common<br />
!<br />
dot11 ssid atlantisdeckwifi<br />
&nbsp;&nbsp; authentication open <br />
!<br />
!<br />
!<br />
username Cisco password 7 096F471A1A0A<br />
username sssg privilege 15 password 7 1501585C552B3F2220<br />
!<br />
bridge irb<br />
!<br />
!<br />
interface Dot11Radio0<br />
&nbsp;no ip address<br />
&nbsp;no ip route-cache<br />
&nbsp;!<br />
&nbsp;ssid atlantisdeckwifi<br />
&nbsp;!&nbsp;&nbsp;&nbsp;&nbsp;&nbsp;&nbsp;&nbsp; <br />
&nbsp;speed basic-1.0 basic-2.0 basic-5.5 6.0 9.0 basic-11.0 12.0 18.0 24.0 36.0 48.0 54.0<br />
&nbsp;station-role root<br />
&nbsp;bridge-group 1<br />
&nbsp;bridge-group 1 subscriber-loop-control<br />
&nbsp;bridge-group 1 block-unknown-source<br />
&nbsp;no bridge-group 1 source-learning<br />
&nbsp;no bridge-group 1 unicast-flooding<br />
&nbsp;bridge-group 1 spanning-disabled<br />
!<br />
interface FastEthernet0<br />
&nbsp;no ip address<br />
&nbsp;no ip route-cache<br />
&nbsp;duplex auto<br />
&nbsp;speed auto<br />
&nbsp;bridge-group 1<br />
&nbsp;no bridge-group 1 source-learning<br />
&nbsp;bridge-group 1 spanning-disabled<br />
&nbsp;hold-queue 160 in<br />
!<br />
interface BVI1<br />
&nbsp;ip address dhcp<br />
&nbsp;no ip route-cache<br />
!<br />
ip http server<br />
ip http authentication aaa<br />
no ip http secure-server<br />
ip http help-path http://www.cisco.com/warp/public/779/smbiz/prodconfig/help/eag<br />
!<br />
snmp-server community sssg RO<br />
!<br />
control-plane<br />
!<br />
bridge 1 route ip<br />
!<br />
!<br />
alias exec int show ip interface brief<br />
alias exec rn show ip route<br />
!<br />
line con 0<br />
line vty 0 4<br />
&nbsp;privilege level 15<br />
&nbsp;transport preferred none<br />
&nbsp;transport input ssh<br />
!<br />
end<br />
&nbsp;</p>
