$@MID@$: 104
Date: Wed, 24 Mar 2021 23:02:55 +0000
Author: AH
System: EM124 - Kongsberg
Type: Configuration
Category: Other
S/N: 
Subject / Summary: Order of TX/RX Modules
Cruise: MIDLIFE
Attachment: 210324_230339_EM124_modules.xlsx
Encoding: HTML
========================================
<table border="0" cellpadding="0" cellspacing="0" style="border-collapse:collapse; width:390pt"><!--StartFragment-->
	<tbody>
		<tr>
			<td colspan="4" style="height:21.0pt; width:260pt">ORDER OF EM124 MODULES</td>
			<td style="width:65pt">&nbsp;</td>
			<td style="width:65pt">&nbsp;</td>
		</tr>
		<tr>
			<td style="height:19.0pt">&nbsp;</td>
			<td>&nbsp;</td>
			<td>&nbsp;</td>
			<td>&nbsp;</td>
			<td>&nbsp;</td>
			<td>&nbsp;</td>
		</tr>
		<tr>
			<td style="height:21.0pt">&nbsp;</td>
			<td>RX</td>
			<td>&nbsp;</td>
			<td>&nbsp;</td>
			<td>&nbsp;</td>
			<td>TX</td>
		</tr>
		<tr>
			<td style="height:19.0pt">PORT&nbsp;</td>
			<td>&nbsp;</td>
			<td>&nbsp;</td>
			<td>&nbsp;</td>
			<td>&nbsp;</td>
			<td>&nbsp;</td>
		</tr>
		<tr>
			<td style="height:19.0pt">1</td>
			<td>954</td>
			<td>&nbsp;</td>
			<td>&nbsp;</td>
			<td>1</td>
			<td>6731</td>
		</tr>
		<tr>
			<td style="height:19.0pt">2</td>
			<td>955</td>
			<td>&nbsp;</td>
			<td>&nbsp;</td>
			<td>2</td>
			<td>6732</td>
		</tr>
		<tr>
			<td style="height:19.0pt">3</td>
			<td>957</td>
			<td>&nbsp;</td>
			<td>&nbsp;</td>
			<td>3</td>
			<td>6733</td>
		</tr>
		<tr>
			<td style="height:19.0pt">4</td>
			<td>959</td>
			<td>&nbsp;</td>
			<td>&nbsp;</td>
			<td>4</td>
			<td>6734</td>
		</tr>
		<tr>
			<td style="height:19.0pt">5</td>
			<td>960</td>
			<td>&nbsp;</td>
			<td>&nbsp;</td>
			<td>5</td>
			<td>6735</td>
		</tr>
		<tr>
			<td style="height:19.0pt">6</td>
			<td>962</td>
			<td>&nbsp;</td>
			<td>&nbsp;</td>
			<td>6</td>
			<td>6736</td>
		</tr>
		<tr>
			<td style="height:19.0pt">7</td>
			<td>963</td>
			<td>&nbsp;</td>
			<td>&nbsp;</td>
			<td>7</td>
			<td>6737</td>
		</tr>
		<tr>
			<td style="height:19.0pt">8</td>
			<td>966</td>
			<td>&nbsp;</td>
			<td>&nbsp;</td>
			<td>8</td>
			<td>6738</td>
		</tr>
		<tr>
			<td style="height:19.0pt">9</td>
			<td>970</td>
			<td>&nbsp;</td>
			<td>&nbsp;</td>
			<td>9</td>
			<td>6739</td>
		</tr>
		<tr>
			<td style="height:19.0pt">10</td>
			<td>977</td>
			<td>&nbsp;</td>
			<td>&nbsp;</td>
			<td>10</td>
			<td>6740</td>
		</tr>
		<tr>
			<td style="height:19.0pt">11</td>
			<td>981</td>
			<td>&nbsp;</td>
			<td>&nbsp;</td>
			<td>11</td>
			<td>6741</td>
		</tr>
		<tr>
			<td style="height:19.0pt">12</td>
			<td>982</td>
			<td>&nbsp;</td>
			<td>&nbsp;</td>
			<td>12</td>
			<td>6742</td>
		</tr>
		<tr>
			<td style="height:19.0pt">13</td>
			<td>1039</td>
			<td>&nbsp;</td>
			<td>&nbsp;</td>
			<td>13</td>
			<td>6743</td>
		</tr>
		<tr>
			<td style="height:19.0pt">14</td>
			<td>1042</td>
			<td>&nbsp;</td>
			<td>&nbsp;</td>
			<td>14</td>
			<td>6744</td>
		</tr>
		<tr>
			<td style="height:19.0pt">15</td>
			<td>1049</td>
			<td>&nbsp;</td>
			<td>&nbsp;</td>
			<td>15</td>
			<td>6745</td>
		</tr>
		<tr>
			<td style="height:19.0pt">16</td>
			<td>1051</td>
			<td>&nbsp;</td>
			<td>&nbsp;</td>
			<td>16</td>
			<td>6746</td>
		</tr>
		<tr>
			<td style="height:19.0pt">STBD</td>
			<td>&nbsp;</td>
			<td>&nbsp;</td>
			<td>&nbsp;</td>
			<td>17</td>
			<td>6747</td>
		</tr>
		<tr>
			<td style="height:19.0pt">&nbsp;</td>
			<td>&nbsp;</td>
			<td>&nbsp;</td>
			<td>&nbsp;</td>
			<td>18</td>
			<td>6748</td>
		</tr>
		<tr>
			<td style="height:19.0pt">&nbsp;</td>
			<td>&nbsp;</td>
			<td>&nbsp;</td>
			<td>&nbsp;</td>
			<td>19</td>
			<td>6749</td>
		</tr>
		<tr>
			<td style="height:19.0pt">&nbsp;</td>
			<td>&nbsp;</td>
			<td>&nbsp;</td>
			<td>&nbsp;</td>
			<td>20</td>
			<td>6750</td>
		</tr>
		<tr>
			<td style="height:19.0pt">&nbsp;</td>
			<td>&nbsp;</td>
			<td>&nbsp;</td>
			<td>&nbsp;</td>
			<td>21</td>
			<td>6751</td>
		</tr>
		<tr>
			<td style="height:19.0pt">&nbsp;</td>
			<td>&nbsp;</td>
			<td>&nbsp;</td>
			<td>&nbsp;</td>
			<td>22</td>
			<td>6752</td>
		</tr>
		<tr>
			<td style="height:19.0pt">&nbsp;</td>
			<td>&nbsp;</td>
			<td>&nbsp;</td>
			<td>&nbsp;</td>
			<td>23</td>
			<td>6753</td>
		</tr>
		<tr>
			<td style="height:19.0pt">&nbsp;</td>
			<td>&nbsp;</td>
			<td>&nbsp;</td>
			<td>&nbsp;</td>
			<td>24</td>
			<td>6754</td>
		</tr>
		<tr>
			<td style="height:19.0pt">&nbsp;</td>
			<td>&nbsp;</td>
			<td>&nbsp;</td>
			<td>&nbsp;</td>
			<td>25</td>
			<td>6755</td>
		</tr>
		<tr>
			<td style="height:19.0pt">&nbsp;</td>
			<td>&nbsp;</td>
			<td>&nbsp;</td>
			<td>&nbsp;</td>
			<td>26</td>
			<td>6756</td>
		</tr>
		<tr>
			<td style="height:19.0pt">&nbsp;</td>
			<td>&nbsp;</td>
			<td>&nbsp;</td>
			<td>&nbsp;</td>
			<td>27</td>
			<td>6757</td>
		</tr>
		<tr>
			<td style="height:19.0pt">&nbsp;</td>
			<td>&nbsp;</td>
			<td>&nbsp;</td>
			<td>&nbsp;</td>
			<td>28</td>
			<td>6758</td>
		</tr>
		<tr>
			<td style="height:19.0pt">&nbsp;</td>
			<td>&nbsp;</td>
			<td>&nbsp;</td>
			<td>&nbsp;</td>
			<td>29</td>
			<td>6760</td>
		</tr>
		<tr>
			<td style="height:19.0pt">&nbsp;</td>
			<td>&nbsp;</td>
			<td>&nbsp;</td>
			<td>&nbsp;</td>
			<td>30</td>
			<td>6761</td>
		</tr>
		<tr>
			<td style="height:19.0pt">&nbsp;</td>
			<td>&nbsp;</td>
			<td>&nbsp;</td>
			<td>&nbsp;</td>
			<td>31</td>
			<td>6762</td>
		</tr>
		<tr>
			<td style="height:19.0pt">&nbsp;</td>
			<td>&nbsp;</td>
			<td>&nbsp;</td>
			<td>&nbsp;</td>
			<td>32</td>
			<td>6763</td>
		</tr>
		<tr>
			<td style="height:19.0pt">&nbsp;</td>
			<td>&nbsp;</td>
			<td>&nbsp;</td>
			<td>&nbsp;</td>
			<td>33</td>
			<td>6764</td>
		</tr>
		<tr>
			<td style="height:19.0pt">&nbsp;</td>
			<td>&nbsp;</td>
			<td>&nbsp;</td>
			<td>&nbsp;</td>
			<td>34</td>
			<td>6765</td>
		</tr>
		<tr>
			<td style="height:19.0pt">&nbsp;</td>
			<td>&nbsp;</td>
			<td>&nbsp;</td>
			<td>&nbsp;</td>
			<td>35</td>
			<td>6766</td>
		</tr>
		<tr>
			<td style="height:19.0pt">&nbsp;</td>
			<td>&nbsp;</td>
			<td>&nbsp;</td>
			<td>&nbsp;</td>
			<td>36</td>
			<td>6767</td>
		</tr>
		<tr>
			<td style="height:19.0pt">&nbsp;</td>
			<td>&nbsp;</td>
			<td>&nbsp;</td>
			<td>&nbsp;</td>
			<td>37</td>
			<td>6768</td>
		</tr>
		<tr>
			<td style="height:19.0pt">&nbsp;</td>
			<td>&nbsp;</td>
			<td>&nbsp;</td>
			<td>&nbsp;</td>
			<td>38</td>
			<td>6769</td>
		</tr>
		<tr>
			<td style="height:19.0pt">&nbsp;</td>
			<td>&nbsp;</td>
			<td>&nbsp;</td>
			<td>&nbsp;</td>
			<td>39</td>
			<td>6770</td>
		</tr>
		<tr>
			<td style="height:19.0pt">&nbsp;</td>
			<td>&nbsp;</td>
			<td>&nbsp;</td>
			<td>&nbsp;</td>
			<td>40</td>
			<td>6771</td>
		</tr>
		<tr>
			<td style="height:19.0pt">&nbsp;</td>
			<td>&nbsp;</td>
			<td>&nbsp;</td>
			<td>&nbsp;</td>
			<td>41</td>
			<td>6772</td>
		</tr>
		<tr>
			<td style="height:19.0pt">&nbsp;</td>
			<td>&nbsp;</td>
			<td>&nbsp;</td>
			<td>&nbsp;</td>
			<td>42</td>
			<td>6773</td>
		</tr>
		<tr>
			<td style="height:19.0pt">&nbsp;</td>
			<td>&nbsp;</td>
			<td>&nbsp;</td>
			<td>&nbsp;</td>
			<td>43</td>
			<td>6774</td>
		</tr>
		<tr>
			<td style="height:19.0pt">&nbsp;</td>
			<td>&nbsp;</td>
			<td>&nbsp;</td>
			<td>&nbsp;</td>
			<td>44</td>
			<td>6775</td>
		</tr>
		<tr>
			<td style="height:19.0pt">&nbsp;</td>
			<td>&nbsp;</td>
			<td>&nbsp;</td>
			<td>&nbsp;</td>
			<td>45</td>
			<td>6776</td>
		</tr>
		<tr>
			<td style="height:19.0pt">&nbsp;</td>
			<td>&nbsp;</td>
			<td>&nbsp;</td>
			<td>&nbsp;</td>
			<td>46</td>
			<td>6777</td>
		</tr>
		<tr>
			<td style="height:19.0pt">&nbsp;</td>
			<td>&nbsp;</td>
			<td>&nbsp;</td>
			<td>&nbsp;</td>
			<td>47</td>
			<td>6778</td>
		</tr>
		<tr>
			<td style="height:19.0pt">&nbsp;</td>
			<td>&nbsp;</td>
			<td>&nbsp;</td>
			<td>&nbsp;</td>
			<td>48</td>
			<td>6779</td>
		</tr>
		<tr>
			<td style="height:19.0pt">&nbsp;</td>
			<td>&nbsp;</td>
			<td>&nbsp;</td>
			<td>&nbsp;</td>
			<td>&nbsp;</td>
			<td>&nbsp;</td>
		</tr>
		<tr>
			<td style="height:19.0pt">&nbsp;</td>
			<td>&nbsp;</td>
			<td>&nbsp;</td>
			<td>&nbsp;</td>
			<td>&nbsp;</td>
			<td>&nbsp;</td>
		</tr>
		<tr>
			<td style="height:19.0pt">&nbsp;</td>
			<td>&nbsp;</td>
			<td>&nbsp;</td>
			<td>&nbsp;</td>
			<td>&nbsp;</td>
			<td>&nbsp;</td>
		</tr>
		<tr>
			<td style="height:19.0pt">&nbsp;</td>
			<td>&nbsp;</td>
			<td>&nbsp;</td>
			<td>&nbsp;</td>
			<td>&nbsp;</td>
			<td>&nbsp;</td>
		</tr>
		<tr>
			<td style="height:19.0pt">&nbsp;</td>
			<td>&nbsp;</td>
			<td>&nbsp;</td>
			<td>&nbsp;</td>
			<td>&nbsp;</td>
			<td>&nbsp;</td>
		</tr>
		<tr>
			<td style="height:19.0pt">&nbsp;</td>
			<td>&nbsp;</td>
			<td>&nbsp;</td>
			<td>&nbsp;</td>
			<td>&nbsp;</td>
			<td>&nbsp;</td>
		</tr>
		<!--EndFragment-->
	</tbody>
</table>
