$@MID@$: 57
Date: Fri, 26 Feb 2016 20:01:20 +0000
Author: Catie
S/N: 
Type: Fix
Component: radome / antenna
Subject: Brand new A/C unit installed 
Cruise: shipyard 2015-16
Attachment: 
Encoding: HTML
========================================
<p>Brand new air conditioner unit installed 24 Feb 2016 by Karl Kapusta</p>
$@MID@$: 58
Date: Fri, 26 Feb 2016 20:04:59 +0000
Author: Catie
S/N: 
Type: Configuration
Component: comtech modem
Subject: Frequency / data rate shift
Cruise: shipyard 2015-16
Attachment: 
Encoding: HTML
========================================
<p>Atlantis Tx rate changed to .256784 and Tx freq changed to 79.7452 to bring us back online on AOR.</p>
