$@MID@$: 76
Date: Sun, 04 Dec 2016 19:11:11 +0000
Author: AH
S/N: 
Type: Other
Component: radome / antenna
Subject: SPARES MISSING!
Cruise: at37-05
Attachment: 
Encoding: HTML
========================================
<p>A box of spares has gone missing.&nbsp; There was supposed to be a cardboard box containing:</p>
<p><style type="text/css">
<!--table
	{mso-displayed-decimal-separator:"\.";
	mso-displayed-thousand-separator:"\,";}
.font5
	{color:windowtext;
	font-size:8.0pt;
	font-weight:400;
	font-style:normal;
	text-decoration:none;
	font-family:Verdana;
	mso-generic-font-family:auto;
	mso-font-charset:0;}
td
	{padding-top:1px;
	padding-right:1px;
	padding-left:1px;
	mso-ignore:padding;
	color:windowtext;
	font-size:10.0pt;
	font-weight:400;
	font-style:normal;
	text-decoration:none;
	font-family:Verdana;
	mso-generic-font-family:auto;
	mso-font-charset:0;
	mso-number-format:General;
	text-align:general;
	vertical-align:bottom;
	border:none;
	mso-background-source:auto;
	mso-pattern:auto;
	mso-protection:locked visible;
	white-space:nowrap;
	mso-rotate:0;}
.xl65
	{text-align:center;
	vertical-align:top;
	border:.5pt solid windowtext;
	white-space:normal;}
.xl66
	{text-align:left;
	vertical-align:top;
	border:.5pt solid windowtext;
	white-space:normal;}
.xl67
	{vertical-align:top;
	border:.5pt solid windowtext;
	white-space:normal;}
.xl68
	{vertical-align:top;
	border:.5pt solid windowtext;}
.xl69
	{text-align:center;
	vertical-align:top;
	border:.5pt solid windowtext;}
ruby
	{ruby-align:left;}
rt
	{color:windowtext;
	font-size:8.0pt;
	font-weight:400;
	font-style:normal;
	text-decoration:none;
	font-family:Verdana;
	mso-generic-font-family:auto;
	mso-font-charset:0;
	mso-char-type:none;
	display:none;}
-->
</style></p>
<table width="941" cellspacing="0" cellpadding="0" border="0" style="border-collapse:
    collapse">
    <colgroup><col width="46" style="mso-width-source:userset;mso-width-alt:1682" />  <col width="138" style="mso-width-source:userset;mso-width-alt:5046" />  <col width="225" style="mso-width-source:userset;mso-width-alt:8228" />  <col width="244" style="mso-width-source:userset;mso-width-alt:8923" />  <col width="92" style="mso-width-source:userset;mso-width-alt:3364" />  <col width="89" style="mso-width-source:userset;mso-width-alt:3254" />  <col width="107" style="mso-width-source:userset;mso-width-alt:3913" />  </colgroup>
    <tbody>
        <tr height="13">
            <td width="46" height="13" class="xl69">2</td>
            <td width="138" class="xl68">&nbsp;</td>
            <td width="225" class="xl68">TX comtech transmit coax cable</td>
            <td width="244" class="xl68">&nbsp;</td>
            <td width="92" class="xl68">hiseasnet</td>
            <td width="89" class="xl68">&nbsp;</td>
            <td width="107" class="xl68">cardboard box</td>
        </tr>
        <tr height="13">
            <td height="13" class="xl69">1</td>
            <td class="xl68">&nbsp;</td>
            <td class="xl68">Coax cable</td>
            <td class="xl68">&nbsp;</td>
            <td class="xl68">hiseasnet</td>
            <td class="xl68">&nbsp;</td>
            <td class="xl68">cardboard box</td>
        </tr>
        <tr height="13">
            <td height="13" class="xl69">1</td>
            <td class="xl68">&nbsp;</td>
            <td class="xl68">HSN RF Splitterout to comtech rx Coax</td>
            <td class="xl68">&nbsp;</td>
            <td class="xl68">hiseasnet</td>
            <td class="xl68">&nbsp;</td>
            <td class="xl68">cardboard box</td>
        </tr>
        <tr height="13">
            <td width="46" height="13" class="xl65">2</td>
            <td width="138" class="xl66">&nbsp;</td>
            <td width="225" class="xl67">25 dB in-line amplifier w/power supply</td>
            <td width="244" class="xl67">&nbsp;</td>
            <td class="xl68">hiseasnet</td>
            <td class="xl68">&nbsp;</td>
            <td class="xl68">cardboard box</td>
        </tr>
        <tr height="26">
            <td width="46" height="26" class="xl65">1</td>
            <td width="138" class="xl66">130854-2 Rev G</td>
            <td width="225" class="xl67">FSK multiplexer - modem ASM 400 Mz 4CH</td>
            <td width="244" class="xl67">&nbsp;</td>
            <td class="xl68">hiseasnet</td>
            <td class="xl68">&nbsp;</td>
            <td class="xl68">cardboard box</td>
        </tr>
        <tr height="13">
            <td height="13" class="xl69">1</td>
            <td class="xl68">GM9212C226-R3</td>
            <td class="xl68">Motor thing</td>
            <td class="xl68">&nbsp;</td>
            <td class="xl68">hiseasnet</td>
            <td class="xl68">&nbsp;</td>
            <td class="xl68">cardboard box</td>
        </tr>
    </tbody>
</table>
<p>&nbsp;</p>
<p><style type="text/css">
<!--table
	{mso-displayed-decimal-separator:"\.";
	mso-displayed-thousand-separator:"\,";}
.font5
	{color:windowtext;
	font-size:8.0pt;
	font-weight:400;
	font-style:normal;
	text-decoration:none;
	font-family:Verdana;
	mso-generic-font-family:auto;
	mso-font-charset:0;}
td
	{padding-top:1px;
	padding-right:1px;
	padding-left:1px;
	mso-ignore:padding;
	color:windowtext;
	font-size:10.0pt;
	font-weight:400;
	font-style:normal;
	text-decoration:none;
	font-family:Verdana;
	mso-generic-font-family:auto;
	mso-font-charset:0;
	mso-number-format:General;
	text-align:general;
	vertical-align:bottom;
	border:none;
	mso-background-source:auto;
	mso-pattern:auto;
	mso-protection:locked visible;
	white-space:nowrap;
	mso-rotate:0;}
.xl65
	{text-align:center;
	vertical-align:top;
	border:.5pt solid windowtext;
	white-space:normal;}
.xl66
	{text-align:left;
	vertical-align:top;
	border:.5pt solid windowtext;
	white-space:normal;}
.xl67
	{vertical-align:top;
	border:.5pt solid windowtext;
	white-space:normal;}
.xl68
	{vertical-align:top;
	border:.5pt solid windowtext;}
.xl69
	{text-align:center;
	vertical-align:top;
	border:.5pt solid windowtext;}
ruby
	{ruby-align:left;}
rt
	{color:windowtext;
	font-size:8.0pt;
	font-weight:400;
	font-style:normal;
	text-decoration:none;
	font-family:Verdana;
	mso-generic-font-family:auto;
	mso-font-charset:0;
	mso-char-type:none;
	display:none;}
-->
</style></p>
