$@MID@$: 11
Date: Sat, 12 Nov 2016 16:07:21 +0000
Author: Joe McCabe
Type: Routine
Category: General
equipment: 
Subject: VNC connection instructions for computers in labs
Cruise: at37-05
Attachment: 
Encoding: HTML
========================================
<p>If display/connection is lost due to rebooting or any other reason: </p>
<p>In terminal: xtightvncviewer</p>
<p>user name: sonardyne</p>
<p>password: vnc</p>
<p>&nbsp;</p>
$@MID@$: 12
Date: Sat, 12 Nov 2016 16:42:57 +0000
Author: Joe McCabe
Type: Configuration
Category: Software
equipment: Sonardyne software
Subject: Erratic tracking, roll feed from Phins inverted
Cruise: at37-05
Attachment: 
Encoding: HTML
========================================
<p>&nbsp;</p>
<pre>
<span style="font-family: Arial;">USBL reported that the beacon was moving back and forth athwartships synchronized with vessel roll.</span></pre>
<p><span style="font-family: Arial;">It was determined that the Phins roll feed must have been reversed. <br />
</span></p>
<p><span style="font-family: Arial;">Note: recently the Phins software was reportedly updated. <br />
</span></p>
<p><span style="font-family: Arial;">We manually inverted the feed in the Sonardyne software: <br />
</span></p>
<p><span style="font-family: Arial;">edit - IO ports - NCU ports/prdid - advanced - attitude - invert roll. </span></p>
<p>&nbsp;</p>
$@MID@$: 13
Date: Sat, 12 Nov 2016 16:46:12 +0000
Author: Joe McCabe
Type: Routine
Category: Software
equipment: Sonardyne software
Subject: Maximum Tracking Range
Cruise: at37-05
Attachment: 
Encoding: HTML
========================================
<p>If you lose tracking completely check the maximum tracking distance in &quot;environmental&quot; </p>
