$@MID@$: 8
Date: Sat, 02 Jul 2011 12:31:04 +0000
Author: AH - mostly via Laura
System: EM122 - Kongsberg
Type: Configuration
Category: Hardware
S/N: 
Subject / Summary: COMPUTERS - LIMA & KILO
Cruise: at18-07
Attachment: 
Encoding: HTML
========================================
<p>4. Multibeam computers; kilo and lima. <br />
&nbsp;&nbsp; &nbsp;&bull;&nbsp;&nbsp; &nbsp;lima.science.atlantis.whoi.edu&nbsp;&nbsp; 192.168.11.29<br />
&nbsp;&nbsp; &nbsp;&bull;&nbsp;&nbsp; &nbsp;kilo.science.atlantis.whoi.edu&nbsp;&nbsp;&nbsp; 192.168.11.28<br />
&nbsp;&nbsp; &nbsp;&bull;&nbsp;&nbsp; &nbsp;ntpd configured to use ftp 192.168.11.1<br />
&nbsp;&nbsp; &nbsp;&bull;&nbsp;&nbsp; &nbsp;installed:<br />
&nbsp;&nbsp; &nbsp;&bull;&nbsp;&nbsp; &nbsp;fftw-3.2.2.tar.gz<br />
&nbsp;&nbsp; &nbsp;&bull;&nbsp;&nbsp; &nbsp;./configure;make;make install<br />
&nbsp;&nbsp; &nbsp;&bull;&nbsp;&nbsp; &nbsp;matlab R2010b<br />
&nbsp;&nbsp; &nbsp;&bull;&nbsp;&nbsp; &nbsp;netcdf<br />
&nbsp;&nbsp; &nbsp;&bull;&nbsp;&nbsp; &nbsp;gmt 4.4.0<br />
&nbsp;&nbsp; &nbsp;&bull;&nbsp;&nbsp; &nbsp;mbsystems: mbsystem-5.2.1880.tar.gz<br />
&nbsp;&nbsp; &nbsp;&bull;&nbsp;&nbsp; &nbsp;install fftw-3.2.2.tar.gz<br />
&nbsp;&nbsp; &nbsp;&bull;&nbsp;&nbsp; &nbsp;fix mbsystems install_makefile<br />
&nbsp;&nbsp; &nbsp;&bull;&nbsp;&nbsp; &nbsp;used plemmonds from the knorr, need to setup for OS<br />
&nbsp;&nbsp; &nbsp;&bull;&nbsp;&nbsp; &nbsp;run install_makefile<br />
&nbsp;&nbsp; &nbsp;&bull;&nbsp;&nbsp; &nbsp;make; make install<br />
<br />
&nbsp;&nbsp; &nbsp;&bull;&nbsp;&nbsp; &nbsp;apt-get install vpnc, tested VPN and it work via FBB and HSN<br />
&nbsp;&nbsp; &nbsp;&bull;&nbsp;&nbsp; &nbsp;levitus and scripts for converting XBT, CTD, and Levitus files to .asvp format are on lima, sound velocity profiles are copied to:<br />
&nbsp;&nbsp; &nbsp; &nbsp; &nbsp; &nbsp; &nbsp; &nbsp; &nbsp; &nbsp;&nbsp;&nbsp;&nbsp;&nbsp;&nbsp; linus:/home/data/sound_velocity_profiles<br />
<br />
&nbsp;</p>
