$@MID@$: 17
Date: Sun, 13 Nov 2011 07:41:27 +0000
Author: AH
System: EM122 - Kongsberg
Type: General Problem
Category: Hardware
S/N: 
Subject / Summary: Computer Crash & KVM Extender Problem
Cruise: at18-13
Attachment: 
Encoding: HTML
========================================
<p>
<meta content="" name="Title">
<meta content="" name="Keywords">
<meta content="text/html; charset=utf-8" http-equiv="Content-Type">
<meta content="Word.Document" name="ProgId">
<meta content="Microsoft Word 11" name="Generator">
<meta content="Microsoft Word 11" name="Originator">
<link href="file://localhost/Users/aheater/Library/Caches/TemporaryItems/msoclip1/01/clip_filelist.xml" rel="File-List" /> <!--[if gte mso 9]><xml>
 <o:DocumentProperties>
  <o:Template>Normal</o:Template>
  <o:Revision>0</o:Revision>
  <o:TotalTime>0</o:TotalTime>
  <o:Pages>1</o:Pages>
  <o:Words>120</o:Words>
  <o:Characters>686</o:Characters>
  <o:Lines>5</o:Lines>
  <o:Paragraphs>1</o:Paragraphs>
  <o:CharactersWithSpaces>842</o:CharactersWithSpaces>
  <o:Version>11.1282</o:Version>
 </o:DocumentProperties>
 <o:OfficeDocumentSettings>
  <o:AllowPNG/>
 </o:OfficeDocumentSettings>
</xml><![endif]--><!--[if gte mso 9]><xml>
 <w:WordDocument>
  <w:Zoom>0</w:Zoom>
  <w:DoNotShowRevisions/>
  <w:DoNotPrintRevisions/>
  <w:DisplayHorizontalDrawingGridEvery>0</w:DisplayHorizontalDrawingGridEvery>
  <w:DisplayVerticalDrawingGridEvery>0</w:DisplayVerticalDrawingGridEvery>
  <w:UseMarginsForDrawingGridOrigin/>
 </w:WordDocument>
</xml><![endif]--> <style type="text/css">
<!--
 /* Font Definitions */
@font-face
	{font-family:"Times New Roman";
	panose-1:0 2 2 6 3 5 4 5 2 3;
	mso-font-charset:0;
	mso-generic-font-family:auto;
	mso-font-pitch:variable;
	mso-font-signature:50331648 0 0 0 1 0;}
@font-face
	{font-family:"Comic Sans MS";
	panose-1:0 3 15 7 2 3 3 2 2 2;
	mso-font-charset:0;
	mso-generic-font-family:auto;
	mso-font-pitch:variable;
	mso-font-signature:50331648 0 0 0 1 0;}
 /* Style Definitions */
p.MsoNormal, li.MsoNormal, div.MsoNormal
	{mso-style-parent:"";
	margin:0in;
	margin-bottom:.0001pt;
	mso-pagination:widow-orphan;
	font-size:12.0pt;
	font-family:"Comic Sans MS";}
table.MsoNormalTable
	{mso-style-parent:"";
	font-size:10.0pt;
	font-family:"Times New Roman";}
@page Section1
	{size:8.5in 11.0in;
	margin:1.0in 1.25in 1.0in 1.25in;
	mso-header-margin:.5in;
	mso-footer-margin:.5in;
	mso-paper-source:0;}
div.Section1
	{page:Section1;}
-->
</style>  <!--StartFragment-->
<p class="MsoNormal">The HWS computer crashed during the night.<span style="">&nbsp; </span>I am not sure why, but it probably had something to do with the weather we were having.<span style="">&nbsp; </span>We are experiencing 40 knot winds and seas to go with them.<span style="">&nbsp; </span>The first time I reboot it did not see the &ldquo;GRIDS&rdquo; drive.<span style="">&nbsp; </span>I reboot again, and it was okay.<span style="">&nbsp; </span>Later in the day, we lost a portion of the clean power to the lab, and the HWS computer went down again (a ladder fell on a breaker and &ldquo;broke&rdquo; it).<span style="">&nbsp; </span>This time the computer came back up okay, but the KVM extender did not.<span style="">&nbsp; </span>I tried resetting both ends and rebooting the computer (a few times).<span style="">&nbsp; </span>I plugged the mouse and keyboard into the HWS directly, and it worked (but of course it is nearly impossible to operate from across the lab).<span style="">&nbsp; </span>Finally, the mouse and keyboard was hot-plugged back into the KVM after resetting it again, and it worked!</p>
<p class="MsoNormal">HAD TO HOT-PLUG THE MOUSE &amp; KEYBOARD INTO THE KVM EXTENDER AFTER RESETTING TO GET IT TO WORK.</p>
<!--EndFragment--> </meta>
</meta>
</meta>
</meta>
</meta>
</meta>
</p>
