$@MID@$: 9
Date: Mon, 25 Jul 2016 15:09:41 +0000
Author: AH
Type: Procedures
Office_Support: Stolp
Subject / Summary: SAMOS - metadata files - updates
Cruise: at36
link: 
Revisions:  & Mon Jul 25 15:10:35 2016^M
Attachment: 
Encoding: HTML
========================================
<p><span style="font-size: large;">Link:</span></p>
<p><span style="font-size: large;">http://samos.coaps.fsu.edu/html/meta.php</span></p>
<p><span style="font-size: large;">https://samos.coaps.fsu.edu/apps/metadata_ship_list.php</span></p>
<p>&nbsp;</p>
<p>&nbsp;</p>
<p><span style="font-size: large;">login page for metadata interface:</span></p>
<p><span style="font-size: large;">https://samos.coaps.fsu.edu/apps/metadata_ship_list.php</span></p>
<p><span style="font-size: large;"><br />
</span></p>
<p><span style="font-size: large;">login and password - see the password file</span></p>
<p>&nbsp;</p>
<p>&nbsp;</p>
<p>&nbsp;</p>
