$@MID@$: 2
Date: Thu, 10 May 2012 08:47:54 +0000
Author: AH
Subject: Database driven DATA display
Cruise: at20
Attachment: 
Encoding: HTML
========================================
<p><span style="font-size: large;">Scripts are in /usr/lib/cgi-bin/db_driven_data/status_screen on ftp<br />
</span></p>
<p><span style="font-size: large;">Need to do:<br />
</span></p>
<p><span style="font-size: large;">&nbsp;&nbsp;&nbsp;&nbsp;&nbsp;&nbsp;&nbsp;&nbsp;&nbsp;&nbsp; sudo /usr/lib/cgi-bin/db_driven_data/status_screen/route_control.sh restart<br />
</span></p>
<p><span style="font-size: large;">&nbsp;&nbsp;&nbsp;&nbsp;&nbsp;&nbsp;&nbsp;&nbsp;&nbsp;&nbsp; sudo /usr/lib/cgi-bin/db_driven_data/status_screen/winch_control.sh restart<br />
</span></p>
<p><span style="font-size: large;">&nbsp;&nbsp;&nbsp;&nbsp;&nbsp;&nbsp;&nbsp;&nbsp;&nbsp;&nbsp; sudo /usr/lib/cgi-bin/db_driven_data/status_screen/feeder_control.sh restart<br />
</span></p>
<p><span style="font-size: large;"><br />
</span></p>
<p><span style="font-size: large;">If this doesn't work, make sure there are not duplicate processes running.</span></p>
