$@MID@$: 7
Date: Mon, 03 Jun 2013 13:37:00 +0000
Author: AH
S/N: 30451356
Type: Configuration
Category: Software
Subject: SeaLINK SOFTWARE SERIAL NUMBER
Cruise: at26-01
Attachment: 
Encoding: HTML
========================================
<p><span style="font-size: large;">Date: Mon, 3 Jun 2013 09:11:13 -0400<br />
From: Michael Daffern &lt;mike@marinemagnetics.com&gt;<br />
To: Allison Heater &lt;aheater@atlantis.whoi.edu&gt;<br />
<br />
Subject: Re: SeaLINK software<br />
<br />
Hi Alison,<br />
SeaLINK needs a separate serial number from the Mag. I have included one below for<br />
you. Please copy it exactly including capitalization.<br />
<br />
<span style="font-size: xx-large;">Name: Registered User<br />
Company: Woodshole Oceanographic Institute<br />
Serial Number: 30451356</span><br />
<br />
&nbsp;Let me know if there is anything else i can help you with.<br />
<br />
Best regards,<br />
<br />
</span></p>
