$@MID@$: 56
Date: Thu, 04 Dec 2014 16:08:38 +0000
Author: AH
System: EM122 - Kongsberg
Type: Configuration
Category: Software
S/N: 
Subject / Summary: SIS SOFTWARE - em122 upgrade
Cruise: 
Attachment: 
Encoding: HTML
========================================
<p>Version:1.0 StartHTML:0000000201 EndHTML:0000030444 StartFragment:0000003992 EndFragment:0000030408 SourceURL:file://localhost/Users/aheater/Desktop/em122_upgrade/EM122_SIS_UPGRADE_DOCUMENTATION             <style type="text/css">
<!--
 /* Font Definitions */
@font-face
	{font-family:"Times New Roman";
	panose-1:0 2 2 6 3 5 4 5 2 3;
	mso-font-alt:"‚l‚r ƒSƒVƒbƒN";
	mso-font-charset:0;
	mso-generic-font-family:auto;
	mso-font-pitch:variable;
	mso-font-signature:50331648 0 0 0 1 0;}
@font-face
	{font-family:Arial;
	panose-1:0 2 11 6 4 2 2 2 2 2;
	mso-font-charset:0;
	mso-generic-font-family:auto;
	mso-font-pitch:variable;
	mso-font-signature:50331648 0 0 0 1 0;}
@font-face
	{font-family:"Courier New";
	panose-1:0 2 7 3 9 2 2 5 2 4;
	mso-font-charset:0;
	mso-generic-font-family:auto;
	mso-font-pitch:variable;
	mso-font-signature:50331648 0 0 0 1 0;}
@font-face
	{font-family:Wingdings;
	panose-1:0 5 0 0 0 0 0 0 0 0;
	mso-font-charset:2;
	mso-generic-font-family:auto;
	mso-font-pitch:variable;
	mso-font-signature:0 0 256 0 -2147483648 0;}
@font-face
	{font-family:Calibri;
	panose-1:0 2 15 5 2 2 2 4 3 2;
	mso-font-charset:0;
	mso-generic-font-family:auto;
	mso-font-pitch:variable;
	mso-font-signature:50331648 0 0 0 1 0;}
 /* Style Definitions */
p.MsoNormal, li.MsoNormal, div.MsoNormal
	{mso-style-parent:"";
	margin:0in;
	margin-bottom:.0001pt;
	mso-pagination:widow-orphan;
	font-size:12.0pt;
	font-family:Arial;}
a:link, span.MsoHyperlink
	{color:blue;
	text-decoration:underline;
	text-underline:single;}
a:visited, span.MsoHyperlinkFollowed
	{color:purple;
	text-decoration:underline;
	text-underline:single;}
table.MsoNormalTable
	{mso-style-parent:"";
	font-size:10.0pt;
	font-family:"Times New Roman";}
p.ListParagraph, li.ListParagraph, div.ListParagraph
	{mso-style-name:"List Paragraph";
	margin-top:0in;
	margin-right:0in;
	margin-bottom:10.0pt;
	margin-left:.5in;
	line-height:115%;
	mso-pagination:widow-orphan;
	font-size:11.0pt;
	font-family:Calibri;}
@page Section1
	{size:8.5in 11.0in;
	margin:1.0in 1.25in 1.0in 1.25in;
	mso-header-margin:.5in;
	mso-footer-margin:.5in;
	mso-paper-source:0;}
div.Section1
	{page:Section1;}
 /* List Definitions */
@list l0
	{mso-list-id:908348596;
	mso-list-type:hybrid;
	mso-list-template-ids:-1272839870 67698703 67698691 67698693 67698689 67698691 67698693 67698689 67698691 67698693;}
@list l0:level1
	{mso-level-tab-stop:none;
	mso-level-number-position:left;
	text-indent:-.25in;}
ol
	{margin-bottom:0in;}
ul
	{margin-bottom:0in;}
-->
</style></p>
<p style="mso-margin-top-alt:auto;mso-margin-bottom-alt:auto" class="MsoNormal"><span style="font-size:18.0pt;font-family:Times">A SIS Upgrade was performed on both the backup (HWS2 - white case) and the original (HWS - black case) em122 computers at some point after AT26-21.&nbsp; Robbie Laird performed the original upgrades.&nbsp; </span></p>
<p style="mso-margin-top-alt:auto;mso-margin-bottom-alt:auto" class="MsoNormal"><span style="font-size:18.0pt;font-family:Times">Each computer was upgraded to Windows 7 - 64 bit operating system with Service Pack 1.&nbsp; Available Windows updates were downloaded and installed.&nbsp; Since XP can not be directly upgraded to Win 7, this operating system upgrade actually involved an entirely new operating system installation - thus, initially, the boot drive was completely cleaned of any remnants of the old SIS application.</span></p>
<p style="mso-margin-top-alt:auto;mso-margin-bottom-alt:auto" class="MsoNormal"><span style="font-size:18.0pt;font-family:Times">Prior to wiping the old SIS installations, screenshots were made and pu parameters and user parameters were exported and saved.</span></p>
<p style="mso-margin-top-alt:auto;mso-margin-bottom-alt:auto" class="MsoNormal"><span style="font-size:18.0pt;font-family:Times">The SIS application was then loaded according to the installation instructions provided on the software installation DVD</span><span style="font-size:10.0pt;font-family:Times">. &nbsp; </span><span style="font-size:18.0pt;font-family:Times">The basic beginning steps are as follows:</span></p>
<p style="mso-margin-top-alt:auto;mso-margin-bottom-alt:auto" class="MsoNormal"><span style="font-size:18.0pt;font-family:Times"><br />
</span><span style="font-family:Times">SIS has been tested on Windows XP with all updates applied, on selected PC hardware.<br />
installation is carried out like this:<br />
Make sure you have Administrator privileges<br />
Insert the DVD.<br />
If the DVD is not in autorun mode, run the file setup.bat.<br />
Read the installation instruction carefully.<br />
Then install the Seafloor Information System. It is important to read, understand and follow the online instructions.<br />
has to be installed on a PC with English XP. Set the users<br />
SIS language before SIS is installed.<br />
The following programs will be installed:<br />
&bull;&nbsp;&nbsp;&nbsp; The Seafloor Information System<br />
&bull;&nbsp;&nbsp;&nbsp; postgresql database server<br />
&bull;&nbsp;&nbsp;&nbsp; Java will be installed if not already present, or updated to 1.6 if present.<br />
&bull;&nbsp;&nbsp;&nbsp; The HASP device driver will be installed. This device driver is needed to communicate with the licence dongle.<br />
&bull;&nbsp;&nbsp;&nbsp; An ODBC entry will be created in the registry to communicate with the database.</span></p>
<p style="mso-margin-top-alt:auto;mso-margin-bottom-alt:auto" class="MsoNormal"><span style="font-size:18.0pt;font-family:Times">The Wizard takes care of most of the installation process with minor interaction of the installer to select data and grid drives and other fairly straightforward activities.</span></p>
<p style="mso-margin-top-alt:auto;mso-margin-bottom-alt:auto" class="MsoNormal"><span style="font-size:18.0pt;font-family:Times">Once the installation was complete, the computer was restarted.</span></p>
<p style="mso-margin-top-alt:auto;mso-margin-bottom-alt:auto" class="MsoNormal"><span style="font-size:18.0pt;font-family:Times">**One important thing to note is that when one reaches the bottom of the &quot;Install.pdf&quot; it refers to &quot;If an earlier version of SIS is to be installed after SIS 3.6 has been uninstalled ...&quot;&nbsp; We were installing SIS version 4.1.3 Build 14 DBVersion 24.0</span></p>
<p style="mso-margin-top-alt:auto;mso-margin-bottom-alt:auto" class="MsoNormal"><span style="font-size:18.0pt;font-family:Times">Robbie then imported the pu parameters and user settings.&nbsp; </span></p>
<p style="mso-margin-top-alt:auto;mso-margin-bottom-alt:auto" class="MsoNormal"><span style="font-size:18.0pt;font-family:Times">As far as I know, HWS2 was good to go after that.&nbsp; I don't know how much it was run on the transit from San Francisco to Manzanillo, or how much it was tested.&nbsp; It could not have been thoroughly tested at the dock.&nbsp; But, it appears to work (aside from a few quirks which exist on both machines to date).</span></p>
<p style="mso-margin-top-alt:auto;mso-margin-bottom-alt:auto" class="MsoNormal"><span style="font-size:18.0pt;font-family:Times">HWS (original computer) was not good to go.&nbsp; It was receiving an error when one tried to enter a new survey.&nbsp; After some correspondence with Kongsberg it was determined that the best option was to re-install from scratch.&nbsp; </span></p>
<p style="mso-margin-top-alt:auto;mso-margin-bottom-alt:auto" class="MsoNormal"><span style="font-size:18.0pt;font-family:Times"><b>&amp;&amp;&amp; UNINSTALLING</b></span></p>
<p style="mso-margin-top-alt:auto;mso-margin-bottom-alt:auto" class="MsoNormal"><span style="font-size:18.0pt;font-family:Times">I will not get into every attempt made here individually (there were many re-installs), but only call out the problems encountered and new directions received</span><span style="font-size:
10.0pt;font-family:Times">:</span></p>
<p style="mso-margin-top-alt:auto;mso-margin-bottom-alt:auto" class="MsoNormal"><span style="font-size:18.0pt;font-family:Times"><b>&amp;&amp;&amp;</b></span><span style="font-size:18.0pt;font-family:Times"> It does not work to re-install over an existing copy of SIS - the previous copy of SIS must be wiped completely.&nbsp; To do this:</span></p>
<p class="MsoNormal"><b>First make sure to export <u>PU parameters </u>and </b><span style="font-family:Calibri"><s><b>user settings</b></s></span><b>. Take screen shots of i<u>nstallation parameters</u>, <u>External sensors</u>, and <u>datagram distribution</u> for backup!</b></p>
<p class="MsoNormal"><b>&nbsp;</b></p>
<p style="text-indent:-.25in;mso-list:l0 level1 lfo1" class="ListParagraph"><b>1.<span style="font:7.0pt &quot;Times New Roman&quot;">&nbsp;&nbsp;&nbsp;&nbsp; </span></b><b>Start-&gt; all programs-&gt; uninstall SIS.</b></p>
<p style="text-indent:-.25in;mso-list:l0 level1 lfo1" class="ListParagraph"><b><s>2.<span style="font:7.0pt &quot;Times New Roman&quot;">&nbsp;&nbsp;&nbsp;&nbsp; </span></s></b><b><s>Start-&gt; Control panel-&gt;Add or Remove Programs-&gt; </s></b><span style="font-weight:
normal"><i><s>Remove </s></i></span><b><i><s>Postgres</s></i></b></p>
<p style="text-indent:-.25in;mso-list:l0 level1 lfo1" class="ListParagraph"><b>3.<span style="font:7.0pt &quot;Times New Roman&quot;">&nbsp;&nbsp;&nbsp;&nbsp; </span></b><b>Start-&gt; Control panel-&gt; Administrative Tools -&gt;Data Sources (ODBC)-&gt;System DSN -&gt;</b><span style="font-weight:normal"><i>remove </i></span><span style="font-family:Times"><i>remove&nbsp;&nbsp;&nbsp; (I had to<span style="mso-spacerun: yes">&nbsp; </span>do this step via regedit)</i></span></p>
<p style="text-indent:-.25in;mso-list:l0 level1 lfo1" class="ListParagraph"><b>4.<span style="font:7.0pt &quot;Times New Roman&quot;">&nbsp;&nbsp;&nbsp;&nbsp; </span></b><b>Start-&gt; Control Panel-&gt; Add or Remove Programs -&gt; </b><span style="font-weight:
normal"><i>remove </i></span><b>ODBC &ldquo;drivers&rdquo; </b><span style="font-family:
Times"><b>(</b></span><span style="font-family:Times">after regedit, I did not find anything listed for this)</span></p>
<p style="text-indent:-.25in;mso-list:l0 level1 lfo1" class="ListParagraph"><b>5.<span style="font:7.0pt &quot;Times New Roman&quot;">&nbsp;&nbsp;&nbsp;&nbsp; </span></b><b>Start-&gt; Control Panel-&gt; Add or Remove Programs -&gt; </b><span style="font-weight:
normal"><i>remove </i></span><b>Java</b></p>
<p style="text-indent:-.25in;mso-list:l0 level1 lfo1" class="ListParagraph"><b><s>6.<span style="font:7.0pt &quot;Times New Roman&quot;">&nbsp;&nbsp;&nbsp;&nbsp; </span></s></b><b><s>Start-&gt; Control Panel-&gt; Add or Remove Programs -&gt; </s></b><span style="font-weight:
normal"><i><s>remove </s></i></span><b><s>Matlab</s></b></p>
<p style="text-indent:-.25in;mso-list:l0 level1 lfo1" class="ListParagraph"><b><s>7.<span style="font:7.0pt &quot;Times New Roman&quot;">&nbsp;&nbsp;&nbsp;&nbsp; </span></s></b><b>C:\Documents and Settings\%Username%\Application Data-&gt; </b><span style="font-weight:
normal"><i>delete </i></span><b>Java<s> or Sun and Postgres folders.</s></b></p>
<p style="text-indent:-.25in;mso-list:l0 level1 lfo1" class="ListParagraph"><b><s>8.<span style="font:7.0pt &quot;Times New Roman&quot;">&nbsp;&nbsp;&nbsp;&nbsp; </span></s></b><i><s>Delete</s></i><span style="font-style:normal"><b><s> C:\Program Files\Postgres</s></b></span></p>
<p style="text-indent:-.25in;mso-list:l0 level1 lfo1" class="ListParagraph"><b>9.<span style="font:7.0pt &quot;Times New Roman&quot;">&nbsp;&nbsp;&nbsp;&nbsp; </span></b><i>Delete</i><span style="font-style:normal"><b> C:\K.M.\SIS<span style="mso-spacerun:
yes">&nbsp;&nbsp;&nbsp;&nbsp; </span></b></span><span style="font-family:Times">(this is not the exact directory location, it was actually under Program Files, the directory could not be deleted, even with administrative rights, and with trying to change permissions on files due to a license file contained within.&nbsp; I had to restart the computer in safe mode and delete it via DOS command line)</span></p>
<p style="text-indent:-.25in;mso-list:l0 level1 lfo1" class="ListParagraph"><b>10.<span style="font:7.0pt &quot;Times New Roman&quot;">&nbsp; </span></b><i>Right click</i><span style="font-style:normal"><b> -&gt;My Computer-&gt;Advanced-&gt;Environment Variables-&gt; </b></span><i>Clean anything that relates to Java, SIS, or Postgres. </i><span style="font-family:Times"><i>(for Win 7 right click computer, go to Properties -&gt; advanced system settings -&gt; environment variables)</i></span><i> </i></p>
<p style="mso-margin-top-alt:auto;mso-margin-bottom-alt:auto" class="MsoNormal"><span style="font-size:10.0pt;font-family:Times">&nbsp;</span></p>
<p style="mso-margin-top-alt:auto;mso-margin-bottom-alt:auto;
text-indent:-.25in" class="MsoNormal"><strong><span style="font-size:18.0pt;font-family:Times">&nbsp;&nbsp;&nbsp; &amp;&amp;&amp;&nbsp; </span></strong><span style="font-size:18.0pt;font-family:
Times">In addition to the above - I searched the registry for every occurrence of &quot;kongsberg&quot; and deleted all related KEYS</span></p>
<p style="mso-margin-top-alt:auto;mso-margin-bottom-alt:auto;
text-indent:-.25in" class="MsoNormal"><strong><span style="font-size:18.0pt;font-family:Times">&nbsp;<span style="mso-spacerun: yes">&nbsp;&nbsp; </span>&amp;&amp;&amp; </span></strong><span style="font-size:18.0pt;font-family:Times">As far as the instructions crossed off above - after correspondence with kongsberg I received updated release notes and email information which instructed me that:</span></p>
<p style="mso-margin-top-alt:auto;mso-margin-bottom-alt:auto;
text-indent:-.25in" class="MsoNormal"><span style="font-size:18.0pt;font-family:Times"><span style="mso-tab-count:1">&nbsp;&nbsp;&nbsp; </span><span style="mso-tab-count:
1">&nbsp;&nbsp;&nbsp;&nbsp;&nbsp;&nbsp; </span>*Importing user settings is not advisable (particularly if created on a different computer) &ndash; email 26-Nov-2014 &ndash;this email leads one to believe exporting from the same computer will work, but experience says no (perhaps they were corrupt).</span></p>
<p style="mso-margin-top-alt:auto;mso-margin-bottom-alt:auto;
text-indent:-.25in" class="MsoNormal"><span style="font-size:18.0pt;font-family:Times"><span style="mso-tab-count:1">&nbsp;&nbsp;&nbsp; </span><span style="mso-tab-count:
1">&nbsp;&nbsp;&nbsp;&nbsp;&nbsp;&nbsp; </span>*If something on the uninstall list does not exist &ndash; once you have verified so, skip it &ndash; 2-Dec-2014.<span style="mso-spacerun: yes">&nbsp; </span>Also, the new release notes specifies:</span></p>
<p style="mso-margin-top-alt:auto;mso-margin-bottom-alt:auto;
text-indent:-.25in" class="MsoNormal"><span style="font-size:11.5pt;font-family:Helvetica;
color:black"><span style="mso-spacerun:
yes">&nbsp;&nbsp;&nbsp;&nbsp;&nbsp;&nbsp;&nbsp;&nbsp;&nbsp;&nbsp;&nbsp;&nbsp; </span>The SIS 4.1.3 installation will not remove any existing PostgreSQL database or the corresponding<span style="mso-spacerun: yes">&nbsp;&nbsp;&nbsp;&nbsp;&nbsp;&nbsp;&nbsp; </span>ODBC connection. Both these items will however be rendered inactive after the SIS 4.1.3 installation. </span><span style="font-size:18.0pt;font-family:
Times"><span style="mso-spacerun: yes">&nbsp;</span></span></p>
<p style="mso-margin-top-alt:auto;mso-margin-bottom-alt:auto;
text-indent:-.25in" class="MsoNormal"><span style="font-size:18.0pt;font-family:Times"><span style="mso-spacerun: yes">&nbsp;&nbsp; </span>In other words &ndash; Postgres and ODBC are not part of the new SIS and likely would not exist under the circumstance of this loading.</span></p>
<p style="mso-margin-top-alt:auto;mso-margin-bottom-alt:auto" class="MsoNormal"><span style="font-size:18.0pt;font-family:Times"><b>&amp;&amp;&amp;<span style="mso-spacerun: yes">&nbsp; </span>I don&rsquo;t know that this is a problem &ndash; it does not seem to be causing any issues so far &ndash; but I did install Java before realizing it was not necessary.</b></span></p>
<p style="mso-margin-top-alt:auto;mso-margin-bottom-alt:auto" class="MsoNormal"><span style="font-size:18.0pt;font-family:Times"><b>&amp;&amp;&amp;<span style="mso-spacerun: yes">&nbsp; </span></b></span><span style="font-size:18.0pt;
font-family:Times">After uninstalling everything I could find I <b>restarted</b></span><span style="font-size:18.0pt;font-family:Times"> the computer.<span style="mso-spacerun: yes">&nbsp; </span>I then <b>defragmented</b></span><span style="font-size:18.0pt;font-family:Times"> the C: drive (did not take long, because not much was there now)</span></p>
<p style="mso-margin-top-alt:auto;mso-margin-bottom-alt:auto" class="MsoNormal"><span style="font-size:18.0pt;font-family:Times">&nbsp;</span></p>
<p style="mso-margin-top-alt:auto;mso-margin-bottom-alt:auto" class="MsoNormal"><span style="font-size:18.0pt;font-family:Times"><b>%%%REINSTALLING</b></span></p>
<p style="mso-margin-top-alt:auto;mso-margin-bottom-alt:auto" class="MsoNormal"><span style="font-size:18.0pt;font-family:Times">The re-installation from the disk went easily.<span style="mso-spacerun: yes">&nbsp; </span>One the Wizard completed I:</span></p>
<p style="mso-margin-top-alt:auto;mso-margin-bottom-alt:auto" class="MsoNormal"><span style="font-size:18.0pt;font-family:Times"><b>%%%</b></span><span style="font-size:18.0pt;font-family:Times">Installed JAVA &ndash; this was unnecessary &ndash; not sure, but I don&rsquo;t think it has to be uninstalled</span></p>
<p style="mso-margin-top-alt:auto;mso-margin-bottom-alt:auto" class="MsoNormal"><span style="font-size:18.0pt;font-family:Times"><b>%%%</b></span><span style="font-size:18.0pt;font-family:Times">Imported the pu parameters<span style="mso-spacerun: yes">&nbsp; </span>(these were exported before uninstalling the previous SIS (the same file had imported successfully many times already)</span></p>
<p style="mso-margin-top-alt:auto;mso-margin-bottom-alt:auto" class="MsoNormal"><span style="font-size:18.0pt;font-family:Times"><b>%%%</b></span><span style="font-size:18.0pt;font-family:Times">Input the user settings by hand one page at a time</span></p>
<p style="mso-margin-top-alt:auto;mso-margin-bottom-alt:auto" class="MsoNormal"><span style="font-size:18.0pt;font-family:Times"><b>%%%</b></span><span style="font-size:18.0pt;font-family:Times">Input the external sensor settings (these should have been noted or screenshot-ed prior to un-install</span></p>
<p style="mso-margin-top-alt:auto;mso-margin-bottom-alt:auto" class="MsoNormal"><span style="font-size:18.0pt;font-family:Times"><b>%%%</b></span><span style="font-size:18.0pt;font-family:Times">Enter the datagram distribution information (should have been screenhot-ed &ndash; also, some of these are associated with the SVPEditor, so they are described in the documentation for that install).&nbsp; I also added a couple datagrams that Robbie had in his, that I don't know where they are going:&nbsp; Position&nbsp;&nbsp; 157.237.14.13:2057 and XYZ88&nbsp; 157.237.14.13:2057 - not sure what they are for, maybe related to simulator???<br />
</span></p>
<p style="mso-margin-top-alt:auto;mso-margin-bottom-alt:auto" class="MsoNormal"><span style="font-size:18.0pt;font-family:Times"><b>%%%</b></span><span style="font-size:18.0pt;font-family:Times">Load the SVEditor Program &ndash; need to install 3 components:<span style="mso-spacerun: yes">&nbsp; </span>1-Python2.6 plus some modules;<span style="mso-spacerun: yes">&nbsp; </span>2- World Ocean Atlas of 2009 data set 3- SVP Editor source code and supporting source libraries.<span style="mso-spacerun: yes">&nbsp; </span>These are available at <a href="http://mac.unols.org">http://mac.unols.org</a> along with the SVP Editor Software Manual which describes the installation in detail.<span style="mso-spacerun: yes">&nbsp; </span>Some of the directory structure the installation created had to be altered to match the structure described in the manual, but that is the only instructional adaptation I can remember doing.</span></p>
<p style="mso-margin-top-alt:auto;mso-margin-bottom-alt:auto" class="MsoNormal"><span style="font-size:18.0pt;font-family:Times"><b>%%%</b></span><span style="font-size:18.0pt;font-family:Times">Reboot the computer and start SIS</span></p>
<p style="mso-margin-top-alt:auto;mso-margin-bottom-alt:auto" class="MsoNormal"><span style="font-size:18.0pt;font-family:Times"><b>@@@TESTING</b></span></p>
<p style="mso-margin-top-alt:auto;mso-margin-bottom-alt:auto" class="MsoNormal"><span style="font-size:18.0pt;font-family:Times">I started SIS.<span style="mso-spacerun: yes">&nbsp; </span>I pinged and recorded data, including water column.<span style="mso-spacerun: yes">&nbsp; </span>I started a new survey.<span style="mso-spacerun: yes">&nbsp; </span>I ran BIST tests.<span style="mso-spacerun: yes">&nbsp; </span>I played with runtime parameter settings.<span style="mso-spacerun: yes">&nbsp; </span>The system had been used to record the surveys so far for at26-23.<span style="mso-spacerun: yes">&nbsp; </span>There are many more things to try.<span style="mso-spacerun: yes">&nbsp; </span>So far, a few quirks have shown up:</span></p>
<p style="mso-margin-top-alt:auto;mso-margin-bottom-alt:auto" class="MsoNormal"><span style="font-size:18.0pt;font-family:Times">1)<span style="mso-spacerun:
yes">&nbsp; </span>Autostart (setting now available in user settings that identifies the echosounder as soon as SIS is started seems to have problems if &ldquo;rescan&rdquo; is used.<span style="mso-spacerun: yes">&nbsp; </span>Solution &ndash; just turn it off.</span></p>
<p style="mso-margin-top-alt:auto;mso-margin-bottom-alt:auto" class="MsoNormal"><span style="font-size:18.0pt;font-family:Times">2)<span style="mso-spacerun:
yes">&nbsp; </span>There seems to be some issues with survey names being recognized.<span style="mso-spacerun: yes">&nbsp; </span>Sometimes survey names are missing that should be there (if you try to use the same name for a new survey, it seems to know the survey exists, but the name is missing).<span style="mso-spacerun: yes">&nbsp; </span>Sometimes when a survey is removed from the database SIS still thinks the name is in use.<span style="mso-spacerun:
yes">&nbsp; </span>Solution &ndash; usually if you restart SIS the survey names go right</span></p>
<p style="mso-margin-top-alt:auto;mso-margin-bottom-alt:auto" class="MsoNormal"><span style="font-size:18.0pt;font-family:Times">****These are happening on both computers!</span></p>
<p style="mso-margin-top-alt:auto;mso-margin-bottom-alt:auto" class="MsoNormal"><span style="font-size:18.0pt;font-family:Times"><b>####A FEW THINGS I FOUND OUT ABOUT THE NEW VERSION FROM THE NEWER RELEASE NOTES</b></span></p>
<p style="mso-pagination:none;tab-stops:28.0pt 56.0pt 84.0pt 112.0pt 140.0pt 168.0pt 196.0pt 224.0pt 3.5in 280.0pt 308.0pt 336.0pt;
mso-layout-grid-align:none;text-autospace:none" class="MsoNormal"><span style="font-size:18.0pt;
font-family:Times"><b>###</b></span><span style="font-size:18.0pt;font-family:
Helvetica;color:black">Grids created with the old Java based GE cannot be imported using the new GE</span><span style="font-size:11.5pt;font-family:Helvetica;
color:black">.</span></p>
<p style="mso-margin-top-alt:auto;mso-margin-bottom-alt:auto" class="MsoNormal"><span style="font-size:18.0pt;font-family:&quot;Times New Roman&quot;;color:black"><b>###</b></span><span style="font-size:18.0pt;font-family:Helvetica;color:black">The number of grid cell sizes in the grid should be the same (e.g.. 256) for all imported grids.<span style="mso-spacerun: yes">&nbsp; </span>****</span></p>
<p style="mso-margin-top-alt:auto;mso-margin-bottom-alt:auto" class="MsoNormal"><span style="font-size:18.0pt;font-family:Helvetica;color:black"><b>###</b></span><span style="font-size:18.0pt;font-family:Helvetica;color:black">The sound velocity files&nbsp;have been&nbsp;put in&nbsp;with&nbsp;associated raw data by default for quite some time now.&nbsp; </span></p>
<p style="mso-margin-top-alt:auto;mso-margin-bottom-alt:auto" class="MsoNormal"><span style="font-size:18.0pt;font-family:Helvetica;color:black"><b>###</b></span><span style="font-size:18.0pt;font-family:Helvetica;color:black">So you have to be careful with existing surveys and make note of their cell sizes.<span style="mso-spacerun: yes">&nbsp; </span>&quot;Existing survey&quot; is the grid files made from the raw (.all) files<span style="mso-spacerun: yes">&nbsp; </span>- the &ldquo;existing survey&rdquo; part came from the import screen reference to &ldquo;existing surveys&rdquo;.</span></p>
<p style="mso-margin-top-alt:auto;mso-margin-bottom-alt:auto" class="MsoNormal"><span style="font-size:18.0pt;font-family:Helvetica;color:black"><b>###</b></span><span style="font-size:18.0pt;font-family:Helvetica;color:black">Runtime Parameters &ndash; <b>Sector Tracking &ndash; default is &ldquo;OFF&rdquo;</b></span><span style="font-size:18.0pt;
font-family:Helvetica;color:black"> now.<span style="mso-spacerun: yes">&nbsp; </span>The release notes suggest that Sector tracking should &ldquo;ON&rdquo; for a normal survey (but possibly off for backscatter survey)</span></p>
<p style="mso-margin-top-alt:auto;mso-margin-bottom-alt:auto" class="MsoNormal"><span style="font-size:18.0pt;font-family:Helvetica;color:black"><b>###</b></span><span style="font-size:18.0pt;font-family:Helvetica;color:black"><span style="mso-spacerun: yes">&nbsp; </span>I DO NOT SEE A FEW OF THE &ldquo;NEW&rdquo; ITEMS WE ARE SUPPOSE TO HAVE</span></p>
<p style="mso-margin-top-alt:auto;mso-margin-bottom-alt:auto" class="MsoNormal"><span style="font-size:18.0pt;font-family:Helvetica;color:black"><span style="mso-tab-count:1">&nbsp;&nbsp;&nbsp;&nbsp;&nbsp;&nbsp; </span><span style="mso-tab-count:1">&nbsp;&nbsp;&nbsp;&nbsp;&nbsp;&nbsp; </span></span><strike><span style="font-size:18.0pt;font-family:Helvetica;color:black">release notes 4.2.5 Numerical display frame &ndash; suppose to now have Ping Interval as well as Ping Hz (I don&rsquo;t see it)</span></strike></p>
<p style="mso-margin-top-alt:auto;mso-margin-bottom-alt:auto" class="MsoNormal"><strike><span style="font-size:18.0pt;font-family:Helvetica;color:black"><span style="mso-tab-count:1">&nbsp;&nbsp;&nbsp;&nbsp;&nbsp;&nbsp; </span><span style="mso-tab-count:1">&nbsp;&nbsp;&nbsp;&nbsp;&nbsp;&nbsp; </span>I thought there was something else too, but I can&rsquo;t find it right now!</span></strike><span style="font-size:18.0pt;font-family:Helvetica;color:black"><em> </em><span style="color: rgb(255, 0, 255);"><em>-Fixed CG 4Dec14</em></span><br />
</span></p>
<p style="mso-margin-top-alt:auto;mso-margin-bottom-alt:auto" class="MsoNormal"><span style="font-size:18.0pt;font-family:Helvetica;color:black"><b>###<span style="mso-spacerun: yes">&nbsp;&nbsp; </span>SIS screendump by Ctrl-S does not work anymore!!!!!!</b></span><span style="font-size:18.0pt;font-family:Helvetica;
color:black"><span style="mso-spacerun: yes">&nbsp; </span>Need to use print screen or an external screen dump utility (we should find one).&nbsp; I guess it is possible that it might work sometimes - and it did screenshot the installation parameters, but all the numerical displays I've tried have come up only black or white and the release notes say it doesn't work. <br />
</span></p>
<p style="mso-margin-top-alt:auto;mso-margin-bottom-alt:auto" class="MsoNormal"><span style="font-size:18.0pt;font-family:Helvetica;color:black">THERE IS MORE GOOD INFORMATION IN THE RELEASE NOTES (pdf file stored on Atlantis in em122 &ndash; manuals directory (SIS_releasenote.pdf).</span></p>
<p style="mso-margin-top-alt:auto;mso-margin-bottom-alt:auto" class="MsoNormal"><span style="font-size:18.0pt;font-family:Helvetica;color:black">I&rsquo;m sorry this is not more &ldquo;readable&rdquo; but I really needed to get it written before all of the information was lost to me </span><span style="font-size:18.0pt;font-family:
Wingdings;color:black;mso-char-type:symbol;mso-symbol-font-family:Wingdings"><span style="mso-char-type:symbol;mso-symbol-font-family:Wingdings">J</span></span></p>
<p>&nbsp;</p>
$@MID@$: 57
Date: Thu, 04 Dec 2014 19:38:15 +0000
Author: AH
System: 
Type: Configuration
Category: Software
S/N: 
Subject / Summary: SCREENSHOTS HWS AFTER UPGRADE 2014 NOVEMBER
Cruise: 
Attachment: 141204_193744_INSTALLATION_parameters_em122.pdf,141204_193804_TOOLS_settings.pdf
Encoding: HTML
========================================

