$@MID@$: 46
Date: Tue, 28 Apr 2015 20:38:54 +0000
Author: lstolp
Sensor: SBE48
S/N: 480021
Calibration Date: 20150227
Type: Calibration
Category: Hardware
Subject: newly calibrated SBE48 installed
Cruise: at27-a
Attachment: 150503_200041_SBE_48_T0021_27Feb15.pdf,150503_200055_TempCalibrationReport_48-0021.pdf
Encoding: HTML
========================================

$@MID@$: 47
Date: Tue, 28 Apr 2015 20:39:39 +0000
Author: cbansmer
Sensor: plumbing
S/N: n/a
Calibration Date: n/a
Type: Routine
Category: Plumbing
Subject: cleaned plumbing and fluorometer 
Cruise: at27-a
Attachment: 
Encoding: HTML
========================================

