$@MID@$: 48
Date: Fri, 01 May 2015 18:21:23 +0000
Author: stu
Sensor: SBE48
S/N: 480019
Calibration Date: N/A
Type: Other
Category: General
Subject: Install for Testing
Cruise: at27-a
Attachment: 150505_190958_SBE48_comparsion_0105_0305.png
Encoding: HTML
========================================
<p>Systems have been running for 3 days and attached is the plotted comparesion of both SBE48s.</p>
<p>&nbsp;</p>
<p>&nbsp;</p>
<p>&nbsp;Setup to record on dsLog SBE_19</p>
<p>&nbsp;</p>
<p>&nbsp;</p>
<p>&nbsp;</p>
<p>&nbsp;</p>
<p>S&gt;DS &nbsp; &nbsp; &nbsp; &nbsp; &nbsp; &nbsp; &nbsp; &nbsp; &nbsp; &nbsp; &nbsp; &nbsp; &nbsp; &nbsp; &nbsp; &nbsp; &nbsp; &nbsp; &nbsp; &nbsp; &nbsp; &nbsp; &nbsp; &nbsp; &nbsp; &nbsp; &nbsp; &nbsp; &nbsp; &nbsp; &nbsp; &nbsp; &nbsp; &nbsp; &nbsp; &nbsp; &nbsp; &nbsp; &nbsp; &nbsp; &nbsp; &nbsp; &nbsp; &nbsp; &nbsp; &nbsp; &nbsp;</p>
<div>SBE 48 V 2.0a &nbsp; SERIAL NO. 0019 &nbsp; &nbsp;01 May 2015 &nbsp;09:52:05</div>
<div>battery voltage = 11.5</div>
<div>not logging: low battery</div>
<div>sample interval = 0 seconds</div>
<div>number of samples to average = 4</div>
<div>samplenumber = 4112384, free = 587483</div>
<div>serial sync mode disabled</div>
<div>real-time output enabled</div>
<div>SBE 39 configuration = temperature only</div>
<div>binary upload does not include time</div>
<div>temperature = 12.66 deg C</div>
<div>S&gt;DC</div>
<div>SBE48 V 2.0a &nbsp; 00019</div>
<div>temperature: &nbsp;17-feb-13</div>
<div>&nbsp; &nbsp; TA0 = -2.224326e-04</div>
<div>&nbsp; &nbsp; TA1 = 3.132117e-04</div>
<div>&nbsp; &nbsp; TA2 = -4.871123e-06</div>
<div>&nbsp; &nbsp; TA3 = 2.178724e-07</div>
<div>S&gt;</div>
<div>&nbsp;</div>
