$@MID@$: 31
Date: Wed, 15 Jun 2016 11:21:06 +0000
Author: laura
Sensor: SWR/LWR combo box
S/N: 709/709
Calibration Date: May 22, 2015
Type: Calibration
Category: 
Subject: removed from ship and sent to David F. 
Cruise: 
Revisions: ^M
Attachment: 
Encoding: HTML
========================================
<p>New SWR709 and LWR709 combo box calibrated May 22, 2015 was installed on the imet tower May 27, 2015.</p>
<p>SWR01<br />
SWR709<br />
VOSHPS v1.6 - SWR only<br />
Interval mode<br />
<br />
Calibration Date: New sensor installed May 27, 2015. Latest cal May 2015.<br />
Installation: aft port side of MET mast 68 ft above waterline<br />
<br />
Calibration Constants:<br />
SWR:&nbsp; -4.12368e+03&nbsp;&nbsp; 1.25962e-01&nbsp;&nbsp; 0.00000e+00&nbsp;&nbsp; 0.00000e+00</p>
<p>&nbsp;</p>
<p>LWR01<br />
WR709<br />
VOSLWRF v1.6<br />
Polled mode<br />
<br />
Calibration Date: New sensor installed May 27, 2015. Latest cal May 2015.<br />
Installation: aft port side of MET mast 68 ft above waterline<br />
<br />
Calibration Constants:<br />
Set1:&nbsp; -5.74029e+05&nbsp;&nbsp; 1.75109e+01&nbsp;&nbsp; 0.00000e+00&nbsp;&nbsp; 0.00000e+00<br />
Set2:&nbsp;&nbsp; 1.01831e-03&nbsp;&nbsp; 2.40430e-04&nbsp;&nbsp; 1.47089e-07&nbsp;&nbsp; 0.00000e+00<br />
Set3:&nbsp; -5.73623e+05&nbsp;&nbsp; 1.74989e+01&nbsp;&nbsp; 0.00000e+00&nbsp;&nbsp; 0.00000e+00<br />
Set4:&nbsp;&nbsp; 1.01501e-03&nbsp;&nbsp; 2.41637e-04&nbsp;&nbsp; 1.44959e-07&nbsp;&nbsp; 0.00000e+00<br />
Set5:&nbsp; -1.67390e+03&nbsp;&nbsp; 5.10543e-02&nbsp;&nbsp; 0.00000e+00&nbsp;&nbsp; 0.00000e+00<br />
Set6:&nbsp;&nbsp; 3.35100e+02&nbsp;&nbsp; 1.73000e+00&nbsp;&nbsp; 0.00000e+00&nbsp;&nbsp; 0.00000e+00<br />
Set7:&nbsp;&nbsp; 3.70000e+01&nbsp;&nbsp; 1.00000e+00&nbsp;&nbsp; 0.00000e+00&nbsp;&nbsp; 0.00000e+00<br />
&nbsp;</p>
$@MID@$: 32
Date: Wed, 15 Jun 2016 11:49:15 +0000
Author: laura
Sensor: RAD
S/N: RAD 223
Calibration Date: july 30, 2015
Type: Routine
Category: Hardware
Subject: installation on MET tower
Cruise: WHOIDock
Revisions: 
Attachment: 160615_112618_CalReport_RAD223_1507.pdf
Encoding: HTML
========================================
<p>&nbsp;Installed on met tower</p>
<ul>
    <li>added to dsLog.ini</li>
    <li>send up to linus, installed rad_feeder.pl to read UDP data and put in data screen.db. updated screen config for both vaisala.</li>
    <li>added to dsLogCSV.ini, but since it uses $WIR23 instead of $WIR22, need to fix parsing rule, working w/ tim</li>
    <li>updated dsLogCSV and dsLogPostCSV to version 112</li>
    <li>metadata in linus:/home/data.template/underway/doc updated, included calibration sheet</li>
</ul>
