$@MID@$: 34
Date: Fri, 05 Dec 2014 17:21:39 +0000
Author: AH
S/N: 
Type: Other
Component: other
Subject: MODEM - test results and configuration sheets
Cruise: at26-24
Attachment: 141205_192237_atlantis_qflex_modem_config.pdf
Encoding: HTML
========================================

$@MID@$: 35
Date: Fri, 05 Dec 2014 19:23:12 +0000
Author: AH
S/N: 
Type: Other
Component: other
Subject: MODEM - new test modem - QUICK START GUIDE
Cruise: at26-24
Attachment: 141205_192325_atlantis_qflex_modem_quickstart.pdf
Encoding: HTML
========================================

