$@MID@$: 3
Date: Sun, 04 Sep 2016 15:10:58 +0000
Author: AH - attachment from email
S/N: 
Type: Configuration
equipment: URI Telepresence rack
Subject: El Faro Telepresence
Cruise: at37-02
Attachment: 160904_151050_ElFaro_Telepresence_Connectivity_v2.pdf,160904_153223_SSOG-EC_160401-030_[244176].pdf
Encoding: HTML
========================================

$@MID@$: 4
Date: Sun, 04 Sep 2016 15:37:43 +0000
Author: AH
S/N: 
Type: Configuration
equipment: URI Telepresence rack
Subject: Think this is from telepresence
Cruise: at37-02
Attachment: 160904_153741_MTU-2_IP_LAYER.pdf
Encoding: HTML
========================================

