$@MID@$: 15
Date: Sat, 25 Feb 2012 09:11:07 +0000
Author: AH - from email CAtie and Anton
Type: Slip Ring
Winch: 
Wire: fiber optic
Category: Routine
Subject: FO SLIP RING fibers tested
Cruise: 
Attachment: 
Encoding: HTML
========================================
<p><span style="font-size: large;">&gt;&nbsp;&nbsp;&nbsp; I've performed &quot;optical signal loss&quot; testing on all (4) fibers on<br />
&gt; the &quot;Spare&quot; F/O slip-ring aboard Atlantis, Serial # 176870P.<br />
&gt;&nbsp;&nbsp; * This unit has 3 Multi-mode fibers, labeled #7, 8 &amp; 9.<br />
&gt;&nbsp;&nbsp; * This unit also has 1 Single-mode fiber, labeled # 10.<br />
&gt;<br />
&gt; Results are as follows:&nbsp; ( You will know better than I what loss<br />
&gt; levels<br />
&gt; are acceptable for your purposes.)<br />
&gt;<br />
&gt;&nbsp; **&nbsp; Single-mode Fiber # 10 :&nbsp; Looks Satisfactory (to me).&nbsp; Loss<br />
&gt; varies<br />
&gt;&nbsp;&nbsp;&nbsp;&nbsp;&nbsp;&nbsp; from 1.7 db up to 3.4 db while rotating the slip-ring 1 full<br />
&gt; turn.<br />
&gt;<br />
&gt;&nbsp; **&nbsp; Multi-mode Fiber # 7 :&nbsp; NOT So Good -&nbsp; 18 to 19 db loss through<br />
&gt;&nbsp;&nbsp;&nbsp;&nbsp;&nbsp;&nbsp; one full rotation.<br />
&gt;<br />
&gt;&nbsp; **&nbsp; Multi-mode Fiber # 7 :&nbsp; Looks Good -&nbsp; 1.5&nbsp; to 3 db loss through<br />
&gt;&nbsp;&nbsp;&nbsp;&nbsp;&nbsp;&nbsp; one full rotation.<br />
&gt;<br />
&gt;&nbsp; **&nbsp; Multi-mode Fiber # 7 :&nbsp; NOT So Good -&nbsp; 18 to 19 db loss through<br />
&gt;&nbsp;&nbsp;&nbsp;&nbsp;&nbsp;&nbsp; one full rotation.<br />
&gt;<br />
&gt;&nbsp;&nbsp;&nbsp;&nbsp;&nbsp;&nbsp; Anton<br />
</span><br />
&nbsp;</p>
$@MID@$: 16
Date: Sat, 25 Feb 2012 17:26:20 +0000
Author: AH
Type: Termination
Winch: Markey #2 (aft)
Wire: EM Cable / CTD conductor
Category: Routine
Subject: NEW TERMINATION - MEGGER TEST
Cruise: at19
Attachment: 
Encoding: HTML
========================================
<p><span style="font-size: large;">****30 April 2012 - New termination aft winch (old wire)<br />
</span></p>
<p><span style="font-size: large;">New outside tape = 8990.5 meters<br />
</span></p>
<p><span style="font-size: large;">Nearly 800 meters were cut off to try to get the &quot;deformed&quot; section of the wire closer to the outside end (did not want to take all the way to 2600 meters as wire would be too short)</span></p>
<p>&nbsp;</p>
<p>&nbsp;</p>
<p>&nbsp;</p>
<p><span style="font-size: large;">***A new termination was done for cruise at20 - the new outside tape was 9719 meters </span></p>
<p>&nbsp;</p>
<p><span style="font-size: medium;">Spool End Tape = 73.0 meters</span></p>
<p><span style="font-size: medium;">New outside tape = 9723.0 meters</span></p>
<p><span style="font-size: medium;">Overall New Length is 8640 meters</span></p>
<p><span style="font-size: medium;">New termination was pull tested to  2400 lbs for 3 minutes - no movement of the tape placed above the  termination was observed. </span></p>
<p>&nbsp;</p>
<p><strong><span style="font-size: large;">22 FEBRUARY 2012<br />
</span></strong></p>
<p><span style="font-family: Arial;"><span style="font-size: large;">MEG TEST RESULTS</span></span> - <span style="font-size: large;">Test includes spool, slipring and cabling to computer lab (i.e. went from computer lab to termination)</span><br />
&nbsp;<span style="font-size: large;"> Judging by air temperature, the spool was probably around 8 degrees Centigrade</span></p>
<p><strike>&nbsp;</strike><span style="font-size: medium;">&nbsp;&nbsp;&nbsp;&nbsp;&nbsp;&nbsp;&nbsp;&nbsp;&nbsp;&nbsp;&nbsp;&nbsp;&nbsp;&nbsp;&nbsp;&nbsp;&nbsp;&nbsp;&nbsp;&nbsp;&nbsp;&nbsp;&nbsp;&nbsp;&nbsp;&nbsp;&nbsp;&nbsp;&nbsp;&nbsp;&nbsp;&nbsp;&nbsp;&nbsp;&nbsp;&nbsp;&nbsp;&nbsp;&nbsp;&nbsp;&nbsp;&nbsp;&nbsp;&nbsp;&nbsp;&nbsp;&nbsp;&nbsp;   Ohms&nbsp;&nbsp;&nbsp;&nbsp;&nbsp;&nbsp;&nbsp;&nbsp;&nbsp;&nbsp;&nbsp;&nbsp;&nbsp;&nbsp;&nbsp;&nbsp;&nbsp;&nbsp;&nbsp;&nbsp;&nbsp; DAR&nbsp;&nbsp;&nbsp;&nbsp;&nbsp;&nbsp;&nbsp;&nbsp;&nbsp;&nbsp; PI&nbsp;&nbsp;&nbsp;&nbsp;&nbsp;&nbsp;&nbsp;&nbsp;&nbsp; microF</span></p>
<p><span style="font-size: medium;">white-red&nbsp;&nbsp;&nbsp;&nbsp;&nbsp;&nbsp;&nbsp;&nbsp;&nbsp;&nbsp;&nbsp;&nbsp;&nbsp;&nbsp;&nbsp;&nbsp;&nbsp;&nbsp;&nbsp;&nbsp;&nbsp;&nbsp;&nbsp;&nbsp;&nbsp;&nbsp;&nbsp;&nbsp;&nbsp;&nbsp;&nbsp;&nbsp;&nbsp; 15.14&nbsp; GOhms&nbsp;&nbsp;&nbsp;&nbsp;&nbsp;&nbsp;&nbsp;&nbsp;&nbsp; 1.13 &nbsp;&nbsp;&nbsp;&nbsp;&nbsp;&nbsp;&nbsp;&nbsp; 1.31 &nbsp;&nbsp;&nbsp;&nbsp;&nbsp;&nbsp;&nbsp;&nbsp; 0.697</span></p>
<p><span style="font-size: medium;">white-black&nbsp;&nbsp;&nbsp;&nbsp;&nbsp;&nbsp;&nbsp;&nbsp;&nbsp;&nbsp;&nbsp;&nbsp;&nbsp;&nbsp;&nbsp;&nbsp;&nbsp;&nbsp;&nbsp;&nbsp;&nbsp;&nbsp;&nbsp;&nbsp;&nbsp;&nbsp;&nbsp;&nbsp;&nbsp;&nbsp; 14.47&nbsp; GOhms&nbsp;&nbsp;&nbsp;&nbsp;&nbsp;&nbsp;&nbsp;&nbsp;&nbsp; 1.28 &nbsp;&nbsp;&nbsp;&nbsp;&nbsp;&nbsp;&nbsp;&nbsp; 1.19 &nbsp;&nbsp;&nbsp;&nbsp;&nbsp;&nbsp;&nbsp;&nbsp; 0.700</span></p>
<p><span style="font-size: medium;">white-green  (ground)&nbsp;&nbsp;&nbsp;&nbsp;&nbsp;&nbsp;&nbsp;&nbsp;&nbsp;&nbsp;&nbsp;&nbsp;&nbsp;&nbsp;&nbsp;&nbsp; 9.38 GOhms&nbsp;&nbsp; &nbsp;&nbsp; &nbsp;&nbsp;&nbsp;&nbsp;&nbsp; 1.18 &nbsp;&nbsp;&nbsp;&nbsp;&nbsp;&nbsp;&nbsp;&nbsp; 1.37 &nbsp;&nbsp;&nbsp;&nbsp;&nbsp;&nbsp;&nbsp;  1.065</span></p>
<p><span style="font-size: medium;">red-black&nbsp;&nbsp;&nbsp;&nbsp;&nbsp;&nbsp;&nbsp;&nbsp;&nbsp;&nbsp;&nbsp;&nbsp;&nbsp;&nbsp;&nbsp;&nbsp;&nbsp;&nbsp;&nbsp;&nbsp;&nbsp;&nbsp;&nbsp;&nbsp;&nbsp;&nbsp;&nbsp;&nbsp;&nbsp;&nbsp;&nbsp;&nbsp;&nbsp; 12.11 GOhms&nbsp;&nbsp; &nbsp;&nbsp; &nbsp;&nbsp;&nbsp;&nbsp;&nbsp; 1.21 &nbsp;&nbsp;&nbsp;&nbsp;&nbsp;&nbsp;&nbsp;&nbsp; 1.23 &nbsp;&nbsp;&nbsp;&nbsp;&nbsp;&nbsp;&nbsp;&nbsp; 0.697</span></p>
<p><span style="font-size: medium;">red-green&nbsp;&nbsp;&nbsp;&nbsp;&nbsp;&nbsp;&nbsp;&nbsp;&nbsp;&nbsp;&nbsp;&nbsp;&nbsp;&nbsp;&nbsp;&nbsp;&nbsp;&nbsp;&nbsp;&nbsp;&nbsp;&nbsp;&nbsp;&nbsp;&nbsp;&nbsp;&nbsp;&nbsp;&nbsp;&nbsp;&nbsp;&nbsp; &nbsp; 9.09 GOhms&nbsp; &nbsp;&nbsp; &nbsp;&nbsp;&nbsp;&nbsp;&nbsp;&nbsp; 1.23 &nbsp;&nbsp;&nbsp;&nbsp;&nbsp;&nbsp;&nbsp;&nbsp; 1.47 &nbsp;&nbsp;&nbsp;&nbsp;&nbsp;&nbsp;&nbsp;&nbsp; 1.072</span></p>
<p><span style="font-size: medium;">black-green&nbsp;&nbsp;&nbsp;&nbsp;&nbsp;&nbsp;&nbsp;&nbsp;&nbsp;&nbsp;&nbsp;&nbsp;&nbsp;&nbsp;&nbsp;&nbsp;&nbsp;&nbsp;&nbsp;&nbsp;&nbsp;&nbsp;&nbsp;&nbsp;&nbsp;&nbsp;&nbsp;&nbsp;&nbsp;&nbsp;&nbsp; 7.80 GOhms&nbsp;&nbsp;&nbsp;&nbsp;&nbsp;&nbsp; &nbsp;&nbsp; &nbsp; 1.22 &nbsp;&nbsp;&nbsp;&nbsp;&nbsp;&nbsp;&nbsp;&nbsp; 1.37 &nbsp;&nbsp;&nbsp;&nbsp;&nbsp;&nbsp;&nbsp; 1.076</span></p>
<p><span style="font-size: medium;"><br />
</span></p>
<p><span style="font-size: medium;">Continuity:&nbsp;&nbsp;  expected value each  conductor:&nbsp;&nbsp;&nbsp; (8.640 km)(30.8 ohms/km) ~266 ohms</span></p>
<p><span style="font-size: medium;">red  + black = 553 ohms</span></p>
<p><span style="font-size: medium;">red + white = 553 ohms</span></p>
<p><span style="font-size: medium;">white  + black = 554 ohms</span></p>
<p><span style="font-size: medium;">green to ship = &lt; 4 ohms</span></p>
<p><span style="font-size: medium;"><br />
</span><span style="font-size: medium;">SO  -&nbsp;&nbsp;&nbsp;&nbsp;&nbsp;&nbsp;&nbsp;&nbsp;&nbsp; red = 276 ohms</span></p>
<p><span style="font-size: medium;">&nbsp;&nbsp;&nbsp;&nbsp;&nbsp;&nbsp;&nbsp;&nbsp;&nbsp;&nbsp;&nbsp;&nbsp;&nbsp;&nbsp;&nbsp;&nbsp;  black = 277 ohms</span></p>
<p><span style="font-size: medium;">&nbsp;&nbsp;&nbsp;&nbsp;&nbsp;&nbsp;&nbsp;&nbsp;&nbsp;&nbsp;&nbsp;&nbsp;&nbsp;&nbsp;&nbsp;&nbsp; white = 277  ohms</span></p>
<p>&nbsp;&nbsp;&nbsp;&nbsp;&nbsp;&nbsp;&nbsp;&nbsp;&nbsp;&nbsp;&nbsp;&nbsp;&nbsp;&nbsp;<span style="font-size: medium;">&nbsp;&nbsp;&nbsp;&nbsp;&nbsp; green &lt; 1 ohms</span></p>
<p>&nbsp;</p>
<p><span style="font-size: medium;">RESULTS ARE ACCEPTABLE<br />
</span></p>
<p>&nbsp;</p>
