$@MID@$: 1
Date: Thu, 28 Nov 2013 14:23:27 +0000
Author: AH - Amy's email
S/N: 
Type: General Problem
Category: Software
Subject: Gravimeter - data collection / parsing
Cruise: at26-08
Attachment: 
Encoding: HTML
========================================
<p>&gt; Since we've been having trouble with the gravimeter this trip, naturally some of the data is bad.&nbsp; I don't know<br />
&gt; if there is an instrument currently on Atlantis, but I added the middle &quot;where the data is:&quot; section to the<br />
&gt; GRAV_BMG.txt file:<br />
&gt; <br />
&gt; Instrument Make and Model: Bell BGM-3 Gravimeter<br />
&gt; S/N: WHOI/UNOLS PG #1<br />
&gt; Installed: January 2013<br />
&gt; Installation: forward bulkhead of lower lab<br />
&gt; <br />
&gt; RAW datafile:<br />
&gt; BGM 2013/02/01 09:29:10.307 BGM3 04:024927 00<br />
&gt; dsLog time stamp:<br />
&gt; BGM 2013/02/01 09:29:10.307 BGM3<br />
&gt; <br />
&gt; <br />
&gt; BGM&nbsp;&nbsp;&nbsp;&nbsp;&nbsp;&nbsp;&nbsp;&nbsp;&nbsp;&nbsp;&nbsp;&nbsp;&nbsp;&nbsp; Gravimeter<br />
&gt; 2013/00/01&nbsp;&nbsp;&nbsp;&nbsp;&nbsp;&nbsp;&nbsp;&nbsp;&nbsp; date in gmt<br />
&gt; 09:29:10.307&nbsp;&nbsp;&nbsp;&nbsp;&nbsp;&nbsp;&nbsp; time in gmt<br />
&gt; BGM3&nbsp;&nbsp;&nbsp;&nbsp;&nbsp;&nbsp;&nbsp;&nbsp;&nbsp;&nbsp;&nbsp;&nbsp;&nbsp; data collected using a BGM3 Gravimeter<br />
&gt; data&nbsp;&nbsp;&nbsp;&nbsp;&nbsp;&nbsp;&nbsp;&nbsp;&nbsp;&nbsp;&nbsp;&nbsp;&nbsp; 04:024927 00<br />
&gt; <br />
&gt; Where the data is:<br />
&gt; <br />
&gt;&nbsp;&nbsp;&nbsp;&nbsp;&nbsp;&nbsp; sample BGM-3 gravity count record:<br />
&gt; <br />
&gt;&nbsp;&nbsp;&nbsp;&nbsp;&nbsp;&nbsp; pp:dddddd ss<br />
&gt;&nbsp;&nbsp;&nbsp;&nbsp;&nbsp;&nbsp;&nbsp; |&nbsp;&nbsp;&nbsp; |&nbsp;&nbsp;&nbsp; |___________ status: 00 = No DNV error; 01 = Platform DNV<br />
&gt;&nbsp;&nbsp;&nbsp;&nbsp;&nbsp;&nbsp;&nbsp; |&nbsp;&nbsp;&nbsp; |&nbsp;&nbsp;&nbsp;&nbsp;&nbsp;&nbsp;&nbsp;&nbsp;&nbsp;&nbsp;&nbsp;&nbsp;&nbsp;&nbsp;&nbsp;&nbsp;&nbsp;&nbsp;&nbsp;&nbsp;&nbsp;&nbsp;&nbsp;&nbsp; 02 = Sensor DNV;&nbsp;&nbsp; 03 = Both DNV's<br />
&gt;&nbsp;&nbsp;&nbsp;&nbsp;&nbsp;&nbsp;&nbsp; |&nbsp;&nbsp;&nbsp; |________________ count typcially 025000<br />
&gt;&nbsp;&nbsp;&nbsp;&nbsp;&nbsp;&nbsp;&nbsp; |_____________________ counting interval<br />
&gt; <br />
&gt; Notes:<br />
&gt; <br />
&gt; S/N 223 BGM-3 Sensor Electronics<br />
&gt; S/N 325 CPS&nbsp; Control Power Supply<br />
&gt; <br />
&gt; Installed and operated by James Kinsey &ndash; jkinsey@whoi.edu<br />
&gt; <br />
&gt; ____________________<br />
&gt; <br />
&gt; <br />
&gt; I fixed it in data.template and made an entry in the elog under gravimeter (though for lack of a better choice,<br />
&gt; I put the 'type' as athena_collector, I'll have to fix that next.)<br />
&gt; <br />
&gt; Amy<br />
&nbsp;</p>
