$@MID@$: 31
Date: Tue, 28 Apr 2015 21:11:44 +0000
Author: lstop
S/N: n/a
Type: Configuration
equipment: Cisco Router
Subject: took out traffic shaping for HSN-over-FBB
Cruise: at27-a
Attachment: 
Encoding: HTML
========================================
<p>!</p>
<p>interface Tunnel10</p>
<p>&nbsp;description HSN-over-FBB tunnel</p>
<p>&nbsp;bandwidth 432</p>
<p>&nbsp;ip address 192.168.252.201 255.255.255.252</p>
<p>&nbsp;ip access-group 128 in</p>
<p>&nbsp;no ip redirects</p>
<p>&nbsp;no ip unreachables</p>
<p>&nbsp;ip accounting output-packets</p>
<p>&nbsp;ip mtu 1336</p>
<p>&nbsp;ip tcp adjust-mss 1296</p>
<p>&nbsp;delay 100000</p>
<p>&nbsp;keepalive 10 3</p>
<p>&nbsp;traffic-shape rate 96000 7968 7968 1000</p>
<p>&nbsp;tunnel source GigabitEthernet0/2</p>
<p>&nbsp;tunnel destination 137.110.255.83</p>
<p>!</p>
<div>&nbsp;</div>
<p>&nbsp;</p>
<p>&nbsp;</p>
<p><strong>no &nbsp;traffic-shape rate 96000 7968 7968 1000</strong></p>
