$@MID@$: 32
Date: Sat, 06 Jun 2015 20:08:46 +0000
Author: lstolp
S/N: C16214451597
Type: notes
equipment: cyberoam CR50iNG
Subject: different network configuration notes
Cruise: at29-01
Attachment: 150612_101240_How_can_we_enable_Strict_Authentication_for_unauthenticated_users.pdf,150612_101250_How_To_-_Create_Clientless_users.pdf,150612_101304_How_To_-_Customize_Captive_Portal_in_Cyberoam.pdf,150612_101325_Why_is_Captive_Portal_not_displayed_for_default_Drop_Policy.pdf
Encoding: HTML
========================================
<p>&nbsp;Current setup is configured in Bridge mode w/ captive portal working..&nbsp; started w/ network configuration of &quot;<strong>Appliance Configured in BRIDGE MODE monitor only&quot;</strong></p>
<p>I attached several of the &quot;How To&quot; I had to read several times :).. before it sank in..</p>
<p><strong>Appliance Configured in BRIDGE MODE monitor only<br />
</strong><br />
Interface Configuration<br />
========================<br />
<br />
Bridge Ip&nbsp;&nbsp;&nbsp;&nbsp;&nbsp;&nbsp;&nbsp;&nbsp;&nbsp;&nbsp;&nbsp;&nbsp;&nbsp;&nbsp;&nbsp;&nbsp; : 192.168.11.254<br />
Subnet Mask&nbsp;&nbsp;&nbsp;&nbsp;&nbsp;&nbsp;&nbsp;&nbsp;&nbsp;&nbsp;&nbsp;&nbsp;&nbsp;&nbsp; : 255.255.255.0<br />
Bridge LAN Port&nbsp;&nbsp;&nbsp;&nbsp;&nbsp;&nbsp;&nbsp;&nbsp;&nbsp;&nbsp; : PortA<br />
Bridge WAN Port&nbsp;&nbsp;&nbsp;&nbsp;&nbsp;&nbsp;&nbsp;&nbsp;&nbsp;&nbsp; : PortB<br />
<br />
Gateway Configuration<br />
======================<br />
<br />
ISP&nbsp;&nbsp;&nbsp;&nbsp;&nbsp;&nbsp;&nbsp;&nbsp;&nbsp;&nbsp;&nbsp; : ftp-science-gw<br />
IP Address&nbsp;&nbsp;&nbsp;&nbsp; : 192.168.11.1<br />
Ethernet Port&nbsp; : br0<br />
<br />
DNS Configuration<br />
===================<br />
Primary DNS&nbsp; : 192.168.11.1<br />
Secondary DNS: 8.8.8.8<br />
<br />
Internet Access Configuration<br />
&nbsp;</p>
<p>=============================<br />
Monitor Only<br />
<br />
<br />
Mail Settings<br />
==============<br />
Send notification to Email Address&nbsp; : sssg@atlantis.whoi.edu<br />
Email Server IP Address - Port&nbsp; : 199.92.161.2 - 25<br />
From Email Address&nbsp; : cyberoam@atlantis.whoi.edu<br />
Authentication Required&nbsp; : Disabled<br />
Connection Security&nbsp; : None<br />
<br />
Date &amp; Time Configuration<br />
===========================<br />
<br />
Time Zone<br />
---------<br />
Asia/Kolkata<br />
<br />
Date &amp; Time<br />
-----------<br />
Automatically Synchronize with NTP Server<br />
Synchronizing with NTP Server: 192.168.11.1<br />
&nbsp;</p>
<p>&nbsp;</p>
<pre style="font-size: 12px; font-weight: normal;"><strong>Appliance in Bridge Mode: for deployment on science LAN</strong>
</pre>
<pre style="font-size: 12px; font-weight: normal;">


Interface Configuration
========================

Bridge Ip                 : 192.168.11.254
Subnet Mask               : 255.255.255.0
Bridge LAN Port           : PortA
Bridge WAN Port           : PortB

Gateway Configuration
======================

ISP            : DHCP_PortB_GW
IP Address     : 192.168.11.1
Ethernet Port  : br0



DNS Configuration
===================
Primary DNS  : 192.168.11.1
Secondary DNS: 8.8.8.8

Internet Access Configuration
=============================
Strict Internet Policy 


Mail Settings
==============
Send notification to Email Address  : sssg@atlantis.whoi.edu
Email Server IP Address - Port  : 199.92.161.2 - 25
From Email Address  : cyberoam@atlantis.whoi.edu
Authentication Required  : Disabled
Connection Security  : None

Date &amp; Time Configuration
===========================

Time Zone
---------
Asia/Kolkata

Date &amp; Time
-----------
Automatically Synchronize with NTP Server
Synchronizing with NTP Server: 192.168.11.1</pre>
<p>&nbsp;</p>
<pre style="font-size: 12px; font-weight: normal;"><strong>Appliance Configured in GATEWAY MODE</strong>

Interface Configuration
========================

PortA
------
IPAddress: 172.16.16.16
NetMask  : 255.255.255.0
Zone     : LAN

PortB
------
DHCP Enabled

PortC
------
IPAddress: 10.10.1.1
NetMask  : 255.255.255.0
Zone     : DMZ

PortD
------
IPAddress: NA
NetMask  : NA
Zone     : NONE

PortE
------
IPAddress: NA
NetMask  : NA
Zone     : NONE

PortF
------
IPAddress: NA
NetMask  : NA
Zone     : NONE

PortG
------
IPAddress: NA
NetMask  : NA
Zone     : NONE

PortH
------
IPAddress: NA
NetMask  : NA
Zone     : NONE

Gateway Configuration
======================

ISP            : DHCP_PortB_GW
IP Address     : 128.0.0.1
Ethernet Port  : PortB

DNS Configuration
===================
Primary DNS  : Not assigned 
Secondary DNS: Not assigned

Internet Access Configuration
=============================
Monitor Only


Mail Settings
==============
Send notification to Email Address  : laura@atlantis.whoi.edu
Email Server IP Address - Port  : 199.92.161.2 - 25
From Email Address  : cyberoam@atlantis.whoi.edu
Authentication Required  : Disabled
Connection Security  : None

Date &amp; Time Configuration
===========================

Time Zone
---------
Africa/Abidjan

Date &amp; Time
-----------
Automatically Synchronize with NTP Server
Synchronizing with NTP Server: 192.168.11.1
</pre>
