$@MID@$: 91
Date: Wed, 30 Aug 2017 10:23:37 +0000
Author: lstolp
Type: Build
name: linus
server type: mail
OS: Linux
Location: Computer Lab
Category: Hardware
Subject: NEW LINUS installed
Cruise: at38
Attachment: 
Encoding: HTML
========================================
<p dir="ltr"><strong>LINUS CMAIL BUILD 2017 Ubuntu 14.04</strong></p>

<p>Installed new LINUS, updated sendmail and cmail</p>

<ul>
	<li>tested newcruise; newfilter</li>
	<li>/root/bin &nbsp; has all the mounting scripts</li>
	<li>copied over all users/user mailboxes from old linus&nbsp;</li>
	<li>original linus on ship still (199.92.161.164)</li>
	<li>mailboxes are in /var/mail</li>
	<li>build notes (probably only make sense to me)
	<ul>
		<li>https://docs.google.com/document/d/1qwxzI-9mRvHSXS_q609SNp8_e_kv_IhoYaI7luWydC8/edit</li>
	</ul>
	</li>
	<li>ntpd is not working yet, send computers to oldlinus for ntp</li>
	<li>STATUS SCREEN moved to ftp, not running on LINUS anymore</li>
	<li>LINUS does mail and mounts data computers</li>
</ul>

<p dir="ltr">&nbsp;</p>
$@MID@$: 92
Date: Wed, 30 Aug 2017 10:29:28 +0000
Author: lstolp
Type: Build
name: ftp
server type: web
OS: Linux
Location: Computer Lab
Category: Hardware
Subject: NEW FTP installed
Cruise: at38
Attachment: 
Encoding: HTML
========================================
<p>Original FTP on ship; on science 192.168.11.2</p>

<p>Installation notes: https://docs.google.com/document/d/1hIRsd7aCBH6D5BM0MTjp766zTMX3shP7QYfjVU08a3w/edit</p>

<ul>
	<li>ftp now runs status screen, and hosts the database on a RAM partiion/disk
	<ul>
		<li>
		<p>tmpfs on /usr/lib/cgi-bin/db_driven_data/status_screen/sqlite_database type tmpfs (rw,size=50M)</p>
		</li>
	</ul>
	</li>
</ul>
$@MID@$: 93
Date: Wed, 30 Aug 2017 13:19:42 +0000
Author: lstolp
Type: Build
name: currents
server type: UHDAS
OS: Linux
Location: Computer Lab
Category: Software
Subject: new build ubuntu 16.04 and new UHDAS installed
Cruise: at38
Attachment: 
Encoding: HTML
========================================
<p>Jules was in port for the week and updated UHDAS after updating IOS to xubuntu 16.04. I think there are a lot of small changes, but the big one is the creation of a speedlog plot.&nbsp;</p>
