$@MID@$: 13
Date: Mon, 21 May 2012 11:07:44 +0000
Author: AH - email from Robbie
Sensor: imet_barometer | imet_anemometer | imet_humidity | SWR/LWR combo box
S/N: 
Calibration Date: 
Type: Other
Category: General
Subject: DOCUMENTATION - for ASIMET sensors
Cruise: at21-01
Revisions: 
Attachment: 
Encoding: HTML
========================================
<p><span style="font-size: x-large;">http://frodo.whoi.edu/asimet/ </span></p>
<p><span style="font-size: x-large;">is the page with documentation on the ASIMET<br />
sensors.&nbsp; I'm not sure if our version match the ones on the page, but stuff<br />
should be close.&nbsp; We don't use some of the features, like internal storage of<br />
data, not sure what else we don't use.<br />
<br />
</span></p>
$@MID@$: 14
Date: Mon, 21 May 2012 11:11:23 +0000
Author: AH - Betsey's new diagram
Sensor: Tower Wiring
S/N: 
Calibration Date: 
Type: Configuration
Category: Hardware
Subject: Betsey's new diagram
Cruise: at21-01
Revisions: 
Attachment: 120521_111118_ATLANTIS_MET_MAST.pdf
Encoding: HTML
========================================
<p><span style="font-size: large;">New MET drawings will be posted today on the WHOI ships web site<br />
&nbsp;http://www.whoi.edu/page.do?pid=8128<br />
under &quot;Layout and Berthing Diagrams&quot; for each ship<br />
FYI<br />
I calculate the Met Sensor Mounts to Waterline as:<br />
~48 ft for Knorr<br />
~68 ft for Atlantis<br />
<br />
Betsey</span><br />
&nbsp;</p>
