$@MID@$: 66
Date: Fri, 23 Mar 2018 16:34:09 +0000
Author: dsims
Type: 
Winch: Markey #1 (fore)
Wire: EM Cable / CTD conductor
Category: Routine
Subject: New Termination after cutting off 220m
Cruise: at39-06
Attachment: 
Encoding: HTML
========================================
<p><span style="font-size:14px">We cut off 200m of wire because it is getting rusty.</span></p>

<p><span style="font-size:14px">Tape from the wire reads: 7965.5</span></p>

<p><span style="font-size:14px">Megger results are:</span></p>

<p><span style="font-size:14px">WIres&nbsp;&nbsp;&nbsp;&nbsp;&nbsp;&nbsp;&nbsp;&nbsp;&nbsp; Resistance&nbsp;&nbsp;&nbsp;&nbsp;&nbsp;&nbsp;&nbsp;&nbsp;&nbsp; DAR&nbsp;&nbsp;&nbsp;&nbsp;&nbsp;&nbsp;&nbsp;&nbsp;&nbsp; PI&nbsp;&nbsp;&nbsp;&nbsp;&nbsp;&nbsp;&nbsp;&nbsp;&nbsp; Capacitance</span></p>

<p><span style="font-size:14px">G - W&nbsp;&nbsp;&nbsp;&nbsp;&nbsp;&nbsp;&nbsp;&nbsp;&nbsp; 646 M ohms&nbsp;&nbsp;&nbsp;&nbsp;&nbsp;&nbsp;&nbsp;&nbsp;&nbsp; 1.06&nbsp;&nbsp;&nbsp;&nbsp;&nbsp;&nbsp;&nbsp;&nbsp; .89&nbsp;&nbsp;&nbsp;&nbsp;&nbsp;&nbsp;&nbsp;&nbsp; .879 ufd</span></p>

<p><span style="font-size:14px">G - R&nbsp;&nbsp;&nbsp;&nbsp;&nbsp;&nbsp;&nbsp;&nbsp;&nbsp;&nbsp; 2.99 G ohms &nbsp;&nbsp;&nbsp;&nbsp;&nbsp;&nbsp;&nbsp; &nbsp; 1.08&nbsp;&nbsp;&nbsp;&nbsp;&nbsp;&nbsp;&nbsp;&nbsp; 1.21&nbsp; &nbsp;&nbsp;&nbsp;&nbsp;&nbsp; .880 ufd</span></p>

<p><span style="font-size:14px">G - Bk&nbsp;&nbsp;&nbsp;&nbsp;&nbsp;&nbsp;&nbsp;&nbsp; 3.69 G ohm &nbsp; &nbsp;&nbsp;&nbsp;&nbsp;&nbsp;&nbsp;&nbsp;&nbsp;&nbsp; 0.75&nbsp;&nbsp;&nbsp;&nbsp;&nbsp;&nbsp;&nbsp; 1.26&nbsp;&nbsp;&nbsp;&nbsp;&nbsp;&nbsp;&nbsp; .942 ufd</span></p>

<p><span style="font-size:14px">W - R&nbsp;&nbsp;&nbsp;&nbsp;&nbsp;&nbsp;&nbsp;&nbsp;&nbsp; 2.64 G ohms&nbsp;&nbsp;&nbsp;&nbsp;&nbsp;&nbsp;&nbsp;&nbsp;&nbsp;&nbsp; 1.84&nbsp;&nbsp;&nbsp;&nbsp;&nbsp;&nbsp;&nbsp; 1.63&nbsp;&nbsp;&nbsp;&nbsp;&nbsp;&nbsp;&nbsp; .578 ufd</span></p>

<p><span style="font-size:14px">W - Bk&nbsp;&nbsp;&nbsp;&nbsp;&nbsp;&nbsp;&nbsp; 3.41 G ohms&nbsp;&nbsp;&nbsp;&nbsp;&nbsp;&nbsp;&nbsp;&nbsp;&nbsp;&nbsp; 1.16&nbsp;&nbsp;&nbsp;&nbsp;&nbsp;&nbsp;&nbsp;&nbsp; 1.55&nbsp;&nbsp;&nbsp;&nbsp;&nbsp;&nbsp;&nbsp; .618 ufd</span></p>

<p><span style="font-size:14px">R - Bk&nbsp;&nbsp;&nbsp;&nbsp;&nbsp;&nbsp;&nbsp;&nbsp; 6.66 G ohms&nbsp;&nbsp;&nbsp;&nbsp;&nbsp;&nbsp;&nbsp;&nbsp;&nbsp;&nbsp; 1.08 &nbsp; &nbsp; &nbsp;&nbsp; 1.16 &nbsp; &nbsp; &nbsp; &nbsp; .582 ufd </span></p>

<p><span style="font-size:14px">(The white wire has a somewhat low resistance to ground.&nbsp; It might be the slip rings.&nbsp; This is the beginning of a cruise with a two week port stop at WHOI after.&nbsp; I will check the full path at WHOI to determine the problem.&nbsp; Robbie was going to get some new slip rings.&nbsp; I am checking to see if we can have a new set when we get to WHOI.) </span></p>

<p><span style="font-size:14px">Shorted inside wires together. and checked resistance at termination.&nbsp; </span></p>

<p><span style="font-size:14px">G - R&nbsp;&nbsp;&nbsp;&nbsp; 242 ohms</span></p>

<p><span style="font-size:14px">G - Bk&nbsp;&nbsp;&nbsp; 243 ohms</span></p>

<p><span style="font-size:14px">G - W&nbsp;&nbsp;&nbsp;&nbsp; 243 ohms</span></p>

<p><span style="font-size:14px">Bk - W&nbsp;&nbsp;&nbsp; 478 ohms</span></p>

<p><span style="font-size:14px">Bk - R&nbsp;&nbsp;&nbsp;&nbsp; 480 ohms</span></p>

<p><span style="font-size:14px">W - R&nbsp;&nbsp;&nbsp;&nbsp;&nbsp; 480 ohms</span></p>

<p>&nbsp;</p>

<p>&nbsp;</p>
