$@MID@$: 70
Date: Sun, 19 Aug 2018 18:05:16 +0000
Author: Catie
Type: Termination
Winch: Markey #1 (fore)
Wire: EM Cable / CTD conductor
Category: Routine
Subject: Post-wire lube retermination
Cruise: at41
Attachment: 
Encoding: HTML
========================================
<p>Retermination done 8-18-19 following August 2018 Wire Lube</p>

<p>Tested with:&nbsp; Model 1060 AEMC Megger - (SSSG/ComET Megger)&nbsp; was used for the insulation resistance testing</p>

<p>Fluke 87 III True RMS Multimeter used for the continuity testing</p>

<p>Fwd .322 Wire, NSF-3-C165</p>

<p>Air temp:&nbsp;&nbsp;&nbsp; 75 degrees F</p>

<p>Current ticker tape reading = 7744m</p>

<p>Current wire length = 7587m</p>

<p>&nbsp;</p>

<p><!--StartFragment--></p>

<p><span style="font-size:medium">Wire pair</span><span style="font-size:medium"> &nbsp;&nbsp;&nbsp;&nbsp;&nbsp;&nbsp;&nbsp;&nbsp;&nbsp;&nbsp;&nbsp;&nbsp;&nbsp;&nbsp;&nbsp;&nbsp;&nbsp;&nbsp;&nbsp;&nbsp;&nbsp;&nbsp;&nbsp;&nbsp;&nbsp;&nbsp;&nbsp;&nbsp;&nbsp;&nbsp;&nbsp;&nbsp;&nbsp;&nbsp;&nbsp;&nbsp;&nbsp;&nbsp;&nbsp;&nbsp;&nbsp;&nbsp;&nbsp;&nbsp;&nbsp;&nbsp;&nbsp;&nbsp;&nbsp;&nbsp;&nbsp; Ohms&nbsp;&nbsp;&nbsp;&nbsp;&nbsp;&nbsp;&nbsp;&nbsp;&nbsp;&nbsp;&nbsp;&nbsp;&nbsp;&nbsp;&nbsp;&nbsp;&nbsp;&nbsp;&nbsp;&nbsp;&nbsp; DAR&nbsp;&nbsp;&nbsp;&nbsp;&nbsp;&nbsp;&nbsp;&nbsp;&nbsp;&nbsp; PI &nbsp;&nbsp;&nbsp;&nbsp;&nbsp;&nbsp;&nbsp;&nbsp; microF &nbsp; &nbsp; &nbsp;&nbsp;&nbsp;&nbsp; &nbsp; &nbsp;&nbsp; </span></p>

<p>&nbsp;</p>

<p><span style="font-size:medium">Red-Black &nbsp; &nbsp;&nbsp;&nbsp;&nbsp;&nbsp;&nbsp;&nbsp;&nbsp;&nbsp;&nbsp;&nbsp;&nbsp;&nbsp;&nbsp;&nbsp;&nbsp;&nbsp;&nbsp;&nbsp;&nbsp;&nbsp;&nbsp;&nbsp;&nbsp;&nbsp;&nbsp;&nbsp;&nbsp;&nbsp;&nbsp;&nbsp;&nbsp;&nbsp;&nbsp;&nbsp;&nbsp;&nbsp;&nbsp;&nbsp; 2.457 GOhms &nbsp; &nbsp; &nbsp; &nbsp; &nbsp;&nbsp;&nbsp; 1.00 &nbsp;&nbsp;&nbsp;&nbsp;&nbsp;&nbsp;&nbsp;&nbsp; 1.13 &nbsp;&nbsp;&nbsp;&nbsp;&nbsp;&nbsp; 0.565</span></p>

<p><span style="font-size:medium">Red-White</span><span style="font-size:medium"> &nbsp;&nbsp; &nbsp;&nbsp; &nbsp;&nbsp;&nbsp;&nbsp;&nbsp;&nbsp;&nbsp;&nbsp;&nbsp;&nbsp;&nbsp;&nbsp;&nbsp;&nbsp;&nbsp;&nbsp;&nbsp;&nbsp;&nbsp;&nbsp;&nbsp;&nbsp;&nbsp;&nbsp;&nbsp;&nbsp;&nbsp;&nbsp;&nbsp;&nbsp;&nbsp;&nbsp;&nbsp;&nbsp;&nbsp; 1.029 GOhms &nbsp; &nbsp; &nbsp; &nbsp; &nbsp;&nbsp;&nbsp; 1.07 &nbsp;&nbsp;&nbsp;&nbsp;&nbsp;&nbsp;&nbsp;&nbsp; 1.40 &nbsp;&nbsp;&nbsp;&nbsp;&nbsp;&nbsp; 0.595</span><span style="font-size:medium"> </span></p>

<p><span style="font-size:medium">Red-Green</span><span style="font-size:medium"> &nbsp;&nbsp; &nbsp;&nbsp;&nbsp;&nbsp;&nbsp;&nbsp;&nbsp;&nbsp;&nbsp;&nbsp;&nbsp;&nbsp;&nbsp;&nbsp;&nbsp;&nbsp;&nbsp;&nbsp;&nbsp;&nbsp;&nbsp;&nbsp;&nbsp;&nbsp;&nbsp;&nbsp;&nbsp;&nbsp;&nbsp;&nbsp;&nbsp;&nbsp;&nbsp;&nbsp;&nbsp;&nbsp;&nbsp; 1.518 GOhms &nbsp; &nbsp; &nbsp; &nbsp; &nbsp;&nbsp;&nbsp; 1.05 &nbsp;&nbsp;&nbsp;&nbsp;&nbsp;&nbsp;&nbsp;&nbsp; 1.09 &nbsp;&nbsp;&nbsp;&nbsp;&nbsp;&nbsp; 0.854</span></p>

<p><span style="font-size:medium">Black-White</span><span style="font-size:medium">&nbsp;&nbsp;&nbsp; &nbsp; &nbsp;&nbsp;&nbsp;&nbsp;&nbsp;&nbsp;&nbsp;&nbsp;&nbsp;&nbsp;&nbsp;&nbsp;&nbsp;&nbsp;&nbsp;&nbsp;&nbsp;&nbsp;&nbsp;&nbsp;&nbsp;&nbsp;&nbsp;&nbsp;&nbsp;&nbsp;&nbsp;&nbsp;&nbsp;&nbsp;&nbsp;&nbsp;&nbsp;&nbsp; 1.668 GOhms &nbsp; &nbsp; &nbsp; &nbsp; &nbsp;&nbsp;&nbsp; 1.07 &nbsp; &nbsp;&nbsp;&nbsp;&nbsp;&nbsp;&nbsp; 1.71 &nbsp;&nbsp;&nbsp;&nbsp;&nbsp;&nbsp; 0.567</span></p>

<p><span style="font-size:medium">Black-Green</span><span style="font-size:medium"><span style="font-size:medium">&nbsp;&nbsp;&nbsp;&nbsp;&nbsp;&nbsp;&nbsp;&nbsp;&nbsp;&nbsp;&nbsp;&nbsp;&nbsp;&nbsp;&nbsp;&nbsp;&nbsp;&nbsp;&nbsp;&nbsp;&nbsp;&nbsp;&nbsp;&nbsp;&nbsp;&nbsp;&nbsp;&nbsp;&nbsp;&nbsp;&nbsp;&nbsp;&nbsp;&nbsp;&nbsp;&nbsp;&nbsp;&nbsp;&nbsp; 1.878 GOhms &nbsp; &nbsp; &nbsp; &nbsp; &nbsp;&nbsp;&nbsp; 1.08 &nbsp;&nbsp;&nbsp;&nbsp;&nbsp;&nbsp;&nbsp;&nbsp; 1.15 &nbsp;&nbsp;&nbsp;&nbsp;&nbsp;&nbsp; 0.863</span> </span></p>

<p><span style="font-size:medium">White-Green</span><span style="font-size:medium">&nbsp;&nbsp;&nbsp;&nbsp;&nbsp;&nbsp;&nbsp;&nbsp;&nbsp;&nbsp;&nbsp;&nbsp;&nbsp;&nbsp;&nbsp;&nbsp;&nbsp;&nbsp;&nbsp;&nbsp;&nbsp;&nbsp;&nbsp;&nbsp;&nbsp;&nbsp;&nbsp;&nbsp;&nbsp;&nbsp;&nbsp;&nbsp;&nbsp;&nbsp;&nbsp;&nbsp;&nbsp;&nbsp;&nbsp; 246.5 MOhms &nbsp; &nbsp; &nbsp; &nbsp; &nbsp;&nbsp;&nbsp; 0.94 &nbsp;&nbsp;&nbsp;&nbsp;&nbsp;&nbsp;&nbsp;&nbsp; 0.91 &nbsp;&nbsp;&nbsp;&nbsp;&nbsp;&nbsp; 0.905</span></p>

<p>&nbsp;</p>

<p><strong><span style="font-size:medium">CONTINUITY:</span></strong></p>

<p><span style="font-size:medium">Red-Black&nbsp;&nbsp;&nbsp;&nbsp;&nbsp;&nbsp;&nbsp; 466 Ohms</span></p>

<p><span style="font-size:medium">Red-White&nbsp;&nbsp;&nbsp;&nbsp;&nbsp;&nbsp;&nbsp; 455 Ohms</span></p>

<p><span style="font-size:medium">Red-Green&nbsp;&nbsp;&nbsp;&nbsp;&nbsp;&nbsp; 230 Ohms</span></p>

<p><span style="font-size:medium">W</span><span style="font-size:medium">hite-Green&nbsp;&nbsp;&nbsp;&nbsp; 230 Ohms</span></p>

<p><span style="font-size:medium">Black-Green&nbsp;&nbsp;&nbsp;&nbsp; 225 Ohms</span></p>

<p><span style="font-size:medium">Black-White &nbsp;&nbsp;&nbsp;&nbsp; 450 Ohms</span></p>

<p><span style="font-size:medium">Green-Ship&nbsp;&nbsp;&nbsp;&nbsp;&nbsp;&nbsp; 4.1 Ohms</span></p>

<p>Values for continuity fluctuated during measurement - the reading is about the median value of the fluctuation</p>

<p><!--EndFragment--></p>
