$@MID@$: 45
Date: Thu, 09 Mar 2017 12:28:52 +0000
Author: Catie
Type: Inventory
Category: sensor
Sensor: O2
S/N: SBE43-0113
Calibration Date: 
Subject / Summary: SBE43-0113 poor performance
Cruise: at37-09
link: 
Revisions: 
Attachment: 
Encoding: HTML
========================================
<p>During the first 3 casts of AT37-09 Oxygen sensor 0113 was showing poor performance and large hysteresis between upcast and downcast. It was replaced by sensor 0072. 0113 was returned to Marshall for recal by Chief Sci Jeff McGuire hand carry on March 10 2017.</p>
$@MID@$: 46
Date: Thu, 09 Mar 2017 12:32:43 +0000
Author: Catie
Type: Calibration
Category: sensor
Sensor: xmiss
S/N: CST-1117
Calibration Date: 20 May 2015
Subject / Summary: Field recalibration of CST-1117
Cruise: at37-09
link: 
Revisions: 
Attachment: 
Encoding: HTML
========================================
<p>CST-1117 was showing beam transmission &gt;100% during AT37-09. M and B were 21.2354 and -0.1557. </p>
<p>Field recal was done on 8 March 2017. New M and B in the con files are 20.98502 and -0.15382 to bring beam transmission back &lt;100%.</p>
