$@MID@$: 14
Date: Thu, 02 Feb 2017 14:54:00 +0000
Author: AH
Type: Duties
Subject / Summary: Clean Filters
Cruise: at37-08
link: 
Revisions:  & Mon May  1 18:10:23 2017^M
Attachment: 
Encoding: HTML
========================================
<p>A linus cronjob will remind us once a month to &quot;clean the filters&quot;.&nbsp; This includes:</p>
<p>1)&nbsp; computer lab rack - computers - vacuum or change computer filters, dust area</p>
<p>2)&nbsp; alvin duping station - vacuum filters (replace if heavily worn)</p>
<p>3)&nbsp; alvin video station - vacuum filters / dust</p>
<p>4)&nbsp; em122 - vacuum filters on the TRU (underneath) and PreAMP - open cabinet twice (once opens glass, then</p>
<p>&nbsp;&nbsp;&nbsp;&nbsp;&nbsp;&nbsp;&nbsp;&nbsp;&nbsp;&nbsp;&nbsp;&nbsp;&nbsp;&nbsp;&nbsp;&nbsp;&nbsp;&nbsp; key fits again to open the rest of the cabinet). vacuum filter on bottom of part that is now swung out.</p>
<p>5)&nbsp; Sci hold -80 - vacuum</p>
<p>6)&nbsp; main lab -70 vacuum - replace if heavily warn</p>
<p>Never be discouraged from doing some vacuuming and dusting even if you have not been emailed a reminder to do so :)</p>
<p>2-Feb-2017 - all of them have been done</p>
<p>1-May-2017 - all have been done</p>
