$@MID@$: 21
Date: Sat, 23 Mar 2013 11:59:30 +0000
Author: AH
Type: Wire
Winch: 
Wire: EM Cable / CTD conductor
Category: Routine
Subject: Break Test Results - .322
Cruise: SHIPYARD
Attachment: 130323_120002_ATLANTISWireBreakTest-322-NSF-09-C152.pdf
Encoding: HTML
========================================
<p>The .322 broke at 12,590 lbs with a mid-span break.&nbsp; The manufacturers<br />
breaking strength is 10,000 lbs. This was a satisfactory test.&nbsp; We are aware<br />
of the 2 reported broken wires in the armor around the 1600 &amp; 1800 meter<br />
range.<br />
&nbsp;</p>
$@MID@$: 22
Date: Sat, 23 Mar 2013 12:01:31 +0000
Author: AH
Type: Wire
Winch: 
Wire: trawl wire
Category: Routine
Subject: Break Test Results - Trawl Wire
Cruise: SHIPYARD
Attachment: 130323_120124_ATLANTISWireBreakTest-TrawlWire-NSF-07-T39.pdf
Encoding: HTML
========================================

