$@MID@$: 25
Date: Mon, 27 May 2013 17:40:39 +0000
Author: AH
Type: Winch
Winch: 
Wire: 
Category: Routine
Subject: 3PS ACCOUNT
Cruise: at26-01
Attachment: 
Encoding: HTML
========================================
<p>&nbsp;</p>
<p><del>
<p><span style="font-size: large;">During winch operation use:<br />
</span></p>
<p><span style="font-size: large;">username:&nbsp; user<br />
</span></p>
<p><span style="font-size: large;">no password<br />
</span></p>
<p>&nbsp;</p>
</del></p>
<p><span style="font-size: large;"><br />
</span></p>
<p>&nbsp;</p>
<p>&nbsp;</p>
<p><span style="font-size: large;">There is also a user account on the 3ps computer is:<br />
</span></p>
<p><span style="font-size: large;">username:&nbsp; science<br />
</span></p>
<p><span style="font-size: large;">password:&nbsp; atlantis</span></p>
<p>&nbsp;</p>
<p><span style="font-size: large;">2014-January-01 - use this account for operation!</span></p>
<p>&nbsp;</p>
<p><span style="font-size: large;">This one allows changes to be made ?????I think (double check this)</span></p>
