$@MID@$: 29
Date: Sat, 15 Jun 2013 22:27:24 +0000
Author: AH
Type: 
Winch: 
Wire: hydrowire
Category: Routine
Subject: Break Test results
Cruise: at26-01
Attachment: 130615_222718_quarterinchHydroWireNSL-20-H25BreakTest.pdf
Encoding: HTML
========================================

$@MID@$: 30
Date: Sat, 15 Jun 2013 22:27:55 +0000
Author: AH
Type: 
Winch: 
Wire: EM Cable / CTD conductor
Category: Routine
Subject: Break Test Results
Cruise: at26-01
Attachment: 130615_222751_322CTDCable-NSF-05-C152BreakTest.pdf
Encoding: HTML
========================================

