$@MID@$: 26
Date: Fri, 07 Jun 2013 19:43:52 +0000
Author: AH
Type: Winch
Winch: Markey #1 (fore) | Markey #2 (aft)
Wire: 
Category: Routine
Subject: MARKEY WINCH - new - diagrams
Cruise: at26-01
Attachment: 130607_194347_markey_winch_2013april.pdf
Encoding: HTML
========================================

$@MID@$: 27
Date: Fri, 07 Jun 2013 19:44:48 +0000
Author: AH
Type: 
Winch: Markey #1 (fore) | Markey #2 (aft)
Wire: 
Category: Routine
Subject: Parts used for deck wire pass through
Cruise: at26-01
Attachment: 130607_194436_deck_wire_pass_through_1.JPG,130607_194445_deck_wire_pass_through_2.JPG
Encoding: HTML
========================================

$@MID@$: 28
Date: Fri, 07 Jun 2013 19:58:45 +0000
Author: AH
Type: 
Winch: 
Wire: fiber optic
Category: Routine
Subject: Logbook Entries for fiber optic wire / winch
Cruise: at26-01
Attachment: 130607_195823_IMG_2038.JPG,130607_195832_IMG_2039.JPG,130607_195841_IMG_2040.JPG
Encoding: HTML
========================================

