$@MID@$: 31
Date: Tue, 16 Jul 2013 18:07:28 +0000
Author: rhagg
Type: Winch
Winch: Markey #1 (fore) | Markey #2 (aft)
Wire: other
Category: Other
Subject: DESH-5 (forward) Quick Start Guide
Cruise: at26-03
Attachment: 130716_180727_21691COR_ATLANTIS_DESH-5_Quick_Start_Guide.pdf
Encoding: HTML
========================================
<p>&nbsp;Quick Start Guide, Research Vessel Atlantis, Type DESH-5 Deep Sea Research Winches Retrofit, Refurbish, Upgrade, Project Number 21691</p>
<p>Document attached.</p>
$@MID@$: 32
Date: Tue, 16 Jul 2013 18:37:08 +0000
Author: rhagg
Type: Wire
Winch: Traction
Wire: fiber optic
Category: Routine
Subject: NSF WIRE #: 11-F06 , .681 , Fiber Optic
Cruise: at26-02
Attachment: 130716_183732_Wire_Status_Report_Atlantis_7-9-13_Voy_26-2.pdf
Encoding: HTML
========================================
<p>&nbsp;Find attached wire report for&nbsp;<b>NSF W</b><span class="s1"><b>IRE </b></span><b>#: 11-F06</b></p>
