$@MID@$: 2
Date: Fri, 30 Mar 2012 12:50:12 +0000
Author: AH
Type: Other
Category: Other
Subject: Future 3PS System - notes from the Knorr installation
Cruise: at20
Attachment: 
Encoding: HTML
========================================
<p>EMAIL - LAURA STOLP 29 March 2012</p>
<p>&nbsp;</p>
<p>1. MainLab 3PS XP Touch Screen computer:<br />
&nbsp;&nbsp; - You can use the following ip number for the computer on both the<br />
&nbsp;&nbsp;&nbsp;&nbsp; Knorr&nbsp; and Atlantis. This is on the science network.<br />
&nbsp;&nbsp;&nbsp;&nbsp;&nbsp; ip number: 192.168.11.240<br />
&nbsp;&nbsp;&nbsp;&nbsp;&nbsp;&nbsp;&nbsp; network: 192.168.11.0<br />
&nbsp;&nbsp;&nbsp;&nbsp;&nbsp;&nbsp;&nbsp; netmask: 255.255.255.0<br />
&nbsp;&nbsp;&nbsp;&nbsp;&nbsp;&nbsp;&nbsp; broadcast: 192.168.11.255<br />
&nbsp;&nbsp; - Other packages we would like installed:<br />
&nbsp;&nbsp;&nbsp;&nbsp;&nbsp; -NTP&nbsp; - the version we are currently using on our windows computers:<br />
&nbsp;&nbsp;&nbsp;&nbsp;&nbsp;&nbsp;&nbsp;&nbsp;&nbsp;&nbsp;&nbsp;&nbsp;&nbsp;&nbsp;&nbsp; ntp-4.2.4p8@lennon-o-lpv-win32-setup.exe<br />
&nbsp;&nbsp;&nbsp;&nbsp;&nbsp; -the ability to share directories over the network, this usually<br />
&nbsp;&nbsp;&nbsp;&nbsp;&nbsp;&nbsp; comes as part of the OS..<br />
<br />
&nbsp;&nbsp; - if this computer is on the network, then maybe it could send out a<br />
&nbsp;&nbsp;&nbsp;&nbsp; udp broadcast depending on which winch is in use..<br />
<br />
&nbsp;&nbsp;&nbsp; port 55007 @ 1Hz<br />
&nbsp;&nbsp;&nbsp;&nbsp; 04,&nbsp;&nbsp;&nbsp; 140, ,&nbsp;&nbsp; -2.3, ,&nbsp;&nbsp;&nbsp; 0.0, ,0000<br />
&nbsp;&nbsp;&nbsp;&nbsp; 04,&nbsp;&nbsp;&nbsp; 140, ,&nbsp;&nbsp; -2.3, ,&nbsp;&nbsp;&nbsp; 0.0, ,0000<br />
<br />
2. We would like the ability for the MainLab 3PS system to automatically log the winch data to<br />
a file depending on which winch was in use. I think it is currently set up to log to a file<br />
when the winch's tension exceeds 100lbs. This is why the only winch that we can log in the<br />
Mainlab is the Trawl. The Trawl wire has a tension of 140lbs. The user, however, still needs<br />
to click 'log'.<br />
<br />
To truly automate logging the program would need to log to a file after some tension and<br />
payout speed has been reached. A watchdog program that could monitor the tension and payout<br />
and when they reached a certain threshold (200 lb and 2 m/s) for 2 minutes, open a logfile and<br />
write to it till another set of criteria has been reached (200lb and 0 m/s for 10 minutes) and<br />
close the logfile.<br />
<br />
&nbsp;&nbsp;&nbsp;&nbsp;&nbsp;&nbsp;&nbsp; - logfile naming convention<br />
&nbsp;&nbsp;&nbsp;&nbsp;&nbsp;&nbsp;&nbsp;&nbsp;&nbsp;&nbsp;&nbsp; [r2rshipabbreviation]_[winch]_[date].log<br />
&nbsp;&nbsp;&nbsp;&nbsp;&nbsp;&nbsp;&nbsp;&nbsp;&nbsp;&nbsp;&nbsp; for example on the knorr: kn_porthydro_201203281202.log<br />
&nbsp;&nbsp;&nbsp;&nbsp;&nbsp;&nbsp;&nbsp;&nbsp;&nbsp;&nbsp;&nbsp;&nbsp;&nbsp;&nbsp;&nbsp;&nbsp;&nbsp;&nbsp;&nbsp;&nbsp;&nbsp;&nbsp;&nbsp;&nbsp;&nbsp;&nbsp;&nbsp; atlantis: at_afthydro_201203281509.log<br />
<br />
Currently the log file uses time as 'elapsed time' instead of timestamping the data. Time<br />
stamping would be more useful.<br />
<br />
Currently:<br />
<br />
Elapsed&nbsp;&nbsp; Winch&nbsp; Tension&nbsp; Tension&nbsp; Payout Payout Speed Speed&nbsp; 4-Char.<br />
Time&nbsp;&nbsp;&nbsp;&nbsp;&nbsp; Desig.&nbsp; Data:&nbsp;&nbsp; Alarm:&nbsp;&nbsp; Data:&nbsp; Alarm: Data: Alarm: Comment<br />
(mSecs):&nbsp;&nbsp;&nbsp; #:&nbsp;&nbsp;&nbsp;&nbsp;&nbsp;&nbsp;&nbsp;&nbsp;&nbsp;&nbsp;&nbsp;&nbsp;&nbsp;&nbsp;&nbsp;&nbsp;&nbsp;&nbsp;&nbsp;&nbsp;&nbsp;&nbsp;&nbsp;&nbsp;&nbsp;&nbsp;&nbsp;&nbsp;&nbsp;&nbsp;&nbsp;&nbsp;&nbsp;&nbsp;&nbsp;&nbsp;&nbsp;&nbsp;&nbsp;&nbsp;&nbsp;&nbsp;&nbsp;&nbsp;&nbsp;&nbsp;&nbsp;&nbsp; Field:<br />
---------------------------------------------------------------------<br />
&nbsp;&nbsp; 0,&nbsp;&nbsp;&nbsp;&nbsp;&nbsp; 04,&nbsp;&nbsp;&nbsp;&nbsp; 100,&nbsp;&nbsp;&nbsp;&nbsp;&nbsp;&nbsp; ,&nbsp;&nbsp;&nbsp; -2.4,&nbsp;&nbsp;&nbsp;&nbsp; ,&nbsp;&nbsp;&nbsp; 0.0,&nbsp;&nbsp;&nbsp; ,&nbsp;&nbsp; 0000<br />
&nbsp; 47,&nbsp;&nbsp;&nbsp;&nbsp;&nbsp; 04,&nbsp;&nbsp;&nbsp;&nbsp; 102,&nbsp;&nbsp;&nbsp;&nbsp;&nbsp;&nbsp; ,&nbsp;&nbsp;&nbsp; -2.4,&nbsp;&nbsp;&nbsp;&nbsp; ,&nbsp;&nbsp;&nbsp; 0.0,&nbsp;&nbsp;&nbsp; ,&nbsp;&nbsp; 0000<br />
&nbsp;109,&nbsp;&nbsp;&nbsp;&nbsp;&nbsp; 04,&nbsp;&nbsp;&nbsp;&nbsp; 100,&nbsp;&nbsp;&nbsp;&nbsp;&nbsp;&nbsp; ,&nbsp;&nbsp;&nbsp; -2.4,&nbsp;&nbsp;&nbsp;&nbsp; ,&nbsp;&nbsp;&nbsp; 0.0,&nbsp;&nbsp;&nbsp; ,&nbsp;&nbsp; 0000<br />
&nbsp;156,&nbsp;&nbsp;&nbsp;&nbsp;&nbsp; 04,&nbsp;&nbsp;&nbsp;&nbsp; 100,&nbsp;&nbsp;&nbsp;&nbsp;&nbsp;&nbsp; ,&nbsp;&nbsp;&nbsp; -2.4,&nbsp;&nbsp;&nbsp;&nbsp; ,&nbsp;&nbsp;&nbsp; 0.0,&nbsp;&nbsp;&nbsp; ,&nbsp;&nbsp; 0000<br />
&nbsp;203,&nbsp;&nbsp;&nbsp;&nbsp;&nbsp; 04,&nbsp;&nbsp;&nbsp;&nbsp; 102,&nbsp;&nbsp;&nbsp;&nbsp;&nbsp;&nbsp; ,&nbsp;&nbsp;&nbsp; -2.4,&nbsp;&nbsp;&nbsp;&nbsp; ,&nbsp;&nbsp;&nbsp; 0.0,&nbsp;&nbsp;&nbsp; ,&nbsp;&nbsp; 00<br />
<br />
Time Stamp:<br />
<br />
Date&nbsp;&nbsp;&nbsp; Time&nbsp;&nbsp;&nbsp;&nbsp;&nbsp;&nbsp;&nbsp;&nbsp;&nbsp;&nbsp;&nbsp;&nbsp; Winch&nbsp; Tension&nbsp; Tension&nbsp; Payout Payout Speed ....<br />
&nbsp;&nbsp;&nbsp;&nbsp;&nbsp;&nbsp;&nbsp; hr:min:sec.00<br />
-------------------------------------------------------------------------<br />
2012/03/29, 00:00:17.00, 04,&nbsp;&nbsp;&nbsp;&nbsp; 100,&nbsp; ,&nbsp;&nbsp;&nbsp; -2.4, ,0.0, ,0000<br />
<br />
<br />
3. I did not get a chance to mention this, but it would be nice to be able to have a choice of<br />
auto scaling the plots on the touch screen.<br />
<br />
&nbsp;</p>
