$@MID@$: 4
Date: Sat, 18 Jun 2011 16:15:29 +0000
Author: lstolp
S/N: at-hiseasnet
Type: Configuration
Component: router
Subject: at-hiseasnet
Cruise: at18-06
Attachment: 110618_174022_at-hiseasnet.cfg
Encoding: HTML
========================================
<p>view console screen from ftp: minicom hiseasnet2</p>
<p>&nbsp;</p>
<p>Cisco CISCO2911/K9 (revision 1.0) with 479232K/45056K bytes of memory.</p>
<p>Processor board ID FTX1437A10R<br />
2 FastEthernet interfaces<br />
3 Gigabit Ethernet interfaces<br />
2 Serial(sync/async) interfaces<br />
DRAM configuration is 64 bits wide with parity enabled.<br />
255K bytes of non-volatile configuration memory.<br />
254464K bytes of ATA System CompactFlash 0 (Read/Write)<br />
<br />
&nbsp;</p>
<p>&nbsp;</p>
$@MID@$: 5
Date: Sat, 18 Jun 2011 17:39:48 +0000
Author: lstolp
S/N: at1-hiseasnet
Type: Configuration
Component: router
Subject: at1-hiseasnet
Cruise: at18-06
Attachment: 110618_173945_at1-hiseasnet.cfg
Encoding: HTML
========================================
<p><span style="font-size: large;"><strong><span style="color: rgb(255, 0, 0);">This will work for MARFAC and HiSeaNet<br />
</span></strong></span></p>
<p>&nbsp;</p>
<p>view console screen from ftp: minicom at1</p>
<p>attached to ftp's ttyS2</p>
<p>cisco 2620XM (MPC860P) processor (revision 0x100) with 94208K/4096K bytes of memory.<br />
Processor board ID JAE074005TK (2270691165)<br />
M860 processor: part number 5, mask 2<br />
Bridging software.<br />
X.25 software, Version 3.0.0.<br />
4 Ethernet/IEEE 802.3 interface(s)<br />
1 FastEthernet/IEEE 802.3 interface(s)<br />
2 Serial(sync/async) network interface(s)<br />
32K bytes of non-volatile configuration memory.<br />
32768K bytes of processor board System flash (Read/Write)</p>
<p>&nbsp;</p>
<p>&nbsp;</p>
$@MID@$: 6
Date: Sat, 18 Jun 2011 17:41:59 +0000
Author: lstolp
S/N: at2-hiseasnet
Type: Configuration
Component: router
Subject: at2-hiseasnet
Cruise: at18-06
Attachment: 110618_174157_at2-hiseasnet.cfg
Encoding: HTML
========================================
<p><strong><span style="font-size: x-large;"><span style="color: rgb(255, 0, 0);">This will work at the WHOI Dock and with HiSeasNet</span></span></strong></p>
<p>&nbsp;</p>
<p>view console screen from ftp: minicom at2</p>
<p>The console port is on ftp's ttyS3</p>
<p>&nbsp;</p>
<p>cisco 2611XM (MPC860P) processor (revision 0x200) with 125952K/5120K bytes of memory.<br />
Processor board ID JAE074906K2 (3242762268)<br />
M860 processor: part number 5, mask 2<br />
Bridging software.<br />
X.25 software, Version 3.0.0.<br />
4 Ethernet/IEEE 802.3 interface(s)<br />
2 FastEthernet/IEEE 802.3 interface(s)<br />
2 Serial(sync/async) network interface(s)<br />
32K bytes of non-volatile configuration memory.<br />
32768K bytes of processor board System flash (Read/Write)<br />
<br />
&nbsp;</p>
