$@MID@$: 4
Date: Sat, 30 Mar 2019 18:17:11 +0000
Author: Catie
Antenna: KA
S/N: 
Type: Routine
Component: System
Subject: Simple instructions how to get into Ka Dashboards + Blockage Zones
Cruise: at42-09
Attachment: 
Encoding: HTML
========================================
<p>-Plug laptop into c2960x-3 port 5</p>

<p>-Set IP to 10.10.4.93 netmask 255.255.255.248 gateway 10.10.4.89 and DNS server 8.8.8.8</p>

<p>-You can access the internet this way</p>

<p>For iDirect dashboard, point browser to <a href="https://10.5.0.169:50443">https://10.5.0.169:50443</a> admin/iDirect123! This will get you to info about antenna hardware and such</p>

<p>For the Ka Dashboard, point browser to <del>http://</del>10.5.0.169:54080 admin/1234 This will get you to the Ka Dashboard, with useful stuff like blockage zones config</p>

<p>For the FBB Dashboard, point browser to <del>http://</del>10.5.0.169:51080 admin/1234 This will get you to the Stbd FBB Dashboard, which is not really useful for much and you shouldn&#39;t be mucking with it.</p>

<p>*Pay close attention to http vs https when trying to connect!*</p>

<p>&nbsp;</p>

<p>these are set up in the KA Dashboard:</p>

<p>BLOCKING ZONES: 340 to 020 degrees&nbsp;&nbsp; elevation: -25 to +28 &nbsp; &nbsp; &nbsp;&nbsp; BRIDGE DIRECTION&nbsp;</p>

<p>&nbsp;&nbsp;&nbsp;&nbsp;&nbsp;&nbsp;&nbsp;&nbsp;&nbsp;&nbsp;&nbsp;&nbsp;&nbsp;&nbsp;&nbsp;&nbsp;&nbsp;&nbsp;&nbsp;&nbsp;&nbsp;&nbsp;&nbsp;&nbsp;&nbsp;&nbsp;&nbsp;&nbsp;&nbsp;&nbsp;&nbsp;&nbsp;&nbsp; 180 to 225 degrees&nbsp;&nbsp;&nbsp; elevation: -25 to 0&nbsp;&nbsp;&nbsp;&nbsp;&nbsp;&nbsp;&nbsp;&nbsp;&nbsp;&nbsp; AFRAME DIRECTION</p>

<p>&nbsp;</p>

<p><strong>Update of current blocking zones settings (still valid as of November 2019 when checked):</strong></p>

<p>Azimuth: 340 to 20 degrees for elevation: -25 to 45 degrees</p>

<p>And</p>

<p>Azimuth: 1 to 359 degrees for elevation: -25 to 0 degrees</p>

<p><!--EndFragment--></p>
