$@MID@$: 5
Date: Tue, 02 Jul 2019 20:16:47 +0000
Author: AH
Antenna: KA
S/N: 
Type: Configuration
Component: iDirect modem
Subject: screenshots from iDirect
Cruise: at42-12
Attachment: 190702_201726_admin_software_config_iDirect_Screenshot_from_2019-07-02_20-01-33.png,190702_201743_iDirect_dashboard_2019-07-02_19-56-49.png,190702_201758_satellite_interface_iDirect_Screenshot_from_2019-07-02_19-58-21.png,190702_201809_terminal_device_iDirect_Screenshot_from_2019-07-02_19-59-38.png
Encoding: HTML
========================================

$@MID@$: 6
Date: Tue, 02 Jul 2019 20:19:33 +0000
Author: AH
Antenna: KA
S/N: 
Type: Configuration
Component: System
Subject: KA dashboard screenshots
Cruise: at42-12
Attachment: 190702_201947_KA_dashboard_Screenshot_from_2019-07-02_20-03-34.png,190702_202006_KA_settings_block_zones_Screenshot_from_2019-07-02_20-05-47.png,190702_202026_KA_settings_network_page1_Screenshot_from_2019-07-02_20-13-27.png,190702_202040_KA_settings_network_rest_of_page1_Screenshot_from_2019-07-02_20-13-53.png,190702_202123_KA_settings_navigation_Screenshot_from_2019-07-02_20-07-15.png,190702_202136_KA_settings_modem_profiles_Screenshot_from_2019-07-02_20-05-24.png,190702_202159_KA_settings_satellite_profiles_Screenshot_from_2019-07-02_20-04-48.png,190702_202216_KA_settings_email_setup_Screenshot_from_2019-07-02_20-07-37.png,190702_202232_KA_settings_reporting_Screenshot_from_2019-07-02_20-08-06.png
Encoding: HTML
========================================

$@MID@$: 7
Date: Tue, 02 Jul 2019 20:23:19 +0000
Author: AH
Antenna: KA
S/N: 
Type: Configuration
Component: System
Subject: screenshots - SERVICE
Cruise: at42-12
Attachment: 190702_202438_KA_service_antenna_data_Screenshot_from_2019-07-02_20-12-21.png,190702_202456_KA_services_calibration_Screenshot_from_2019-07-02_20-10-57.png,190702_202507_KA_service_self_test_Screenshot_from_2019-07-02_20-12-51.png,190702_202525_KA_services_line_up_Screenshot_from_2019-07-02_20-11-56.png,190702_202542_KA_services_modem_Screenshot_from_2019-07-02_20-11-30.png,190702_202557_KA_services_upload_Screenshot_from_2019-07-02_20-08-34.png
Encoding: HTML
========================================

$@MID@$: 8
Date: Tue, 02 Jul 2019 20:26:31 +0000
Author: AH
Antenna: KA
S/N: 
Type: Configuration
Component: System
Subject: exported_config
Cruise: at42-12
Attachment: 190702_202644_acu-loop_settings.cfg
Encoding: HTML
========================================

