$@MID@$: 7
Date: Sun, 05 May 2013 21:29:21 +0000
Author: lstolp
Type: Configuration
Subject: phins sentences defined
Cruise: at25
Attachment: 
Encoding: HTML
========================================
<p>HEHDT,x.xxxxx,T*hh&lt;CR&gt;&lt;LF&gt;<br />
x.xxx&nbsp;&nbsp; is the true heading in degrees<br />
T&nbsp;&nbsp;&nbsp;&nbsp;&nbsp;&nbsp; is a fixed character = &lsquo;T&rsquo;<br />
hh <br />
<br />
$PHTRO,x.xx,a,y.yy,b*hh&lt;CR&gt;&lt;LF&gt;<br />
x.xx&nbsp;&nbsp;&nbsp; is the pitch in degrees<br />
a&nbsp;&nbsp;&nbsp;&nbsp;&nbsp; &nbsp; &nbsp; is &lsquo;M&rsquo; for bow up and &lsquo;P&rsquo; for bow down<br />
y.yy&nbsp;&nbsp;&nbsp; is the roll in degrees<br />
b&nbsp;&nbsp;&nbsp;&nbsp;&nbsp; &nbsp;&nbsp; is &lsquo;B&rsquo; for port down and &lsquo;T&rsquo; for port up<br />
hh&nbsp;&nbsp;&nbsp;&nbsp;&nbsp; is the checksum<br />
<br />
$PHLIN,x.xxx,y.yyy,z.zzz*hh&lt;CR&gt;&lt;LF&gt;<br />
x.xxx&nbsp;&nbsp;&nbsp; is the surge in meters (signed) 3 digits after the decimal point<br />
y.yyy&nbsp;&nbsp;&nbsp; is the sway in meters (signed) 3 digits after the decimal point<br />
z.zzz&nbsp;&nbsp;&nbsp; is the heave in meters (signed) 3 digits after the decimal point<br />
hh&nbsp;&nbsp;&nbsp;&nbsp;&nbsp; &nbsp; is the checksum <br />
<br />
$PHSPD,x.xxx,y.yyy,z.zzz*hh&lt;CR&gt;&lt;LF&gt;<br />
x.xxx&nbsp;&nbsp; is the surge speed in m/s (signed) 3 digits after the decimal point<br />
y.yyy&nbsp;&nbsp; is the sway speed in m/s (signed) 3 digits after the decimal point<br />
z.zzz&nbsp;&nbsp; is the heave speed in m/s (signed 3 digits after the decimal point<br />
hh&nbsp;&nbsp;&nbsp;&nbsp; &nbsp;&nbsp; is the checksum<br />
<br />
<br />
$PHCMP,LLll.ll,a,x.xx,N*hh&lt;CR&gt;&lt;LF&gt;<br />
LLll.ll&nbsp;&nbsp;&nbsp; is the latitude in degrees (two first L) and in minutes (four last l)<br />
a&nbsp;&nbsp;&nbsp;&nbsp;&nbsp;&nbsp;&nbsp; &nbsp;&nbsp; is &lsquo;N&rsquo; for Northern hemisphere and &lsquo;S&rsquo; for Southern hemisphere<br />
x.xx&nbsp;&nbsp;&nbsp;&nbsp;&nbsp; is the Horizontal speed in knots<br />
N&nbsp;&nbsp;&nbsp;&nbsp;&nbsp;&nbsp;&nbsp; &nbsp; is a fixed character = &lsquo;N&rsquo;<br />
hh&nbsp;&nbsp;&nbsp;&nbsp;&nbsp;&nbsp;&nbsp; is the checksum<br />
<br />
$PHINF,hhhhhhhh*hh&lt;CR&gt;&lt;LF&gt;<br />
hhhhhhhh&nbsp;&nbsp; is the hexadecimal value of INS&nbsp; see Table V.9<br />
&nbsp;&nbsp;&nbsp;&nbsp;&nbsp;&nbsp;&nbsp;&nbsp;&nbsp;&nbsp;&nbsp;&nbsp;&nbsp;&nbsp;&nbsp;&nbsp;&nbsp;&nbsp;&nbsp;&nbsp;&nbsp; user status<br />
hh&nbsp;&nbsp;&nbsp;&nbsp;&nbsp;&nbsp;&nbsp;&nbsp;&nbsp;&nbsp;&nbsp;&nbsp;&nbsp;&nbsp;&nbsp;&nbsp; is the checksum<br />
<br />
&nbsp;</p>
