$@MID@$: 5
Date: Wed, 08 Jun 2011 14:56:23 +0000
Author: lstolp
Cruise: ti528
Computer: ftp | athena | adcp | knudsen | ctd | science
Type: Problem
Category: Other
Subject: power loss to dock, all computers shutdown Tuesday June 7, 2011 am 
Attachment: 
Encoding: HTML
========================================

$@MID@$: 6
Date: Wed, 08 Jun 2011 14:57:14 +0000
Author: lstolp
Cruise: ti528
Computer: ftp
Type: Routine
Category: Software
Subject: added to tioga's cron to email lstolp@whoi.edu and khoutler@whoi.edu to do backups once  a month.. 
Attachment: 
Encoding: HTML
========================================

