$@MID@$: 53
Date: Fri, 28 Jan 2022 21:28:24 +0000
Author: rlaird
Cruise: 
Sensor: Fluorometer
S/N: WSCHL-1658
cal date: 14 April, 2021 
Category: installed
Type: Problem Fixed
Subject: Installed new flurometer
Attachment: 220128_213042_WetStar_Flurometer_Serial-WSCHL-1658-CalApril14-2021.pdf
Encoding: HTML
========================================
<p>Installed new flurometer, previous one stopped working.&nbsp; Cal data attached.&nbsp;&nbsp; Installation done around Jan 12, 2022</p>
$@MID@$: 54
Date: Fri, 28 Jan 2022 21:33:59 +0000
Author: rlaird
Cruise: 
Sensor: SBE45
S/N: 0063
cal date: 18-Nov-2021 
Category: Replaced for Calibration
Type: Routine
Subject: Swapped out the SBE45
Attachment: 
Encoding: HTML
========================================
<p>Swapped out the SBE45 for cal.</p>
