$@MID@$: 1
Date: Mon, 04 May 2020 14:01:30 +0000
Author: AH
Type: DCI | Glosten
Category: Contacts
Work Package: 
Subject / Summary: People from WebEx calls
Attachment: 
Encoding: HTML
========================================
<p><strong>DCI PEOPLE:</strong></p>

<p>Carrie King</p>

<p>Robert Messmer&nbsp;&nbsp;&nbsp;&nbsp;&nbsp;&nbsp;&nbsp; <a href="https://webmail.whoi.edu/imp/#" onclick="void(window.open('/imp/compose-dimp.php?to=rmessmer%40dakotacreek.com&amp;popup=1','','width=820,height=610,status=1,scrollbars=yes,resizable=yes'));;return false;">rmessmer@dakotacreek.com</a></p>

<p>Liz Stout</p>

<p>Jason Huffman</p>

<p>Ron Daniel</p>

<p>Kyle Bunker&nbsp; -&nbsp; Technology Manager&nbsp;&nbsp;&nbsp;&nbsp;&nbsp; Tel:&nbsp;&nbsp;360.293.9575 x238&nbsp;&nbsp;&nbsp;&nbsp;&nbsp;&nbsp; Cell: 360-391-3622&nbsp;&nbsp;&nbsp;&nbsp;&nbsp;&nbsp;&nbsp;&nbsp;&nbsp; kbunker@dakotacreek.com<br />
&nbsp;</p>

<p><strong>GLOSTEN PEOPLE:</strong></p>

<p>Andrew Young&nbsp; (PM)</p>

<p>Ken Lane</p>

<p>&nbsp;</p>
$@MID@$: 2
Date: Mon, 04 May 2020 20:31:42 +0000
Author: AH
Type: DCI | Glosten | SSSG | Ship | Other
Category: Floors
Work Package: 37 - item 16
Subject / Summary: Forward Science Berthing floor issues
Attachment: 200504_203421_SR0340524_replace_deck_lower_fwd_berthing.pdf
Encoding: HTML
========================================
<p>I emailed Dutch bringing up the issue of the problems with the snake pit floor again - SINCE IT IS NOT MENTIONED IN THE SPECS.&nbsp; He emailed chmate - she had already, previously put it in NS5.</p>
