$@MID@$: 3
Date: Tue, 12 May 2020 21:50:44 +0000
Author: AH
Type: SSSG | Other
Category: network
Work Package: 
Subject / Summary: How to get to atmnemosyn at WHOI
Attachment: 
Encoding: HTML
========================================
<p>You will need to be on VPN and then ssh sssg@atmnemosyn.whoi.edu</p>

<p><s>Ip number: 128.128.188.67</s><br />
&nbsp;</p>

<p>MEMORY</p>

<p>&gt; jparkerimac:~ johnparker$ host mnemosyn<br />
&nbsp;&gt; mnemosyn.whoi.edu has address 128.128.188.12</p>

<p>The computers in S301 were re-IP&#39;d yesterday.</p>

<p>striker.whoi.edu &nbsp; &nbsp;128.128.188.10<br />
sssg1.whoi.edu &nbsp; &nbsp; &nbsp;128.128.188.11<br />
&nbsp;</p>

<p>&nbsp;</p>
$@MID@$: 4
Date: Tue, 12 May 2020 22:02:56 +0000
Author: AH
Type: DCI
Category: Contacts
Work Package: 
Subject / Summary: Shipping Address
Attachment: 
Encoding: HTML
========================================
<p>R/V Atlantis<br />
Dakota Creek Industries<br />
115 Q Avenue<br />
Anacortes, WA 98221</p>

<p>Telephone #1 is to Pat at Receiving, his number is 360-391-7263 Telephone #2 is to Justin Jaffray at Receiving, his number in 360-853-6441</p>

<p>***************ANOTHER EMAIL SAID:&nbsp;&nbsp;&nbsp;&nbsp; (COULD BE FOR JUST WHEN SHIP ARRIVED)</p>

<p>For large items:<br />
Dakota Creek Industries<br />
C/O Master RV/Atlantis/Carrie King<br />
115 Q Avenue<br />
Anacortes, Washington 98221</p>

<p>For small personal items - this is the apartment address - I can bring to ship:<br />
C/O Gary McGrath<br />
1107 4th Street<br />
Anacortes, WA 98221<br />
&nbsp;</p>

<p>&nbsp;</p>

<p>&nbsp;</p>
