$@MID@$: 5
Date: Tue, 01 Sep 2020 14:41:53 +0000
Author: AH
Type: DCI
Category: 
Work Package: 
Subject / Summary: 
Attachment: 
Encoding: HTML
========================================
<p>Here is the DCI/ Glosten SharePoint drive. This is what DCI is working from.<br />
<br />
Glosten created <a href="https://webmail.whoi.edu/imp/#" onclick="void(window.open('/imp/compose-dimp.php?to=WHOI%40glosten.com&amp;popup=1','','width=820,height=610,status=1,scrollbars=yes,resizable=yes'));;return false;">WHOI@glosten.com</a> with the password #1201Western<br />
<br />
You can use that information to log into SharePoint here:<br />
<br />
<a href="https://glosten.sharepoint.com/:f:/s/20029AtlantisMidlifeRefitProduction-ExternalShareDCI/EsAZa78pTS9Mv5kz-6ejEr4BUIVV-LD05ZLcb3RYnV1zUw?email=WHOI%40glosten.com&amp;e=78MTXA" target="_blank">https://glosten.sharepoint.com/:f:/s/20029AtlantisMidlifeRefitProduction-ExternalShareDCI/EsAZa78pTS9Mv5kz-6ejEr4BUIVV-LD05ZLcb3RYnV1zUw?email=WHOI%40glosten.com&amp;e=78MTXA</a><br />
&nbsp;</p>

<p>&nbsp;</p>

<p>&nbsp;</p>
