$@MID@$: 69
Date: Fri, 29 Jan 2016 16:13:18 +0000
Author: Catie
System: EM122 - Kongsberg
Type: Fix
Category: Hardware
S/N: Multiple
Subject / Summary: Bad TX36 boards and PSU 170V sent for repair
Cruise: shipyard 2015-2016
Attachment: 
Encoding: HTML
========================================
<p>*bad* TX36 boards were sent to WHOI for in-house repair by Hugh Popenoe, December 2015:</p>
<p>Slot 12:211131 </p>
<p>Slot 23:211543 </p>
<p>Slot 24:212173</p>
<p>&nbsp;</p>
<p>*bad* PSU 170V sent to Kongsberg for repair, December 2015:</p>
<p>s/n 0844001012 </p>
<p>&nbsp;</p>
<p>TX36 boards returned to Atlantis January 27 2016 for testing.</p>
