$@MID@$: 70
Date: Wed, 03 Feb 2016 11:56:07 +0000
Author: Catie
System: EM122 - Kongsberg
Type: Configuration
Category: Hardware
S/N: 
Subject / Summary: Power requirements for EM122
Cruise: WHOIDock
Attachment: 
Encoding: HTML
========================================
<p>Here is the power requirements specs for the EM122 and the Preamp for the EM122. I hope this will give you enough information to provide a UPS that will not damage the EM122 system.<br />
<br />
Power requirements<br />
<br />
Operational voltage and frequency<br />
<br />
<br />
AC voltage: 115/230 Vac &plusmn;10%, 47 &ndash;63 Hz<br />
<br />
Acceptable transients<br />
<br />
<br />
&bull; Short time (max. 2 sec) : &plusmn; 20%, 42 &ndash;69 Hz<br />
<br />
&bull;Spikes (max. 50&mu;s) : &lt; 1000 V<br />
<br />
Transceiver Unit:<br />
<br />
<br />
&bull; 0.5&deg; x 1&deg;: &lt; 2000W<br />
<br />
&bull;1&deg; x 1&deg;: &lt; 2000W<br />
<br />
&bull;1&deg; x 2&deg;: &lt; 1900W<br />
<br />
&bull;2&deg; x 2&deg;: &lt; 1200W<br />
<br />
&bull;2&deg; x 4&deg;: &lt; 1200W<br />
<br />
&bull;The single phase supply must be protected with 16A (230 Vac supply) slow-blow fuses.</p>
<p>&nbsp;</p>
<p>Operator Station:<br />
<br />
&lt; 250W<br />
<br />
LCD monitor:<br />
<br />
&lt; 60W<br />
<br />
Preamplifier Unit:<br />
<br />
&lt; 200W<br />
<br />
TX Junction Box:<br />
<br />
None<br />
<br />
&nbsp; INFORMATION IS FROM EMAIL 29-Jan-2016&nbsp;&nbsp; FROM:</p>
<p>Mr. Tony Dahlheim<br />
Field Service Engineer<br />
Kongsberg Underwater Technology Inc</p>
<p>&nbsp;</p>
