$@MID@$: 1
Date: Tue, 05 Jul 2011 11:29:01 +0000
Author: AH
Type: Other
gps: CNAV | 1850 | GP90
Category: Routine
Subject: hiseasnet string requirements - GLL
Cruise: at18-07
Attachment: 
Encoding: HTML
========================================
<p>Hiseasnet requires the &quot;GLL&quot; string</p>
$@MID@$: 2
Date: Tue, 05 Jul 2011 11:33:04 +0000
Author: AH
Type: System
gps: CNAV | 1850 | GP90
Category: Routine
Subject: EM 122 string requirements - GGA, ZDA
Cruise: at18-07
Attachment: 
Encoding: HTML
========================================
<p>The EM 122 system requires the following strings:</p>
<p>&nbsp;&nbsp;&nbsp;&nbsp;&nbsp;&nbsp;&nbsp; GGA, ZDA&nbsp;&nbsp;&nbsp;&nbsp;&nbsp;&nbsp;&nbsp;&nbsp;&nbsp;&nbsp;&nbsp;&nbsp;&nbsp;&nbsp;&nbsp;&nbsp;&nbsp;&nbsp;&nbsp;&nbsp;&nbsp;&nbsp;&nbsp;&nbsp;&nbsp;&nbsp; I think there are more, but need to find them</p>
$@MID@$: 3
Date: Tue, 05 Jul 2011 11:38:49 +0000
Author: AH
Type: System
gps: CNAV | 1850 | GP90
Category: Routine
Subject: Athena - string requirements
Cruise: at18-07
Attachment: 
Encoding: HTML
========================================
<p>Athena / Calliope is using the following strings:</p>
<p>&nbsp;&nbsp;&nbsp;&nbsp;&nbsp;&nbsp;&nbsp;&nbsp;&nbsp;&nbsp; RMC</p>
<p>&nbsp;&nbsp;&nbsp;&nbsp;&nbsp;&nbsp;&nbsp;&nbsp;&nbsp; RMB - necessary for waypoint information - this comes from same source as speed log (UDP 55011)</p>
<p>&nbsp;</p>
<p>&nbsp;</p>
$@MID@$: 4
Date: Tue, 05 Jul 2011 12:15:29 +0000
Author: AH
Type: 
gps: CNAV | 1850 | GP90
Category: Routine
Subject: Mast Benchmark
Cruise: at18-07
Attachment: 110705_121814_IMG_0942.JPG,110705_121830_IMG_1057.JPG,110705_121842_mast_benchmark_location_0940.JPG
Encoding: HTML
========================================
<p>Pictures of mast benchmark location</p>
$@MID@$: 5
Date: Tue, 05 Jul 2011 12:53:09 +0000
Author: AH
Type: 
gps: CNAV | 1850 | GP90
Category: Routine
Subject: Mast Benchmark Location
Cruise: at18-07
Attachment: 110705_125231_Screen_shot_2011-07-05_at_5.50.24_AM.png
Encoding: HTML
========================================
<p>Height to Benchmark = 120.7 cm above the deck, 20.5 cm above top of railing.</p>
<p>circumference = 86.9 cm so radius is 13.8 cm</p>
<p>SURVEY NIUMBERS - corresponding to the bow mast benchmark location hand measured by SSSG</p>
<p>&nbsp;</p>
