$@MID@$: 6
Date: Sun, 27 Nov 2011 03:07:51 +0000
Author: AH
Type: System
gps: CNAV
Category: Fix
Subject: CNAV feed changes to Phins, multibeam and Sonardyne
Cruise: at18-14
Attachment: 111127_031039_AUXport_CNAV_receiver.jpg,111127_031051_CNAV_AUXto422todistribute_SSSGstuff.JPG
Encoding: HTML
========================================
<p>
<meta name="Title" content="">
<meta name="Keywords" content="">
<meta http-equiv="Content-Type" content="text/html; charset=utf-8">
<meta name="ProgId" content="Word.Document">
<meta name="Generator" content="Microsoft Word 11">
<meta name="Originator" content="Microsoft Word 11">
<link rel="File-List" href="file://localhost/Users/aheater/Library/Caches/TemporaryItems/msoclip1/01/clip_filelist.xml" /> <!--[if gte mso 9]><xml>
 <o:DocumentProperties>
  <o:Template>Normal</o:Template>
  <o:Revision>0</o:Revision>
  <o:TotalTime>0</o:TotalTime>
  <o:Pages>1</o:Pages>
  <o:Words>151</o:Words>
  <o:Characters>865</o:Characters>
  <o:Lines>7</o:Lines>
  <o:Paragraphs>1</o:Paragraphs>
  <o:CharactersWithSpaces>1062</o:CharactersWithSpaces>
  <o:Version>11.1282</o:Version>
 </o:DocumentProperties>
 <o:OfficeDocumentSettings>
  <o:AllowPNG/>
 </o:OfficeDocumentSettings>
</xml><![endif]--><!--[if gte mso 9]><xml>
 <w:WordDocument>
  <w:Zoom>0</w:Zoom>
  <w:DoNotShowRevisions/>
  <w:DoNotPrintRevisions/>
  <w:DisplayHorizontalDrawingGridEvery>0</w:DisplayHorizontalDrawingGridEvery>
  <w:DisplayVerticalDrawingGridEvery>0</w:DisplayVerticalDrawingGridEvery>
  <w:UseMarginsForDrawingGridOrigin/>
 </w:WordDocument>
</xml><![endif]--> <style type="text/css">
<!--
 /* Font Definitions */
@font-face
	{font-family:"Times New Roman";
	panose-1:0 2 2 6 3 5 4 5 2 3;
	mso-font-charset:0;
	mso-generic-font-family:auto;
	mso-font-pitch:variable;
	mso-font-signature:50331648 0 0 0 1 0;}
@font-face
	{font-family:"Comic Sans MS";
	panose-1:0 3 15 7 2 3 3 2 2 2;
	mso-font-charset:0;
	mso-generic-font-family:auto;
	mso-font-pitch:variable;
	mso-font-signature:50331648 0 0 0 1 0;}
 /* Style Definitions */
p.MsoNormal, li.MsoNormal, div.MsoNormal
	{mso-style-parent:"";
	margin:0in;
	margin-bottom:.0001pt;
	mso-pagination:widow-orphan;
	font-size:12.0pt;
	font-family:"Comic Sans MS";}
table.MsoNormalTable
	{mso-style-parent:"";
	font-size:10.0pt;
	font-family:"Times New Roman";}
@page Section1
	{size:8.5in 11.0in;
	margin:1.0in 1.25in 1.0in 1.25in;
	mso-header-margin:.5in;
	mso-footer-margin:.5in;
	mso-paper-source:0;}
div.Section1
	{page:Section1;}
-->
</style>  <!--StartFragment-->                                     </meta>
</meta>
</meta>
</meta>
</meta>
</meta>
</p>
<p class="MsoNormal">The CNAV gps feed to the multibeam was changed during the cruise.<span style="">&nbsp; </span>It now comes out of the AUX port on the CNAV receiver (rather than port 2), is converted to RS422, branches out to the Sonardyne (toplab), Phins (tanktop) and the TRU (main lab).<span style="">&nbsp; </span>It is converted back to RS-232 at the TRU (for the multibeam), and in toplab (for the Sonardyne).<span style="">&nbsp; </span>I am not sure it needs to be converted for Sonardyne &ndash; that may be able to take the 422 signal, but I didn&rsquo;t find how to get it in that way and I knew JASON would be needing it so I just converted it so I could check and make sure the data were there.<span style="">&nbsp; </span><o:p></o:p></p>
<p class="MsoNormal"><!--[if !supportEmptyParas]-->&nbsp;<!--[endif]--><o:p></o:p></p>
<p class="MsoNormal">The CNAV change (particularly going to the AUX port<span style="">&nbsp; </span>although I&rsquo;m not sure why, maybe the CNAV navigator somehow ends up adding noise???) seems to have alleviated a lot of our error messages &ndash; but not all.<span style="">&nbsp; </span>On average, we now seem to get an hour or so of the &ldquo;GGA missing&rdquo;, &ldquo;ZDA clock missing&rdquo; and we did also get some of the time difference errors too over the course of a day (prior to the change the errors were usually pretty much continuous).<o:p></o:p></p>
<!--EndFragment-->
<p>&nbsp;</p>
