$@MID@$: 121
Date: Tue, 02 Apr 2019 13:40:51 +0000
Author: Catie
Type: Configuration
name: ftp | linus
server type: time
OS: Linux
Location: Computer Lab
Category: Hardware
Subject: ftp/linus softlinks for serial ports for ese clock/ntp
Cruise: at42-09
Attachment: 
Encoding: HTML
========================================
<p>It looks like linus was rebooted about 15 days ago (dry dock blackout) and lost its dumbclock (:)).</p>

<p>The serial port is linked to dumbclock0</p>

<p>/bin/ln -s /dev/ttyS5 /dev/dumbclock0</p>

<p>so added the above to linus:/etc/rc.local so it will relink at reboot.</p>

<p>ftp was still linked, but it had old info in rc.local. &nbsp;The new mobos don&#39;t have native serial ports, so on reboot the serial ports come up as:</p>

<p>root@ftp:~# dmesg | grep tty<br />
[ &nbsp; &nbsp;0.000000] console [tty0] enabled<br />
[ &nbsp; &nbsp;0.765960] 0000:09:00.0: ttyS4 at I/O 0xa010 (irq = 19, base_baud = 115200) is a ST16650V2<br />
[ &nbsp; &nbsp;0.806283] 0000:09:00.1: ttyS5 at I/O 0xa000 (irq = 16, base_baud = 115200) is a ST16650V2<br />
[ &nbsp; &nbsp;0.847118] 0000:0a:00.0: ttyS6 at I/O 0x9010 (irq = 16, base_baud = 115200) is a ST16650V2<br />
[ &nbsp; &nbsp;0.888296] 0000:0a:00.1: ttyS7 at I/O 0x9000 (irq = 17, base_baud = 115200) is a ST16650V2</p>

<p><br />
On ftp dumbclock should be linked to ttyS6:</p>

<p>root@ftp:~# more /dev/ttyS6<br />
04-01-19 &nbsp;091:22:37:40<br />
04-01-19 &nbsp;091:22:37:41</p>

<p>I fixed rc.local on both linus and ftp so it should come back up working.</p>

<p>root@ftp:/dev# xd<br />
&nbsp; &nbsp; &nbsp;remote &nbsp; &nbsp; &nbsp; &nbsp; &nbsp; refid &nbsp; &nbsp; &nbsp;st t when poll reach &nbsp; delay &nbsp; offset jitter<br />
==============================================================================<br />
*DUMBCLOCK(0) &nbsp; &nbsp;.dumb. &nbsp; &nbsp; &nbsp; &nbsp; &nbsp; 0 l &nbsp; &nbsp;1 &nbsp; 64 &nbsp; 37 &nbsp; &nbsp;0.000 &nbsp; &nbsp;0.115 0.116<br />
&nbsp;LOCAL(0) &nbsp; &nbsp; &nbsp; &nbsp;.LOCL. &nbsp; &nbsp; &nbsp; &nbsp; &nbsp;10 l &nbsp; 59 &nbsp; 64 &nbsp; &nbsp;7 &nbsp; &nbsp;0.000 &nbsp; &nbsp;0.000 0.000<br />
&nbsp;atbcast.atlanti .BCST. &nbsp; &nbsp; &nbsp; &nbsp; &nbsp;16 u &nbsp; &nbsp;- &nbsp; 64 &nbsp; &nbsp;0 &nbsp; &nbsp;0.000 &nbsp; &nbsp;0.000 0.000</p>

<p>The reach for DUMBCLOCK and LOCAL should both to to 377<br />
&nbsp;</p>
