$@MID@$: 124
Date: Fri, 25 Oct 2019 17:28:29 +0000
Author: AH
Type: Routine
name: ftp
server type: network
OS: Linux
Location: Computer Lab
Category: Other
Subject: 
Cruise: October 2019
Attachment: 
Encoding: HTML
========================================
<p>REBOOTING FTP (as of October 2019)&nbsp;&nbsp; - unmount things (linus, etc) before rebooting</p>

<p>1)&nbsp;&nbsp; After rebooting the route to the peplink needs to be specified (other option is cisco, but we&#39;re using peplink now).&nbsp; As root:</p>

<p>&nbsp;&nbsp;&nbsp;&nbsp;&nbsp;&nbsp;&nbsp;&nbsp;&nbsp;&nbsp;&nbsp;&nbsp;&nbsp;&nbsp;&nbsp;&nbsp; /root/bin/route_peplink</p>

<p>&nbsp;&nbsp;&nbsp;&nbsp;&nbsp;&nbsp;&nbsp; this is what the route_peplink does:</p>

<p>&nbsp;&nbsp;&nbsp;&nbsp;&nbsp;&nbsp;&nbsp;&nbsp;&nbsp;&nbsp;&nbsp;&nbsp;&nbsp;&nbsp;&nbsp;&nbsp;&nbsp;&nbsp;&nbsp;&nbsp; root@ftp:/root/bin# more route_peplink&nbsp;<br />
&nbsp;&nbsp;&nbsp;&nbsp;&nbsp;&nbsp;&nbsp;&nbsp;&nbsp;&nbsp;&nbsp;&nbsp;&nbsp;&nbsp;&nbsp;&nbsp;&nbsp;&nbsp;&nbsp;&nbsp; #!/bin/bash<br />
&nbsp;&nbsp;&nbsp;&nbsp;&nbsp;&nbsp;&nbsp;&nbsp;&nbsp;&nbsp;&nbsp;&nbsp;&nbsp;&nbsp;&nbsp;&nbsp;&nbsp;&nbsp;&nbsp;&nbsp; ip route change default via 128.128.252.3</p>

<p>2)&nbsp;&nbsp; Start feeders:</p>

<p>&nbsp;&nbsp;&nbsp;&nbsp;&nbsp;&nbsp;&nbsp;&nbsp;&nbsp;&nbsp;&nbsp;&nbsp;&nbsp;&nbsp;&nbsp;&nbsp;&nbsp;&nbsp;&nbsp; sudo /usr/lib/cgi-bin/db_driven_data/status_screen/go_rclocal.sh</p>

<p>this script will start all the necessary feeders.&nbsp; If&nbsp; wind_feeder.pl and/or route_feeder.pl complain, kill them, wait a bit and then restart those individually.</p>
