$@MID@$: 6
Date: Sat, 02 Jul 2011 12:39:26 +0000
Author: Laura
S/N: 
Type: Other
equipment: Network Monitoring Tools
Subject: CACTI
Cruise: at18-07
Attachment: 
Encoding: HTML
========================================
<p>9. got cacti up and running on ftp. Currently monitors, placed link on ships web, with other networkins stuff.<br />
linus<br />
ftp<br />
memory<br />
lima<br />
kilo<br />
<br />
&nbsp;</p>
$@MID@$: 7
Date: Sat, 02 Jul 2011 12:41:46 +0000
Author: Laura
S/N: 
Type: Configuration
equipment: Cisco Router
Subject: routers
Cruise: at18-07
Attachment: 
Encoding: HTML
========================================
<p>11. went through the cisco routers on board updated on <a href="">elog:</a><br />
at-hiseasnet C2910&nbsp;&nbsp; currently in use<br />
at1-hiseasnet C2600 <br />
at2-hiseasnet C2611<br />
<br />
&nbsp;</p>
