$@MID@$: 8
Date: Sun, 03 Jul 2011 13:11:14 +0000
Author: AH - from info file I found
S/N: 
Type: Other
equipment: Cisco Router
Subject: BGP Neighbor - IP Protocol - INTERFACE Serial 0/0
Cruise: at18-07
Attachment: 
Encoding: HTML
========================================
<p>OUTPUT OF SHOW BGP NEIGHBORS:<br />
<br />
BGP neighbor is 128.128.252.202,&nbsp; remote AS 64521, internal link<br />
&nbsp;Description: ucsd-sdsc-roadnet-2611<br />
&nbsp; BGP version 4, remote router ID 140.142.254.202<br />
&nbsp; BGP state = Established, up for 00:43:35<br />
&nbsp; Last read 00:00:35, hold time is 180, keepalive interval is 60 seconds<br />
&nbsp; Neighbor capabilities:<br />
&nbsp;&nbsp;&nbsp; Route refresh: advertised and received(old &amp; new)<br />
&nbsp;&nbsp;&nbsp; Address family IPv4 Unicast: advertised and received<br />
&nbsp; Message statistics:<br />
&nbsp;&nbsp;&nbsp; InQ depth is 0<br />
&nbsp;&nbsp;&nbsp; OutQ depth is 0<br />
&nbsp;&nbsp;&nbsp;&nbsp;&nbsp;&nbsp;&nbsp;&nbsp;&nbsp;&nbsp;&nbsp;&nbsp;&nbsp;&nbsp;&nbsp;&nbsp;&nbsp;&nbsp;&nbsp;&nbsp;&nbsp;&nbsp;&nbsp;&nbsp; Sent&nbsp;&nbsp;&nbsp;&nbsp;&nbsp;&nbsp; Rcvd<br />
&nbsp;&nbsp;&nbsp; Opens:&nbsp;&nbsp;&nbsp;&nbsp;&nbsp;&nbsp;&nbsp;&nbsp;&nbsp;&nbsp;&nbsp;&nbsp;&nbsp;&nbsp;&nbsp;&nbsp;&nbsp; 1&nbsp;&nbsp;&nbsp;&nbsp;&nbsp;&nbsp;&nbsp;&nbsp;&nbsp; 1<br />
&nbsp;&nbsp;&nbsp; Notifications:&nbsp;&nbsp;&nbsp;&nbsp;&nbsp;&nbsp;&nbsp;&nbsp;&nbsp; 0&nbsp;&nbsp;&nbsp;&nbsp;&nbsp;&nbsp;&nbsp;&nbsp;&nbsp; 0<br />
&nbsp;&nbsp;&nbsp; Updates:&nbsp;&nbsp;&nbsp;&nbsp;&nbsp;&nbsp;&nbsp;&nbsp;&nbsp;&nbsp;&nbsp;&nbsp;&nbsp;&nbsp;&nbsp; 1&nbsp;&nbsp;&nbsp;&nbsp;&nbsp;&nbsp;&nbsp;&nbsp;&nbsp; 1<br />
&nbsp;&nbsp;&nbsp; Keepalives:&nbsp;&nbsp;&nbsp;&nbsp;&nbsp;&nbsp;&nbsp;&nbsp;&nbsp;&nbsp;&nbsp; 46&nbsp;&nbsp;&nbsp;&nbsp;&nbsp;&nbsp;&nbsp;&nbsp; 46<br />
&nbsp;&nbsp;&nbsp; Route Refresh:&nbsp;&nbsp;&nbsp;&nbsp;&nbsp;&nbsp;&nbsp;&nbsp;&nbsp; 0&nbsp;&nbsp;&nbsp;&nbsp;&nbsp;&nbsp;&nbsp;&nbsp;&nbsp; 0<br />
&nbsp;&nbsp;&nbsp; Total:&nbsp;&nbsp;&nbsp;&nbsp;&nbsp;&nbsp;&nbsp;&nbsp;&nbsp;&nbsp;&nbsp;&nbsp;&nbsp;&nbsp;&nbsp;&nbsp; 48&nbsp;&nbsp;&nbsp;&nbsp;&nbsp;&nbsp;&nbsp;&nbsp; 48<br />
&nbsp; Default minimum time between advertisement runs is 5 seconds<br />
<br />
&nbsp;For address family: IPv4 Unicast<br />
&nbsp; BGP table version 4, neighbor version 4<br />
&nbsp; Index 1, Offset 0, Mask 0x2<br />
&nbsp; NEXT_HOP is always this router<br />
&nbsp; Outgoing update network filter list is 28<br />
&nbsp; Default weight 30000<br />
&nbsp;&nbsp;&nbsp;&nbsp;&nbsp;&nbsp;&nbsp;&nbsp;&nbsp;&nbsp;&nbsp;&nbsp;&nbsp;&nbsp;&nbsp;&nbsp;&nbsp;&nbsp;&nbsp;&nbsp;&nbsp;&nbsp;&nbsp;&nbsp;&nbsp;&nbsp;&nbsp;&nbsp;&nbsp;&nbsp;&nbsp;&nbsp; Sent&nbsp;&nbsp;&nbsp;&nbsp;&nbsp;&nbsp; Rcvd<br />
&nbsp; Prefix activity:&nbsp;&nbsp;&nbsp;&nbsp;&nbsp;&nbsp;&nbsp;&nbsp;&nbsp;&nbsp;&nbsp;&nbsp;&nbsp;&nbsp; ----&nbsp;&nbsp;&nbsp;&nbsp;&nbsp;&nbsp; ----<br />
&nbsp;&nbsp;&nbsp; Prefixes Current:&nbsp;&nbsp;&nbsp;&nbsp;&nbsp;&nbsp;&nbsp;&nbsp;&nbsp;&nbsp;&nbsp;&nbsp;&nbsp;&nbsp; 1&nbsp;&nbsp;&nbsp;&nbsp;&nbsp;&nbsp;&nbsp;&nbsp;&nbsp; 1 (Consumes 48 bytes)<br />
&nbsp;&nbsp;&nbsp; Prefixes Total:&nbsp;&nbsp;&nbsp;&nbsp;&nbsp;&nbsp;&nbsp;&nbsp;&nbsp;&nbsp;&nbsp;&nbsp;&nbsp;&nbsp;&nbsp;&nbsp; 1&nbsp;&nbsp;&nbsp;&nbsp;&nbsp;&nbsp;&nbsp;&nbsp;&nbsp; 1<br />
&nbsp;&nbsp;&nbsp; Implicit Withdraw:&nbsp;&nbsp;&nbsp;&nbsp;&nbsp;&nbsp;&nbsp;&nbsp;&nbsp;&nbsp;&nbsp;&nbsp;&nbsp; 0&nbsp;&nbsp;&nbsp;&nbsp;&nbsp;&nbsp;&nbsp;&nbsp;&nbsp; 0<br />
&nbsp;&nbsp;&nbsp; Explicit Withdraw:&nbsp;&nbsp;&nbsp;&nbsp;&nbsp;&nbsp;&nbsp;&nbsp;&nbsp;&nbsp;&nbsp;&nbsp;&nbsp; 0&nbsp;&nbsp;&nbsp;&nbsp;&nbsp;&nbsp;&nbsp;&nbsp;&nbsp; 0<br />
&nbsp;&nbsp;&nbsp; Opens:&nbsp;&nbsp;&nbsp;&nbsp;&nbsp;&nbsp;&nbsp;&nbsp;&nbsp;&nbsp;&nbsp;&nbsp;&nbsp;&nbsp;&nbsp;&nbsp;&nbsp; 1&nbsp;&nbsp;&nbsp;&nbsp;&nbsp;&nbsp;&nbsp;&nbsp;&nbsp; 1<br />
&nbsp;&nbsp;&nbsp; Notifications:&nbsp;&nbsp;&nbsp;&nbsp;&nbsp;&nbsp;&nbsp;&nbsp;&nbsp; 0&nbsp;&nbsp;&nbsp;&nbsp;&nbsp;&nbsp;&nbsp;&nbsp;&nbsp; 0<br />
&nbsp;&nbsp;&nbsp; Updates:&nbsp;&nbsp;&nbsp;&nbsp;&nbsp;&nbsp;&nbsp;&nbsp;&nbsp;&nbsp;&nbsp;&nbsp;&nbsp;&nbsp;&nbsp; 1&nbsp;&nbsp;&nbsp;&nbsp;&nbsp;&nbsp;&nbsp;&nbsp;&nbsp; 1<br />
&nbsp;&nbsp;&nbsp; Keepalives:&nbsp;&nbsp;&nbsp;&nbsp;&nbsp;&nbsp;&nbsp;&nbsp;&nbsp;&nbsp;&nbsp; 46&nbsp;&nbsp;&nbsp;&nbsp;&nbsp;&nbsp;&nbsp;&nbsp; 46<br />
&nbsp;&nbsp;&nbsp; Route Refresh:&nbsp;&nbsp;&nbsp;&nbsp;&nbsp;&nbsp;&nbsp;&nbsp;&nbsp; 0&nbsp;&nbsp;&nbsp;&nbsp;&nbsp;&nbsp;&nbsp;&nbsp;&nbsp; 0<br />
&nbsp;&nbsp;&nbsp; Total:&nbsp;&nbsp;&nbsp;&nbsp;&nbsp;&nbsp;&nbsp;&nbsp;&nbsp;&nbsp;&nbsp;&nbsp;&nbsp;&nbsp;&nbsp;&nbsp; 48&nbsp;&nbsp;&nbsp;&nbsp;&nbsp;&nbsp;&nbsp;&nbsp; 48<br />
&nbsp; Default minimum time between advertisement runs is 5 seconds<br />
<br />
&nbsp;For address family: IPv4 Unicast<br />
&nbsp; BGP table version 4, neighbor version 4<br />
&nbsp; Index 1, Offset 0, Mask 0x2<br />
&nbsp; NEXT_HOP is always this router<br />
&nbsp; Outgoing update network filter list is 28<br />
&nbsp; Default weight 30000<br />
&nbsp;&nbsp;&nbsp;&nbsp;&nbsp;&nbsp;&nbsp;&nbsp;&nbsp;&nbsp;&nbsp;&nbsp;&nbsp;&nbsp;&nbsp;&nbsp;&nbsp;&nbsp;&nbsp;&nbsp;&nbsp;&nbsp;&nbsp;&nbsp;&nbsp;&nbsp;&nbsp;&nbsp;&nbsp;&nbsp;&nbsp;&nbsp; Sent&nbsp;&nbsp;&nbsp;&nbsp;&nbsp;&nbsp; Rcvd<br />
&nbsp; Prefix activity:&nbsp;&nbsp;&nbsp;&nbsp;&nbsp;&nbsp;&nbsp;&nbsp;&nbsp;&nbsp;&nbsp;&nbsp;&nbsp;&nbsp; ----&nbsp;&nbsp;&nbsp;&nbsp;&nbsp;&nbsp; ----<br />
&nbsp;&nbsp;&nbsp; Prefixes Current:&nbsp;&nbsp;&nbsp;&nbsp;&nbsp;&nbsp;&nbsp;&nbsp;&nbsp;&nbsp;&nbsp;&nbsp;&nbsp;&nbsp; 1&nbsp;&nbsp;&nbsp;&nbsp;&nbsp;&nbsp;&nbsp;&nbsp;&nbsp; 1 (Consumes 48 bytes)<br />
&nbsp;&nbsp;&nbsp; Prefixes Total:&nbsp;&nbsp;&nbsp;&nbsp;&nbsp;&nbsp;&nbsp;&nbsp;&nbsp;&nbsp;&nbsp;&nbsp;&nbsp;&nbsp;&nbsp;&nbsp; 1&nbsp;&nbsp;&nbsp;&nbsp;&nbsp;&nbsp;&nbsp;&nbsp;&nbsp; 1<br />
&nbsp;&nbsp;&nbsp; Implicit Withdraw:&nbsp;&nbsp;&nbsp;&nbsp;&nbsp;&nbsp;&nbsp;&nbsp;&nbsp;&nbsp;&nbsp;&nbsp;&nbsp; 0&nbsp;&nbsp;&nbsp;&nbsp;&nbsp;&nbsp;&nbsp;&nbsp;&nbsp; 0<br />
&nbsp;&nbsp;&nbsp; Explicit Withdraw:&nbsp;&nbsp;&nbsp;&nbsp;&nbsp;&nbsp;&nbsp;&nbsp;&nbsp;&nbsp;&nbsp;&nbsp;&nbsp; 0&nbsp;&nbsp;&nbsp;&nbsp;&nbsp;&nbsp;&nbsp;&nbsp;&nbsp; 0<br />
&nbsp;&nbsp;&nbsp; Used as bestpath:&nbsp;&nbsp;&nbsp;&nbsp;&nbsp;&nbsp;&nbsp;&nbsp;&nbsp;&nbsp;&nbsp;&nbsp; n/a&nbsp;&nbsp;&nbsp;&nbsp;&nbsp;&nbsp;&nbsp;&nbsp;&nbsp; 1<br />
&nbsp;&nbsp;&nbsp; Used as multipath:&nbsp;&nbsp;&nbsp;&nbsp;&nbsp;&nbsp;&nbsp;&nbsp;&nbsp;&nbsp;&nbsp; n/a&nbsp;&nbsp;&nbsp;&nbsp;&nbsp;&nbsp;&nbsp;&nbsp;&nbsp; 0<br />
<br />
&nbsp;&nbsp;&nbsp;&nbsp;&nbsp;&nbsp;&nbsp;&nbsp;&nbsp;&nbsp;&nbsp;&nbsp;&nbsp;&nbsp;&nbsp;&nbsp;&nbsp;&nbsp;&nbsp;&nbsp;&nbsp;&nbsp;&nbsp;&nbsp;&nbsp;&nbsp;&nbsp;&nbsp;&nbsp;&nbsp;&nbsp;&nbsp;&nbsp;&nbsp; Outbound&nbsp;&nbsp;&nbsp; Inbound<br />
&nbsp; Local Policy Denied Prefixes:&nbsp;&nbsp;&nbsp; --------&nbsp;&nbsp;&nbsp; -------<br />
&nbsp;&nbsp;&nbsp; prefix-list&nbsp;&nbsp;&nbsp;&nbsp;&nbsp;&nbsp;&nbsp;&nbsp;&nbsp;&nbsp;&nbsp;&nbsp;&nbsp;&nbsp;&nbsp;&nbsp;&nbsp;&nbsp;&nbsp;&nbsp;&nbsp;&nbsp;&nbsp;&nbsp;&nbsp;&nbsp; 1&nbsp;&nbsp;&nbsp;&nbsp;&nbsp;&nbsp;&nbsp;&nbsp;&nbsp; 0<br />
&nbsp;&nbsp;&nbsp; Bestpath from this peer:&nbsp;&nbsp;&nbsp;&nbsp;&nbsp;&nbsp;&nbsp;&nbsp;&nbsp;&nbsp;&nbsp;&nbsp;&nbsp; 1&nbsp;&nbsp;&nbsp;&nbsp;&nbsp;&nbsp;&nbsp; n/a<br />
&nbsp;&nbsp;&nbsp; Total:&nbsp;&nbsp;&nbsp;&nbsp;&nbsp;&nbsp;&nbsp;&nbsp;&nbsp;&nbsp;&nbsp;&nbsp;&nbsp;&nbsp;&nbsp;&nbsp;&nbsp;&nbsp;&nbsp;&nbsp;&nbsp;&nbsp;&nbsp;&nbsp;&nbsp;&nbsp;&nbsp;&nbsp;&nbsp;&nbsp;&nbsp; 2&nbsp;&nbsp;&nbsp;&nbsp;&nbsp;&nbsp;&nbsp;&nbsp;&nbsp; 0<br />
&nbsp; Number of NLRIs in the update sent: max 1, min 0<br />
<br />
&nbsp; Connections established 1; dropped 0<br />
&nbsp; Last reset never<br />
Connection state is ESTAB, I/O status: 1, unread input bytes: 0<br />
Local host: 128.128.252.201, Local port: 17638<br />
Foreign host: 128.128.252.202, Foreign port: 179<br />
<br />
Enqueued packets for retransmit: 0, input: 0&nbsp; mis-ordered: 0 (0 bytes)<br />
<br />
Event Timers (current time is 0x2943BC):<br />
Timer&nbsp;&nbsp;&nbsp;&nbsp;&nbsp;&nbsp;&nbsp;&nbsp;&nbsp; Starts&nbsp;&nbsp;&nbsp; Wakeups&nbsp;&nbsp;&nbsp;&nbsp;&nbsp;&nbsp;&nbsp;&nbsp;&nbsp;&nbsp;&nbsp; Next<br />
Retrans&nbsp;&nbsp;&nbsp;&nbsp;&nbsp;&nbsp;&nbsp;&nbsp;&nbsp;&nbsp;&nbsp; 55&nbsp;&nbsp;&nbsp;&nbsp;&nbsp;&nbsp;&nbsp;&nbsp;&nbsp; 6&nbsp;&nbsp;&nbsp;&nbsp;&nbsp;&nbsp;&nbsp;&nbsp;&nbsp;&nbsp;&nbsp;&nbsp; 0x0<br />
TimeWait&nbsp;&nbsp;&nbsp;&nbsp;&nbsp;&nbsp;&nbsp;&nbsp;&nbsp;&nbsp;&nbsp; 0&nbsp;&nbsp;&nbsp;&nbsp;&nbsp;&nbsp;&nbsp;&nbsp;&nbsp; 0&nbsp;&nbsp;&nbsp;&nbsp;&nbsp;&nbsp;&nbsp;&nbsp;&nbsp;&nbsp;&nbsp;&nbsp; 0x0<br />
AckHold&nbsp;&nbsp;&nbsp;&nbsp;&nbsp;&nbsp;&nbsp;&nbsp;&nbsp;&nbsp;&nbsp; 46&nbsp;&nbsp;&nbsp;&nbsp;&nbsp;&nbsp;&nbsp;&nbsp; 43&nbsp;&nbsp;&nbsp;&nbsp;&nbsp;&nbsp;&nbsp;&nbsp;&nbsp;&nbsp;&nbsp;&nbsp; 0x0<br />
SendWnd&nbsp;&nbsp;&nbsp;&nbsp;&nbsp;&nbsp;&nbsp;&nbsp;&nbsp;&nbsp;&nbsp;&nbsp; 0&nbsp;&nbsp;&nbsp;&nbsp;&nbsp;&nbsp;&nbsp;&nbsp;&nbsp; 0&nbsp;&nbsp;&nbsp;&nbsp;&nbsp;&nbsp;&nbsp;&nbsp;&nbsp;&nbsp;&nbsp;&nbsp; 0x0<br />
KeepAlive&nbsp;&nbsp;&nbsp;&nbsp;&nbsp;&nbsp;&nbsp;&nbsp;&nbsp;&nbsp; 0&nbsp;&nbsp;&nbsp;&nbsp;&nbsp;&nbsp;&nbsp;&nbsp;&nbsp; 0&nbsp;&nbsp;&nbsp;&nbsp;&nbsp;&nbsp;&nbsp;&nbsp;&nbsp;&nbsp;&nbsp;&nbsp; 0x0<br />
GiveUp&nbsp;&nbsp;&nbsp;&nbsp;&nbsp;&nbsp;&nbsp;&nbsp;&nbsp;&nbsp;&nbsp;&nbsp;&nbsp; 0&nbsp;&nbsp;&nbsp;&nbsp;&nbsp;&nbsp;&nbsp;&nbsp;&nbsp; 0&nbsp;&nbsp;&nbsp;&nbsp;&nbsp;&nbsp;&nbsp;&nbsp;&nbsp;&nbsp;&nbsp;&nbsp; 0x0<br />
PmtuAger&nbsp;&nbsp;&nbsp;&nbsp;&nbsp;&nbsp;&nbsp;&nbsp;&nbsp;&nbsp;&nbsp; 0&nbsp;&nbsp;&nbsp;&nbsp;&nbsp;&nbsp;&nbsp;&nbsp;&nbsp; 0&nbsp;&nbsp;&nbsp;&nbsp;&nbsp;&nbsp;&nbsp;&nbsp;&nbsp;&nbsp;&nbsp;&nbsp; 0x0<br />
DeadWait&nbsp;&nbsp;&nbsp;&nbsp;&nbsp;&nbsp;&nbsp;&nbsp;&nbsp;&nbsp;&nbsp; 0&nbsp;&nbsp;&nbsp;&nbsp;&nbsp;&nbsp;&nbsp;&nbsp;&nbsp; 0&nbsp;&nbsp;&nbsp;&nbsp;&nbsp;&nbsp;&nbsp;&nbsp;&nbsp;&nbsp;&nbsp;&nbsp; 0x0<br />
<br />
iss: 3247584643&nbsp; snduna: 3247585638&nbsp; sndnxt: 3247585638&nbsp;&nbsp;&nbsp;&nbsp; sndwnd:&nbsp; 15928<br />
irs: 1046346064&nbsp; rcvnxt: 1046347055&nbsp; rcvwnd:&nbsp;&nbsp;&nbsp;&nbsp;&nbsp; 15947&nbsp; delrcvwnd:&nbsp;&nbsp;&nbsp; 437<br />
<br />
SRTT: 796 ms, RTTO: 839 ms, RTV: 43 ms, KRTT: 0 ms<br />
minRTT: 592 ms, maxRTT: 840 ms, ACK hold: 200 ms<br />
Flags: higher precedence, nagle<br />
<br />
Datagrams (max data segment is 536 bytes):<br />
Rcvd: 99 (out of order: 0), with data: 47, total data bytes: 990<br />
Sent: 99 (retransmit: 6, fastretransmit: 0), with data: 48, total data bytes: 994<br />
<br />
<br />
<br />
<br />
<br />
<br />
<br />
OUTPUT OF SHOW IP PROTOCOL:<br />
<br />
<br />
Routing Protocol is &quot;bgp 64521&quot;<br />
&nbsp; Outgoing update filter list for all interfaces is not set<br />
&nbsp; Incoming update filter list for all interfaces is not set<br />
&nbsp; IGP synchronization is disabled<br />
&nbsp; Automatic route summarization is disabled<br />
&nbsp; Redistributing: connected<br />
&nbsp; Neighbor(s):<br />
&nbsp;&nbsp;&nbsp; Address&nbsp;&nbsp;&nbsp;&nbsp;&nbsp;&nbsp;&nbsp;&nbsp;&nbsp; FiltIn FiltOut DistIn DistOut Weight RouteMap<br />
&nbsp;&nbsp;&nbsp; 128.128.252.202&nbsp;&nbsp;&nbsp;&nbsp;&nbsp;&nbsp;&nbsp;&nbsp;&nbsp;&nbsp;&nbsp;&nbsp;&nbsp;&nbsp;&nbsp;&nbsp;&nbsp;&nbsp;&nbsp;&nbsp;&nbsp;&nbsp;&nbsp;&nbsp;&nbsp;&nbsp;&nbsp;&nbsp; 28&nbsp; 30000<br />
&nbsp; Maximum path: 1<br />
&nbsp; Routing Information Sources:<br />
&nbsp;&nbsp;&nbsp; Gateway&nbsp;&nbsp;&nbsp;&nbsp;&nbsp;&nbsp;&nbsp;&nbsp; Distance&nbsp;&nbsp;&nbsp;&nbsp;&nbsp; Last Update<br />
&nbsp;&nbsp;&nbsp; 128.128.252.202&nbsp;&nbsp;&nbsp;&nbsp;&nbsp; 200&nbsp;&nbsp;&nbsp;&nbsp;&nbsp; 00:46:04<br />
&nbsp; Distance: external 20 internal 200 local 200<br />
<br />
<br />
<br />
<br />
OUTPUT OF INTERFACE SERIAL 0/0:<br />
<br />
<br />
Serial0/0 is up, line protocol is up <br />
&nbsp; Hardware is PowerQUICC Serial<br />
&nbsp; Description: &quot;Serial line to satellite modem&quot;<br />
&nbsp; Internet address is 128.128.252.201/30<br />
&nbsp; MTU 1500 bytes, BW 160000 Kbit, DLY 350000 usec, <br />
&nbsp;&nbsp;&nbsp;&nbsp; reliability 255/255, txload 1/255, rxload 1/255<br />
&nbsp; Encapsulation HDLC, loopback not set<br />
&nbsp; Keepalive not set<br />
&nbsp; Last input 00:00:56, output 00:00:00, output hang never<br />
&nbsp; Last clearing of &quot;show interface&quot; counters never<br />
&nbsp; Input queue: 0/75/0/0 (size/max/drops/flushes); Total output drops: 0<br />
&nbsp; Queueing strategy: weighted fair<br />
&nbsp; Output queue: 0/1000/64/0 (size/max total/threshold/drops) <br />
&nbsp;&nbsp;&nbsp;&nbsp; Conversations&nbsp; 0/1/256 (active/max active/max total)<br />
&nbsp;&nbsp;&nbsp;&nbsp; Reserved Conversations 0/0 (allocated/max allocated)<br />
&nbsp;&nbsp;&nbsp;&nbsp; Available Bandwidth 120000 kilobits/sec<br />
&nbsp; 5 minute input rate 139000 bits/sec, 24 packets/sec<br />
&nbsp; 5 minute output rate 2000 bits/sec, 3 packets/sec<br />
&nbsp;&nbsp;&nbsp;&nbsp; 76512 packets input, 61589357 bytes, 0 no buffer<br />
&nbsp;&nbsp;&nbsp;&nbsp; Received 47 broadcasts, 0 runts, 0 giants, 0 throttles<br />
&nbsp;&nbsp;&nbsp;&nbsp; 0 input errors, 0 CRC, 0 frame, 0 overrun, 0 ignored, 0 abort<br />
&nbsp;&nbsp;&nbsp;&nbsp; 12063 packets output, 1193834 bytes, 0 underruns<br />
&nbsp;&nbsp;&nbsp;&nbsp; 0 output errors, 0 collisions, 1 interface resets<br />
&nbsp;&nbsp;&nbsp;&nbsp; 0 output buffer failures, 0 output buffers swapped out<br />
&nbsp;&nbsp;&nbsp;&nbsp; 0 carrier transitions<br />
&nbsp;&nbsp;&nbsp;&nbsp; DCD=up&nbsp; DSR=down&nbsp; DTR=up&nbsp; RTS=up&nbsp; CTS=down<br />
<br />
&nbsp;</p>
