$@MID@$: 1
Date: Sun, 25 Sep 2011 13:57:37 +0000
Author: AH
S/N: 
Type: Inventory
Category: Probe
Subject: INVENTORY
Cruise: at18-11
Attachment: 
Encoding: HTML
========================================
<p><span style="font-size: x-large;">INVENTORY:&nbsp; as of 4-September-2016<br />
</span></p>
<p><span style="font-size: x-large;">&nbsp; &nbsp; &nbsp; T-5&nbsp;&nbsp; (1830 meter, 6 knots)&nbsp;&nbsp;&nbsp;&nbsp;&nbsp;&nbsp; QTY 12</span>&nbsp;&nbsp;&nbsp;&nbsp;&nbsp;&nbsp;&nbsp;&nbsp;&nbsp;&nbsp;&nbsp;&nbsp;&nbsp; <span style="font-size: x-large;"><span style="font-size: small;"><br />
</span></span><span style="font-size: x-large;">&nbsp; </span><span style="font-size: x-large;">&nbsp; &nbsp; T-6&nbsp;&nbsp; (460 meter, 15 knots)&nbsp;&nbsp;&nbsp; &nbsp;&nbsp; QTY 11 &nbsp; <br />
</span></p>
<p><span style="font-size: x-large;">&nbsp; &nbsp; &nbsp; T-7</span><span style="font-size: large;"><span style="font-size: x-large;"> &nbsp; (760 meter, 15 knots) &nbsp;&nbsp;&nbsp;&nbsp;&nbsp; QTY 14</span></span> &nbsp;&nbsp;&nbsp;&nbsp;&nbsp;&nbsp;&nbsp;&nbsp;&nbsp;&nbsp;&nbsp; </p>
<p><span style="font-size: x-large;">&nbsp;&nbsp;</span><span style="font-size: xx-large;">&nbsp; &nbsp; DEEP BLUE&nbsp; (760 m, 20 kts)&nbsp; &nbsp;&nbsp; QTY 25</span> &nbsp;&nbsp;&nbsp;</p>
<p><span style="font-size: xx-large;">&nbsp;****************************</span></p>
<p>&nbsp;</p>
<p>&nbsp;</p>
<p><span style="font-size: x-large;">INVENTORY:&nbsp; as of 4-August-2013<br />
</span></p>
<p><span style="font-size: x-large;">&nbsp; &nbsp; &nbsp; T-5&nbsp;&nbsp; (1830 meter, 6 knots)&nbsp;&nbsp;&nbsp;&nbsp;&nbsp;&nbsp; QTY 12</span>&nbsp;&nbsp;&nbsp;&nbsp;&nbsp;&nbsp;&nbsp;&nbsp;&nbsp;&nbsp;&nbsp;&nbsp;&nbsp; date 10/6/2003</p>
<p><span style="font-size: x-large;">&nbsp;&nbsp;&nbsp;&nbsp;&nbsp;&nbsp;&nbsp;&nbsp;&nbsp;&nbsp;&nbsp;&nbsp;&nbsp;&nbsp;&nbsp;&nbsp;&nbsp;&nbsp;&nbsp;&nbsp;&nbsp;&nbsp;&nbsp;&nbsp;&nbsp;&nbsp;&nbsp;&nbsp;&nbsp;&nbsp;&nbsp;&nbsp;&nbsp;&nbsp;&nbsp;&nbsp;&nbsp;&nbsp;&nbsp;&nbsp;&nbsp;&nbsp;&nbsp;&nbsp;&nbsp;&nbsp;&nbsp;&nbsp;&nbsp;&nbsp;&nbsp; QTY&nbsp; 22 &nbsp;&nbsp;&nbsp;&nbsp; <span style="font-size: small;">date 10/15/2003</span></span></p>
<p><span style="font-size: x-large;">&nbsp; </span><span style="font-size: x-large;">&nbsp; &nbsp; T-6&nbsp;&nbsp; (460 meter, 15 knots)&nbsp;&nbsp;&nbsp; &nbsp;&nbsp; QTY 12&nbsp;&nbsp;&nbsp;&nbsp;&nbsp;&nbsp; <span style="font-size: small;">date 5/15/2006 </span></span></p>
<p><span style="font-size: x-large;">&nbsp; &nbsp; &nbsp; T-7</span><span style="font-size: large;"><span style="font-size: x-large;"> &nbsp; (760 meter, 15 knots) &nbsp;&nbsp;&nbsp;&nbsp;&nbsp; QTY 12</span></span>&nbsp;&nbsp;&nbsp;&nbsp;&nbsp;&nbsp;&nbsp;&nbsp;&nbsp;&nbsp;&nbsp;&nbsp; date3/6/1997</p>
<p><span style="font-size: x-large;">&nbsp;&nbsp; &nbsp;&nbsp;&nbsp;&nbsp;&nbsp;&nbsp;&nbsp;&nbsp;&nbsp;&nbsp;&nbsp;&nbsp;&nbsp;&nbsp;&nbsp;&nbsp;&nbsp;&nbsp;&nbsp;&nbsp;&nbsp;&nbsp;&nbsp;&nbsp;&nbsp;&nbsp;&nbsp;&nbsp;&nbsp;&nbsp;&nbsp;&nbsp;&nbsp;&nbsp;&nbsp;&nbsp;&nbsp;&nbsp;&nbsp;&nbsp;&nbsp;&nbsp;&nbsp;&nbsp;&nbsp;&nbsp;&nbsp;&nbsp; QTY 1</span>&nbsp;&nbsp;&nbsp;&nbsp;&nbsp;&nbsp;&nbsp;&nbsp;&nbsp;&nbsp;&nbsp;&nbsp;&nbsp; date 7/4/1996</p>
<p><span style="font-size: x-large;">&nbsp;&nbsp;&nbsp; &nbsp; T-10</span><span style="font-size: x-large;"> (208 meter, 10 knots)&nbsp;&nbsp; &nbsp; &nbsp; QTY</span><span style="font-size: x-large;"> 5&nbsp;&nbsp;&nbsp;&nbsp;&nbsp;&nbsp; <span style="font-size: small;">date 3/20/1998</span></span></p>
<p><span style="font-size: x-large;">&nbsp; &nbsp; &nbsp; DEEP BLUE&nbsp; (760 m, 20 kts)&nbsp; &nbsp;&nbsp; QTY 22&nbsp;&nbsp;&nbsp;&nbsp; <span style="font-size: small;">date 4/17/2012</span><br />
</span></p>
<p>&nbsp;</p>
<p>&nbsp;</p>
<p>&nbsp;</p>
<p>&nbsp;</p>
<p><del> </del></p>
<p><span style="font-size: x-large;">INVENTORY:</span><span style="font-size: large;">&nbsp; as of 24-April-2013<br />
</span></p>
<p><span style="font-size: large;">&nbsp;&nbsp;&nbsp;&nbsp;&nbsp;&nbsp;&nbsp;&nbsp;&nbsp;&nbsp;&nbsp;&nbsp;&nbsp; T-5&nbsp;&nbsp;&nbsp;&nbsp;&nbsp;&nbsp;&nbsp;&nbsp;&nbsp;&nbsp;&nbsp;&nbsp;&nbsp;&nbsp;    Quantity 15 &nbsp;&nbsp;&nbsp;&nbsp;&nbsp;&nbsp;&nbsp;&nbsp;&nbsp;&nbsp;&nbsp;&nbsp;&nbsp;&nbsp;&nbsp;&nbsp;&nbsp;&nbsp;&nbsp;&nbsp;&nbsp;&nbsp;&nbsp;&nbsp; depth 1830 meters<br />
</span></p>
<p><span style="font-size: large;">&nbsp;&nbsp;&nbsp;&nbsp;&nbsp;&nbsp;&nbsp;&nbsp;&nbsp;&nbsp;&nbsp;&nbsp;&nbsp; T-7&nbsp;&nbsp;&nbsp;&nbsp;&nbsp;&nbsp;&nbsp;&nbsp;&nbsp;&nbsp;&nbsp;&nbsp;&nbsp;&nbsp;    Quantity 15 &nbsp;&nbsp;&nbsp;&nbsp;&nbsp;&nbsp;&nbsp;&nbsp;&nbsp;&nbsp;&nbsp;&nbsp;&nbsp;&nbsp;&nbsp;&nbsp;&nbsp;&nbsp;&nbsp;&nbsp;&nbsp;&nbsp;&nbsp;&nbsp; depth 760 meters</span></p>
<p>Many of our probes are old:&nbsp;&nbsp;&nbsp;&nbsp;&nbsp;&nbsp;&nbsp; T5:&nbsp;&nbsp; 12 were manufactured    9/19/2003; 3 are newer - manufactured 3/17/2011</p>
<p>&nbsp;&nbsp;&nbsp;&nbsp;&nbsp;&nbsp;&nbsp;&nbsp;&nbsp;&nbsp;&nbsp;&nbsp;&nbsp;&nbsp;&nbsp;&nbsp;&nbsp;&nbsp;&nbsp;&nbsp;&nbsp;&nbsp;&nbsp;&nbsp;&nbsp;&nbsp;&nbsp;&nbsp;&nbsp;&nbsp;&nbsp;&nbsp;&nbsp;&nbsp;&nbsp;&nbsp;&nbsp;&nbsp;&nbsp;&nbsp;&nbsp;&nbsp;&nbsp;&nbsp;&nbsp;&nbsp;&nbsp;&nbsp;&nbsp;&nbsp;&nbsp; T7:&nbsp; 3 were    manufactured 7/4/96;&nbsp;&nbsp; 12 were manufactured 3/6/97</p>
<p>&nbsp;</p>
<p>&nbsp;</p>
<p><span style="font-size: large;"><br />
</span><strike><span style="font-size: x-large;">INVENTORY:</span><span style="font-size: large;">&nbsp; as of 10-October-2011<br />
</span></strike></p>
<p><strike><span style="font-size: large;">&nbsp;&nbsp;&nbsp;&nbsp;&nbsp;&nbsp;&nbsp;&nbsp;&nbsp;&nbsp;&nbsp;&nbsp;&nbsp; T-5&nbsp;&nbsp;&nbsp;&nbsp;&nbsp;&nbsp;&nbsp;&nbsp;&nbsp;&nbsp;&nbsp;&nbsp;&nbsp;&nbsp;   Quantity 10 &nbsp;&nbsp;&nbsp;&nbsp;&nbsp;&nbsp;&nbsp;&nbsp;&nbsp;&nbsp;&nbsp;&nbsp;&nbsp;&nbsp;&nbsp;&nbsp;&nbsp;&nbsp;&nbsp;&nbsp;&nbsp;&nbsp;&nbsp;&nbsp; depth 1830 meters<br />
</span></strike></p>
<p><strike><span style="font-size: large;">&nbsp;&nbsp;&nbsp;&nbsp;&nbsp;&nbsp;&nbsp;&nbsp;&nbsp;&nbsp;&nbsp;&nbsp;&nbsp; T-7&nbsp;&nbsp;&nbsp;&nbsp;&nbsp;&nbsp;&nbsp;&nbsp;&nbsp;&nbsp;&nbsp;&nbsp;&nbsp;&nbsp;   Quantity 25 &nbsp;&nbsp;&nbsp;&nbsp;&nbsp;&nbsp;&nbsp;&nbsp;&nbsp;&nbsp;&nbsp;&nbsp;&nbsp;&nbsp;&nbsp;&nbsp;&nbsp;&nbsp;&nbsp;&nbsp;&nbsp;&nbsp;&nbsp;&nbsp; depth 760 meters</span></strike></p>
<p><strike>Many of our probes are old:&nbsp;&nbsp;&nbsp;&nbsp;&nbsp;&nbsp;&nbsp; T5:&nbsp;&nbsp; 2 were manufactured   9/19/2003;&nbsp; 8 are newer - manufactured 3/17/2011</strike></p>
<p><strike>&nbsp;&nbsp;&nbsp;&nbsp;&nbsp;&nbsp;&nbsp;&nbsp;&nbsp;&nbsp;&nbsp;&nbsp;&nbsp;&nbsp;&nbsp;&nbsp;&nbsp;&nbsp;&nbsp;&nbsp;&nbsp;&nbsp;&nbsp;&nbsp;&nbsp;&nbsp;&nbsp;&nbsp;&nbsp;&nbsp;&nbsp;&nbsp;&nbsp;&nbsp;&nbsp;&nbsp;&nbsp;&nbsp;&nbsp;&nbsp;&nbsp;&nbsp;&nbsp;&nbsp;&nbsp;&nbsp;&nbsp;&nbsp;&nbsp;&nbsp;&nbsp; T7:&nbsp; 13 were   manufactured 7/4/96;&nbsp;&nbsp; 12 were manufactured 3/6/97</strike></p>
<p><strike><span style="font-size: large;">There are some of each probe type in  the  computer lab - in the em122 rack area:&nbsp;&nbsp;&nbsp;&nbsp; 4 - T5's and 2 - T7's  (they  are already included in inventory numbers)</span></strike></p>
<p><strike><span style="font-size: x-large;">INVENTORY:</span><span style="font-size: large;">&nbsp; as of 9-October-2011<br />
</span></strike></p>
<p><strike><span style="font-size: large;">&nbsp;&nbsp;&nbsp;&nbsp;&nbsp;&nbsp;&nbsp;&nbsp;&nbsp;&nbsp;&nbsp;&nbsp;&nbsp; T-5&nbsp;&nbsp;&nbsp;&nbsp;&nbsp;&nbsp;&nbsp;&nbsp;&nbsp;&nbsp;&nbsp;&nbsp;&nbsp;&nbsp;  Quantity 12 &nbsp;&nbsp;&nbsp;&nbsp;&nbsp;&nbsp;&nbsp;&nbsp;&nbsp;&nbsp;&nbsp;&nbsp;&nbsp;&nbsp;&nbsp;&nbsp;&nbsp;&nbsp;&nbsp;&nbsp;&nbsp;&nbsp;&nbsp;&nbsp; depth 1830 meters<br />
</span></strike></p>
<p><strike><span style="font-size: large;">&nbsp;&nbsp;&nbsp;&nbsp;&nbsp;&nbsp;&nbsp;&nbsp;&nbsp;&nbsp;&nbsp;&nbsp;&nbsp; T-7&nbsp;&nbsp;&nbsp;&nbsp;&nbsp;&nbsp;&nbsp;&nbsp;&nbsp;&nbsp;&nbsp;&nbsp;&nbsp;&nbsp;  Quantity 25 &nbsp;&nbsp;&nbsp;&nbsp;&nbsp;&nbsp;&nbsp;&nbsp;&nbsp;&nbsp;&nbsp;&nbsp;&nbsp;&nbsp;&nbsp;&nbsp;&nbsp;&nbsp;&nbsp;&nbsp;&nbsp;&nbsp;&nbsp;&nbsp; depth 760 meters</span></strike></p>
<p><strike>Many of our probes are old:&nbsp;&nbsp;&nbsp;&nbsp;&nbsp;&nbsp;&nbsp; T5:&nbsp;&nbsp; 3 were manufactured  9/19/2003;&nbsp; 9 are newer - manufactured 3/17/2011</strike></p>
<p><strike>&nbsp;&nbsp;&nbsp;&nbsp;&nbsp;&nbsp;&nbsp;&nbsp;&nbsp;&nbsp;&nbsp;&nbsp;&nbsp;&nbsp;&nbsp;&nbsp;&nbsp;&nbsp;&nbsp;&nbsp;&nbsp;&nbsp;&nbsp;&nbsp;&nbsp;&nbsp;&nbsp;&nbsp;&nbsp;&nbsp;&nbsp;&nbsp;&nbsp;&nbsp;&nbsp;&nbsp;&nbsp;&nbsp;&nbsp;&nbsp;&nbsp;&nbsp;&nbsp;&nbsp;&nbsp;&nbsp;&nbsp;&nbsp;&nbsp;&nbsp;&nbsp; T7:&nbsp; 13 were  manufactured 7/4/96;&nbsp;&nbsp; 12 were manufactured 3/6/97</strike></p>
<p><strike><span style="font-size: large;">There are some of each probe type in the  computer lab - in the em122 rack area:&nbsp;&nbsp;&nbsp;&nbsp; 4 - T5's and 1 - T7's (they  are already included in inventory numbers)</span></strike></p>
<p>&nbsp;</p>
<p><strike><span style="font-size: x-large;">INVENTORY:</span><span style="font-size: large;">&nbsp; as of 8-October-2011<br />
</span></strike></p>
<p><strike><span style="font-size: large;">&nbsp;&nbsp;&nbsp;&nbsp;&nbsp;&nbsp;&nbsp;&nbsp;&nbsp;&nbsp;&nbsp;&nbsp;&nbsp; T-5&nbsp;&nbsp;&nbsp;&nbsp;&nbsp;&nbsp;&nbsp;&nbsp;&nbsp;&nbsp;&nbsp;&nbsp;&nbsp;&nbsp; Quantity 20 &nbsp;&nbsp;&nbsp;&nbsp;&nbsp;&nbsp;&nbsp;&nbsp;&nbsp;&nbsp;&nbsp;&nbsp;&nbsp;&nbsp;&nbsp;&nbsp;&nbsp;&nbsp;&nbsp;&nbsp;&nbsp;&nbsp;&nbsp;&nbsp; depth 1830 meters<br />
</span></strike></p>
<p><strike><span style="font-size: large;">&nbsp;&nbsp;&nbsp;&nbsp;&nbsp;&nbsp;&nbsp;&nbsp;&nbsp;&nbsp;&nbsp;&nbsp;&nbsp; T-7&nbsp;&nbsp;&nbsp;&nbsp;&nbsp;&nbsp;&nbsp;&nbsp;&nbsp;&nbsp;&nbsp;&nbsp;&nbsp;&nbsp; Quantity 26 &nbsp;&nbsp;&nbsp;&nbsp;&nbsp;&nbsp;&nbsp;&nbsp;&nbsp;&nbsp;&nbsp;&nbsp;&nbsp;&nbsp;&nbsp;&nbsp;&nbsp;&nbsp;&nbsp;&nbsp;&nbsp;&nbsp;&nbsp;&nbsp; depth 760 meters</span></strike></p>
<p><strike>Many of our probes are old:&nbsp;&nbsp;&nbsp;&nbsp;&nbsp;&nbsp;&nbsp; T5:&nbsp;&nbsp; 9 were manufactured 9/19/2003;&nbsp; 11 are newer - manufactured 3/17/2011</strike></p>
<p><strike>&nbsp;&nbsp;&nbsp;&nbsp;&nbsp;&nbsp;&nbsp;&nbsp;&nbsp;&nbsp;&nbsp;&nbsp;&nbsp;&nbsp;&nbsp;&nbsp;&nbsp;&nbsp;&nbsp;&nbsp;&nbsp;&nbsp;&nbsp;&nbsp;&nbsp;&nbsp;&nbsp;&nbsp;&nbsp;&nbsp;&nbsp;&nbsp;&nbsp;&nbsp;&nbsp;&nbsp;&nbsp;&nbsp;&nbsp;&nbsp;&nbsp;&nbsp;&nbsp;&nbsp;&nbsp;&nbsp;&nbsp;&nbsp;&nbsp;&nbsp;&nbsp; T7:&nbsp; 14 were manufactured 7/4/96;&nbsp;&nbsp; 12 were manufactured 3/6/97</strike></p>
<p><strike>So far, the old ones have been working fine, but should probably not be trusted when XBT data is crucial to a cruise.</strike></p>
<p><strike>&nbsp;</strike></p>
<p><strike><span style="font-size: large;">There are some of each probe type in the computer lab - in the em122 rack area:&nbsp;&nbsp;&nbsp;&nbsp; 4 - T5's and 2 - T7's (they are already included in inventory numbers)<br />
</span></strike></p>
<p>&nbsp;</p>
