$@MID@$: 7
Date: Mon, 16 May 2016 13:04:39 +0000
Author: AH - from Catie email
Type: Other
Category: Hardware
Subject: PINGERS - status
Cruise: at34
Attachment: 
Encoding: HTML
========================================
<p><span style="font-size: medium;">Here's the status:<br />
</span></p>
<p><span style="font-size: medium;">**On 2016-November-14 this pinger stopped working - upon inspection it looks like a resistor burned inside.<br />
Benthos Model 2213, S/N 1024<br />
&nbsp;&nbsp;&nbsp;&nbsp;&nbsp;&nbsp;&nbsp; -Tested good<br />
&nbsp;&nbsp;&nbsp;&nbsp;&nbsp;&nbsp;&nbsp; -WHOI time base (Rick Sanger board)<br />
&nbsp;&nbsp;&nbsp;&nbsp;&nbsp;&nbsp;&nbsp; -Does not change ping rate when tilted, therefore no good for<br />
&nbsp;&nbsp;&nbsp;&nbsp;&nbsp;&nbsp;&nbsp; dredging<br />
&nbsp;&nbsp;&nbsp;&nbsp;&nbsp;&nbsp;&nbsp; -Strongback holes are 17.5&quot; apart, so does not fit our current<br />
&nbsp;&nbsp;&nbsp;&nbsp;&nbsp;&nbsp;&nbsp; strongback aboard.<br />
<br />
<br />
Benthos Model 2216, S/N 1142<br />
&nbsp;&nbsp;&nbsp;&nbsp;&nbsp;&nbsp;&nbsp; -Time base = ?<br />
&nbsp;&nbsp;&nbsp;&nbsp;&nbsp;&nbsp;&nbsp; -Changes ping rate when tilted<br />
&nbsp;&nbsp;&nbsp;&nbsp;&nbsp;&nbsp;&nbsp; -Ping volume is consistent, but is a bit on the quiet side even with<br />
&nbsp;&nbsp;&nbsp;&nbsp;&nbsp;&nbsp;&nbsp; new batteries<br />
<br />
<br />
Benthos Model 2216, S/N 1293<br />
&nbsp;&nbsp;&nbsp;&nbsp;&nbsp;&nbsp;&nbsp; -Benthos time base<br />
&nbsp;&nbsp;&nbsp;&nbsp;&nbsp;&nbsp;&nbsp; -Changes ping rate when tilted, although pings become very, very quiet in<br />
&nbsp;&nbsp;&nbsp;&nbsp;&nbsp;&nbsp;&nbsp; this state<br />
<br />
<br />
Benthos Model 2216, S/N 1113<br />
&nbsp;&nbsp;&nbsp;&nbsp;&nbsp;&nbsp;&nbsp; -WHOI time base (Rick Sanger board)<br />
&nbsp;&nbsp;&nbsp;&nbsp;&nbsp;&nbsp;&nbsp; -Does not change ping rate when tilted<br />
&nbsp;&nbsp;&nbsp;&nbsp;&nbsp;&nbsp;&nbsp; -Does not ping properly- makes more of a &quot;clack&quot; than a &quot;ping&quot; and was<br />
&nbsp;&nbsp;&nbsp;&nbsp;&nbsp;&nbsp;&nbsp; not visible on Knudsen<br />
&nbsp;&nbsp;&nbsp;&nbsp;&nbsp;&nbsp;&nbsp; -Missing a battery pack.<br />
</span></p>
