$@MID@$: 11
Date: Sun, 04 Dec 2016 19:42:43 +0000
Author: Joe McCabe
Type: Inventory
Category: General
Subject: Pinger Updated Status
Cruise: at37-05
Attachment: 161204_194243_PingersAtlantis.xlsx
Encoding: HTML
========================================
<p>&nbsp;</p>
<p>&nbsp;</p>
<p>&nbsp;</p>
<table width="915" cellspacing="0" cellpadding="0" border="0">
    <colgroup><col style="width:48pt" width="64" span="4" />  <col style="mso-width-source:userset;mso-width-alt:5741;width:118pt" width="157" />  <col style="mso-width-source:userset;mso-width-alt:4022;width:83pt" width="110" />  <col style="mso-width-source:userset;mso-width-alt:14336;width:294pt" width="392" />  </colgroup>
    <tbody>
        <tr style="height:15.0pt" height="20">
            <td class="xl63" colspan="4" style="height:15.0pt;mso-ignore:
            colspan;width:192pt" width="256" height="20">Benthos Pingers on board R/V Atlantis:</td>
            <td style="width:118pt" width="157">&nbsp;</td>
            <td style="width:83pt" width="110">&nbsp;</td>
            <td style="width:294pt" width="392">&nbsp;</td>
        </tr>
        <tr style="height:15.0pt" height="20">
            <td style="height:15.0pt" height="20">&nbsp;</td>
            <td>&nbsp;</td>
            <td>&nbsp;</td>
            <td>&nbsp;</td>
            <td>&nbsp;</td>
            <td>&nbsp;</td>
            <td>&nbsp;</td>
        </tr>
        <tr style="height:15.0pt" height="20">
            <td style="height:15.0pt" height="20">Seraial #</td>
            <td>Batt pack</td>
            <td>driver PCB</td>
            <td>Time PCB</td>
            <td>Pass thru-case resistance</td>
            <td>Overall Function</td>
            <td>Notes</td>
        </tr>
        <tr style="height:15.0pt" height="20">
            <td style="height:15.0pt" height="20" align="right">1024</td>
            <td>Y/N</td>
            <td>Y/N</td>
            <td>N</td>
            <td>29 M ohms</td>
            <td>No</td>
            <td>Pinger, pack and driver board no good, 10 ohm resistor burned</td>
        </tr>
        <tr style="height:15.0pt" height="20">
            <td style="height:15.0pt" height="20" align="right">1293</td>
            <td>Y</td>
            <td>Y</td>
            <td>Y</td>
            <td>Open</td>
            <td>Good</td>
            <td>Good pinger, quite laud.<span style="mso-spacerun:yes">&nbsp;</span></td>
        </tr>
        <tr style="height:15.0pt" height="20">
            <td style="height:15.0pt" height="20" align="right">1142</td>
            <td>Y</td>
            <td>Y</td>
            <td>Y</td>
            <td>0.7 M ohms</td>
            <td>Good</td>
            <td>Good pinger, not super laud.</td>
        </tr>
        <tr style="height:15.0pt" height="20">
            <td style="height:15.0pt" height="20" align="right">1113</td>
            <td>N</td>
            <td>N</td>
            <td>N</td>
            <td>2.5 M ohms building</td>
            <td>No</td>
            <td>Pinger does not work.<span style="mso-spacerun:yes">&nbsp;</span></td>
        </tr>
    </tbody>
</table>
