$@MID@$: 60
Date: Tue, 10 Jan 2017 14:55:08 +0000
Author: AH
Sensor: SBE45
S/N: 4547129-0204
Calibration Date: 2016-March-24
Type: Configuration
Category: Hardware
Subject: Installed S/N 0204  and did pseudo-cleaning of tubing
Cruise: at37-07
Attachment: 170110_145601_SBE_45_C0204_24Mar16.pdf,170110_145610_SBE_45_T0204_24Mar16.pdf
Encoding: HTML
========================================
<p>Installed S/N 0204 Thermosalinograph.&nbsp; Updated linus:/home/data.template/underway/doc/SSW_SBE45.txt&nbsp; (see below).</p>
<p>Changed interval to 10 seconds. ***Interval should be 1Hz, not 0.1Hz for multibeam.. Changed to 1Hz on 12 March 2017 ~Catie***</p>
<p>Just arrived on anchor at Easter Island.&nbsp; Did pseudo-cleaning of tubing (did not remove it all, just used pipe</p>
<p>cleaner to clean what could be reached).&nbsp; The fluorometer values had not been too high, so did not remove all the tubing to clean.</p>
<p>&nbsp;</p>
<p>&nbsp;</p>
<p>********************************************</p>
<p>SBE45 V 1.1b&nbsp; SERIAL NO. 0204<br />
logging data<br />
sample interval = 1 seconds (changed from 10 on 12 March 17 -Catie)<br />
output conductivity with each sample<br />
output salinity with each sample<br />
output sound velocity (Chen-Millero) with each sample<br />
start sampling when power on<br />
do not power off after taking a single sample<br />
do not power off after two minutes of inactivity<br />
A/D cycles to average = 4<br />
S&gt; 25.1751,&nbsp; 5.47407,&nbsp; 36.1022, 1536.015<br />
<br />
SBE45 V 1.1b&nbsp; 0204<br />
temperature:&nbsp; 24-mar-16<br />
&nbsp;&nbsp;&nbsp; TA0 = 3.357972e-06<br />
&nbsp;&nbsp;&nbsp; TA1 = 2.667348e-04<br />
&nbsp;&nbsp;&nbsp; TA2 = -1.630897e-06<br />
&nbsp;&nbsp;&nbsp; TA3 = 1.348219e-07<br />
conductivity:&nbsp; 24-mar-16<br />
&nbsp;&nbsp;&nbsp; G = -1.045969e+00<br />
&nbsp;&nbsp;&nbsp; H = 1.602145e-01<br />
&nbsp;&nbsp;&nbsp; I = -6.670238e-04<br />
&nbsp;&nbsp;&nbsp; J = 7.028045e-05<br />
&nbsp;&nbsp;&nbsp; CPCOR = -9.570000e-08<br />
&nbsp;&nbsp;&nbsp; CTCOR = 3.250000e-06<br />
&nbsp;&nbsp;&nbsp; WBOTC = 2.504007e-05</p>
