$@MID@$: 12
Date: Sat, 13 Jan 2018 08:14:13 +0000
Author: AH
Hardware: other
Type: Other
Category: Other
Subject / Summary: KEB string - always record
Cruise: at39-03
Attachment: 
Encoding: HTML
========================================
<p>Date: Mon, 6 Nov 2017 11:38:50 +0000 (UTC)<br />
From: Laura Stolp &lt;lstolp@whoi.edu&gt;<br />
To: sssg@atlantis.whoi.edu, sssg@armstrong.whoi.edu<br />
Cc: sssg@whoi.edu<br />
Subject: R2R Knudsen KEB files</p>

<p><br />
Suzanne O&#39;Hara from LDEO R2R (Suzanne QA&#39;s all the singlebeam and multibeam data submitted to R2R) mentioned that if we run the knudsen<br />
and collect data, we should always include the KEB files. The KEB files contain all the metadata needed to QA the data. The SEGY and KEA<br />
files only contain a subset.</p>

<p>The QA&#39;d Atlantis data can be viewed here:<br />
http://get.rvdata.us/qa_inc/?vessel=Atlantis&amp;type=singlebeam</p>

<p>The QA&#39;d Armstrong data:<br />
http://get.rvdata.us/qa_inc/?vessel=Atlantis&amp;type=singlebeam</p>

<p><br />
thanks, laura</p>
