$@MID@$: 2
Date: Tue, 11 Jan 2022 20:35:23 +0000
Author: AH
Type: Installation
Category: 
Subject / Summary: 
Cruise: at44-03
Attachment: 
Encoding: HTML
Draft: aheater
========================================

$@MID@$: 3
Date: Tue, 11 Jan 2022 20:45:45 +0000
Author: AH
Type: Installation
Category: installation
Subject / Summary: HAT
Cruise: 
Attachment: 220111_205146_Atlantis_EK80_HAT_part1.pdf,220111_205356_Atlantis_EK80_HAT_part2.pdf,220111_205407_Atlantis_EK80_HAT_part3.pdf,220111_205422_Atlantis_EK80_HAT_part4.pdf,220111_205452_Atlantis_EK80_HAT_part5.pdf,220111_205506_Atlantis_EK80_HAT_part6.pdf
Encoding: HTML
========================================

