$@MID@$: 10
Date: Fri, 28 Oct 2011 13:07:37 +0000
Author: AH
S/N: 548226 2039
Cruise: at18-12
Chief Scientist: Nooner
Who: science
Status: out
Attachment: 
Encoding: HTML
========================================

$@MID@$: 11
Date: Fri, 28 Oct 2011 13:09:22 +0000
Author: AH
S/N: 341885 0152
Cruise: at18-12
Chief Scientist: Valentine and Nooner cruises
Who: other
Status: out
Attachment: 
Encoding: HTML
========================================
<p>EM 122 data for cruises at18-11 and at18-12 to Peter Lemmond</p>
<p>CRUISES: </p>
<p>&nbsp;&nbsp;&nbsp;&nbsp;&nbsp; AT18-11</p>
<p>&nbsp;&nbsp;&nbsp;&nbsp; AT18-12</p>
