$@MID@$: 111
Date: Sun, 24 Jun 2018 11:45:13 +0000
Author: AH
Type: Configuration
name: ftp | linus
server type: mail
OS: Linux
Location: Computer Lab
Category: Software
Subject: LINUS / FTP Build Notes - 2017
Cruise: at40-03
Attachment: 
Encoding: HTML
========================================
<p dir="ltr"><strong>UPDATES TO MAILHOST/LINUS/FTP</strong></p>

<p dir="ltr"><strong>Linus build notes:</strong></p>

<p dir="ltr"><a href="https://docs.google.com/document/d/1qwxzI-9mRvHSXS_q609SNp8_e_kv_IhoYaI7luWydC8/edit" style="text-decoration:none;"><u>https://docs.google.com/document/d/1qwxzI-9mRvHSXS_q609SNp8_e_kv_IhoYaI7luWydC8/edit</u></a></p>

<p dir="ltr"><strong>FTP build notes</strong></p>

<p dir="ltr"><strong>https://docs.google.com/document/d/1hIRsd7aCBH6D5BM0MTjp766zTMX3shP7QYfjVU08a3w/edit</strong></p>

<p dir="ltr">&nbsp;</p>
