$@MID@$: 112
Date: Mon, 02 Jul 2018 16:37:18 +0000
Author: AH
Type: Other
name: science
server type: 
OS: Windows
Location: 
Category: Software
Subject: Windows 10 - Samba mounts
Cruise: at40-03
Attachment: 180821_143007_EnableWin10SMB1support.jpg
Encoding: HTML
========================================
<p>https://www.techrepublic.com/article/how-to-connect-to-linux-samba-shares-from-windows-10/</p>

<p>&quot;There was a step you had to do before mapping the network drive, something about turning<br />
on network sharing in the new network ie if the windoze 10 computer has been on the ship&#39;s network before, it is only a one step<br />
process. If the computer has never been on the ship&#39;s network you need to make sure network discovery is turned on and then...&quot;&nbsp;&nbsp;&nbsp; Laura</p>

<p>&nbsp;</p>

<p>&nbsp;</p>

<p>&nbsp;</p>

<p>&nbsp;</p>
