$@MID@$: 9
Date: Sat, 04 Feb 2017 07:29:54 +0000
Author: dsims
Type: Configuration
Category: General
Subject: FBB configurations from etherpad 2-4-2017
Cruise: at37-08
Attachment: 
Encoding: HTML
========================================
<p>These are the settings according to the etherpad 2-4-2017.</p>
<p>&nbsp;</p>
<div id="magicdomid2">&nbsp;</div>
<div id="magicdomid3"><span>FBB Port Setup&nbsp;&nbsp;&nbsp;&nbsp;&nbsp;&nbsp;&nbsp;&nbsp;&nbsp;&nbsp;&nbsp;&nbsp;&nbsp;&nbsp;&nbsp;&nbsp;&nbsp;&nbsp;&nbsp;&nbsp;&nbsp;&nbsp;&nbsp;&nbsp;&nbsp;&nbsp;&nbsp;&nbsp;&nbsp;&nbsp;&nbsp;&nbsp;&nbsp;&nbsp;&nbsp; 2017</span></div>
<div id="magicdomid4">&nbsp;</div>
<div id="magicdomid5"><span class="b"><b>#Atlantis</b></span></div>
<div id="magicdomid6"><span class="b"><b>ATLANTIS PORT FBB</b></span></div>
<div id="magicdomid7">
<ul class="list-bullet1">
    <li><span>LAN 1&nbsp;&nbsp; SHIP feed&nbsp;&nbsp;&nbsp;&nbsp;&nbsp;</span></li>
</ul>
</div>
<div id="magicdomid8">
<ul class="list-bullet2">
    <li><span>IP number:&nbsp;&nbsp;&nbsp;&nbsp; 216.86.248.176</span></li>
</ul>
</div>
<div id="magicdomid9">
<ul class="list-bullet2">
    <li><span>&nbsp;User: A108155&nbsp;&nbsp;&nbsp;&nbsp;&nbsp;&nbsp;&nbsp;</span></li>
</ul>
</div>
<div id="magicdomid10">
<ul class="list-bullet2">
    <li><span>automatic activation: active</span></li>
</ul>
</div>
<div id="magicdomid11">
<ul class="list-bullet2">
    <li><span>status: active</span></li>
</ul>
</div>
<div id="magicdomid12">
<ul class="list-bullet2">
    <li><span>plugged into 8 port netgear switch which has</span></li>
</ul>
</div>
<div id="magicdomid13">
<ul class="list-bullet3">
    <li><span>FBB Computer</span></li>
</ul>
</div>
<div id="magicdomid14">
<ul class="list-bullet3">
    <li><span>Cheng FBB Feed</span></li>
</ul>
</div>
<div id="magicdomid15">
<ul class="list-bullet3">
    <li><span>Master FBB Feed</span></li>
</ul>
</div>
<div id="magicdomid16">
<ul class="list-bullet3">
    <li><span>Voip modem</span></li>
</ul>
</div>
<div id="magicdomid17">
<ul class="list-bullet3">
    <li><span>FBB Radio Table (DataTransfer switch)&nbsp;&nbsp;&nbsp;&nbsp;&nbsp;&nbsp;&nbsp;&nbsp;&nbsp;&nbsp;&nbsp;&nbsp;&nbsp;</span></li>
</ul>
</div>
<div id="magicdomid18">
<ul class="list-bullet4">
    <li><span>ShipNet&nbsp;</span></li>
</ul>
</div>
<div id="magicdomid19">
<ul class="list-bullet4">
    <li><span>FBB</span></li>
</ul>
</div>
<div id="magicdomid20">
<ul class="list-bullet4">
    <li><span>IP Camera&nbsp;&nbsp;&nbsp;&nbsp;&nbsp;&nbsp;&nbsp;&nbsp;&nbsp;&nbsp;&nbsp;&nbsp;</span></li>
</ul>
</div>
<div id="magicdomid21">
<ul class="list-bullet3">
    <li><span>Bridge MAXSEA Data Transfer Switch&nbsp;&nbsp;&nbsp;&nbsp;&nbsp;&nbsp;&nbsp;&nbsp;&nbsp;&nbsp;&nbsp;&nbsp;&nbsp;</span></li>
</ul>
</div>
<div id="magicdomid22">
<ul class="list-bullet4">
    <li><span>FBB</span></li>
</ul>
</div>
<div id="magicdomid23">
<ul class="list-bullet4">
    <li><span>Ship network</span></li>
</ul>
</div>
<div id="magicdomid24"><span>&nbsp;&nbsp;&nbsp;&nbsp;&nbsp;&nbsp;&nbsp;</span></div>
<div id="magicdomid25">
<ul class="list-bullet1">
    <li><span>LAN 2&nbsp;&nbsp; SSSG&nbsp;&nbsp;&nbsp;&nbsp;&nbsp;</span></li>
</ul>
</div>
<div id="magicdomid26">
<ul class="list-bullet2">
    <li><span>IP number: 216.86.248.177</span></li>
</ul>
</div>
<div id="magicdomid27">
<ul class="list-bullet2">
    <li><span>user: B108155</span></li>
</ul>
</div>
<div id="magicdomid28">
<ul class="list-bullet2">
    <li><span>automatic activation: active</span></li>
</ul>
</div>
<div id="magicdomid29">
<ul class="list-bullet2">
    <li><span>status: active</span></li>
</ul>
</div>
<div id="magicdomid30">
<ul class="list-bullet2">
    <li><span>Goes to White 04-51-0 which is split (with ethernet splitter) with science port</span></li>
</ul>
</div>
<div id="magicdomid31">
<ul class="list-bullet2">
    <li><span>blue on ethernet splitter to computer lab&nbsp;</span></li>
</ul>
</div>
<div id="magicdomid32">
<ul class="list-bullet2">
    <li><span>goes to a 4 port netgear swith which also feeds:&nbsp;&nbsp;&nbsp;&nbsp;&nbsp;&nbsp;&nbsp;&nbsp;&nbsp;</span></li>
</ul>
</div>
<div id="magicdomid33">
<ul class="list-bullet3">
    <li><span>COMET shop</span></li>
</ul>
</div>
<div id="magicdomid34">
<ul class="list-bullet3">
    <li><span>mailhost (not in use)</span></li>
</ul>
</div>
<div id="magicdomid35"><span>&nbsp;&nbsp;&nbsp;&nbsp;</span></div>
<div id="magicdomid36">
<ul class="list-bullet1">
    <li><span>LAN 3&nbsp; SCIENCE&nbsp;&nbsp;&nbsp;&nbsp;&nbsp;</span></li>
</ul>
</div>
<div id="magicdomid37">
<ul class="list-bullet2">
    <li><span>IP number: 216.86.248.179</span></li>
</ul>
</div>
<div id="magicdomid38">
<ul class="list-bullet2">
    <li><span>user: C108155</span></li>
</ul>
</div>
<div id="magicdomid39">
<ul class="list-bullet2">
    <li><span>status: Acitve</span></li>
</ul>
</div>
<div id="magicdomid40">
<ul class="list-bullet2">
    <li><span>plugged into Gigabit 0/2&nbsp; C2900 router&nbsp;&nbsp;&nbsp;&nbsp;&nbsp;&nbsp;&nbsp;&nbsp;&nbsp;</span></li>
</ul>
</div>
<div id="magicdomid41">
<ul class="list-bullet3">
    <li><span>set to Bridge mode</span></li>
</ul>
</div>
<div id="magicdomid42">
<ul class="list-bullet3">
    <li><span>HSN-over-FBB&nbsp;</span></li>
</ul>
</div>
<div id="magicdomid43"><span>&nbsp;&nbsp;&nbsp;&nbsp;</span></div>
<div id="magicdomid44">
<ul class="list-bullet1">
    <li><span>LAN 4 Handset&nbsp;&nbsp;&nbsp;&nbsp;&nbsp;</span></li>
</ul>
</div>
<div id="magicdomid45">
<ul class="list-bullet2">
    <li><span>User: rd108155&nbsp;&nbsp;&nbsp;&nbsp;&nbsp;&nbsp;&nbsp;&nbsp;&nbsp;&nbsp;&nbsp; pw = same</span></li>
</ul>
</div>
<div id="magicdomid46">&nbsp;</div>
<div id="magicdomid47">
<ul class="list-bullet1">
    <li><span>ATLANTIS STREAMING (up to 128k enabled)&nbsp;</span></li>
</ul>
</div>
<div id="magicdomid48">
<ul class="list-bullet2">
    <li><span>User: A987165&nbsp;&nbsp;&nbsp;&nbsp;&nbsp;&nbsp;&nbsp;&nbsp;&nbsp;&nbsp;&nbsp; pw = same</span></li>
</ul>
</div>
<div id="magicdomid49">&nbsp;</div>
<div id="magicdomid50"><span class="b"><b>Atlantis STBD FBB&nbsp;&nbsp;&nbsp;&nbsp;</b></span></div>
<div id="magicdomid51">
<ul class="list-bullet1">
    <li><span>LAN 1&nbsp;&nbsp; SHIP feed&nbsp;&nbsp;&nbsp;&nbsp;&nbsp;</span></li>
</ul>
</div>
<div id="magicdomid52">
<ul class="list-bullet2">
    <li><span>IP number:&nbsp;&nbsp;&nbsp;&nbsp; 216.86.242.74</span></li>
</ul>
</div>
<div id="magicdomid53">
<ul class="list-bullet2">
    <li><span>&nbsp;User: PA4174016&nbsp;&nbsp;&nbsp;&nbsp;&nbsp;&nbsp;&nbsp; pw = same</span></li>
</ul>
</div>
<div id="magicdomid54">
<ul class="list-bullet2">
    <li><span>automatic activation: active</span></li>
</ul>
</div>
<div id="magicdomid55">
<ul class="list-bullet2">
    <li><span>status: active</span></li>
</ul>
</div>
<div id="magicdomid56">
<ul class="list-bullet2">
    <li><span>black cable that goes into ????</span></li>
</ul>
</div>
<div id="magicdomid57">&nbsp;</div>
<div id="magicdomid58">
<ul class="list-bullet1">
    <li><span>LAN 2&nbsp;&nbsp; SSSG&nbsp;&nbsp;&nbsp;&nbsp;&nbsp;</span></li>
</ul>
</div>
<div id="magicdomid59">
<ul class="list-bullet2">
    <li><span>IP number: 216.86.242.249</span></li>
</ul>
</div>
<div id="magicdomid60">
<ul class="list-bullet2">
    <li><span>user: PA174016&nbsp;&nbsp;&nbsp;&nbsp;&nbsp;&nbsp;&nbsp;&nbsp;&nbsp;&nbsp; pw = same</span></li>
</ul>
</div>
<div id="magicdomid61">
<ul class="list-bullet2">
    <li><span>automatic activation: active</span></li>
</ul>
</div>
<div id="magicdomid62">
<ul class="list-bullet2">
    <li><span>status: active</span></li>
</ul>
</div>
<div id="magicdomid63">
<ul class="list-bullet2">
    <li><span>goes to red port of 04-51-0 which is split (ethernet splitter) blue with science net (red)</span></li>
</ul>
</div>
<div id="magicdomid64">
<ul class="list-bullet2">
    <li><span>mailhost feed</span></li>
</ul>
</div>
<div id="magicdomid65"><span>&nbsp;&nbsp;&nbsp;&nbsp;</span></div>
<div id="magicdomid66">
<ul class="list-bullet1">
    <li><span>LAN 3&nbsp; SCIENCE&nbsp;&nbsp;&nbsp;&nbsp;&nbsp;</span></li>
</ul>
</div>
<div id="magicdomid67">
<ul class="list-bullet2">
    <li><span>IP number: 216.86.249.253</span></li>
</ul>
</div>
<div id="magicdomid68">
<ul class="list-bullet2">
    <li><span>user: PA74016&nbsp;&nbsp;&nbsp;&nbsp;&nbsp;&nbsp;&nbsp;&nbsp;&nbsp;&nbsp;&nbsp; pw = same</span></li>
</ul>
</div>
<div id="magicdomid69">
<ul class="list-bullet2">
    <li><span>status: Acitve</span></li>
</ul>
</div>
<div id="magicdomid70">
<ul class="list-bullet2">
    <li><span>goes to red port of 04-51-0 which is split (ethernet splitter) blue with science net (red)</span></li>
</ul>
</div>
<div id="magicdomid71">
<ul class="list-bullet2">
    <li><span>plugged into Fastethernet 0/0/0 on C2900 router&nbsp;&nbsp;&nbsp;&nbsp;&nbsp;&nbsp;&nbsp;&nbsp;&nbsp;</span></li>
</ul>
</div>
<div id="magicdomid72">
<ul class="list-bullet3">
    <li><span>set as gateway of last resort</span></li>
</ul>
</div>
<div id="magicdomid73">&nbsp;</div>
<div id="magicdomid74">
<ul class="list-bullet1">
    <li><span>LAN 4 Handset&nbsp;&nbsp;&nbsp;&nbsp;&nbsp;</span></li>
</ul>
</div>
<div id="magicdomid75">
<ul class="list-bullet2">
    <li><span>User PR1314156&nbsp;&nbsp;&nbsp;&nbsp;&nbsp;&nbsp; pw = 51u3k85</span></li>
</ul>
</div>
<div id="magicdomid76">&nbsp;</div>
<div id="magicdomid77">
<ul class="list-bullet1">
    <li><span>ATLANTIS STREAMING (up to 128k enabled)</span></li>
</ul>
</div>
<div id="magicdomid78">
<ul class="list-bullet2">
    <li><span>User: PU174017&nbsp;&nbsp;&nbsp;&nbsp;&nbsp;&nbsp;&nbsp; pw = same</span></li>
</ul>
</div>
<div id="magicdomid79">&nbsp;</div>
<div id="magicdomid80">&nbsp;</div>
<div id="magicdomid81">&nbsp;</div>
<div id="magicdomid82">&nbsp;</div>
<div id="magicdomid83"><span class="b"><b>Router Commands:</b></span></div>
<div id="magicdomid84">
<ul class="list-bullet1">
    <li><span>check natting on router</span></li>
</ul>
</div>
<div id="magicdomid85">
<ul class="list-bullet2">
    <li><span>int&nbsp;&nbsp;&nbsp;&nbsp;&nbsp;&nbsp;&nbsp;&nbsp;&nbsp;&nbsp;&nbsp;&nbsp;&nbsp;&nbsp;&nbsp;&nbsp;&nbsp; will show the interfaces and if they are up or down</span></li>
</ul>
</div>
<div id="magicdomid86">
<ul class="list-bullet2">
    <li><span>nat&nbsp;&nbsp;&nbsp;&nbsp;&nbsp;&nbsp;&nbsp;&nbsp;&nbsp;&nbsp;&nbsp;&nbsp;&nbsp;&nbsp;&nbsp;&nbsp;&nbsp;&nbsp; show ip nat translations</span></li>
</ul>
</div>
<div id="magicdomid87">
<ul class="list-bullet2">
    <li><span>natstat&nbsp;&nbsp;&nbsp;&nbsp;&nbsp;&nbsp;&nbsp;&nbsp;&nbsp;&nbsp;&nbsp; show ip nat statistics</span></li>
</ul>
</div>
<div id="magicdomid88">&nbsp;</div>
<div id="magicdomid89">&nbsp;</div>
<div id="magicdomid90">&nbsp;</div>
<div id="magicdomid91"><span class="b"><b>FBB commands:</b></span></div>
<div id="magicdomid92">&nbsp;</div>
<div id="magicdomid93">
<ul class="list-bullet1">
    <li><span>To 'force' a static ip:</span></li>
</ul>
</div>
<div id="magicdomid94">
<ul class="list-bullet2">
    <li><span>Capture is via the following method:</span></li>
</ul>
</div>
<div id="magicdomid95">
<ul class="list-bullet3">
    <li><span>First login to the web interface (go to settings -&gt; lan -&gt; network devices.&nbsp; This will request login)</span></li>
</ul>
</div>
<div id="magicdomid96">
<ul class="list-bullet3">
    <li><span>Then paste this url into the browser (modified where necessary (XX's to be changed to the MAC , and YYY's to the IP.</span></li>
</ul>
</div>
<div id="magicdomid97">
<ul class="list-bullet4">
    <li><span>&nbsp;&nbsp;&nbsp; Note - enter as 192.168.0.7 , not 192.168.000.007 - I am putting the extra Y's for&nbsp; uniformity's sake)</span></li>
</ul>
</div>
<div id="magicdomid98"><span>&nbsp;&nbsp;&nbsp;&nbsp;&nbsp;&nbsp;&nbsp;&nbsp;&nbsp;&nbsp;&nbsp;&nbsp;&nbsp;&nbsp;&nbsp;&nbsp;</span></div>
<div id="magicdomid99"><span>&nbsp;&nbsp;&nbsp;&nbsp;&nbsp;&nbsp;&nbsp;&nbsp;&nbsp;&nbsp;&nbsp;&nbsp;&nbsp;&nbsp;&nbsp;&nbsp;&nbsp; command for cisco 2900 gigabitethernet0/2 is for knorr:</span></div>
<div id="magicdomid100">&nbsp;</div>
<div id="magicdomid101">&nbsp;</div>
<div id="magicdomid102"><span>&nbsp;&nbsp;&nbsp;&nbsp;&nbsp;&nbsp;&nbsp;&nbsp;&nbsp;&nbsp;&nbsp;&nbsp;&nbsp;&nbsp;&nbsp;&nbsp;&nbsp; command to force mailhost knorr:</span></div>
<div id="magicdomid103"><span class=" url"><a href="http://192.168.100.1/index.lua?pageID=Network">http://192.168.100.1/index.lua?pageID=Network</a></span><span> devices&amp;langID=english&amp;oper=lock&amp;mac=00:30:48:83:62:D1&amp;ip1=192&amp;ip2=168&amp;ip3=100&amp;ip4=7</span></div>
<div id="magicdomid104">&nbsp;</div>
<div id="magicdomid105">
<ul class="list-bullet1">
    <li><span>Atlantis lock command for the C2910 interface FastEthernet0/0/0&nbsp;</span></li>
</ul>
</div>
<div id="magicdomid106">
<ul class="list-bullet1">
    <li>&nbsp;</li>
</ul>
</div>
<div id="magicdomid107"><span class=" url"><a href="http://192.168.0.1/index.lua?pageID=Network">http://192.168.0.1/index.lua?pageID=Network</a></span><span> devices&amp;landID=english&amp;oper=lock&amp;mac=F8:66:F2:C3:18:45&amp;ip1=192&amp;ip2=168&amp;ip3=0&amp;ip4=53</span></div>
<div id="magicdomid108">&nbsp;</div>
<div id="magicdomid109"><span>* need to have space btw the Network and devices for it to 'take'</span></div>
<div id="magicdomid110">&nbsp;</div>
<div id="magicdomid111"><span class="b"><b>Telnet commands:</b></span></div>
<div id="magicdomid112">
<ul class="list-bullet1">
    <li><span>&nbsp; telnet 192.168.0.1 5454</span></li>
</ul>
</div>
<div id="magicdomid113">
<ul class="list-bullet2">
    <li><span>Signal&nbsp;</span></li>
</ul>
</div>
<div id="magicdomid114">
<ul class="list-bullet2">
    <li><span>Start scrolling signal level</span></li>
</ul>
</div>
<div id="magicdomid115">
<ul class="list-bullet3">
    <li><span>AT_ISIG=1</span></li>
</ul>
</div>
<div id="magicdomid116">
<ul class="list-bullet2">
    <li><span>End scrolling signal level</span></li>
</ul>
</div>
<div id="magicdomid117">
<ul class="list-bullet3">
    <li><span>AT_ISIG=0</span></li>
</ul>
</div>
<div id="magicdomid118">&nbsp;</div>
<div id="magicdomid119">
<ul class="list-bullet1">
    <li><span>Telnet 192.168.0.1:</span></li>
</ul>
</div>
<div id="magicdomid120"><span>&nbsp;&nbsp;&nbsp;&nbsp;&nbsp;&nbsp;&nbsp;&nbsp; admn/year</span></div>
<div id="magicdomid121">&nbsp;</div>
<div id="magicdomid122"><span>&nbsp;&nbsp;&nbsp;&nbsp;&nbsp;&nbsp;&nbsp;&nbsp;&nbsp;&nbsp; telnet:/$ nat</span></div>
<div id="magicdomid123"><span>&nbsp;&nbsp;&nbsp;&nbsp;&nbsp;&nbsp;&nbsp;&nbsp;&nbsp;&nbsp;&nbsp;&nbsp;&nbsp;&nbsp;&nbsp;&nbsp; Not enough parameters.</span></div>
<div id="magicdomid124"><span>&nbsp;&nbsp;&nbsp;&nbsp;&nbsp;&nbsp;&nbsp;&nbsp;&nbsp;&nbsp;&nbsp;&nbsp;&nbsp;&nbsp;&nbsp; nat&nbsp;&nbsp;&nbsp;&nbsp;&nbsp;&nbsp;&nbsp;&nbsp;&nbsp;&nbsp;&nbsp; : Nat debug command</span></div>
<div id="magicdomid125"><span>&nbsp;&nbsp;&nbsp;&nbsp;&nbsp;&nbsp;&nbsp;&nbsp;&nbsp;&nbsp; nat Use nat -&lt;p|s|c|n&gt;:</span></div>
<div id="magicdomid126"><span>&nbsp;&nbsp;&nbsp;&nbsp;&nbsp;&nbsp;&nbsp;&nbsp;&nbsp;&nbsp;&nbsp;&nbsp;&nbsp;&nbsp;&nbsp;&nbsp;&nbsp;&nbsp;&nbsp;&nbsp;&nbsp;&nbsp;&nbsp;&nbsp; -p:&nbsp;&nbsp;&nbsp;&nbsp;&nbsp;&nbsp;&nbsp;&nbsp;&nbsp;&nbsp; Print memory pool usage</span></div>
<div id="magicdomid127"><span>&nbsp;&nbsp;&nbsp;&nbsp;&nbsp;&nbsp;&nbsp;&nbsp;&nbsp;&nbsp;&nbsp;&nbsp;&nbsp;&nbsp;&nbsp;&nbsp;&nbsp;&nbsp;&nbsp;&nbsp;&nbsp;&nbsp;&nbsp;&nbsp; -s:&nbsp;&nbsp;&nbsp;&nbsp;&nbsp;&nbsp;&nbsp;&nbsp;&nbsp;&nbsp; Print nat statistics</span></div>
<div id="magicdomid128"><span>&nbsp;&nbsp;&nbsp;&nbsp;&nbsp;&nbsp;&nbsp;&nbsp;&nbsp;&nbsp;&nbsp;&nbsp;&nbsp;&nbsp;&nbsp;&nbsp;&nbsp;&nbsp;&nbsp;&nbsp;&nbsp;&nbsp;&nbsp;&nbsp; -c:&nbsp;&nbsp;&nbsp;&nbsp;&nbsp;&nbsp;&nbsp;&nbsp;&nbsp;&nbsp; Print out active connection&nbsp;&nbsp;&nbsp;&nbsp;&nbsp;&nbsp;&nbsp;&nbsp;&nbsp;&nbsp;&nbsp;&nbsp;&nbsp;&nbsp;&nbsp;&nbsp;&nbsp;</span></div>
<div id="magicdomid129"><span>&nbsp;&nbsp;&nbsp;&nbsp;&nbsp;&nbsp;&nbsp;&nbsp;&nbsp;&nbsp;&nbsp;&nbsp;&nbsp;&nbsp;&nbsp;&nbsp;&nbsp;&nbsp;&nbsp;&nbsp;&nbsp;&nbsp;&nbsp; -n:&nbsp;&nbsp;&nbsp;&nbsp;&nbsp;&nbsp;&nbsp;&nbsp;&nbsp;&nbsp; Print Static nat tables</span></div>
<div id="magicdomid130">&nbsp;</div>
<div id="magicdomid131">&nbsp;</div>
<div id="magicdomid132">&nbsp;</div>
<div id="magicdomid133"><span>To port forward ssh the port is 22-22 and 22-22, so it is a straight through port forward...</span></div>
<div id="magicdomid134">&nbsp;</div>
<div id="magicdomid135">&nbsp;</div>
<div id="magicdomid136">
<ul class="list-bullet1">
    <li><span>&nbsp; </span><span class="b"><b>Dashboard </b></span><span class="b url"><a href="http://192.168.0.1"><b>http://192.168.0.1</b></a></span></li>
</ul>
</div>
<div id="magicdomid137">
<ul class="list-bullet2">
    <li><span>&nbsp; To setup the Network Groups&nbsp;&nbsp;&nbsp;&nbsp;&nbsp;&nbsp;&nbsp;&nbsp;&nbsp;&nbsp;&nbsp;&nbsp;&nbsp;&nbsp;&nbsp;&nbsp;&nbsp;&nbsp;&nbsp;&nbsp;&nbsp;&nbsp;&nbsp;&nbsp;&nbsp;</span></li>
</ul>
</div>
<div id="magicdomid138"><span>&nbsp;&nbsp;&nbsp;&nbsp;&nbsp;&nbsp;&nbsp;&nbsp;&nbsp;&nbsp;&nbsp;&nbsp;&nbsp;&nbsp;&nbsp;&nbsp;&nbsp;&nbsp;&nbsp;&nbsp;&nbsp;&nbsp;&nbsp;&nbsp;</span></div>
<div id="magicdomid139"><span>&nbsp;Open&nbsp;  the Dashboard (browse to 192.168.0.1 on the PC connected to the&nbsp;  terminal) and Click SETTINGS-&gt;LAN-&gt;Network User Groups&nbsp;  (User/pass&nbsp; is admin/1234)&nbsp;&nbsp;&nbsp;&nbsp;&nbsp;&nbsp;&nbsp;&nbsp;&nbsp;&nbsp;&nbsp;&nbsp;&nbsp;&nbsp;&nbsp;&nbsp;&nbsp;&nbsp;&nbsp;&nbsp;&nbsp;&nbsp;&nbsp;&nbsp;&nbsp;</span></div>
<div id="magicdomid140"><span>&nbsp;&nbsp;&nbsp;&nbsp;&nbsp;&nbsp;&nbsp;&nbsp;&nbsp;&nbsp;&nbsp;&nbsp;&nbsp;&nbsp;&nbsp;&nbsp;&nbsp;&nbsp;&nbsp;&nbsp;&nbsp;&nbsp;&nbsp;&nbsp;</span></div>
<div id="magicdomid141"><span>Select Edit next to the First Group, and change the details as follows for the first group&nbsp;&nbsp;&nbsp;&nbsp;&nbsp;&nbsp;&nbsp;&nbsp;&nbsp;&nbsp;&nbsp;&nbsp;&nbsp;&nbsp;&nbsp;&nbsp;&nbsp;&nbsp;&nbsp;&nbsp;&nbsp;&nbsp;&nbsp;&nbsp;&nbsp;</span></div>
<div id="magicdomid142"><span>&nbsp;&nbsp;&nbsp;&nbsp;&nbsp;&nbsp;&nbsp;&nbsp;&nbsp;&nbsp;&nbsp;&nbsp;&nbsp;&nbsp;&nbsp;&nbsp;&nbsp;&nbsp;&nbsp;&nbsp;&nbsp;&nbsp;&nbsp;&nbsp;</span></div>
<div id="magicdomid143"><span>Note:&nbsp;&nbsp;  DO NOT Change settings for dynamic/static IP.&nbsp;&nbsp; Leave this as is&nbsp;  (Dynamic) or the terminal will not function properly&nbsp; - Only change&nbsp;  settings specified here&nbsp;&nbsp;&nbsp;&nbsp;&nbsp;&nbsp;&nbsp;&nbsp;&nbsp;&nbsp;&nbsp;&nbsp;&nbsp;&nbsp;&nbsp;&nbsp;&nbsp;&nbsp;&nbsp;&nbsp;&nbsp;&nbsp;&nbsp;&nbsp;&nbsp;</span></div>
<div id="magicdomid144"><span>&nbsp;&nbsp;&nbsp;&nbsp;&nbsp;&nbsp;&nbsp;&nbsp;&nbsp;&nbsp;&nbsp;&nbsp;&nbsp;&nbsp;&nbsp;&nbsp;&nbsp;&nbsp;&nbsp;&nbsp;&nbsp;&nbsp;&nbsp;&nbsp;</span></div>
<div id="magicdomid145"><span>&nbsp;&nbsp;&nbsp;&nbsp;&nbsp;&nbsp;&nbsp;&nbsp;&nbsp;&nbsp;&nbsp;&nbsp;&nbsp;&nbsp;&nbsp;&nbsp;&nbsp;&nbsp;&nbsp;&nbsp;&nbsp;&nbsp;&nbsp;&nbsp; Name: Ships Business&nbsp;&nbsp;&nbsp;&nbsp;&nbsp;&nbsp;&nbsp;&nbsp;&nbsp;&nbsp;&nbsp;&nbsp;&nbsp;&nbsp;&nbsp;&nbsp;&nbsp;&nbsp;&nbsp;&nbsp;&nbsp;&nbsp;&nbsp;&nbsp;&nbsp;</span></div>
<div id="magicdomid146"><span>&nbsp;&nbsp;&nbsp;&nbsp;&nbsp;&nbsp;&nbsp;&nbsp;&nbsp;&nbsp;&nbsp;&nbsp;&nbsp;&nbsp;&nbsp;&nbsp;&nbsp;&nbsp;&nbsp;&nbsp;&nbsp;&nbsp;&nbsp;&nbsp; Status: Enabled&nbsp;&nbsp;&nbsp;&nbsp;&nbsp;&nbsp;&nbsp;&nbsp;&nbsp;&nbsp;&nbsp;&nbsp;&nbsp;&nbsp;&nbsp;&nbsp;&nbsp;&nbsp;&nbsp;&nbsp;&nbsp;&nbsp;&nbsp;&nbsp;&nbsp;</span></div>
<div id="magicdomid147"><span>&nbsp;&nbsp;&nbsp;&nbsp;&nbsp;&nbsp;&nbsp;&nbsp;&nbsp;&nbsp;&nbsp;&nbsp;&nbsp;&nbsp;&nbsp;&nbsp;&nbsp;&nbsp;&nbsp;&nbsp;&nbsp;&nbsp;&nbsp; APN: Click the radio button at User Defined&nbsp;&nbsp;&nbsp;&nbsp;&nbsp;&nbsp;&nbsp;&nbsp;&nbsp;&nbsp;&nbsp;&nbsp;&nbsp;&nbsp;&nbsp;&nbsp;&nbsp;&nbsp;&nbsp;&nbsp;&nbsp;&nbsp;&nbsp;&nbsp;&nbsp;</span></div>
<div id="magicdomid148"><span>&nbsp;&nbsp;&nbsp;&nbsp;&nbsp;&nbsp;&nbsp;&nbsp;&nbsp;&nbsp;&nbsp;&nbsp;&nbsp;&nbsp;&nbsp;&nbsp;&nbsp;&nbsp;&nbsp;&nbsp;&nbsp;&nbsp;&nbsp; Change Username and Password to those listed in first</span></div>
<div id="magicdomid149"><span>&nbsp;&nbsp;&nbsp;&nbsp;&nbsp;&nbsp;&nbsp;&nbsp;&nbsp;&nbsp;&nbsp;&nbsp;&nbsp;&nbsp;&nbsp;&nbsp;&nbsp;&nbsp;&nbsp;&nbsp;&nbsp;&nbsp;&nbsp; profile&nbsp;&nbsp;&nbsp;&nbsp;&nbsp;&nbsp;&nbsp;&nbsp;&nbsp;&nbsp;&nbsp;&nbsp;&nbsp;&nbsp;&nbsp;&nbsp;&nbsp;&nbsp;&nbsp;&nbsp;&nbsp;&nbsp;&nbsp;&nbsp;&nbsp;</span></div>
<div id="magicdomid150"><span>&nbsp;&nbsp;&nbsp;&nbsp;&nbsp;&nbsp;&nbsp;&nbsp;&nbsp;&nbsp;&nbsp;&nbsp;&nbsp;&nbsp;&nbsp;&nbsp;&nbsp;&nbsp;&nbsp;&nbsp;&nbsp;&nbsp;&nbsp; Apply this group&nbsp;&nbsp;&nbsp;&nbsp;&nbsp;&nbsp;&nbsp;&nbsp;&nbsp;&nbsp;&nbsp;&nbsp;&nbsp;&nbsp;&nbsp;&nbsp;&nbsp;&nbsp;&nbsp;&nbsp;&nbsp;&nbsp;&nbsp;&nbsp;&nbsp;</span></div>
<div id="magicdomid151"><span>&nbsp;</span></div>
<div id="magicdomid152">&nbsp;</div>
<div id="magicdomid153">
<ul class="list-bullet1">
    <li><span>Creating 3 usergroups out of one...</span></li>
</ul>
</div>
<div id="magicdomid154"><span>&nbsp;&nbsp;&nbsp;&nbsp;&nbsp;&nbsp;&nbsp;&nbsp; Change Username and Password to those listed for the&nbsp;&nbsp;&nbsp; profile&nbsp;&nbsp;&nbsp;&nbsp;&nbsp;&nbsp;&nbsp;&nbsp;&nbsp;&nbsp;&nbsp;&nbsp;&nbsp;&nbsp;&nbsp;&nbsp;&nbsp;&nbsp;&nbsp;&nbsp;&nbsp;&nbsp;&nbsp;&nbsp;&nbsp;&nbsp;&nbsp;&nbsp;&nbsp;&nbsp;&nbsp;&nbsp;&nbsp;&nbsp;&nbsp;&nbsp;&nbsp;&nbsp;&nbsp;&nbsp;&nbsp;&nbsp;&nbsp;&nbsp;&nbsp;&nbsp;</span></div>
<div id="magicdomid155"><span>&nbsp;&nbsp;&nbsp;&nbsp;&nbsp;&nbsp;&nbsp;&nbsp;&nbsp; Apply this group&nbsp;&nbsp;&nbsp;&nbsp;&nbsp;&nbsp;&nbsp;&nbsp;&nbsp;&nbsp;&nbsp;&nbsp;&nbsp;&nbsp;&nbsp;&nbsp;&nbsp;&nbsp;&nbsp;&nbsp;&nbsp;&nbsp;&nbsp;&nbsp;&nbsp;&nbsp;&nbsp;&nbsp;&nbsp;&nbsp;&nbsp;&nbsp;&nbsp;&nbsp;&nbsp;&nbsp;&nbsp;&nbsp;&nbsp;&nbsp;&nbsp;&nbsp;&nbsp;&nbsp;&nbsp;&nbsp;&nbsp;&nbsp;</span></div>
<div id="magicdomid156"><span>&nbsp;&nbsp;&nbsp;&nbsp;&nbsp;&nbsp;&nbsp;&nbsp;&nbsp;&nbsp;&nbsp;&nbsp;&nbsp;&nbsp;&nbsp;&nbsp;&nbsp;&nbsp;&nbsp;&nbsp;&nbsp;&nbsp;&nbsp;&nbsp;&nbsp;&nbsp;&nbsp;&nbsp;&nbsp;&nbsp;&nbsp;&nbsp;&nbsp;&nbsp;&nbsp;&nbsp;&nbsp;&nbsp;&nbsp;&nbsp;&nbsp;&nbsp;&nbsp;&nbsp;&nbsp;&nbsp;&nbsp;&nbsp;</span></div>
<div id="magicdomid157"><span>Repeat&nbsp;  steps for Groups 2-4, using the names and username/password&nbsp;  combinations appropriate&nbsp;&nbsp;&nbsp;&nbsp;&nbsp;&nbsp;&nbsp;&nbsp;&nbsp;&nbsp;&nbsp;&nbsp;&nbsp;&nbsp;&nbsp;&nbsp;&nbsp;&nbsp;&nbsp;&nbsp;&nbsp;&nbsp;&nbsp;&nbsp;&nbsp;&nbsp;&nbsp;&nbsp;&nbsp;&nbsp;&nbsp;&nbsp;&nbsp;&nbsp;&nbsp;&nbsp;&nbsp;&nbsp;&nbsp;&nbsp;&nbsp;&nbsp;&nbsp;&nbsp;&nbsp;</span></div>
<div id="magicdomid158"><span>&nbsp;&nbsp;&nbsp;&nbsp;&nbsp;&nbsp;&nbsp;&nbsp;&nbsp;&nbsp;&nbsp;&nbsp;&nbsp;&nbsp;&nbsp;&nbsp;&nbsp;&nbsp;&nbsp;&nbsp;&nbsp;&nbsp;&nbsp;&nbsp;&nbsp;&nbsp;&nbsp;&nbsp;&nbsp;&nbsp;&nbsp;&nbsp;&nbsp;&nbsp;&nbsp;&nbsp;&nbsp;&nbsp;&nbsp;&nbsp;&nbsp;&nbsp;&nbsp;&nbsp;&nbsp;&nbsp;&nbsp;&nbsp;</span></div>
<div id="magicdomid159"><span>&nbsp;&nbsp;&nbsp;&nbsp;&nbsp;&nbsp;&nbsp;&nbsp;&nbsp;&nbsp;&nbsp;&nbsp;&nbsp;&nbsp;&nbsp;&nbsp;&nbsp;&nbsp;&nbsp;&nbsp;&nbsp;&nbsp;&nbsp;&nbsp;&nbsp;&nbsp;&nbsp;&nbsp;&nbsp;&nbsp;&nbsp;&nbsp;&nbsp;&nbsp;&nbsp;&nbsp;&nbsp;&nbsp;&nbsp;&nbsp;&nbsp;&nbsp;&nbsp;&nbsp;&nbsp;&nbsp;&nbsp;&nbsp;</span></div>
<div id="magicdomid160"><span>Click on NETWORK CLASSIFICATION&nbsp;&nbsp;&nbsp;&nbsp;&nbsp;&nbsp;&nbsp;&nbsp;&nbsp;&nbsp;&nbsp;&nbsp;&nbsp;&nbsp;&nbsp;&nbsp;&nbsp;&nbsp;&nbsp;&nbsp;&nbsp;&nbsp;&nbsp;&nbsp;&nbsp;&nbsp;&nbsp;&nbsp;&nbsp;&nbsp;&nbsp;&nbsp;&nbsp;&nbsp;&nbsp;&nbsp;&nbsp;&nbsp;&nbsp;&nbsp;&nbsp;</span></div>
<div id="magicdomid161"><span>Click to add an entry&nbsp;&nbsp;&nbsp;&nbsp;&nbsp;&nbsp;&nbsp;&nbsp;&nbsp;&nbsp;&nbsp;&nbsp;&nbsp;&nbsp;&nbsp;&nbsp;&nbsp;&nbsp;&nbsp;&nbsp;&nbsp;&nbsp;&nbsp;&nbsp;&nbsp;&nbsp;&nbsp;&nbsp;&nbsp;&nbsp;&nbsp;&nbsp;&nbsp;&nbsp;&nbsp;&nbsp;&nbsp;&nbsp;&nbsp;&nbsp;&nbsp;&nbsp;&nbsp;</span></div>
<div id="magicdomid162"><span>&nbsp;&nbsp;&nbsp;&nbsp;&nbsp;&nbsp;&nbsp;&nbsp;&nbsp;&nbsp;&nbsp;&nbsp;&nbsp;&nbsp;&nbsp;&nbsp;&nbsp;&nbsp;&nbsp;&nbsp;&nbsp;&nbsp;&nbsp;&nbsp;&nbsp;&nbsp;&nbsp;&nbsp;&nbsp;&nbsp;&nbsp;&nbsp;&nbsp;&nbsp;&nbsp;&nbsp;&nbsp;&nbsp;&nbsp;&nbsp;&nbsp;&nbsp;&nbsp;&nbsp;&nbsp;&nbsp;&nbsp;&nbsp;</span></div>
<div id="magicdomid163"><span>Set this entry to LAN PORT 1&nbsp;&nbsp;&nbsp;&nbsp;&nbsp;&nbsp;&nbsp;&nbsp;&nbsp;&nbsp;&nbsp;&nbsp;&nbsp;&nbsp;&nbsp;&nbsp;&nbsp;&nbsp;&nbsp;&nbsp;&nbsp;&nbsp;&nbsp;&nbsp;&nbsp;&nbsp;&nbsp;&nbsp;&nbsp;&nbsp;&nbsp;&nbsp;&nbsp;&nbsp;&nbsp;&nbsp;&nbsp;&nbsp;&nbsp;&nbsp;&nbsp;&nbsp;&nbsp;&nbsp;</span></div>
<div id="magicdomid164"><span>Set network user group to Ships Business&nbsp;&nbsp;&nbsp;&nbsp;&nbsp;&nbsp;&nbsp;&nbsp;&nbsp;&nbsp;&nbsp;&nbsp;&nbsp;&nbsp;&nbsp;&nbsp;&nbsp;&nbsp;&nbsp;&nbsp;&nbsp;&nbsp;&nbsp;&nbsp;&nbsp;&nbsp;&nbsp;&nbsp;&nbsp;&nbsp;&nbsp;&nbsp;&nbsp;&nbsp;&nbsp;&nbsp;&nbsp;&nbsp;&nbsp;&nbsp;&nbsp;&nbsp;&nbsp;&nbsp;&nbsp;&nbsp;&nbsp;&nbsp;</span></div>
<div id="magicdomid165"><span>click apply&nbsp;&nbsp;&nbsp;&nbsp;&nbsp;&nbsp;&nbsp;&nbsp;&nbsp;&nbsp;&nbsp;&nbsp;&nbsp;&nbsp;&nbsp;&nbsp;&nbsp;&nbsp;&nbsp;&nbsp;&nbsp;&nbsp;&nbsp;&nbsp;&nbsp;&nbsp;&nbsp;&nbsp;&nbsp;&nbsp;&nbsp;&nbsp;&nbsp;&nbsp;&nbsp;&nbsp;&nbsp;&nbsp;&nbsp;&nbsp;&nbsp;&nbsp;&nbsp;&nbsp;&nbsp;</span></div>
<div id="magicdomid166"><span>&nbsp;&nbsp;&nbsp;&nbsp;&nbsp;&nbsp;&nbsp;&nbsp;&nbsp;&nbsp;&nbsp;&nbsp;&nbsp;&nbsp;&nbsp;&nbsp;&nbsp;&nbsp;&nbsp;&nbsp;&nbsp;&nbsp;&nbsp;&nbsp;&nbsp;&nbsp;&nbsp;&nbsp;&nbsp;&nbsp;&nbsp;&nbsp;&nbsp;&nbsp;&nbsp;&nbsp;&nbsp;&nbsp;&nbsp;&nbsp;&nbsp;&nbsp;&nbsp;&nbsp;&nbsp;&nbsp;&nbsp;&nbsp;</span></div>
<div id="magicdomid167"><span>Repeat again as appropriate for the other 3 lan ports&nbsp;&nbsp;&nbsp;&nbsp;&nbsp;&nbsp;&nbsp;&nbsp;&nbsp;&nbsp;&nbsp;&nbsp;&nbsp;&nbsp;&nbsp;&nbsp;&nbsp;&nbsp;&nbsp;&nbsp;&nbsp;&nbsp;&nbsp;&nbsp;&nbsp;&nbsp;&nbsp;&nbsp;&nbsp;&nbsp;&nbsp;&nbsp;&nbsp;&nbsp;&nbsp;&nbsp;&nbsp;&nbsp;&nbsp;&nbsp;&nbsp;&nbsp;&nbsp;</span></div>
<div id="magicdomid168"><span>&nbsp;&nbsp;&nbsp;&nbsp;&nbsp;&nbsp;&nbsp;&nbsp;&nbsp;&nbsp;&nbsp;&nbsp;&nbsp;&nbsp;&nbsp;&nbsp;&nbsp;&nbsp;&nbsp;&nbsp;&nbsp;&nbsp;&nbsp;&nbsp;&nbsp;&nbsp;&nbsp;&nbsp;&nbsp;&nbsp;&nbsp;&nbsp;&nbsp;&nbsp;&nbsp;&nbsp;&nbsp;&nbsp;&nbsp;&nbsp;&nbsp;&nbsp;&nbsp;&nbsp;&nbsp;&nbsp;&nbsp;&nbsp;</span></div>
<div id="magicdomid169"><span>Once you have finished with this, you can reboot the terminal, and&nbsp; will be active.</span></div>
<div id="magicdomid170">&nbsp;</div>
<div id="magicdomid171">&nbsp;</div>
<div id="magicdomid172"><span>20110613</span></div>
<div id="magicdomid173">&nbsp;</div>
<div id="magicdomid174"><span class="b"><b>Knorr</b></span></div>
<div id="magicdomid175"><span>AT+CGDCONT?</span></div>
<div id="magicdomid176"><span>+CGDCONT: 1, &quot;IP&quot;, &quot;STRATOS.BGAN.INMARSAT.COM&quot;, 0.0.0.0, 0, 1, &quot;A105612&quot;, &quot;A105612&quot;</span></div>
<div id="magicdomid177"><span>AT+CGACT?</span></div>
<div id="magicdomid178"><span>AT+CGACT?</span></div>
<div id="magicdomid179"><span>+CGACT: 1, 1</span></div>
<div id="magicdomid180"><span>OK</span></div>
<div id="magicdomid181">&nbsp;</div>
<div id="magicdomid182"><span>Atlantis</span></div>
<div id="magicdomid183"><span>AT+CGACT?</span></div>
<div id="magicdomid184"><span>+CGACT: 1, 1</span></div>
<div id="magicdomid185"><span>OK</span></div>
<div id="magicdomid186">&nbsp;</div>
<div id="magicdomid187"><span>AT+CGDCONT?&nbsp;</span></div>
<div id="magicdomid188"><span>+CGDCONT: 1, &quot;IP&quot;, &quot;STRATOS.BGAN.INMARSAT.COM&quot;, 0.0.0.0, 0, 1, &quot;B108155&quot;, &quot;B108155&quot;</span></div>
<div id="magicdomid189">&nbsp;</div>
<div id="magicdomid190">&nbsp;</div>
<div id="magicdomid191"><span class="b"><b>Knorr</b></span></div>
<div id="magicdomid192">&nbsp;</div>
<div id="magicdomid193"><span>Software&nbsp;&nbsp;&nbsp;&nbsp;&nbsp;&nbsp; : 1.12, build RED_LABEL-3, UTC Wed Aug 25 14:01:20 2010</span></div>
<div id="magicdomid194"><span>eCos TT3710A HAL version 0.80 (eCos for Monroe Main Application compiled Aug 10 2009, 12:23:40) running at 167.999 MHz</span></div>
<div id="magicdomid195"><span>BBIC01 ID&nbsp;&nbsp;&nbsp;&nbsp;&nbsp; : 128, Rev 1.1 (ASIC-B)</span></div>
<div id="magicdomid196"><span>AVR I2C&nbsp;&nbsp;&nbsp;&nbsp;&nbsp;&nbsp;&nbsp; : 1.15</span></div>
<div id="magicdomid197"><span>AVR PSM&nbsp;&nbsp;&nbsp;&nbsp;&nbsp;&nbsp;&nbsp; : 1.11</span></div>
<div id="magicdomid198"><span>AVR PSU&nbsp;&nbsp;&nbsp;&nbsp;&nbsp;&nbsp;&nbsp; : 1.22</span></div>
<div id="magicdomid199"><span>AVR PSU Boot&nbsp;&nbsp; : 1.06</span></div>
<div id="magicdomid200"><span>AVR DISC_IO&nbsp;&nbsp;&nbsp; : 1.05</span></div>
<div id="magicdomid201"><span>Product ID&nbsp;&nbsp;&nbsp;&nbsp; : 6</span></div>
<div id="magicdomid202"><span>Product name&nbsp;&nbsp; : SAILOR</span></div>
<div id="magicdomid203"><span>PSU BOM&nbsp;&nbsp;&nbsp;&nbsp;&nbsp;&nbsp;&nbsp; : 0C04</span></div>
<div id="magicdomid204"><span>PSU PCB ID&nbsp;&nbsp;&nbsp;&nbsp; : 00000000000600560080</span></div>
<div id="magicdomid205"><span>MARVELL&nbsp;&nbsp;&nbsp;&nbsp;&nbsp;&nbsp;&nbsp; : 2.00</span></div>
<div id="magicdomid206"><span>CLK PLL U2500&nbsp; : 2.00</span></div>
<div id="magicdomid207"><span>CLK PLL U2502&nbsp; : 1.00</span></div>
<div id="magicdomid208"><span>FPGA - CORE&nbsp;&nbsp;&nbsp; : 0.14</span></div>
<div id="magicdomid209"><span>Platform ID&nbsp;&nbsp;&nbsp; : 3</span></div>
<div id="magicdomid210"><span>Bootloader&nbsp;&nbsp;&nbsp;&nbsp; : 8.00 build 1294-1243371635</span></div>
<div id="magicdomid211"><span>BOM&nbsp;&nbsp;&nbsp;&nbsp;&nbsp;&nbsp;&nbsp;&nbsp;&nbsp;&nbsp;&nbsp; : 0B23</span></div>
<div id="magicdomid212"><span>RX, Post&nbsp;&nbsp;&nbsp;&nbsp;&nbsp;&nbsp; : 1.12, build 16, UTC Tue Jun 08 07:01:58 2010</span></div>
<div id="magicdomid213"><span>RX, Calibration: 1.12, build 16, UTC Tue Jun 08 07:01:54 2010</span></div>
<div id="magicdomid214"><span>RX, Main&nbsp;&nbsp;&nbsp;&nbsp;&nbsp;&nbsp; : 1.12, build 16, UTC Tue Jun 08 07:01:47 2010</span></div>
<div id="magicdomid215"><span>FPGA - RX&nbsp;&nbsp;&nbsp;&nbsp;&nbsp; : 9.00</span></div>
<div id="magicdomid216"><span>AD9864 - RX&nbsp;&nbsp;&nbsp; : 136.00</span></div>
<div id="magicdomid217"><span>TX, Post&nbsp;&nbsp;&nbsp;&nbsp;&nbsp;&nbsp; : 1.12, build 16, UTC Tue Jun 08 07:02:04 2010</span></div>
<div id="magicdomid218"><span>TX, Calibration: 1.12, build 16, UTC Tue Jun 08 07:02:00 2010</span></div>
<div id="magicdomid219"><span>TX, Main&nbsp;&nbsp;&nbsp;&nbsp;&nbsp;&nbsp; : 1.12, build 16, UTC Tue Jun 08 07:01:52 2010</span></div>
<div id="magicdomid220"><span>FPGA - TX&nbsp;&nbsp;&nbsp;&nbsp;&nbsp; : 9.00</span></div>
<div id="magicdomid221"><span>VC, Main&nbsp;&nbsp;&nbsp;&nbsp;&nbsp;&nbsp; : 1.12, build 16, UTC Tue Jun 08 07:02:08 2010</span></div>
<div id="magicdomid222"><span>ACM&nbsp;&nbsp;&nbsp;&nbsp;&nbsp;&nbsp;&nbsp;&nbsp;&nbsp;&nbsp;&nbsp; : SW version 1.10, build 192, Min SW version 0.1, ADU Id = 9 (TT500)</span></div>
<div id="magicdomid223"><span>GPS Software&nbsp;&nbsp; : 5.00 (28483)</span></div>
<div id="magicdomid224"><span>GPS Hardware&nbsp;&nbsp; : 00040005, Ublox 5</span></div>
<div id="magicdomid225">&nbsp;</div>
<div id="magicdomid226"><span>telnet:/$ nat -s</span></div>
<div id="magicdomid227"><span>Nat interface&nbsp;&nbsp;&nbsp;&nbsp;&nbsp;&nbsp;&nbsp;&nbsp;&nbsp;&nbsp;&nbsp;&nbsp;&nbsp;&nbsp;&nbsp;&nbsp;&nbsp; : 1</span></div>
<div id="magicdomid228"><span>NatEnable&nbsp;&nbsp;&nbsp;&nbsp;&nbsp;&nbsp;&nbsp;&nbsp;&nbsp;&nbsp;&nbsp;&nbsp;&nbsp;&nbsp;&nbsp;&nbsp;&nbsp;&nbsp;&nbsp;&nbsp;&nbsp; : 2</span></div>
<div id="magicdomid229"><span>NaptEnable&nbsp;&nbsp;&nbsp;&nbsp;&nbsp;&nbsp;&nbsp;&nbsp;&nbsp;&nbsp;&nbsp;&nbsp;&nbsp;&nbsp;&nbsp;&nbsp;&nbsp;&nbsp;&nbsp;&nbsp; : 2</span></div>
<div id="magicdomid230"><span>TwoWayNatEnable&nbsp;&nbsp;&nbsp;&nbsp;&nbsp;&nbsp;&nbsp;&nbsp;&nbsp;&nbsp;&nbsp;&nbsp;&nbsp;&nbsp;&nbsp; : 2</span></div>
<div id="magicdomid231"><span>Reserved&nbsp;&nbsp;&nbsp;&nbsp;&nbsp;&nbsp;&nbsp;&nbsp;&nbsp;&nbsp;&nbsp;&nbsp;&nbsp;&nbsp;&nbsp;&nbsp;&nbsp;&nbsp;&nbsp;&nbsp;&nbsp;&nbsp; : 0</span></div>
<div id="magicdomid232"><span>NumOfTranslations&nbsp;&nbsp;&nbsp;&nbsp;&nbsp;&nbsp;&nbsp;&nbsp;&nbsp;&nbsp;&nbsp;&nbsp;&nbsp; : 0</span></div>
<div id="magicdomid233"><span>NumOfActiveSessions&nbsp;&nbsp;&nbsp;&nbsp;&nbsp;&nbsp;&nbsp;&nbsp;&nbsp;&nbsp;&nbsp; : 0</span></div>
<div id="magicdomid234"><span>NumOfPktsDropped&nbsp;&nbsp;&nbsp;&nbsp;&nbsp;&nbsp;&nbsp;&nbsp;&nbsp;&nbsp;&nbsp;&nbsp;&nbsp;&nbsp; : 0</span></div>
<div id="magicdomid235"><span>NumOfSessionsClosed&nbsp;&nbsp;&nbsp;&nbsp;&nbsp;&nbsp;&nbsp;&nbsp;&nbsp;&nbsp;&nbsp; : 0</span></div>
<div id="magicdomid236"><span>CurrTranslatedLocIpAddr&nbsp;&nbsp;&nbsp;&nbsp;&nbsp;&nbsp;&nbsp; : 0.0.0.0</span></div>
<div id="magicdomid237"><span>TranslatedLocIpRangeEnd&nbsp;&nbsp;&nbsp;&nbsp;&nbsp;&nbsp;&nbsp; : 0.0.0.0</span></div>
<div id="magicdomid238"><span>CurrDnsTranslatedLocIpInUse&nbsp;&nbsp;&nbsp; : 0.0.0.0</span></div>
<div id="magicdomid239"><span>CurrDnsTranslatedLocIpRangeEnd : 0.0.0.0</span></div>
<div id="magicdomid240"><span>RowStatus&nbsp;&nbsp;&nbsp;&nbsp;&nbsp;&nbsp;&nbsp;&nbsp;&nbsp;&nbsp;&nbsp;&nbsp;&nbsp;&nbsp;&nbsp;&nbsp;&nbsp;&nbsp;&nbsp;&nbsp;&nbsp; : 0x1</span></div>
<div id="magicdomid241">&nbsp;</div>
<div id="magicdomid242"><span>Nat interface&nbsp;&nbsp;&nbsp;&nbsp;&nbsp;&nbsp;&nbsp;&nbsp;&nbsp;&nbsp;&nbsp;&nbsp;&nbsp;&nbsp;&nbsp;&nbsp;&nbsp; : 2</span></div>
<div id="magicdomid243"><span>NatEnable&nbsp;&nbsp;&nbsp;&nbsp;&nbsp;&nbsp;&nbsp;&nbsp;&nbsp;&nbsp;&nbsp;&nbsp;&nbsp;&nbsp;&nbsp;&nbsp;&nbsp;&nbsp;&nbsp;&nbsp;&nbsp; : 1</span></div>
<div id="magicdomid244"><span>NaptEnable&nbsp;&nbsp;&nbsp;&nbsp;&nbsp;&nbsp;&nbsp;&nbsp;&nbsp;&nbsp;&nbsp;&nbsp;&nbsp;&nbsp;&nbsp;&nbsp;&nbsp;&nbsp;&nbsp;&nbsp; : 1</span></div>
<div id="magicdomid245"><span>TwoWayNatEnable&nbsp;&nbsp;&nbsp;&nbsp;&nbsp;&nbsp;&nbsp;&nbsp;&nbsp;&nbsp;&nbsp;&nbsp;&nbsp;&nbsp;&nbsp; : 1</span></div>
<div id="magicdomid246"><span>Reserved&nbsp;&nbsp;&nbsp;&nbsp;&nbsp;&nbsp;&nbsp;&nbsp;&nbsp;&nbsp;&nbsp;&nbsp;&nbsp;&nbsp;&nbsp;&nbsp;&nbsp;&nbsp;&nbsp;&nbsp;&nbsp;&nbsp; : 0</span></div>
<div id="magicdomid247"><span>NumOfTranslations&nbsp;&nbsp;&nbsp;&nbsp;&nbsp;&nbsp;&nbsp;&nbsp;&nbsp;&nbsp;&nbsp;&nbsp;&nbsp; : 361770</span></div>
<div id="magicdomid248"><span>NumOfActiveSessions&nbsp;&nbsp;&nbsp;&nbsp;&nbsp;&nbsp;&nbsp;&nbsp;&nbsp;&nbsp;&nbsp; : 1</span></div>
<div id="magicdomid249"><span>NumOfPktsDropped&nbsp;&nbsp;&nbsp;&nbsp;&nbsp;&nbsp;&nbsp;&nbsp;&nbsp;&nbsp;&nbsp;&nbsp;&nbsp;&nbsp; : 0</span></div>
<div id="magicdomid250"><span>NumOfSessionsClosed&nbsp;&nbsp;&nbsp;&nbsp;&nbsp;&nbsp;&nbsp;&nbsp;&nbsp;&nbsp;&nbsp; : 255</span></div>
<div id="magicdomid251"><span>CurrTranslatedLocIpAddr&nbsp;&nbsp;&nbsp;&nbsp;&nbsp;&nbsp;&nbsp; : 216.86.250.91</span></div>
<div id="magicdomid252"><span>TranslatedLocIpRangeEnd&nbsp;&nbsp;&nbsp;&nbsp;&nbsp;&nbsp;&nbsp; : 216.86.250.91</span></div>
<div id="magicdomid253"><span>CurrDnsTranslatedLocIpInUse&nbsp;&nbsp;&nbsp; : 216.86.250.91</span></div>
<div id="magicdomid254"><span>CurrDnsTranslatedLocIpRangeEnd : 216.86.250.91</span></div>
<div id="magicdomid255"><span>RowStatus&nbsp;&nbsp;&nbsp;&nbsp;&nbsp;&nbsp;&nbsp;&nbsp;&nbsp;&nbsp;&nbsp;&nbsp;&nbsp;&nbsp;&nbsp;&nbsp;&nbsp;&nbsp;&nbsp;&nbsp;&nbsp; : 0x1</span></div>
<div id="magicdomid256">&nbsp;</div>
<div id="magicdomid257"><span>Successful pool reservations: 502</span></div>
<div id="magicdomid258"><span>Failed pool reservations: 0telnet:/$ nat -c</span></div>
<div id="magicdomid259"><span>Global scans: 0</span></div>
<div id="magicdomid260"><span>Global scans hits: 0</span></div>
<div id="magicdomid261"><span>Nat delete entry failure - no loc hash node: 0</span></div>
<div id="magicdomid262"><span>Nat delete entry failure - no out hash node: 0</span></div>
<div id="magicdomid263"><span>Nat delete entry failure - no global hash node: 0</span></div>
<div id="magicdomid264"><span>Nat delete entry failure - no Iid Oid node: 0</span></div>
<div id="magicdomid265"><span>Nat search failure hits - DNS: 96</span></div>
<div id="magicdomid266"><span>Nat search failure hits - other: 0</span></div>
<div id="magicdomid267"><span>UpdateGlobalHashOut: 1</span></div>
<div id="magicdomid268">&nbsp;</div>
<div id="magicdomid269">&nbsp;</div>
<div id="magicdomid270">&nbsp;</div>
<div id="magicdomid271"><span>telnet:/$ nat -c</span></div>
<div id="magicdomid272"><span>Type: 17. Age: 291. Packet: (192.168.100.10:5060 -&gt; 216.86.250.91:5060) =&gt; 65.110.55.120:5060</span></div>
<div id="magicdomid273"><span>Total entries: 1</span></div>
<div id="magicdomid274">&nbsp;</div>
<div id="magicdomid275"><span>AT+CGACT?</span></div>
<div id="magicdomid276"><span>+CGACT: 1, 1</span></div>
<div id="magicdomid277"><span>OK</span></div>
<div id="magicdomid278">&nbsp;</div>
<div id="magicdomid279"><span>Atlantis</span></div>
<div id="magicdomid280"><span>telnet:/$ ver&nbsp;</span></div>
<div id="magicdomid281"><span>Software&nbsp;&nbsp;&nbsp;&nbsp;&nbsp;&nbsp; : 1.13, build Build-bganx_bdu_al-16, UTC Mon Feb 07 12:56:04 2011</span></div>
<div id="magicdomid282"><span>eCos TT3710A HAL version 0.80 (eCos for Monroe Main Application compiled Aug 10 2009, 12:23:40) running at 167.999 MHz</span></div>
<div id="magicdomid283"><span>BBIC01 ID&nbsp;&nbsp;&nbsp;&nbsp;&nbsp; : 128, Rev 1.1 (ASIC-B)</span></div>
<div id="magicdomid284"><span>AVR I2C&nbsp;&nbsp;&nbsp;&nbsp;&nbsp;&nbsp;&nbsp; : 1.15</span></div>
<div id="magicdomid285"><span>AVR PSM&nbsp;&nbsp;&nbsp;&nbsp;&nbsp;&nbsp;&nbsp; : 1.11</span></div>
<div id="magicdomid286"><span>AVR PSU&nbsp;&nbsp;&nbsp;&nbsp;&nbsp;&nbsp;&nbsp; : 1.22</span></div>
<div id="magicdomid287"><span>AVR PSU Boot&nbsp;&nbsp; : 1.06</span></div>
<div id="magicdomid288"><span>AVR DISC_IO&nbsp;&nbsp;&nbsp; : 1.05</span></div>
<div id="magicdomid289"><span>Product ID&nbsp;&nbsp;&nbsp;&nbsp; : 6</span></div>
<div id="magicdomid290"><span>Product name&nbsp;&nbsp; : SAILOR</span></div>
<div id="magicdomid291"><span>PSU BOM&nbsp;&nbsp;&nbsp;&nbsp;&nbsp;&nbsp;&nbsp; : 0B04</span></div>
<div id="magicdomid292"><span>PSU PCB ID&nbsp;&nbsp;&nbsp;&nbsp; : 000000P5701258850144</span></div>
<div id="magicdomid293"><span>MARVELL&nbsp;&nbsp;&nbsp;&nbsp;&nbsp;&nbsp;&nbsp; : 2.00</span></div>
<div id="magicdomid294"><span>CLK PLL U2500&nbsp; : 2.00</span></div>
<div id="magicdomid295"><span>CLK PLL U2502&nbsp; : 1.00</span></div>
<div id="magicdomid296"><span>FPGA - CORE&nbsp;&nbsp;&nbsp; : 0.14</span></div>
<div id="magicdomid297"><span>Platform ID&nbsp;&nbsp;&nbsp; : 3</span></div>
<div id="magicdomid298"><span>Bootloader&nbsp;&nbsp;&nbsp;&nbsp; : 7.00 build 938-1190667611</span></div>
<div id="magicdomid299"><span>BOM&nbsp;&nbsp;&nbsp;&nbsp;&nbsp;&nbsp;&nbsp;&nbsp;&nbsp;&nbsp;&nbsp; : 0B08</span></div>
<div id="magicdomid300"><span>TX, Post&nbsp;&nbsp;&nbsp;&nbsp;&nbsp;&nbsp; : 1.12, build 16, UTC Tue Jun 08 07:02:04 2010</span></div>
<div id="magicdomid301"><span>TX, Calibration: 1.12, build 16, UTC Tue Jun 08 07:02:00 2010</span></div>
<div id="magicdomid302"><span>TX, Main&nbsp;&nbsp;&nbsp;&nbsp;&nbsp;&nbsp; : 1.12, build 16, UTC Tue Jun 08 07:01:52 2010</span></div>
<div id="magicdomid303"><span>FPGA - TX&nbsp;&nbsp;&nbsp;&nbsp;&nbsp; : 9.00</span></div>
<div id="magicdomid304"><span>RX, Post&nbsp;&nbsp;&nbsp;&nbsp;&nbsp;&nbsp; : 1.12, build 16, UTC Tue Jun 08 07:01:58 2010</span></div>
<div id="magicdomid305"><span>RX, Calibration: 1.12, build 16, UTC Tue Jun 08 07:01:54 2010</span></div>
<div id="magicdomid306"><span>RX, Main&nbsp;&nbsp;&nbsp;&nbsp;&nbsp;&nbsp; : 1.12, build 16, UTC Tue Jun 08 07:01:47 2010</span></div>
<div id="magicdomid307"><span>FPGA - RX&nbsp;&nbsp;&nbsp;&nbsp;&nbsp; : 9.00</span></div>
<div id="magicdomid308"><span>AD9864 - RX&nbsp;&nbsp;&nbsp; : 136.00</span></div>
<div id="magicdomid309"><span>VC, Main&nbsp;&nbsp;&nbsp;&nbsp;&nbsp;&nbsp; : 1.12, build 16, UTC Tue Jun 08 07:02:08 2010</span></div>
<div id="magicdomid310"><span>ATB&nbsp;&nbsp;&nbsp;&nbsp;&nbsp;&nbsp;&nbsp;&nbsp;&nbsp;&nbsp;&nbsp; : HW type&nbsp;&nbsp; AS01715-11, HW version 11, SW version 23</span></div>
<div id="magicdomid311"><span>GPS Software&nbsp;&nbsp; : 5.00&nbsp;&nbsp;&nbsp; Jan 09 2006 12:00:00</span></div>
<div id="magicdomid312"><span>GPS Hardware&nbsp;&nbsp; : 00040001, Ublox 4</span></div>
<div id="magicdomid313">&nbsp;</div>
<div id="magicdomid314">&nbsp;</div>
<div id="magicdomid315">&nbsp;</div>
<div id="magicdomid316"><span>Oceanuselnet:/$ ver</span></div>
<div id="magicdomid317"><span>Software&nbsp;&nbsp;&nbsp;&nbsp;&nbsp;&nbsp; : 1.12, build RED_LABEL-3, UTC Wed Aug 25 14:01:20 2010</span></div>
<div id="magicdomid318"><span>eCos TT3710A HAL version 0.80 (eCos for Monroe Main Application compiled Aug 10 2009, 12:23:40) running at 167.999 MHz</span></div>
<div id="magicdomid319"><span>BBIC01 ID&nbsp;&nbsp;&nbsp;&nbsp;&nbsp; : 128, Rev 1.1 (ASIC-B)</span></div>
<div id="magicdomid320"><span>AVR I2C&nbsp;&nbsp;&nbsp;&nbsp;&nbsp;&nbsp;&nbsp; : 1.15</span></div>
<div id="magicdomid321"><span>AVR PSM&nbsp;&nbsp;&nbsp;&nbsp;&nbsp;&nbsp;&nbsp; : 1.11</span></div>
<div id="magicdomid322"><span>AVR PSU&nbsp;&nbsp;&nbsp;&nbsp;&nbsp;&nbsp;&nbsp; : 1.22</span></div>
<div id="magicdomid323"><span>AVR PSU Boot&nbsp;&nbsp; : 1.06</span></div>
<div id="magicdomid324"><span>AVR DISC_IO&nbsp;&nbsp;&nbsp; : 1.05</span></div>
<div id="magicdomid325"><span>Product ID&nbsp;&nbsp;&nbsp;&nbsp; : 6</span></div>
<div id="magicdomid326"><span>Product name&nbsp;&nbsp; : SAILOR</span></div>
<div id="magicdomid327"><span>PSU BOM&nbsp;&nbsp;&nbsp;&nbsp;&nbsp;&nbsp;&nbsp; : 0B04</span></div>
<div id="magicdomid328"><span>PSU PCB ID&nbsp;&nbsp;&nbsp;&nbsp; : 000000P5701258850040</span></div>
<div id="magicdomid329"><span>MARVELL&nbsp;&nbsp;&nbsp;&nbsp;&nbsp;&nbsp;&nbsp; : 2.00</span></div>
<div id="magicdomid330"><span>CLK PLL U2500&nbsp; : 2.00</span></div>
<div id="magicdomid331"><span>CLK PLL U2502&nbsp; : 1.00</span></div>
<div id="magicdomid332"><span>FPGA - CORE&nbsp;&nbsp;&nbsp; : 0.14</span></div>
<div id="magicdomid333"><span>Platform ID&nbsp;&nbsp;&nbsp; : 3</span></div>
<div id="magicdomid334"><span>Bootloader&nbsp;&nbsp;&nbsp;&nbsp; : 7.00 build 938-1190667611</span></div>
<div id="magicdomid335"><span>BOM&nbsp;&nbsp;&nbsp;&nbsp;&nbsp;&nbsp;&nbsp;&nbsp;&nbsp;&nbsp;&nbsp; : 0B11</span></div>
<div id="magicdomid336"><span>RX, Post&nbsp;&nbsp;&nbsp;&nbsp;&nbsp;&nbsp; : 1.12, build 16, UTC Tue Jun 08 07:01:58 2010</span></div>
<div id="magicdomid337"><span>RX, Calibration: 1.12, build 16, UTC Tue Jun 08 07:01:54 2010</span></div>
<div id="magicdomid338"><span>RX, Main&nbsp;&nbsp;&nbsp;&nbsp;&nbsp;&nbsp; : 1.12, build 16, UTC Tue Jun 08 07:01:47 2010</span></div>
<div id="magicdomid339"><span>FPGA - RX&nbsp;&nbsp;&nbsp;&nbsp;&nbsp; : 9.00</span></div>
<div id="magicdomid340"><span>AD9864 - RX&nbsp;&nbsp;&nbsp; : 136.00</span></div>
<div id="magicdomid341"><span>TX, Post&nbsp;&nbsp;&nbsp;&nbsp;&nbsp;&nbsp; : 1.12, build 16, UTC Tue Jun 08 07:02:04 2010</span></div>
<div id="magicdomid342"><span>TX, Calibration: 1.12, build 16, UTC Tue Jun 08 07:02:00 2010</span></div>
<div id="magicdomid343"><span>TX, Main&nbsp;&nbsp;&nbsp;&nbsp;&nbsp;&nbsp; : 1.12, build 16, UTC Tue Jun 08 07:01:52 2010</span></div>
<div id="magicdomid344"><span>FPGA - TX&nbsp;&nbsp;&nbsp;&nbsp;&nbsp; : 9.00</span></div>
<div id="magicdomid345"><span>VC, Main&nbsp;&nbsp;&nbsp;&nbsp;&nbsp;&nbsp; : 1.12, build 16, UTC Tue Jun 08 07:02:08 2010</span></div>
<div id="magicdomid346"><span>ATB&nbsp;&nbsp;&nbsp;&nbsp;&nbsp;&nbsp;&nbsp;&nbsp;&nbsp;&nbsp;&nbsp; : HW type&nbsp;&nbsp; AS01715-11, HW version 11, SW version 23</span></div>
<div id="magicdomid347"><span>GPS Software&nbsp;&nbsp; : 5.00&nbsp;&nbsp;&nbsp; Jan 09 2006 12:00:00</span></div>
<div id="magicdomid348"><span>GPS Hardware&nbsp;&nbsp; : 00040001, Ublox 4</span></div>
<div id="magicdomid349">&nbsp;</div>
<div id="magicdomid350">&nbsp;</div>
<div id="magicdomid351">&nbsp;</div>
<div id="magicdomid352"><span>m</span></div>
<div id="magicdomid353">&nbsp;</div>
<div id="magicdomid354">&nbsp;</div>
<div id="magicdomid355">&nbsp;</div>
