$@MID@$: 11
Date: Mon, 04 May 2015 18:23:09 +0000
Author: lstolp
Cruise: ti807
Type: FBB
Category: Configuration
Subject: Fleet broad band installed 
Attachment: 
Encoding: HTML
========================================
<table height="668" cellspacing="0" cellpadding="0" border="0" bgcolor="#F2F5F7">
    <tbody>
        <tr>
            <td valign="top">
            <table width="26" height="668" cellspacing="0" cellpadding="0" border="0" bgcolor="#F2F5F7">
                <tbody>
                    <tr>
                        <td>&nbsp;</td>
                    </tr>
                </tbody>
            </table>
            </td>
            <td valign="top">
            <table width="766" cellspacing="0" cellpadding="0" border="0" bgcolor="#F2F5F7" align="left">
                <tbody>
                    <tr>
                        <td valign="top">
                        <form method="post" action="index.lua?pageID=Home&amp;langID=english ">
                            <table border="0">
                                <tbody>
                                    <tr>
                                        <td align="left">
                                        <p class="menutext">Properties</p>
                                        </td>
                                        <td width="10" align="left">&nbsp;</td>
                                        <td>&nbsp;</td>
                                        <td width="20" align="left">&nbsp;</td>
                                        <td align="left">
                                        <p class="menutext">Sessions total</p>
                                        </td>
                                    </tr>
                                    <tr>
                                        <td align="left">
                                        <p>Airtime provider</p>
                                        </td>
                                        <td>&nbsp;</td>
                                        <td>
                                        <p>Stratos</p>
                                        </td>
                                        <td width="20" align="left">&nbsp;</td>
                                        <td align="left">
                                        <p>Standard voice inbound</p>
                                        </td>
                                        <td>
                                        <p>00:00:00</p>
                                        </td>
                                    </tr>
                                    <tr>
                                        <td align="left">
                                        <p>GPS position</p>
                                        </td>
                                        <td>&nbsp;</td>
                                        <td>
                                        <p>N 41&deg;31', W 70&deg;39'</p>
                                        </td>
                                        <td width="20" align="left">&nbsp;</td>
                                        <td align="left">
                                        <p>Standard voice outbound</p>
                                        </td>
                                        <td>
                                        <p>00:00:00</p>
                                        </td>
                                    </tr>
                                    <tr>
                                        <td align="left">
                                        <p>Status</p>
                                        </td>
                                        <td>&nbsp;</td>
                                        <td>
                                        <p>Data active</p>
                                        </td>
                                        <td width="20" align="left">&nbsp;</td>
                                        <td align="left">
                                        <p>3.1 kHz audio inbound</p>
                                        </td>
                                        <td>
                                        <p>00:00:00</p>
                                        </td>
                                    </tr>
                                    <tr>
                                        <td align="left">
                                        <p>Satellite selection</p>
                                        </td>
                                        <td>&nbsp;</td>
                                        <td>
                                        <p>Americas</p>
                                        </td>
                                        <td width="20" align="left">&nbsp;</td>
                                        <td align="left">
                                        <p>3.1 kHz audio outbound</p>
                                        </td>
                                        <td>
                                        <p>00:00:00</p>
                                        </td>
                                    </tr>
                                    <tr>
                                        <td align="left">
                                        <p>Current satellite</p>
                                        </td>
                                        <td>&nbsp;</td>
                                        <td>
                                        <p>Americas (elevation: 34&deg;)</p>
                                        </td>
                                        <td width="20" align="left">&nbsp;</td>
                                        <td align="left">
                                        <p>Standard data</p>
                                        </td>
                                        <td>
                                        <p>83.24 MB</p>
                                        </td>
                                    </tr>
                                    <tr>
                                        <td align="left">
                                        <p>Unit serial number</p>
                                        </td>
                                        <td>&nbsp;</td>
                                        <td>
                                        <p>14434904</p>
                                        </td>
                                        <td width="20" align="left">&nbsp;</td>
                                        <td align="left">
                                        <p>Streaming 8 kbps</p>
                                        </td>
                                        <td>
                                        <p>00:00:00</p>
                                        </td>
                                    </tr>
                                    <tr>
                                        <td align="left">
                                        <p>Software version</p>
                                        </td>
                                        <td>&nbsp;</td>
                                        <td>
                                        <p>1.21, build 5</p>
                                        </td>
                                        <td width="20" align="left">&nbsp;</td>
                                        <td align="left">
                                        <p>Streaming 16 kbps</p>
                                        </td>
                                        <td>
                                        <p>00:00:00</p>
                                        </td>
                                    </tr>
                                    <tr>
                                        <td align="left">
                                        <p>Local IP address</p>
                                        </td>
                                        <td>&nbsp;</td>
                                        <td>
                                        <p>192.168.0.1</p>
                                        </td>
                                        <td width="20" align="left">&nbsp;</td>
                                        <td align="left">
                                        <p>Streaming 32 kbps</p>
                                        </td>
                                        <td>
                                        <p>00:00:00</p>
                                        </td>
                                    </tr>
                                    <tr>
                                        <td align="left">
                                        <p>IMEI number</p>
                                        </td>
                                        <td>&nbsp;</td>
                                        <td>
                                        <p>35625705-002939-2</p>
                                        </td>
                                        <td width="20" align="left">&nbsp;</td>
                                        <td align="left">
                                        <p>Streaming 64 kbps</p>
                                        </td>
                                        <td>
                                        <p>00:00:00</p>
                                        </td>
                                    </tr>
                                    <tr>
                                        <td align="left">
                                        <p>Antenna status</p>
                                        </td>
                                        <td>&nbsp;</td>
                                        <td>
                                        <p>Tracking</p>
                                        </td>
                                        <td>&nbsp;</td>
                                        <td align="left">
                                        <p>Streaming 128 kbps</p>
                                        </td>
                                        <td>
                                        <p>00:00:00</p>
                                        </td>
                                    </tr>
                                    <tr>
                                        <td align="left" colspan="3">
                                        <p class="menutext">Ongoing data sessions</p>
                                        </td>
                                        <td width="20" align="left">&nbsp;</td>
                                        <td align="left">
                                        <p class="menutext">Ongoing calls</p>
                                        </td>
                                    </tr>
                                    <tr>
                                        <td align="left" colspan="3">
                                        <p>Standard data  (216.86.245.186)</p>
                                        </td>
                                        <td width="20" align="left">&nbsp;</td>
                                        <td align="left">
                                        <p>(No active calls)</p>
                                        </td>
                                        <td>&nbsp;</td>
                                    </tr>
                                </tbody>
                            </table>
                        </form>
                        </td>
                    </tr>
                </tbody>
            </table>
            </td>
        </tr>
    </tbody>
</table>
$@MID@$: 12
Date: Mon, 04 May 2015 18:26:05 +0000
Author: lstolp
Cruise: ti807
Type: FBB
Category: Configuration
Subject: FBB sssg configuration
Attachment: 
Encoding: HTML
========================================
<table width="793" height="355" cellspacing="0" cellpadding="0" border="0" bgcolor="#F2F5F7">
    <tbody>
        <tr>
            <td valign="top">
            <table width="26" height="668" cellspacing="0" cellpadding="0" border="0" bgcolor="#F2F5F7">
                <tbody>
                    <tr>
                        <td>&nbsp;</td>
                    </tr>
                </tbody>
            </table>
            </td>
            <table height="668" cellspacing="0" cellpadding="0" border="0" bgcolor="#F2F5F7">
                <tbody>
                    <tr>
                        <td valign="top">
                        <table width="26" height="668" cellspacing="0" cellpadding="0" border="0" bgcolor="#F2F5F7">
                            <tbody>
                                <tr>
                                    <td>&nbsp;</td>
                                </tr>
                            </tbody>
                        </table>
                        </td>
                        <td valign="top">
                        <table width="766" cellspacing="0" cellpadding="0" border="0" bgcolor="#F2F5F7" align="left">
                            <tbody>
                                <tr>
                                    <td valign="top">
                                    <p id="errortext">&nbsp;</p>
                                    <p>&nbsp;</p>
                                    <p>&nbsp;</p>
                                    <p>&nbsp;</p>
                                    <table cellpadding="0" border="0" align="left" valign="top">
                                        <tbody>
                                            <tr>
                                                <th align="left" colspan="3">
                                                <p class="menutext">Network user group</p>
                                                </th>
                                            </tr>
                                            <tr>
                                                <td align="left">
                                                <p>Name</p>
                                                </td>
                                                <td align="left">
                                                <p><input type="text" value="SSSG" size="25" maxlength="20" name="grp_name" /></p>
                                                </td>
                                            </tr>
                                            <tr>
                                                <td align="left">
                                                <p>Status</p>
                                                </td>
                                                <td align="left">
                                                <p><input type="radio" checked="checked" value="enabled" name="radio_onoff_enabled" />Enabled&nbsp;<input type="radio" value="disabled" name="radio_onoff_enabled" />Disabled</p>
                                                </td>
                                            </tr>
                                            <tr>
                                                <td align="left">
                                                <p>Internet connection</p>
                                                </td>
                                                <td align="left">&nbsp;</td>
                                            </tr>
                                            <tr>
                                                <td align="left" colspan="2">
                                                <p id="errortext">Changes to Status and Internet connection only take effect after reboot</p>
                                                </td>
                                            </tr>
                                            <tr>
                                                <th align="left">
                                                <p class="menutext">TCP/IP</p>
                                                </th>
                                            </tr>
                                            <tr>
                                                <td align="left">
                                                <p><input type="radio" checked="checked" name="TCPIP" value="V1" />Dynamic IP address</p>
                                                </td>
                                            </tr>
                                            <tr>
                                                <td align="left">
                                                <p><input type="radio" value="V2" name="TCPIP" />Static IP address</p>
                                                </td>
                                                <td align="left" colspan="2">
                                                <p><input type="text" size="3" name="IP_ADDR1" maxlength="3" />.<input type="text" size="3" name="IP_ADDR2" maxlength="3" />.<input type="text" size="3" name="IP_ADDR3" maxlength="3" />.<input type="text" size="3" name="IP_ADDR4" maxlength="3" /></p>
                                                </td>
                                            </tr>
                                            <tr>
                                                <td align="left">
                                                <p>IP Header compression</p>
                                                </td>
                                                <td align="left">
                                                <p><input type="radio" checked="checked" value="enabled" name="radio_onoff_hcomp" />Enabled&nbsp;<input type="radio" value="disabled" name="radio_onoff_hcomp" />Disabled</p>
                                                </td>
                                            </tr>
                                            <tr>
                                                <th align="left">
                                                <p class="menutext">APN</p>
                                                </th>
                                            </tr>
                                            <tr>
                                                <td align="left">
                                                <p><input type="radio" name="apn_radio" value="V1" />Common</p>
                                                </td>
                                            </tr>
                                            <tr>
                                                <td align="left">
                                                <p><input type="radio" value="V2" name="apn_radio" />SIM default</p>
                                                </td>
                                            </tr>
                                            <tr>
                                                <td align="left">
                                                <p><input type="radio" value="V3" name="apn_radio" />Network assigned</p>
                                                </td>
                                            </tr>
                                            <tr>
                                                <td align="left">
                                                <p><input type="radio" checked="checked" value="V4" name="apn_radio" />User defined</p>
                                                </td>
                                                <td align="left" colspan="2">
                                                <p><input type="text" value="STRATOS.BGAN.INMARSAT.COM" size="28" name="apn_text" /></p>
                                                </td>
                                            </tr>
                                            <tr>
                                                <td align="left">
                                                <p>User name</p>
                                                </td>
                                                <td align="left" colspan="2">
                                                <p><input type="text" autocomplete="off" value="PU3775702" name="usernamePdp" /></p>
                                                </td>
                                            </tr>
                                            <tr>
                                                <td align="left">
                                                <p>Password</p>
                                                </td>
                                                <td align="left" colspan="2">
                                                <p><input type="password" value="dbi13sj" name="passwordPdp" /></p>
                                                </td>
                                            </tr>
                                            <tr>
                                                <th valign="top" align="left">
                                                <p class="menutext">Profiles</p>
                                                </th>
                                            </tr>
                                            <tr>
                                                <td align="left">
                                                <p>Automatic activation</p>
                                                </td>
                                                <td align="left">
                                                <p><input type="radio" checked="checked" value="auto" name="radio_onoff_autoactivate" />Enabled&nbsp;<input type="radio" value="manual" name="radio_onoff_autoactivate" />Disabled</p>
                                                </td>
                                            </tr>
                                            <tr>
                                                <td valign="top" align="left">
                                                <p>Primary</p>
                                                </td>
                                                <td align="left">&nbsp;</td>
                                            </tr>
                                            <tr>
                                                <td align="left" colspan="2">
                                                <p id="errortext">If using secondary profiles, remember to set a traffic flow filter for each profile</p>
                                                </td>
                                            </tr>
                                            <tr>
                                                <td valign="top" align="left">
                                                <p>Secondary</p>
                                                </td>
                                                <td align="left">&nbsp;</td>
                                            </tr>
                                            <tr>
                                                <th align="left" colspan="2">
                                                <p class="menutext">Profile CIDs&nbsp;</p>
                                                </th>
                                            </tr>
                                            <tr>
                                                <th align="left">
                                                <p>Profile</p>
                                                </th>
                                                <th align="left">
                                                <p>Cid</p>
                                                </th>
                                            </tr>
                                            <tr>
                                                <td align="left">
                                                <p>Standard</p>
                                                </td>
                                                <td>
                                                <p>1</p>
                                                </td>
                                            </tr>
                                            <tr>
                                                <td align="left">
                                                <p>Standard</p>
                                                </td>
                                                <td>
                                                <p>2</p>
                                                </td>
                                            </tr>
                                            <tr>
                                                <td align="left">
                                                <p>&nbsp;&nbsp;</p>
                                                </td>
                                            </tr>
                                        </tbody>
                                    </table>
                                    <p>&nbsp;</p>
                                    </td>
                                </tr>
                            </tbody>
                        </table>
                        </td>
                    </tr>
                </tbody>
            </table>
            <td valign="top">
            <table width="766" cellspacing="0" cellpadding="0" border="0" bgcolor="#F2F5F7" align="left">
                <tbody>
                    <tr>
                        <td valign="top">
                        <table width="80%" cellpadding="0" border="0" align="left" valign="top">
                            <tbody>
                                <tr>
                                    <th align="left" colspan="4">
                                    <p class="menutext">Network classification table&nbsp;</p>
                                    </th>
                                </tr>
                                <tr>
                                    <th width="22%" align="left">
                                    <p>MAC address</p>
                                    </th>
                                    <th width="20%" align="left">
                                    <p>IP address</p>
                                    </th>
                                    <th width="14%" align="left">
                                    <p>LAN port</p>
                                    </th>
                                    <th align="left">
                                    <p>Network user group</p>
                                    </th>
                                </tr>
                                <tr>
                                    <td align="left">
                                    <p>*</p>
                                    </td>
                                    <td align="left">
                                    <p>*</p>
                                    </td>
                                </tr>
                            </tbody>
                        </table>
                        </td>
                    </tr>
                </tbody>
            </table>
            </td>
        </tr>
    </tbody>
</table>
