$@MID@$: 1
Date: Wed, 19 Oct 2011 12:16:46 +0000
Author: AH
S/N: 
Clock: Other
Type: serial
Category: 
Subject: rc.local entry
Cruise: at18-12
Attachment: 
Encoding: HTML
========================================
<p>Make sure defined for correct device (ttyS0 in this case).&nbsp; When I disabled the serial port on the motherboard, the Com ports</p>
<p>were all renumbered.&nbsp; So, rc.local was indicating the dumbclock was on the wrong device and needed to be changed</p>
<p>to reflect the renumbering.</p>
<p>&nbsp;</p>
<p># ntp restart<br />
ln -s /dev/ttyS0 /dev/dumbclock0<br />
&nbsp; chmod 666 /dev/ttyS0<br />
&nbsp; chmod 666 /dev/ttyS1<br />
/etc/init.d/ntp restart<br />
<br />
&nbsp;</p>
