$@MID@$: 2
Date: Sat, 08 Oct 2011 18:24:27 +0000
Author: AH
Type: Post Cruise Notes
Chief Scientist: Levin
Subject: Cruise Report
Cruise: at18-10
Attachment: 111008_182424_at18-10_cruise_report.doc
Encoding: HTML
========================================

$@MID@$: 3
Date: Sat, 08 Oct 2011 18:25:51 +0000
Author: AH
Type: Post Cruise Notes
Chief Scientist: Valentine
Subject: Cruise Report
Cruise: at18-11
Attachment: 111008_182549_at18-11_cruise_report.doc
Encoding: HTML
========================================

