$@MID@$: 2
Date: Tue, 28 May 2013 15:20:34 +0000
Author: AH
Subject: junction box fo winch drums
Cruise: at26-01
Attachment: 130528_152056_IMG_1908.JPG,130528_152111_ProJbx504-518-527-545-mw.pdf
Encoding: HTML
========================================

$@MID@$: 3
Date: Tue, 28 May 2013 15:21:53 +0000
Author: AH
Subject: Roxtec Product Catalog
Cruise: at26-01
Attachment: 130528_152202_Roxtec_Product_Cat_2013_2014_GB_CH_DE_ES_FR.pdf
Encoding: HTML
========================================

$@MID@$: 4
Date: Tue, 28 May 2013 15:29:25 +0000
Author: AH
Subject: CABLE GLANDS
Cruise: at26-01
Attachment: 130528_152906_pipe_fitting_and_adapters.pdf,130528_152918_Pro-HUGRO-Cable_Glands_Stainless_Progress.pdf,130528_153213_IMG_1916.JPG
Encoding: HTML
========================================
<p>Information about cable glands - like that used for winch cable through deck</p>
<p>&nbsp;</p>
