$@MID@$: 9
Date: Sun, 04 Dec 2016 19:04:01 +0000
Author: AH
S/N: 
Type: Other
Category: Other
Subject: Maggie use during at37-05
Cruise: at37-05
Attachment: 
Encoding: HTML
========================================
<p><style type="text/css">
<!--
 /* Font Definitions */
@font-face
	{font-family:Arial;
	panose-1:2 11 6 4 2 2 2 2 2 4;
	mso-font-charset:0;
	mso-generic-font-family:auto;
	mso-font-pitch:variable;
	mso-font-signature:3 0 0 0 1 0;}
@font-face
	{font-family:"Comic Sans MS";
	panose-1:3 15 7 2 3 3 2 2 2 4;
	mso-font-charset:0;
	mso-generic-font-family:auto;
	mso-font-pitch:variable;
	mso-font-signature:3 0 0 0 1 0;}
 /* Style Definitions */
p.MsoNormal, li.MsoNormal, div.MsoNormal
	{mso-style-parent:"";
	margin:0in;
	margin-bottom:.0001pt;
	mso-pagination:widow-orphan;
	font-size:12.0pt;
	font-family:"Times New Roman";
	mso-ascii-font-family:"Comic Sans MS";
	mso-fareast-font-family:"Times New Roman";
	mso-hansi-font-family:"Comic Sans MS";
	mso-bidi-font-family:"Times New Roman";}
@page Section1
	{size:8.5in 11.0in;
	margin:1.0in 1.25in 1.0in 1.25in;
	mso-header-margin:.5in;
	mso-footer-margin:.5in;
	mso-paper-source:0;}
div.Section1
	{page:Section1;}
 /* List Definitions */
@list l0
	{mso-list-id:2002461967;
	mso-list-type:hybrid;
	mso-list-template-ids:-2002637620 -923783250 67698713 67698715 67698703 67698713 67698715 67698703 67698713 67698715;}
@list l0:level1
	{mso-level-text:"%1\)";
	mso-level-tab-stop:none;
	mso-level-number-position:left;
	margin-left:38.0pt;
	text-indent:-20.0pt;}
ol
	{margin-bottom:0in;}
ul
	{margin-bottom:0in;}
-->
</style></p>
<p class="MsoNormal"><span style="font-size:14.0pt;mso-bidi-font-size:12.0pt;
font-family:Arial">Used Fornari winch with SSSG towfish.</span></p>
<p class="MsoNormal"><span style="font-size:14.0pt;mso-bidi-font-size:12.0pt;
font-family:Arial">&nbsp;</span></p>
<p class="MsoNormal"><span style="font-size:14.0pt;mso-bidi-font-size:12.0pt;
font-family:Arial">During the first session (several days) of data collection we had a database problem.<span style="mso-spacerun: yes">&nbsp; </span>It began with not sync&rsquo;ing the Maggie clock (this was the second Maggie deployment using the same survey in Bob)) during deployment (one of last set-up steps in Bob software).<span style="mso-spacerun: yes">&nbsp; </span>The Maggie time was off by many hours.<span style="mso-spacerun: yes">&nbsp; </span>I noticed this and pointed it out, but Dan F. said that was un-important to them, and I did not know enough about the software at the time, so we left it until the first really long line was complete.<span style="mso-spacerun: yes">&nbsp; </span>During the turn, I sync&rsquo;ed the Maggie clock with the GPS but did not make a new survey first.<span style="mso-spacerun: yes">&nbsp; </span>When I exported the data, there was a whole bunch missing.<span style="mso-spacerun:
yes">&nbsp; </span>Right now, the database indexing available using the Bob software does not allow much manipulation of the database.<span style="mso-spacerun: yes">&nbsp; </span>The data actually existed, but could not be exported (i.e. &ndash; do not immediately assume the data are corrupt or missing, they may be in the database).<span style="mso-spacerun: yes">&nbsp; </span>We sent the database in to Michael Daffron at Marine Magnetics, and he sorted it out and sent it back.<span style="mso-spacerun: yes">&nbsp; </span>He said in upcoming versions we will be able to fix it ourselves.</span></p>
<p class="MsoNormal"><span style="font-size:14.0pt;mso-bidi-font-size:12.0pt;
font-family:Arial">&nbsp;</span></p>
<p class="MsoNormal"><span style="font-size:14.0pt;mso-bidi-font-size:12.0pt;
font-family:Arial">Lessons Learned:<span style="mso-spacerun: yes">&nbsp; </span></span></p>
<p style="margin-left:38.0pt;text-indent:-20.0pt;mso-list:l0 level1 lfo1" class="MsoNormal"><span style="font-size:14.0pt;mso-bidi-font-size:12.0pt;font-family:Arial;mso-fareast-font-family:
Arial;mso-bidi-font-family:Arial"><span style="mso-list:Ignore">1)<span style="font:7.0pt &quot;Times New Roman&quot;">&nbsp;&nbsp;&nbsp; </span></span></span><span style="font-size:14.0pt;mso-bidi-font-size:12.0pt;font-family:Arial">Do every step carefully, sync&rsquo;ing all clocks each time.<span style="mso-spacerun:
yes">&nbsp; </span></span></p>
<p style="margin-left:38.0pt;text-indent:-20.0pt;mso-list:l0 level1 lfo1" class="MsoNormal"><span style="font-size:14.0pt;mso-bidi-font-size:12.0pt;font-family:Arial;mso-fareast-font-family:
Arial;mso-bidi-font-family:Arial"><span style="mso-list:Ignore">2)<span style="font:7.0pt &quot;Times New Roman&quot;">&nbsp;&nbsp;&nbsp; </span></span></span><span style="font-size:14.0pt;mso-bidi-font-size:12.0pt;font-family:Arial">Save database (survey) frequently, and also export data frequently (each time exporting from the same survey will give some duplicate data, but duplicate is better than none)</span></p>
<p style="margin-left:38.0pt;text-indent:-20.0pt;mso-list:l0 level1 lfo1" class="MsoNormal"><span style="font-size:14.0pt;mso-bidi-font-size:12.0pt;font-family:Arial;mso-fareast-font-family:
Arial;mso-bidi-font-family:Arial"><span style="mso-list:Ignore">3)<span style="font:7.0pt &quot;Times New Roman&quot;">&nbsp;&nbsp;&nbsp; </span></span></span><span style="font-size:14.0pt;mso-bidi-font-size:12.0pt;font-family:Arial">When in doubt &ndash; save all and start a new survey (it only takes a couple minutes to do).<span style="mso-spacerun: yes">&nbsp; </span>If data are missing &ndash; send the database in, don&rsquo;t just give up.</span></p>
<p style="margin-left:38.0pt;text-indent:-20.0pt;mso-list:l0 level1 lfo1" class="MsoNormal"><span style="font-size:14.0pt;mso-bidi-font-size:12.0pt;font-family:Arial;mso-fareast-font-family:
Arial;mso-bidi-font-family:Arial"><span style="mso-list:Ignore">4)<span style="font:7.0pt &quot;Times New Roman&quot;">&nbsp;&nbsp;&nbsp; </span></span></span><span style="font-size:14.0pt;mso-bidi-font-size:12.0pt;font-family:Arial"><span style="mso-spacerun: yes">&nbsp;</span>Do not sync the Maggie clock in the middle of a survey just because you see a time offset.<span style="mso-spacerun: yes">&nbsp; </span>This could make data in the database unreachable via Bob software.</span></p>
<p class="MsoNormal"><span style="font-size:14.0pt;mso-bidi-font-size:12.0pt;
font-family:Arial">&nbsp;</span></p>
<p class="MsoNormal"><span style="font-size:14.0pt;mso-bidi-font-size:12.0pt;
font-family:Arial">During the second session of Maggie data collection we began getting excessive noise in the data.<span style="mso-spacerun: yes">&nbsp; </span>Joe ran a new cable from the computer lab back through the ROV hangar to bypass the propulsion room.<span style="mso-spacerun: yes">&nbsp; </span>The Maggie was also brought in and all connections checked.<span style="mso-spacerun: yes">&nbsp; </span>The noise went away.<span style="mso-spacerun: yes">&nbsp; </span>After all complete, we tried the propulsion room cable again.<span style="mso-spacerun: yes">&nbsp; </span>There was extreme noise using that cable.<span style="mso-spacerun: yes">&nbsp; </span>I (Allison) suspect the BNC connector on the propulsion end of the cable, but it could be the cable itself (it is well painted, etc. indicating it is fairly old).<span style="mso-spacerun: yes">&nbsp; </span>Dan F. suspects that it is bad to run through the propulsion room &ndash; electrical interference.<span style="mso-spacerun: yes">&nbsp; </span>We should run an alternative cable via the main deck for the upcoming Cheadle cruise.<span style="mso-spacerun: yes">&nbsp; </span>Joe is also going to re-terminate the coax in the propulsion room.<span style="mso-spacerun: yes">&nbsp; </span>Of we are prepared, we can try both during Cheadle fairly easily.</span></p>
