$@MID@$: 38
Date: Thu, 29 Jan 2015 21:11:48 +0000
Author: lstolp
Cruise: ti794
Computer: science
Type: notes
Category: Software
Subject: new science computer installed
Attachment: 
Encoding: HTML
========================================
<p><strong>software installed</strong></p>
<p>novell client (u=khoutler/p=tioga!2015)</p>
<p>thunderbird</p>
<p>firefox</p>
<p>cute pdf</p>
<p>zip</p>
<p>ftp</p>
<p>cisco vpn </p>
<p>MAC: 0CC47A0F6EFC&nbsp; this is for WHOI dock&nbsp; 128.128.200.4&nbsp; can use Y drive (novell client)</p>
<p>&nbsp;</p>
<p>Installed on Tioga 20150206 should have connection to both internal (tioga) and dock ethernet connection. </p>
