$@MID@$: 36
Date: Thu, 15 Jan 2015 13:53:47 +0000
Author: khoutler
Cruise: ti794
Computer: ftp | adcp | ctd | currents | tidatalog
Type: Problem Fixed
Category: Hardware
Subject: monitor keyboard mouse
Attachment: 
Encoding: HTML
========================================
<p>Ken swapped it out for the old Alucia one.. </p>
$@MID@$: 37
Date: Thu, 15 Jan 2015 13:54:25 +0000
Author: lstolp
Cruise: ti794
Computer: science
Type: Problem
Category: Hardware
Subject: science computer died
Attachment: 
Encoding: HTML
========================================
<p>new one ordered w/ windoze 7</p>
