$@MID@$: 50
Date: Fri, 06 Dec 2019 12:21:22 +0000
Author: lstolp
Cruise: 
Computer: tidatalog
Type: Problem
Category: Hardware
Subject: USB2Serial bouncing 
Attachment: 
Encoding: HTML
========================================
<p>It appears that the USB2Serial bounces when at the dock, but not when the ship is underway on a cruise.&nbsp;</p>

<ul>
	<li>20191201&nbsp;USB2Serial was plugged into the UPS, tried resetting PSU, this did not work</li>
	<li>20191205 Swapped out USB2Serial and looks like it stayed up for the weekend.&nbsp;</li>
	<li>USB2Serial bouncing; dmesg -T</li>
</ul>

<blockquote>
<p>[Fri Dec&nbsp; 6 12:18:04 2019] hub 2-1.2:1.0: hub_ext_port_status failed (err = -71)</p>

<p>[Fri Dec&nbsp; 6 12:18:04 2019] usb 2-1.2-port2: attempt power cycle</p>

<p>[Fri Dec&nbsp; 6 12:18:04 2019] usb 2-1.2.1: USB disconnect, device number 88</p>

<p>[Fri Dec&nbsp; 6 12:18:04 2019] ftdi_sio ttyUSB0: FTDI USB Serial Device converter now disconnected from ttyUSB0</p>

<p>[Fri Dec&nbsp; 6 12:18:04 2019] ftdi_sio 2-1.2.1:1.0: device disconnected</p>

<p>[Fri Dec&nbsp; 6 12:18:04 2019] ftdi_sio ttyUSB1: FTDI USB Serial Device converter now disconnected from ttyUSB1</p>

<p>[Fri Dec&nbsp; 6 12:18:04 2019] ftdi_sio 2-1.2.1:1.1: device disconnected</p>

<p>[Fri Dec&nbsp; 6 12:18:04 2019] ftdi_sio ttyUSB2: FTDI USB Serial Device converter now disconnected from ttyUSB2</p>

<p>[Fri Dec&nbsp; 6 12:18:04 2019] ftdi_sio 2-1.2.1:1.2: device disconnected</p>

<p>[Fri Dec&nbsp; 6 12:18:04 2019] ftdi_sio ttyUSB3: FTDI USB Serial Device converter now disconnected from ttyUSB3</p>

<p>[Fri Dec&nbsp; 6 12:18:04 2019] ftdi_sio 2-1.2.1:1.3: device disconnected</p>

<p>[Fri Dec&nbsp; 6 12:18:05 2019] usb 2-1.2: new high-speed USB device number 93 using ehci-pci</p>

<p>[Fri Dec&nbsp; 6 12:18:05 2019] usb 2-1.2: New USB device found, idVendor=05e3, idProduct=0607</p>

<p>[Fri Dec&nbsp; 6 12:18:05 2019] usb 2-1.2: New USB device strings: Mfr=0, Product=1, SerialNumber=0</p>

<p>[Fri Dec&nbsp; 6 12:18:05 2019] usb 2-1.2: Product: USB2.0 Hub</p>

<p>[Fri Dec&nbsp; 6 12:18:05 2019] hub 2-1.2:1.0: USB hub found</p>

<p>[Fri Dec&nbsp; 6 12:18:05 2019] hub 2-1.2:1.0: 4 ports detected</p>
</blockquote>

<ul>
	<li>20191206 USB2Serial was put back onto UPS power and swapped out for a new USB2Serial</li>
</ul>
