$@MID@$: 129
Date: Wed, 25 Mar 2020 13:20:19 +0000
Author: AH
Type: Inventory
name: PI
server type: data
OS: Other
Location: Other
Category: Other
Subject: PI equipment to Laura for midlife   (status screens)
Cruise: at42-25
Attachment: 
Encoding: HTML
========================================
<p>Here is what we sent to Laura&#39;s office during Midlife - PI status screen equipment:</p>

<p>PI Boxes (actual little computers) = 8</p>

<p>HDMI to Video cables = 9</p>

<p>USB to power wall wart piece = 9</p>

<p>USB power cable piece (betw wall wart and Pi) = 8</p>

<p>HDMI to HDMI cable = 6</p>

<p>Video to ???USB or HDMI??? = 2</p>

<p>HDMI to video adapter = 11</p>

<p>HDMI (Type A) to HDMI (Type C) = 2</p>

<p>wireless USB adapter = 1</p>

<p>SD Cards:&nbsp;&nbsp;&nbsp;&nbsp;&nbsp; 8GB = 7&nbsp;&nbsp;&nbsp;&nbsp;&nbsp;&nbsp;&nbsp; 4GB=9</p>
