$@MID@$: 1
Date: Fri, 22 Nov 2013 15:53:48 +0000
Author: AH - via Scotty email
Type: Configuration
Location: Main Lab Duping Station | Computer Lab / SSSG Duping Station | Mobile Equipment
S/N: 
Subject: PASSWORDS
Cruise: at26-07
Attachment: 
Encoding: HTML
========================================
<p>MacPros in MainLab<br />
<br />
science-&nbsp; user &quot;sci0&quot; pword &quot;atlantis&quot;<br />
admin- user &quot;alvin&quot; pword &quot;whoi1930&quot;<br />
<br />
1Beyond systems say that the one user &quot;Valued Customer&quot;<br />
is password protected, but 1Beyond docs don't say what it<br />
is, and I don't remember doing it. I might have, but no idea<br />
what it would be.<br />
<br />
CPUs in Alvin sphere<br />
both: user alvin pword atlantis<br />
<br />
Command and Control 199.92.162.100<br />
Navigation 199.92.162.101<br />
&nbsp;</p>
