$@MID@$: 90
Date: Fri, 20 Mar 2020 15:18:32 +0000
Author: AH
Type: Wire
Winch: 
Wire: EM Cable / CTD conductor
Category: Routine
Subject: .322" Specs
Cruise: at42-25
Attachment: 200320_152050_322_WIRE_SPECIFICATIONS0001.pdf
Encoding: HTML
========================================

$@MID@$: 91
Date: Fri, 20 Mar 2020 15:21:27 +0000
Author: AH
Type: Wire
Winch: 
Wire: fiber optic
Category: Routine
Subject: .681" Specs
Cruise: at42-25
Attachment: 200320_152148_681_WIRE_SPECIFICATIONS0001.pdf
Encoding: HTML
========================================

$@MID@$: 92
Date: Fri, 20 Mar 2020 15:22:46 +0000
Author: AH
Type: Termination
Winch: 
Wire: 0.681 A302351
Category: Routine
Subject: MEchanical Termination - vendor instructions
Cruise: at42-25
Attachment: 200320_152530_mechanical_termination_instruction0001.pdf
Encoding: HTML
========================================

