$@MID@$: 10
Date: Sat, 04 Nov 2017 20:53:54 +0000
Author: AH - Mike Gagne's Calibration Data
Type: Other
Category: Other
Subject: OLDER - Mike Gagne's Calibration Data from August 2017 - not enough weight - 9/16" trawl
Cruise: at39-02
Attachment: 
Encoding: HTML
========================================
<p>OLDER - Mike Gagne&#39;s Calibration Data from August 2017 - not enough weight - 9/16&quot; trawl</p>

<p>We recalibrated with a higher peak tension on Nov. 2, 2017, so these should be obsolete.&nbsp; But, in case we need them:</p>

<table border="0" cellpadding="0" cellspacing="0" style="width:225px">
	<tbody>
		<tr>
			<td colspan="2">2 Point Cal</td>
			<td>&nbsp;</td>
			<td>&nbsp;</td>
		</tr>
		<tr>
			<td>&nbsp;</td>
			<td colspan="2">Lo Sensor Value</td>
			<td>3985.06</td>
		</tr>
		<tr>
			<td>&nbsp;</td>
			<td colspan="2">Lo Display Value</td>
			<td>0</td>
		</tr>
		<tr>
			<td>&nbsp;</td>
			<td colspan="2">Hi Sensor Value</td>
			<td>5449.532</td>
		</tr>
		<tr>
			<td>&nbsp;</td>
			<td colspan="2">Hi Display Value</td>
			<td>4078</td>
		</tr>
	</tbody>
</table>
