$@MID@$: 7
Date: Sat, 30 Nov 2013 13:15:04 +0000
Author: AH
Type: Other
Office_Support: Stolp
Subject / Summary: SERVER FILES THAT GROW - and need to be periodically purged of old "stuff"
Cruise: 
link: 
Revisions:  & Fri Oct 30 12:50:01 2015^M
Attachment: 
Encoding: HTML
========================================
<p><strong><span style="font-size: large;">THIS IS A LIST OF FILES/DIRECTORIES OF VARIOUS TYPES ON OUR SERVERS</span><span style="font-size: large;"> THAT GROW CONTINUALLY AND NEED</span><br />
</strong></p>
<p><strong><span style="font-size: large;">TO BE PURGED OF OLD FILES/DIRECTORIES PERIODICALLY SO AS NOT TO FILL UP THE SERVER</span></strong></p>
<p>&nbsp;</p>
<p><span style="font-size: large;">*&nbsp;&nbsp;&nbsp;&nbsp; squid-reports&nbsp;&nbsp;&nbsp;&nbsp;&nbsp; - directory in ftp:/var/www/html, it is excluded from backup, but daily reports continually accumulate until purged </span></p>
<p><span style="font-size: large;">*&nbsp;&nbsp;&nbsp;&nbsp; ftp:/home/sssg/mail&nbsp;&nbsp;&nbsp; - logfiles and reports continually build up in inbox - file these in directories (clear out /var/spool/mail/sssg , and </span></p>
<p><span style="font-size: large;">&nbsp;&nbsp;&nbsp;&nbsp;&nbsp;&nbsp;&nbsp;&nbsp;&nbsp;&nbsp;&nbsp;&nbsp;&nbsp;&nbsp;&nbsp;&nbsp;&nbsp;&nbsp;&nbsp;&nbsp;&nbsp;&nbsp;&nbsp;&nbsp;&nbsp;&nbsp;&nbsp;&nbsp;&nbsp;&nbsp;&nbsp;&nbsp;&nbsp;&nbsp;&nbsp;&nbsp;&nbsp;&nbsp;&nbsp;&nbsp;&nbsp;&nbsp; periodically delete really old logfiles from these directories</span></p>
<p>&nbsp;</p>
<p>&nbsp;</p>
<p>&nbsp;</p>
