$@MID@$: 9
Date: Sat, 10 Jan 2015 18:15:39 +0000
Author: AH
Subject: Video Splitter - ST122/4/8PRO - installation & manual pamphlets 
Cruise: at26-26
Attachment: 150110_181434_vido_splitter_st122pro0001.pdf,150110_181531_video_splitter_st122pro_install0001.pdf
Encoding: HTML
========================================

$@MID@$: 10
Date: Sat, 10 Jan 2015 18:20:02 +0000
Author: AH
Subject: SY-MRA55005 - 5.25" drive bay adapter for slim optical ROM - manual pamphlet
Cruise: at26-26
Attachment: 150110_181929_sy-mra55005_optical_rom0001.pdf
Encoding: HTML
========================================

$@MID@$: 11
Date: Sat, 10 Jan 2015 18:21:17 +0000
Author: AH
Subject: Touchpad - Easycat - quick guide
Cruise: at26-26
Attachment: 150110_182049_easycat_touchpad0001.pdf
Encoding: HTML
========================================

$@MID@$: 12
Date: Sat, 10 Jan 2015 18:26:23 +0000
Author: AH
Subject: Raspberry Pi - Quick Start Guide
Cruise: 
Attachment: 150110_182615_raspberry_pi_quick_start0001.pdf
Encoding: HTML
========================================

