$@MID@$: 16
Date: Sat, 29 Feb 2020 19:39:31 +0000
Author: AH
S/N: 
Type: Configuration
Category: Software
Subject: Adding Sensor to ADCP
Cruise: at42-24
Attachment: 
Encoding: HTML
========================================
<p>RS-232 connection via flat cable and &quot;blue dot&quot; DB9.&nbsp;</p>

<p>Use terminal window to verify the device.&nbsp; Syntax:</p>

<p>&gt;screen /dev/{suspected device}&nbsp; {baudrate}</p>

<p>&gt;screen /dev/ttyn5 4800</p>

<p>When sure - add the device to:</p>

<p>/home/adcp/config/sensor_cfg.py</p>

<p>&nbsp;</p>
$@MID@$: 17
Date: Sat, 29 Feb 2020 19:44:11 +0000
Author: AH
S/N: 
Type: Fix
Category: Other
Subject: ADCP Link to help
Cruise: at42-24
Attachment: 
Encoding: HTML
========================================
<p>http://currents.soest.hawaii.edu</p>
