$@MID@$: 5
Date: Sat, 04 May 2013 21:38:14 +0000
Author: lstolp
S/N: ADCP75
Type: General Problem
Category: General
Subject: plots not showing velocity
Cruise: at25
Attachment: 
Encoding: HTML
========================================
<p>&gt; All,<br />
&gt; <br />
&gt; Something Very Bad has happened to the ADCP.&nbsp; It seems like it<br />
&gt; is not putting any sound in the water.&nbsp; There are no beam<br />
&gt; velocities at all.<br />
&gt; <br />
&gt; Do you know/remember how to send a command to the ADCP?<br />
&gt; <br />
&gt; I think it would be good to run the diagnostics commands and<br />
&gt; see what the output says.<br />
&gt; <br />
&gt; I think that would be<br />
&gt; <br />
&gt; PT200<br />
&gt; PS0<br />
&gt; PA<br />
&gt; <br />
&gt; Do you need instructions about how to do that?<br />
&gt; <br />
&gt; Jules<br />
&gt; <br />
&gt; <br />
&gt; <br />
&nbsp;</p>
<p>### output form minicom ttyn2&nbsp; @9600 #####</p>
<p>Available Commands:<br />
<br />
@ ------------------------------ Special Commands<br />
&amp; ------------------------------ Engineering Test Commands<br />
# ------------------------------ Expert Commands<br />
B ------------------------------ Bottom Track Commands<br />
C ------------------------------ Control Commands<br />
E ------------------------------ Environment Commands<br />
L ------------------------------ Fault Log Commands<br />
N ------------------------------ Narrow Band Mode Commands<br />
P ------------------------------ Performance Test Commands<br />
T ------------------------------ Time Commands<br />
V ------------------------------ Display Banner<br />
W ------------------------------ Water Profiling Commands<br />
? ------------------------------ Display Main Menu<br />
<br />
&gt;PT200<br />
Correlation Magnitude:<br />
........&nbsp;&nbsp;&nbsp;&nbsp;&nbsp; Lag&nbsp;&nbsp;&nbsp; Bm1&nbsp;&nbsp;&nbsp;&nbsp;&nbsp; Bm2&nbsp;&nbsp;&nbsp;&nbsp;&nbsp; Bm3&nbsp;&nbsp;&nbsp;&nbsp;&nbsp; Bm4<br />
&nbsp;&nbsp;&nbsp;&nbsp;&nbsp;&nbsp; 0&nbsp;&nbsp;&nbsp;&nbsp; 1.00&nbsp;&nbsp;&nbsp;&nbsp; 1.00&nbsp;&nbsp;&nbsp;&nbsp; 1.00&nbsp;&nbsp;&nbsp;&nbsp; 1.00<br />
&nbsp;&nbsp;&nbsp;&nbsp;&nbsp;&nbsp; 1&nbsp;&nbsp;&nbsp;&nbsp; 0.76&nbsp;&nbsp;&nbsp;&nbsp; 0.75&nbsp;&nbsp;&nbsp;&nbsp; 0.76&nbsp;&nbsp;&nbsp;&nbsp; 0.77<br />
&nbsp;&nbsp;&nbsp;&nbsp;&nbsp;&nbsp; 2&nbsp;&nbsp;&nbsp;&nbsp; 0.28&nbsp;&nbsp;&nbsp;&nbsp; 0.25&nbsp;&nbsp;&nbsp;&nbsp; 0.33&nbsp;&nbsp;&nbsp;&nbsp; 0.35<br />
&nbsp;&nbsp;&nbsp;&nbsp;&nbsp;&nbsp; 3&nbsp;&nbsp;&nbsp;&nbsp; 0.06&nbsp;&nbsp;&nbsp;&nbsp; 0.07&nbsp;&nbsp;&nbsp;&nbsp; 0.15&nbsp;&nbsp;&nbsp;&nbsp; 0.10<br />
&nbsp;&nbsp;&nbsp;&nbsp;&nbsp;&nbsp; 4&nbsp;&nbsp;&nbsp;&nbsp; 0.02&nbsp;&nbsp;&nbsp;&nbsp; 0.04&nbsp;&nbsp;&nbsp;&nbsp; 0.05&nbsp;&nbsp;&nbsp;&nbsp; 0.05<br />
&nbsp;&nbsp;&nbsp;&nbsp;&nbsp;&nbsp; 5&nbsp;&nbsp;&nbsp;&nbsp; 0.06&nbsp;&nbsp;&nbsp;&nbsp; 0.07&nbsp;&nbsp;&nbsp;&nbsp; 0.05&nbsp;&nbsp;&nbsp;&nbsp; 0.02<br />
&nbsp;&nbsp;&nbsp;&nbsp;&nbsp;&nbsp; 6&nbsp;&nbsp;&nbsp;&nbsp; 0.08&nbsp;&nbsp;&nbsp;&nbsp; 0.08&nbsp;&nbsp;&nbsp;&nbsp; 0.07&nbsp;&nbsp;&nbsp;&nbsp; 0.04<br />
&nbsp;&nbsp;&nbsp;&nbsp;&nbsp;&nbsp; 7&nbsp;&nbsp;&nbsp;&nbsp; 0.07&nbsp;&nbsp;&nbsp;&nbsp; 0.07&nbsp;&nbsp;&nbsp;&nbsp; 0.07&nbsp;&nbsp;&nbsp;&nbsp; 0.07<br />
<br />
RSSI: 68 69 68 35 <br />
<br />
PASSED<br />
Receive Bandwidth:<br />
..............................&nbsp;&nbsp;&nbsp;&nbsp;&nbsp;&nbsp;&nbsp;&nbsp;&nbsp; <br />
&nbsp; Expected&nbsp;&nbsp;&nbsp;&nbsp; Bm1&nbsp;&nbsp;&nbsp; Bm2&nbsp;&nbsp;&nbsp; Bm3&nbsp;&nbsp;&nbsp; Bm4<br />
&nbsp; --------&nbsp;&nbsp;&nbsp; -----&nbsp; -----&nbsp; -----&nbsp; -----<br />
&nbsp;&nbsp;&nbsp;&nbsp; 7750&nbsp;&nbsp;&nbsp;&nbsp;&nbsp; 7836&nbsp;&nbsp; 7827&nbsp;&nbsp; 7445&nbsp;&nbsp; 7669<br />
<br />
PASSED<br />
<br />
&gt;PS0<br />
&nbsp;&nbsp;&nbsp;&nbsp;&nbsp;&nbsp; Frequency:&nbsp; 76800 HZ<br />
&nbsp;&nbsp; Configuration:&nbsp; 4 BEAM, JANUS<br />
&nbsp;Transducer Type:&nbsp; ROUND 32x32<br />
&nbsp; Beamformer Rev:&nbsp; A02 or later<br />
&nbsp;&nbsp;&nbsp;&nbsp;&nbsp; Beam Angle:&nbsp; 30 DEGREES<br />
&nbsp;&nbsp;&nbsp; Beam Pattern:&nbsp; CONVEX<br />
&nbsp;&nbsp;&nbsp;&nbsp; Orientation:&nbsp; DOWN<br />
&nbsp;&nbsp;&nbsp; CPU Firmware:&nbsp; 23.16<br />
&nbsp;&nbsp;&nbsp; FPGA Version:&nbsp; XC<br />
&nbsp;&nbsp;&nbsp;&nbsp;&nbsp;&nbsp;&nbsp;&nbsp; Sensors:&nbsp; TEMP&nbsp; SYNCHRO<br />
<br />
&gt;PA<br />
RAM test...........PASS<br />
ROM test...........PASS<br />
Receive test.......PASS<br />
Bandwidth test.....PASS<br />
<br />
&gt;<br />
&nbsp;</p>
