$@MID@$: 41
Date: Sun, 09 Jun 2019 19:11:51 +0000
Author: rlaird
Cruise: 
Sensor: Fluorometer
S/N: 583p
cal date: Jan 16, 2019
Category: Hardware
Type: Other
Subject: Flurometer acting up
Attachment: 
Encoding: HTML
========================================
<p>Flurometer acting up, output always high in spite of cleaning it.&nbsp; Removed, likely to be sent back for repairs.</p>
$@MID@$: 42
Date: Sun, 09 Jun 2019 21:32:25 +0000
Author: rlaird
Cruise: 
Sensor: Fluorometer
S/N: 900
cal date: oct 27, 2016
Category: Hardware
Type: Other
Subject: Swapped out Flurometer
Attachment: 
Encoding: HTML
========================================
<p>Installed #900 to replace the broken one.&nbsp;&nbsp;&nbsp; No flurometer with a recent calibration is available.</p>
