$@MID@$: 46
Date: Mon, 09 Dec 2019 14:10:13 +0000
Author: lstolp
Cruise: 
Sensor: flowmeter
S/N: teensy board died, installed new oneZZ
cal date: 
Category: Hardware
Type: Problem Fixed
Subject: Flowmeter Teensy board replaced
Attachment: 
Encoding: HTML
========================================
<p>SSW 2019/12/05 16:35:34.086 FLOW **********************************************************************</p>

<p>SSW 2019/12/05 16:35:34.134 FLOW FLOWMETER - Rev. 0.006 - Built at Dec 12 2017 11:29:28&nbsp;</p>

<p>SSW 2019/12/05 16:35:34.182 FLOW BoardId: TEENSY-232 - Rev. 1.1 - S/N 1119&nbsp;</p>

<p>SSW 2019/12/05 16:35:34.182 FLOW&nbsp;</p>

<p>SSW 2019/12/05 16:35:34.246 FLOW --------------------------------------------------</p>

<p>SSW 2019/12/05 16:35:34.262 FLOW CFG settingsVersion = 1</p>

<p>SSW 2019/12/05 16:35:34.294 FLOW CFG countsPerLiter = 427</p>

<p>SSW 2019/12/05 16:35:34.342 FLOW --------------------------------------------------</p>

<p>SSW 2019/12/05 16:35:34.358 FLOW&nbsp;</p>

<p>&nbsp;</p>
