$@MID@$: 7
Date: Mon, 13 Mar 2017 12:01:25 +0000
Author: dsims
Type: Other
Location: Main Lab Duping Station
S/N: 
Subject: Security Updates
Cruise: at37-10
Attachment: 
Encoding: HTML
========================================
<p><span style="font-size: large;">I installed security updates secupd2016-003elcapitan and secupd2016-003supplemental on the Alvin Mac towers and Dan's Miso Macs.&nbsp; I checked the machines for proper operation after, and all looks file.</span></p>
<p>&nbsp;</p>
<p>&nbsp;</p>
$@MID@$: 8
Date: Mon, 13 Mar 2017 12:01:27 +0000
Author: dsims
Type: Other
Location: Main Lab Duping Station
S/N: 
Subject: Installed OS Security Updates
Cruise: at37-10
Attachment: 
Encoding: HTML
========================================
<p><span style="font-size: large;">I installed security updates secupd2016-003elcapitan and secupd2016-003supplemental on the Alvin Mac towers and Dan's Miso Macs.&nbsp; I checked the machines for proper operation after, and all looks fine.</span></p>
<p>&nbsp;</p>
<p>&nbsp;</p>
