$@MID@$: 2
Date: Thu, 20 Jun 2013 22:23:38 +0000
Author: AH
Type: Network
camera: All
Category: Informative
Subject: ip addresses and pw
Cruise: at26-02
Attachment: 
Encoding: HTML
========================================
<p>Version:1.0 StartHTML:0000000176 EndHTML:0000004668 StartFragment:0000002347 EndFragment:0000004632 SourceURL:file://localhost/Users/aheater/Desktop/IPCamerasRosetta.doc
<meta content="" name="Title" />
<meta content="" name="Keywords" />
<meta content="text/html; charset=utf-8" http-equiv="Content-Type" />
<meta content="Word.Document" name="ProgId" />
<meta content="Microsoft Word 11" name="Generator" />
<meta content="Microsoft Word 11" name="Originator" />
<link href="file://localhost/Users/aheater/Library/Caches/TemporaryItems/msoclip1/01/clip_filelist.xml" rel="File-List" /> <!--[if gte mso 9]><xml>
<o:DocumentProperties>
<o:Template>Normal</o:Template>
<o:Revision>0</o:Revision>
<o:TotalTime>0</o:TotalTime>
<o:Pages>1</o:Pages>
<o:Words>63</o:Words>
<o:Characters>362</o:Characters>
<o:Lines>3</o:Lines>
<o:Paragraphs>1</o:Paragraphs>
<o:CharactersWithSpaces>444</o:CharactersWithSpaces>
<o:Version>11.1282</o:Version>
</o:DocumentProperties>
<o:OfficeDocumentSettings>
<o:AllowPNG />
</o:OfficeDocumentSettings>
</xml><![endif]--><!--[if gte mso 9]><xml>
<w:WordDocument>
<w:Zoom>0</w:Zoom>
<w:DoNotShowRevisions />
<w:DoNotPrintRevisions />
<w:DisplayHorizontalDrawingGridEvery>0</w:DisplayHorizontalDrawingGridEvery>
<w:DisplayVerticalDrawingGridEvery>0</w:DisplayVerticalDrawingGridEvery>
<w:UseMarginsForDrawingGridOrigin />
</w:WordDocument>
</xml><![endif]--> <style type="text/css">
<!--
 /* Font Definitions */
@font-face
	{font-family:"Times New Roman";
	panose-1:0 2 2 6 3 5 4 5 2 3;
	mso-font-charset:0;
	mso-generic-font-family:auto;
	mso-font-pitch:variable;
	mso-font-signature:50331648 0 0 0 1 0;}
 /* Style Definitions */
p.MsoNormal, li.MsoNormal, div.MsoNormal
	{mso-style-parent:"";
	margin:0in;
	margin-bottom:.0001pt;
	mso-pagination:widow-orphan;
	font-size:12.0pt;
	font-family:Times;}
table.MsoNormalTable
	{mso-style-parent:"";
	font-size:10.0pt;
	font-family:"Times New Roman";}
@page Section1
	{size:8.5in 11.0in;
	margin:1.0in 1.25in 1.0in 1.25in;
	mso-header-margin:.5in;
	mso-footer-margin:.5in;
	mso-paper-source:0;}
div.Section1
	{page:Section1;}
-->
</style>  <!--StartFragment-->
<p class="MsoNormal"><span style="font-family: &quot;Times New Roman&quot;;"><b>IP Cameras<o:p></o:p></b></span></p>
<p class="MsoNormal"><span style="font-family: &quot;Times New Roman&quot;;"><span style="">&nbsp;&nbsp;&nbsp;&nbsp;&nbsp;&nbsp;&nbsp;&nbsp;&nbsp;&nbsp;&nbsp; </span>All IP cam Wifi security key: science12345<o:p></o:p></span></p>
<p class="MsoNormal"><span style="font-family: &quot;Times New Roman&quot;;">]<span style="">&nbsp;&nbsp;&nbsp;&nbsp;&nbsp;&nbsp;&nbsp;&nbsp;&nbsp;&nbsp;&nbsp; </span>Camera Access, View Only: User science; Password 12345<o:p></o:p></span></p>
<p class="MsoNormal"><span style="font-family: &quot;Times New Roman&quot;;"><span style="">&nbsp;&nbsp;&nbsp;&nbsp;&nbsp;&nbsp;&nbsp;&nbsp;&nbsp;&nbsp;&nbsp; </span><span style="">&nbsp;&nbsp;&nbsp;&nbsp;&nbsp;&nbsp;&nbsp;&nbsp;&nbsp;&nbsp;&nbsp; </span><span style="">&nbsp;&nbsp;&nbsp;&nbsp;&nbsp;&nbsp;&nbsp;&nbsp;&nbsp;&nbsp;&nbsp; </span><span style="">&nbsp;&nbsp;&nbsp; </span>Controller: User atlantis; Password whoi1930<o:p></o:p></span></p>
<p class="MsoNormal"><span style="font-family: &quot;Times New Roman&quot;;"><o:p></o:p></span></p>
<p class="MsoNormal"><span style="font-family: &quot;Times New Roman&quot;;"><o:p></o:p></span></p>
<p class="MsoNormal">IP Cameras</p>
<p class="MsoNormal">Port Mast<span style="">&nbsp;&nbsp;&nbsp;&nbsp;&nbsp;&nbsp;&nbsp; </span>192.168.17.2</p>
<p class="MsoNormal">STBD Mast<span style="">&nbsp;&nbsp;&nbsp;&nbsp;&nbsp;&nbsp; </span>192.168.17.3</p>
<p class="MsoNormal">HYRO Boom<span style="">&nbsp;&nbsp;&nbsp;&nbsp; </span>192.168.17.4</p>
<p class="MsoNormal">Port Boom<span style="">&nbsp;&nbsp;&nbsp;&nbsp;&nbsp;&nbsp;&nbsp; </span>192.168.17.5</p>
<p class="MsoNormal">STBD Deck<span style="">&nbsp;&nbsp;&nbsp;&nbsp;&nbsp;&nbsp;&nbsp; </span>192.168.17.6</p>
<p class="MsoNormal">Bow Thruster<span style="">&nbsp;&nbsp; </span>192.168.17.7</p>
<p class="MsoNormal">Fiber Winch<span style="">&nbsp;&nbsp;&nbsp;&nbsp; </span>192.168.17.18</p>
<p class="MsoNormal">Trawl Winch<span style="">&nbsp;&nbsp;&nbsp; </span>192.168.17.19</p>
<p class="MsoNormal">Aft Propulsion 192.168.17.20</p>
<!--EndFragment--></p>
