$@MID@$: 27
Date: Sun, 01 Jul 2018 12:37:00 +0000
Author: AH
Type: Configuration
Subject: SIMRAD EM NOW 9600 baud;  2018-Nov-9 - upped baud of SIMRAD EM string to 115200 - ANSWERING WHY?
Cruise: at40-03
Attachment: 
Encoding: HTML
========================================
<p>The SIMRAD EM string baud rate is now back to 9600 (port B phins, coming into Com 2 TRU).</p>

<p>On Nov. 9, 2016 the baud rate for the SIMRAD EM string was changed from 19200 to 115200 at teh recommendation of IXSEA phins support.&nbsp;</p>

<p>Now, at40-03 - June 2018 - we are having issues that seem to be related to this upping of the baud rate.&nbsp; So, I wanted to research when and why it was raised, in case old problems resurface.</p>

<p>*****************************************************************************</p>

<p>Date: Wed, 9 Nov 2016 11:13:11 +0800<br />
From: iXBlue Support APAC / JNG &lt;support@ixblue.com&gt;<br />
To: atlantis sssg &lt;sssg@atlantis.whoi.edu&gt;<br />
Cc: support@ixblue.com, Morgan Eash &lt;morgan.eash@ixblue.com&gt;, rlaird &lt;rlaird@whoi.edu&gt;, Alexandre Royo Sanchez &lt;alexandre.royosanchez@ixblue.com&gt;, Henri Batoufflet &lt;henri.batoufflet@ixblue.com&gt;,<br />
&nbsp; &nbsp; Marine Slingue &lt;marine.slingue@ixblue.com&gt;, Arnaud Gandoin &lt;arnaud.gandoin@ixblue.com&gt;, Michel Roudaut &lt;michel.roudaut@ixblue.com&gt;, Florent Belle &lt;florent.belle@ixblue.com&gt;,<br />
&nbsp; &nbsp; Kevin Jerram &lt;kjerram@ccom.unh.edu&gt;, Daniel Fornari &lt;dfornari@whoi.edu&gt;, Vicki Ferrini &lt;ferrini@ldeo.columbia.edu&gt;, Paul Johnson &lt;pjohnson@ccom.unh.edu&gt;, master &lt;master@atlantis.whoi.edu&gt;,<br />
&nbsp; &nbsp; Michael Perfit &lt;mperfit@ufl.edu&gt;, Patricia Gregg &lt;pgregg@illinois.edu&gt;, Peter C. Lemmond &lt;plemmond@whoi.edu&gt;<br />
Subject: Re: [SIN-6311] PHINS PH-626 / WHOI - USA / incorrect multi-beam surveying<br />
Parts/Attachments:<br />
&nbsp; &nbsp;1 &nbsp; &nbsp; OK &nbsp; &nbsp; &nbsp; 901 lines &nbsp;Text<br />
&nbsp; &nbsp;2.1 Shown &nbsp; ~2,585 lines &nbsp;Text<br />
&nbsp; &nbsp;2.2 &nbsp; &nbsp; &nbsp; &nbsp; &nbsp; &nbsp;3.3 KB &nbsp; &nbsp; Image<br />
----------------------------------------</p>

<p>&nbsp; &nbsp; [ The following HTML text may contain deceptive links. &nbsp;Carefully note the destination URL before visiting any links. ]<br />
Allison based on the settings file, I have mapped the input/output port settings I think you have in the PHINS.<br />
Have a look and verify if all is correct.<br />
if there is anything wrong, please copy the same in a new email, correct the wrongs I had made and send it back to us.<br />
-------------------<br />
Port A - INPUT (c-nav to PHINS)<br />
serial, rs4222, baud=9.6k<br />
parity=none, 1 stopbit<br />
GGA + ZDA + GST</p>

<p>Port B - INPUT<br />
*not used</p>

<p>Port C - INPUT<br />
*not used</p>

<p>Port D - INPUT (Furuno to PHINS)<br />
serial, rs4222, baud=4.8k<br />
parity=none, 1 stopbit<br />
xxx + xxx + xxx (?)</p>

<p>Port E - INPUT<br />
*not used<br />
--------------------------------------------------------------------------------------------------------------<br />
Port A - OUTPUT (*destination of this data is unknown)<br />
ethernet=UDP,<br />
IP address = 192.168.36.102, port=8120<br />
protocol=SEAPATH<br />
rate=100Hz, Primary Lever Arm</p>

<p>Port B - OUTPUT (*destination of this data is unknown)<br />
serial, rs232, baud=19.2k<br />
parity=none, 1 stopbit<br />
protocol=SIMRAD EM<br />
rate=100Hz, Primary Lever Arm</p>

<p>Port C - OUTPUT (*destination of this data is unknown)<br />
serial, rs232, baud=9.6k<br />
parity=none, 1 stopbit<br />
protocol=OCTANS STANDARD<br />
rate=1Hz, Primary Lever Arm</p>

<p>Port D - OUTPUT (PHINS to multibeam)<br />
serial, rs422, baud=4.8k<br />
parity=none, 1 stopbit<br />
protocol=OCTANS STANDARD<br />
rate=1Hz, Primary Lever Arm</p>

<p>Port E - OUTPUT (*destination of this data is unknown)<br />
serial, rs422, baud=38.4k<br />
parity=none, 1 stopbit<br />
protocol=PRDID TSS<br />
rate=10Hz, Primary Lever Arm<br />
---------------------------------------------------------------------------------------</p>

<p>Assuming my interpretations of the settings file you sent are correct, I highly suspect that the MPC Overload warning message is caused by Port B - OUTPUT.<br />
The low baud rate of 19.2k is not able to keep up with the high frequency of output (100Hz).<br />
Since the Port B - INPUT is not used, you have the option to increase the baud rate (i recommend the maximum 115.2k) to match the high frequency 100Hz.<br />
OR<br />
you can retain the baud rate at 19.2k, but you have to reduce the frequency. (i recommend reducing the frequency by half eg. 50Hz) then observe if you still receive MPC Overload. If you still receive MPC<br />
Overload, you have to reduce again.<br />
If you do not receive MPC Overload, you could increase the frequency to the next higher step, then observe again.</p>

<p>Jared Ng<br />
Support Operations Manager - APAC</p>

<p>iXBlue<br />
15A Changi Business Park Central 1<br />
#04-02 Eightrium<br />
Singapore 486035<br />
www.ixblue.com [www.ixblue.com]<br />
T: +65 6747 4912<br />
F: +65 6747 4913<br />
M: +65 9628 1951<br />
jared.ng@ixblue.com<br />
&nbsp;</p>

<p>***************************************************</p>

<p>Date: Wed, 9 Nov 2016 03:57:07 +0000 (UTC)<br />
From: atlantis sssg &lt;sssg@atlantis.whoi.edu&gt;<br />
To: iXBlue Support APAC / JNG &lt;support@ixblue.com&gt;<br />
Cc: Morgan Eash &lt;morgan.eash@ixblue.com&gt;, rlaird &lt;rlaird@whoi.edu&gt;, Alexandre Royo Sanchez &lt;alexandre.royosanchez@ixblue.com&gt;,<br />
&nbsp; &nbsp; Henri Batoufflet &lt;henri.batoufflet@ixblue.com&gt;, Marine Slingue &lt;marine.slingue@ixblue.com&gt;,<br />
&nbsp; &nbsp; Arnaud Gandoin &lt;arnaud.gandoin@ixblue.com&gt;, Michel Roudaut &lt;michel.roudaut@ixblue.com&gt;,<br />
&nbsp; &nbsp; Florent Belle &lt;florent.belle@ixblue.com&gt;, Kevin Jerram &lt;kjerram@ccom.unh.edu&gt;, Daniel Fornari &lt;dfornari@whoi.edu&gt;,<br />
&nbsp; &nbsp; Vicki Ferrini &lt;ferrini@ldeo.columbia.edu&gt;, Paul Johnson &lt;pjohnson@ccom.unh.edu&gt;, master &lt;master@atlantis.whoi.edu&gt;,<br />
&nbsp; &nbsp; Michael Perfit &lt;mperfit@ufl.edu&gt;, Patricia Gregg &lt;pgregg@illinois.edu&gt;, Peter C. Lemmond &lt;plemmond@whoi.edu&gt;<br />
Subject: Re: [SIN-6311] PHINS PH-626 / WHOI - USA / incorrect multi-beam surveying</p>

<p><br />
I am able to up teh output from port B. &nbsp;So I have done so. &nbsp;I am skeptical though. &nbsp;Since the setting has been the otehr way so<br />
long, I suspect it is not the issue.</p>

<p>Allison</p>

<p>***********************************************</p>
