$@MID@$: 2
Date: Thu, 25 Oct 2012 15:23:45 +0000
Author: lstolp
Cruise: ti637
Sensor: SBE45
S/N: 4534595-0092
cal date: N/A
Category: General
Type: Routine
Subject: SBE 45 currently installed on ship
Attachment: 
Encoding: HTML
========================================

$@MID@$: 3
Date: Thu, 25 Oct 2012 15:24:33 +0000
Author: lstolp
Cruise: ti637
Sensor: Fluorometer
S/N: WS3S-582P
cal date: N/A
Category: General
Type: Routine
Subject: Fluorometer currently installed
Attachment: 
Encoding: HTML
========================================

