$@MID@$: 47
Date: Sat, 12 Oct 2019 13:20:49 +0000
Author: AH
Sensor: WXTP | WXTS | SWR/LWR combo box | RAD
S/N: 
Calibration Date: 
Type: Configuration
Category: Hardware
Subject: Sensor locations from center line - IMET
Cruise: at42-18
Revisions:  & Sat Oct 12 13:46:32 2019^M
Attachment: 
Encoding: HTML
========================================
<p>While the IMET tower was lowered, Phil re-measured the locations of the sensors from the centerline:</p>

<p>Port WXT520:&nbsp;&nbsp;&nbsp;&nbsp; 38.5&quot;&nbsp; = 0.9779 meters</p>

<p>Stbd WXT520:&nbsp;&nbsp;&nbsp; 38.375&quot; = 0.974725 meters</p>

<p>RAD:&nbsp; PIR (Precision Infrared Radiometer) -</p>

<p>&nbsp;&nbsp;&nbsp;&nbsp;&nbsp;&nbsp;&nbsp;&nbsp;&nbsp; PSP (Precision Spectral Pyranometer) -</p>

<p>&nbsp;</p>
