$@MID@$: 70
Date: Wed, 08 Aug 2018 16:42:05 +0000
Author: Rich Jeong
Sensor: flowmeter
S/N: 
Calibration Date: 
Type: Fix
Category: Hardware
Subject: Replaced Teensy 1102
Cruise: at41-00
Attachment: 
Encoding: HTML
========================================
<p>No light, no data from the flowmeter.&nbsp; Power cycled with no result.&nbsp;<br />
Replaced Teensy board and tested flow.&nbsp; Showing LED and data is now showing up on datalog.</p>

<p>New board 1101.&nbsp; Meter is K.</p>

<p>&nbsp;</p>

<p>SSW 2018/08/08 16:13:55.058 FLOW ***********************************************<br />
***********************<br />
SSW 2018/08/08 16:13:55.158 FLOW FLOWMETER - Rev. 0.006 - Built at Dec 12 2017 1<br />
6:03:10&nbsp;<br />
SSW 2018/08/08 16:13:55.158 FLOW BoardId: TEENSY-232 - Rev. 1.1 - S/N 1101&nbsp;<br />
SSW 2018/08/08 16:13:55.158 FLOW&nbsp;<br />
SSW 2018/08/08 16:13:55.258 FLOW -----------------------------------------------<br />
---<br />
SSW 2018/08/08 16:13:55.258 FLOW CFG settingsVersion = 1<br />
SSW 2018/08/08 16:13:55.258 FLOW CFG countsPerLiter = 407<br />
SSW 2018/08/08 16:13:55.310 FLOW -----------------------------------------------<br />
---<br />
SSW 2018/08/08 16:13:55.310 FLOW&nbsp;</p>
