$@MID@$: 32
Date: Sat, 08 Sep 2012 22:20:37 +0000
Author: AH
System: EM122 - Kongsberg
Type: Configuration
Category: General
S/N: 
Subject / Summary: Schematic of EM122 System
Cruise: at22-01
Attachment: 130511_130441_em122_config.jpg
Encoding: HTML
========================================

$@MID@$: 33
Date: Sat, 08 Sep 2012 22:28:48 +0000
Author: AH
System: 
Type: Configuration
Category: Software
S/N: 
Subject / Summary: SCREEN DUMPS OF SIS CONFIGURATION
Cruise: at22-01
Attachment: 120908_222701_com1_config1.jpg,120908_222708_com2_config1.JPG,120908_222715_com3_config1.JPG,120908_222721_com4_config1.JPG,120908_222731_angular_offsets.JPG,120908_222739_locations_offsets.JPG,120908_222750_output_setup_sis_logging.JPG,120908_222802_UDP2_config1.JPG,120908_222813_UDP5_config1.JPG,120908_222822_output_setup_user_defined.JPG,120908_222831_output_setup_watercolumn.JPG,120908_222838_settings_comm_ports.JPG
Encoding: HTML
========================================

