$@MID@$: 24
Date: Tue, 02 Apr 2013 14:12:43 +0000
Author: lstolp
Sensor: SBE45
S/N: 4547129-0204
Calibration Date: september 18, 2012
Type: Calibration
Category: Hardware
Subject: installed on vessel
Cruise: SHIPYARD
Attachment: 130402_141147_TempCalibrationReport_45-0204.pdf,130402_141156_SBE45_T0204_18Sep12.pdf,130402_141207_SBE45_C0204_18Sep12.pdf,130402_141218_CondCalibrationReport_45-0204.pdf,130402_141234_45-0204_PTest.pdf
Encoding: HTML
========================================

$@MID@$: 25
Date: Tue, 02 Apr 2013 14:39:54 +0000
Author: lstolp
Sensor: SBE48
S/N: 480040
Calibration Date: December 15, 2012
Type: Calibration
Category: Hardware
Subject: installed March 2013
Cruise: SHIPYARD
Attachment: 130402_143931_TempCalibrationReport_48-0040.pdf,130402_143947_SBE48_T0040_15Dec12.pdf
Encoding: HTML
========================================

