$@MID@$: 11
Date: Thu, 02 Jun 2011 11:58:47 +0000
Author: AH
Type: Winch
Winch: Markey #1 (fore) | Markey #2 (aft)
Wire: EM Cable / CTD conductor
Category: Routine
Subject: Winch Speed Chart for winch operation in computer lab
Cruise: at18-05b
Attachment: 111106_133002_winch_speed_chart.png
Encoding: HTML
========================================
<p><span style="font-size: large;"><span style="font-family: Verdana;"><br />
</span></span></p>
$@MID@$: 12
Date: Thu, 02 Jun 2011 13:15:38 +0000
Author: AH
Type: Winch
Winch: Markey #1 (fore) | Markey #2 (aft)
Wire: 
Category: Routine
Subject: Winch Operation Instructions
Cruise: at18-05b
Attachment: 
Encoding: HTML
========================================
<p>&nbsp; </p>
<p>
<meta name="Title" content="">
<meta name="Keywords" content="">
<meta http-equiv="Content-Type" content="text/html; charset=utf-8">
<meta name="ProgId" content="Word.Document">
<meta name="Generator" content="Microsoft Word 11">
<meta name="Originator" content="Microsoft Word 11">
<p>Version:1.0 StartHTML:0000000178 EndHTML:0000016348 StartFragment:0000002959 EndFragment:0000016312 SourceURL:file://localhost/Users/aheater/Desktop/LabWinchOperations.doc
<meta content="" name="Title" />
<meta content="" name="Keywords" />
<meta content="text/html; charset=utf-8" http-equiv="Content-Type" />
<meta content="Word.Document" name="ProgId" />
<meta content="Microsoft Word 11" name="Generator" />
<meta content="Microsoft Word 11" name="Originator" />
<link href="file://localhost/Users/aheater/Library/Caches/TemporaryItems/msoclip1/01/clip_filelist.xml" rel="File-List" /> <!--[if gte mso 9]><xml>
<o:DocumentProperties>
<o:Template>Normal</o:Template>
<o:Revision>0</o:Revision>
<o:TotalTime>0</o:TotalTime>
<o:Pages>1</o:Pages>
<o:Words>830</o:Words>
<o:Characters>4733</o:Characters>
<o:Lines>39</o:Lines>
<o:Paragraphs>9</o:Paragraphs>
<o:CharactersWithSpaces>5812</o:CharactersWithSpaces>
<o:Version>11.1282</o:Version>
</o:DocumentProperties>
<o:OfficeDocumentSettings>
<o:AllowPNG />
</o:OfficeDocumentSettings>
</xml><![endif]--><!--[if gte mso 9]><xml>
<w:WordDocument>
<w:Zoom>0</w:Zoom>
<w:DoNotShowRevisions />
<w:DoNotPrintRevisions />
<w:DisplayHorizontalDrawingGridEvery>0</w:DisplayHorizontalDrawingGridEvery>
<w:DisplayVerticalDrawingGridEvery>0</w:DisplayVerticalDrawingGridEvery>
<w:UseMarginsForDrawingGridOrigin />
</w:WordDocument>
</xml><![endif]--> <style type="text/css">
<!--
 /* Font Definitions */
@font-face
	{font-family:"Times New Roman";
	panose-1:0 2 2 6 3 5 4 5 2 3;
	mso-font-charset:0;
	mso-generic-font-family:auto;
	mso-font-pitch:variable;
	mso-font-signature:50331648 0 0 0 1 0;}
 /* Style Definitions */
p.MsoNormal, li.MsoNormal, div.MsoNormal
	{mso-style-parent:"";
	margin:0in;
	margin-bottom:.0001pt;
	mso-pagination:widow-orphan;
	font-size:12.0pt;
	font-family:"Times New Roman";}
table.MsoNormalTable
	{mso-style-parent:"";
	font-size:10.0pt;
	font-family:"Times New Roman";}
@page Section1
	{size:8.5in 11.0in;
	margin:1.0in 1.0in 1.0in 1.0in;
	mso-header-margin:.5in;
	mso-footer-margin:.5in;
	mso-paper-source:0;}
div.Section1
	{page:Section1;}
 /* List Definitions */
@list l0
	{mso-list-id:1173186972;
	mso-list-type:hybrid;
	mso-list-template-ids:-237230452 984073 1639433 1770505 984073 1639433 1770505 984073 1639433 1770505;}
@list l0:level1
	{mso-level-tab-stop:.5in;
	mso-level-number-position:left;
	text-indent:-.25in;}
@list l1
	{mso-list-id:1349141884;
	mso-list-type:hybrid;
	mso-list-template-ids:1238283590 984073 1639433 1770505 984073 1639433 1770505 984073 1639433 1770505;}
@list l1:level1
	{mso-level-tab-stop:.5in;
	mso-level-number-position:left;
	text-indent:-.25in;}
ol
	{margin-bottom:0in;}
ul
	{margin-bottom:0in;}
-->
</style>  <!--StartFragment-->
<p align="center" style="text-align: center;" class="MsoNormal"><span style="font-size: 18pt;">Procedures and Protocols for CTD Winch Operators<o:p></o:p></span></p>
<p class="MsoNormal"><!--[if !supportEmptyParas]-->&nbsp;<!--[endif]--><o:p></o:p></p>
<p class="MsoNormal"><b>**NOTE:<span style="">&nbsp; </span>The speed and depth information set forth in this document is meant as a guideline.<span style="">&nbsp; </span>All speeds and depths are weather dependent.<span style="">&nbsp; </span>Speed values listed here are the maximum allowed.<span style="">&nbsp; </span>Depth change-over values are the minimum allowed.<span style="">&nbsp; </span>If seas are rough you may need to go slower and/or speed up and slow down further from the surface and bottom.</b></p>
<p class="MsoNormal"><!--[if !supportEmptyParas]-->&nbsp;<!--[endif]--><o:p></o:p></p>
<ol type="1" start="1" style="margin-top: 0in;">
    <li style="" class="MsoNormal">Immediately      prior to launch, the command will be given from the SSSG tech on deck to      begin data acquisition. The lab operator will be responsible for powering      up the CTD deck unit and initiating acquisition within the CTD software.      They should also insure that the winch monitor and pinger displays are      already up and running. The lab operator will then confirm to the SSSG      that the initialization process was successful.</li>
</ol>
<p style="margin-left: 0.5in;" class="MsoNormal"><!--[if !supportEmptyParas]-->&nbsp;<!--[endif]--><o:p></o:p></p>
<ol type="1" start="2" style="margin-top: 0in;">
    <li style="" class="MsoNormal">A      member of the ship&rsquo;s deck crew will be responsible for the launch and      lowering of the package down to a depth of 100m, using a maximum wire      speed of 30 m/min. Certain packages and/or sea conditions may warrant a      slower speed, which may be used at the discretion of the mate, winch      operator, or SSSG.</li>
</ol>
<p style="margin-left: 0.5in;" class="MsoNormal"><!--[if !supportEmptyParas]-->&nbsp;<!--[endif]--><o:p></o:p></p>
<ol type="1" start="3" style="margin-top: 0in;">
    <li style="" class="MsoNormal">The      deck operator will announce to the lab &ldquo;all stop 100m&rdquo;. The lab operator      should acknowledge that the package has stopped.</li>
</ol>
<p style="margin-left: 0.5in;" class="MsoNormal"><!--[if !supportEmptyParas]-->&nbsp;<!--[endif]--><o:p></o:p></p>
<ol type="1" start="4" style="margin-top: 0in;">
    <li style="" class="MsoNormal">When      the lab operator is ready to receive control, they will check the control      station over and then confirm &ldquo;the brake is set, the stick is in neutral,      ready to take control&rdquo;. The deck operator will acknowledge and reply with      &ldquo;my brake is set, stick is in neutral&rdquo; and &ldquo;transferring control&rdquo;. At this      point the station&rsquo;s active light will illuminate, and the lab operator      should verbally confirm this with the deck.<span style="">&nbsp; </span></li>
</ol>
<p style="margin-left: 0.5in;" class="MsoNormal"><!--[if !supportEmptyParas]-->&nbsp;<!--[endif]--><o:p></o:p></p>
<ol type="1" start="5" style="margin-top: 0in;">
    <li style="" class="MsoNormal">Upon      receiving control, the lab will gently <i>hoist</i><span style="font-style: normal;"> the package ~0.5 meters in order to confirm that the winch is functional      and the control transfer was successful. </span></li>
</ol>
<p style="margin-left: 0.5in;" class="MsoNormal"><!--[if !supportEmptyParas]-->&nbsp;<!--[endif]--><o:p></o:p></p>
<ol type="1" start="6" style="margin-top: 0in;">
    <li style="" class="MsoNormal">The      package may then be lowered and <i>slowly</i><span style="font-style: normal;">      accelerated to a maximum speed of 30 m/min. down to a depth of 200m. </span></li>
</ol>
<p style="margin-left: 1in;" class="MsoNormal"><!--[if !supportEmptyParas]-->&nbsp;<!--[endif]--><o:p></o:p></p>
<p style="margin-left: 1in; text-indent: -0.75in;" class="MsoNormal"><!--[if !supportLists]-->7.<span style="font: 7pt &quot;Times New Roman&quot;;">&nbsp;&nbsp;&nbsp;&nbsp; </span><!--[endif]-->Below 200m, the winch may be accelerated to a maximum speed of 50m/min. This speed</p>
<p style="margin-left: 0.5in;" class="MsoNormal">may of course be reduced based on package weight, surface area, and sea conditions.<span style="">&nbsp; </span></p>
<p style="margin-left: 0.5in;" class="MsoNormal"><!--[if !supportEmptyParas]-->&nbsp;<!--[endif]--><o:p></o:p></p>
<ol type="1" start="8" style="margin-top: 0in;">
    <li style="" class="MsoNormal">Prior      to the cast or early on in the descent, the science party and the SSSG      tech shall come to a mutual agreement on the maximum depth of the cast (or      minimum distance to be maintained above the bottom). This will be      dependent upon sea conditions, the presence of a pinger and/or altimeter,      and other factors.</li>
</ol>
<p style="margin-left: 0.5in;" class="MsoNormal"><!--[if !supportEmptyParas]-->&nbsp;<!--[endif]--><o:p></o:p></p>
<ol type="1" start="9" style="margin-top: 0in;">
    <li style="" class="MsoNormal">When      operating within 100m of the bottom, the winch must be slowed to a maximum      speed of 30m/min. It must again be slowed to 20 m/min when approaching      within 50m and to10 m/min when within 20m of the bottom.</li>
</ol>
<p style="margin-left: 0.5in;" class="MsoNormal"><!--[if !supportEmptyParas]-->&nbsp;<!--[endif]--><o:p></o:p></p>
<ol type="1" start="10" style="margin-top: 0in;">
    <li style="" class="MsoNormal">Always      notify the bridge before beginning to hoist the package from the target      depth.</li>
</ol>
<p style="margin-left: 0.5in;" class="MsoNormal"><!--[if !supportEmptyParas]-->&nbsp;<!--[endif]--><o:p></o:p></p>
<ol type="1" start="11" style="margin-top: 0in;">
    <li style="" class="MsoNormal">Upon      hoisting, the winch may be accelerated to a maximum speed of 50 m/min for      the entire duration of the hoist, up to a depth of 200m, at which it must      be slowed again to a maximum speed of 30m/min.</li>
    <li style="" class="MsoNormal">Above      100m, the lab will again surrender control of the winch to the crew member      on deck. The lab should confirm and announce that &ldquo;the brake is set, stick      is in neutral, ready to transfer control&rdquo;. The deck operator should      reciprocate with &ldquo;stick is in neutral, brake is set&rdquo; and &ldquo;taking control&rdquo;,      and the lab should confirm that their station&rsquo;s active light has turned      off.</li>
</ol>
<p style="margin-left: 0.5in;" class="MsoNormal"><!--[if !supportEmptyParas]-->&nbsp;<!--[endif]--><o:p></o:p></p>
<ol type="1" start="13" style="margin-top: 0in;">
    <li style="" class="MsoNormal">The      lab operator should continue to stand by in the lab and instruct the deck      operator if there are to be any additional sampling depths between 100m      and the surface.</li>
</ol>
<p style="margin-left: 0.5in;" class="MsoNormal"><!--[if !supportEmptyParas]-->&nbsp;<!--[endif]--><o:p></o:p></p>
<ol type="1" start="14" style="margin-top: 0in;">
    <li style="" class="MsoNormal">When      the package has been removed from the water, the lab operator will be      responsible for stopping the acquisition of data within the CTD software      and securing power to the deck unit.</li>
</ol>
<p class="MsoNormal"><!--[if !supportEmptyParas]-->&nbsp;<!--[endif]--><o:p></o:p></p>
<p class="MsoNormal"><!--[if !supportEmptyParas]-->&nbsp;<!--[endif]--><o:p></o:p></p>
<p align="center" style="text-align: center;" class="MsoNormal"><span style="font-size: 16pt;"><!--[if !supportEmptyParas]-->&nbsp;<!--[endif]--><o:p></o:p></span></p>
<p align="center" style="text-align: center;" class="MsoNormal"><span style="font-size: 18pt;">Additional Operation Guidelines<o:p></o:p></span></p>
<p align="center" style="text-align: center;" class="MsoNormal"><span style="font-size: 14pt;"><!--[if !supportEmptyParas]-->&nbsp;<!--[endif]--><o:p></o:p></span></p>
<ol type="1" start="1" style="margin-top: 0in;">
    <li style="" class="MsoNormal">The      mate on watch is in overall charge and responsible for operations,      including any wire work, and will be informed as to who is in control of      the winch. A trained operator from the deck department will be in control      of the winch during the launch and recovery of any package (control may be      transferred to/from lab at 100 meters).<span style="">&nbsp; </span></li>
</ol>
<p style="margin-left: 0.5in;" class="MsoNormal"><!--[if !supportEmptyParas]-->&nbsp;<!--[endif]--><o:p></o:p></p>
<ol type="1" start="2" style="margin-top: 0in;">
    <li style="" class="MsoNormal">The      SSSG tech is responsible for the proper operation of the lab control      station, of the winch after it has been transferred to the lab station,      and of the compliance of these procedures.</li>
</ol>
<p style="margin-left: 0.5in;" class="MsoNormal"><!--[if !supportEmptyParas]-->&nbsp;<!--[endif]--><o:p></o:p></p>
<ol type="1" start="3" style="margin-top: 0in;">
    <li style="" class="MsoNormal">Keep      the bridge informed of all winch operations (i.e. when paying out extra      wire, when making unexpected stops, when beginning to haul in) via radio      UHF ch. 1 or phone ext. 125.<span style="">&nbsp;      </span>Also notify the bridge if this will be the last or deepest cast of      a cruise, so that a wire rinse can be carried out during the hoist.</li>
</ol>
<p style="margin-left: 0.5in;" class="MsoNormal"><!--[if !supportEmptyParas]-->&nbsp;<!--[endif]--><o:p></o:p></p>
<ol type="1" start="4" style="margin-top: 0in;">
    <li style="" class="MsoNormal">While      the winch is in operation the control station must be properly manned.      Never leave the station (mentally or physically) unattended while the lab      has control of the winch. Stay alert, focused, and attentive. Operating      the winch is a serious task and responsibility. A second operator must be      present in order to fire bottles, monitor scientific data, etc.</li>
</ol>
<p style="margin-left: 0.5in;" class="MsoNormal"><!--[if !supportEmptyParas]-->&nbsp;<!--[endif]--><o:p></o:p></p>
<ol type="1" start="5" style="margin-top: 0in;">
    <li style="" class="MsoNormal">The      winch speed, wire tension, and the amount of wire out must be closely      monitored to prevent damage to the winch, wire, or the instrument.</li>
</ol>
<p style="margin-left: 0.5in;" class="MsoNormal"><!--[if !supportEmptyParas]-->&nbsp;<!--[endif]--><o:p></o:p></p>
<ol type="1" start="6" style="margin-top: 0in;">
    <li style="" class="MsoNormal">Use      the ship&rsquo;s video system to monitor the winch, block, and wire angle at the      side of the ship.</li>
</ol>
<p style="margin-left: 0.5in;" class="MsoNormal"><!--[if !supportEmptyParas]-->&nbsp;<!--[endif]--><o:p></o:p></p>
<ol type="1" start="7" style="margin-top: 0in;">
    <li style="" class="MsoNormal">In      case of emergency or any time the winch becomes unable to be controlled,      push the red emergency stop button and call the bridge. The emergency stop      button automatically shuts down power to all stations.</li>
</ol>
<p style="margin-left: 0.5in;" class="MsoNormal"><!--[if !supportEmptyParas]-->&nbsp;<!--[endif]--><o:p></o:p></p>
<ol type="1" start="8" style="margin-top: 0in;">
    <li style="" class="MsoNormal">The      Master will determine the max wire speed allowed for any package.</li>
</ol>
<p style="margin-left: 0.5in;" class="MsoNormal"><!--[if !supportEmptyParas]-->&nbsp;<!--[endif]--><o:p></o:p></p>
<ol type="1" start="9" style="margin-top: 0in;">
    <li style="" class="MsoNormal">Avoid      rapid stopping and starting of the winch. This causes wire and termination      damage and a possible loss of the package.</li>
</ol>
<p style="margin-left: 0.5in;" class="MsoNormal"><!--[if !supportEmptyParas]-->&nbsp;<!--[endif]--><o:p></o:p></p>
<ol type="1" start="10" style="margin-top: 0in;">
    <li style="" class="MsoNormal">Let      the mate on the bridge know if the winch does not seem to be functioning properly.</li>
</ol>
<p style="margin-left: 0.5in;" class="MsoNormal"><!--[if !supportEmptyParas]-->&nbsp;<!--[endif]--><o:p></o:p></p>
<ol type="1" start="11" style="margin-top: 0in;">
    <li style="" class="MsoNormal">Always      know where the instrument is in relation to the sea floor.</li>
</ol>
<p class="MsoNormal"><!--[if !supportEmptyParas]-->&nbsp;<!--[endif]--><o:p></o:p></p>
<p align="center" style="text-align: center;" class="MsoNormal"><span style="font-size: 14pt;">When in doubt, stop and ask.<o:p></o:p></span></p>
<p class="MsoNormal"><!--[if !supportEmptyParas]-->&nbsp;<!--[endif]--><o:p></o:p></p>
<!--EndFragment--> <!--EndFragment--></p>
<p>&nbsp;</p>
</meta>
</meta>
</meta>
</meta>
</meta>
</meta>
</p>
