$@MID@$: 6
Date: Wed, 06 Oct 2010 20:53:36 +0000
Author: lstolp and jhummon
Type: Configuration
name: currents
server type: data
OS: Linux
Location: Computer Lab
Category: Other
Subject: currents1 and currents2
Cruise: 
Attachment: 
Encoding: HTML
========================================
<p>updated currents1 to 10.04 w/ new UHDAS software... this is now currents..</p>
<p>currents2 is now the working backup... pls leave on if possible..</p>
<p>changed ip numbers 161 is currents1 and 162 is currents2 </p>
<p>&nbsp;</p>
$@MID@$: 7
Date: Wed, 06 Oct 2010 21:03:42 +0000
Author: bwalden
Type: Configuration
name: athena
server type: data
OS: Windows
Location: Computer Lab
Category: Software
Subject: changing back to  WXTP_Pa and WXTS_Pa; these are corrected
Cruise: at16-1
Attachment: 
Encoding: HTML
========================================

