$@MID@$: 11
Date: Fri, 29 Apr 2016 00:39:22 +0000
Author: AH - email cheng and Catie
Type: 
Subject / Summary: Ship's Big UPS
Cruise: at33-04
link: 
Revisions: 
Attachment: 
Encoding: HTML
========================================
<p>&gt; Can you please let me know what info you have on the capacity of the<br />
&gt; ship's big UPS system?<br />
<br />
<br />
Cyberex S-15/1BD3 unit<br />
<br />
15 kVA / .8 Power Factor / 60 Hz / 208/120vac<br />
<br />
Thanks,<br />
Chief<br />
<br />
<br />
<br />
<br />
<br />
<br />
<br />
&nbsp;</p>
