$@MID@$: 10
Date: Thu, 28 Apr 2016 00:47:09 +0000
Author: AH - email from ComET
Type: Other
Subject / Summary: Phone Prices _ August 2015
Cruise: at33-04
link: 
Revisions: 
Attachment: 
Encoding: HTML
========================================
<p>All,<br />
<br />
&nbsp;<br />
<br />
&nbsp;&nbsp;&nbsp; There have been some changes to our Satellite Phone charges and options. In summary, the Iridium Phone rate is<br />
now $1.16 minute and we have access to using FBB for phone calls as well and charges are listed below.&nbsp; Detailed<br />
Summary Below.<br />
<br />
&nbsp;<br />
<br />
&nbsp;&nbsp;&nbsp; Iridium Phone<br />
<br />
&nbsp;&nbsp;&nbsp;&nbsp;&nbsp;&nbsp;&nbsp;&nbsp;&nbsp;&nbsp;&nbsp;&nbsp;&nbsp;&nbsp;&nbsp; The Iridium phone rate has changed to $1.16 a minute.&nbsp; Calls are billed in fractional minutes.&nbsp; Call<br />
billing starts 30 seconds after it is dialed regardless to whether it is answered or not.&nbsp; The contract on the<br />
Iridium Phone is renegotiated annually and rates could change annually.&nbsp; We will do our best to keep you informed<br />
with timely updates.<br />
<br />
&nbsp;<br />
<br />
&nbsp;&nbsp;&nbsp; FBB Phone<br />
<br />
&nbsp;&nbsp;&nbsp;&nbsp;&nbsp;&nbsp;&nbsp;&nbsp;&nbsp;&nbsp;&nbsp;&nbsp;&nbsp;&nbsp;&nbsp; We have access to use the FBB Phone for Crew and Science general calling.&nbsp; &nbsp;The rate structure for<br />
FBB is based on what type of call you make.&nbsp; FBB call to Cell phone is billed at $1.20 a minute.&nbsp; FBB call to<br />
Landline phone is billed at $.80 a minute.&nbsp; Call billing starts 30 seconds after it is dialed regardless to whether<br />
it is answered or not. <br />
<br />
&nbsp;<br />
<br />
&nbsp;&nbsp;&nbsp;&nbsp;&nbsp;&nbsp;&nbsp;&nbsp;&nbsp;&nbsp;&nbsp;&nbsp;&nbsp;&nbsp;&nbsp; The calling procedure to use the FBB phone is as follows:&nbsp; &nbsp;Press: *47*&nbsp; enter your same PIN<br />
(Dial-tone) hit 806 (Dail-tone) 001 than area code and number (123-456-7890) strike # to connect. I&rsquo;ve also included<br />
a new PIN instructions poster as well, see attached.<br />
<br />
&nbsp;<br />
<br />
If you have any questions please feel free to ask the comet</p>
