$@MID@$: 1
Date: Fri, 08 Jul 2011 15:59:00 +0000
Author: AH
Type: Windows
Subject: Licenses
Cruise: at18-07
Attachment: 
Encoding: HTML
========================================
<p>4/25/2018</p>

<p>&gt; &gt; You may use the following site license<br />
&gt; &gt; for Windows 10 Pro x64:<br />
&gt; &gt;&nbsp;<br />
&gt; &gt; XJBN7-88FG9-8TKTT-KP2BF-QGPKM<br />
&gt; &gt;&nbsp;<br />
&gt; &gt; (For use on WHOI computers only /<br />
&gt; &gt; please keep this information<br />
&gt; &gt; confidential.)<br />
&nbsp;</p>

<p>&nbsp;</p>

<p>2018-April</p>

<p>Windows 10 Product Key - You may use the following site license for Windows 10 Pro x64:<br />
XJBN7-88FG9-8TKTT-KP2BF-QGPKM&nbsp;&nbsp;&nbsp;&nbsp;&nbsp;&nbsp;&nbsp;&nbsp;&nbsp;&nbsp;&nbsp;&nbsp;&nbsp; (oddly, IS said don&#39;t pass it around - not sure what that means - Dave S. told me)</p>

<p>&nbsp;</p>

<p>&nbsp;</p>

<p>Here are the codes for Office and Windows.<br />
<br />
Windows 7 Professional 32 and 64 bit<br />
397DY-MKXHM-2GQ89-6MF2W-HBRRD<br />
<br />
Windows XP Professional<br />
HWYH8-CXKKP-F74KP-D3C76-4QTM3<br />
<br />
Office 2003 Professional<br />
JY4X9-2B6JK-TWYG3-FCBVV-RYYQ6<br />
<br />
Office 2007 Enterprise<br />
BQ636-PBT4J-CHBDP-BQ97T-XW3Q8<br />
<br />
Office 2010 Professional Plus<br />
76DJ7-QHYMG-GVY7J-4G22B-CBYTT<br />
<br />
Thanks,<br />
<br />
Tim Barber<br />
CIS Helpdesk x2439<br />
<br />
&nbsp;</p>
