$@MID@$: 1
Date: Sun, 25 Sep 2011 15:31:07 +0000
Author: AH
Type: Inventory
name: atpr3 | atpr4 | atcl1 | atpl1 | atpl2
make/model: 
ip address: 
Subject: INVENTORY - 10/28/11
Cruise: at18-11
Attachment: 
Encoding: HTML
========================================
<p><span style="font-size: large;">THIS IS WHAT WE HAVE FOR PRINT CARTRIDGES AS OF 10/28/2011:<br />
</span></p>
<p><span style="font-size: large;">(these are all down on the tank top level)</span></p>
<p><span style="font-size: large;">&nbsp;&nbsp;&nbsp;&nbsp; Quantity&nbsp;&nbsp;&nbsp;&nbsp;&nbsp;&nbsp;&nbsp;&nbsp;&nbsp;&nbsp;&nbsp;&nbsp;&nbsp; ID&nbsp;&nbsp;&nbsp;&nbsp;&nbsp;&nbsp;&nbsp;&nbsp;&nbsp;&nbsp;&nbsp;&nbsp;&nbsp;&nbsp;&nbsp;&nbsp;&nbsp;&nbsp;&nbsp;&nbsp;&nbsp;&nbsp;&nbsp;&nbsp;&nbsp; description<br />
</span></p>
<p><span style="font-size: large;">&nbsp;&nbsp;&nbsp;&nbsp;&nbsp;&nbsp;&nbsp;&nbsp; 3&nbsp;&nbsp;&nbsp;&nbsp;&nbsp;&nbsp;&nbsp;&nbsp;&nbsp;&nbsp;&nbsp;&nbsp;&nbsp;&nbsp;&nbsp;&nbsp;&nbsp;&nbsp;&nbsp; 13A&nbsp;&nbsp;&nbsp;&nbsp;&nbsp;&nbsp;&nbsp;&nbsp;&nbsp;&nbsp;&nbsp;&nbsp;&nbsp;&nbsp;&nbsp;&nbsp;&nbsp;&nbsp;&nbsp;&nbsp;&nbsp;&nbsp;&nbsp;&nbsp; for HP 1300 laserjet&nbsp; (do we even have one????)<br />
</span></p>
<p><span style="font-size: large;">&nbsp;&nbsp;&nbsp;&nbsp;&nbsp; &nbsp;&nbsp; 4 &nbsp; &nbsp; &nbsp; &nbsp; &nbsp; &nbsp; &nbsp; &nbsp; &nbsp;&nbsp; 98A &nbsp; &nbsp; &nbsp; &nbsp; &nbsp; &nbsp; &nbsp; &nbsp; &nbsp; &nbsp; &nbsp; &nbsp; for HP laserjet 4</span></p>
<p><span style="font-size: large;">&nbsp; &nbsp; &nbsp; &nbsp;&nbsp; 3 &nbsp; &nbsp; &nbsp; &nbsp; &nbsp; &nbsp; &nbsp; &nbsp; &nbsp; C4195A &nbsp; &nbsp; &nbsp; &nbsp; &nbsp; &nbsp; &nbsp; &nbsp; &nbsp; imaging drum for 4500 (one of these is unwrapped, but appears to be new)</span></p>
<p><span style="font-size: large;">&nbsp; &nbsp; &nbsp; &nbsp;&nbsp; 2 &nbsp; &nbsp; &nbsp; &nbsp; &nbsp; &nbsp; &nbsp; &nbsp; &nbsp; C4194A &nbsp; &nbsp; &nbsp; &nbsp; &nbsp; &nbsp; &nbsp; &nbsp;&nbsp;&nbsp; yellow for 4500</span></p>
<p><span style="font-size: large;">&nbsp; &nbsp; &nbsp; &nbsp;&nbsp; 2 &nbsp; &nbsp; &nbsp; &nbsp; &nbsp; &nbsp; &nbsp; &nbsp; &nbsp; C4192A &nbsp; &nbsp; &nbsp; &nbsp; &nbsp; &nbsp; &nbsp; &nbsp;&nbsp;&nbsp; cyan for 4500</span></p>
<p><span style="font-size: large;">&nbsp; &nbsp; &nbsp; &nbsp;&nbsp; 3 &nbsp; &nbsp; &nbsp; &nbsp; &nbsp; &nbsp; &nbsp; &nbsp; &nbsp; C4193A &nbsp; &nbsp; &nbsp; &nbsp; &nbsp; &nbsp; &nbsp; &nbsp; &nbsp; magenta for 4500</span></p>
<p><span style="font-size: large;">&nbsp; &nbsp; &nbsp; &nbsp;&nbsp; 1 &nbsp; &nbsp; &nbsp; &nbsp; &nbsp; &nbsp; &nbsp; &nbsp; &nbsp; C4191A &nbsp; &nbsp; &nbsp; &nbsp; &nbsp; &nbsp; &nbsp; &nbsp; &nbsp; Black for 4500</span></p>
<p><span style="font-size: large;">&nbsp; &nbsp; &nbsp; &nbsp;&nbsp; 2 &nbsp; &nbsp; &nbsp; &nbsp; &nbsp; &nbsp; &nbsp; &nbsp; &nbsp; C4196A &nbsp; &nbsp; &nbsp; &nbsp; &nbsp; &nbsp; &nbsp; &nbsp; &nbsp; HP Color laserjet transfer kit&nbsp; &nbsp; &nbsp;&nbsp; </span></p>
<p><span style="font-size: large;">&nbsp;&nbsp;&nbsp;&nbsp;&nbsp;&nbsp;&nbsp;&nbsp; 1&nbsp;&nbsp;&nbsp;&nbsp;&nbsp;&nbsp;&nbsp;&nbsp;&nbsp;&nbsp;&nbsp;&nbsp;&nbsp;&nbsp;&nbsp;&nbsp;&nbsp; bag of miscellaneous printer pieces</span></p>
