$@MID@$: 10
Date: Sun, 12 Jun 2011 15:09:59 +0000
Author: AH
version: 4.77
Type: Other
Subject: Athena ntpd
Cruise: at18-05b
Attachment: 
Encoding: HTML
========================================
<p>New ntp loaded on Athena as per Laura email 19-May-2011 (and more)</p>
<p>VERSION DOWNLOADED FROM:<br />
http://www.meinberg.de/english/sw/ntp.htm<br />
&nbsp;&nbsp; ntp-4.2.4.8@lennon-o-lpv-win32-setup.exe<br />
<br />
***I could not figure out how to stop TARDIS properly, so I changed the extension on the executable so that Athena would not find it during start-up.<br />
&nbsp;</p>
<p>To check the status of ntp run:</p>
<p>&nbsp;&nbsp; Program files/NTP/bin/ntpstatus.bat</p>
$@MID@$: 11
Date: Sun, 12 Jun 2011 15:17:49 +0000
Author: AH
version: 4.77
Type: Other
Subject: WYSE MONITORS
Cruise: at18-05b
Attachment: 
Encoding: HTML
========================================
<p>To set up WYSE monitor:</p>
<p>&nbsp;&nbsp;&nbsp;&nbsp;&nbsp; plug in WYSE keyboard (from gray cabinet)</p>
<p>&nbsp;&nbsp;&nbsp;&nbsp;&nbsp; to enter setup - SHIFT-Select (select key is in the upper right hand corner)</p>
<p>&nbsp;&nbsp;&nbsp;&nbsp;&nbsp; F4 for baud rate&nbsp;&nbsp; (there are directions on the screen for saving and config options)</p>
<p>&nbsp;&nbsp;&nbsp;&nbsp;&nbsp;&nbsp;&nbsp;&nbsp;&nbsp;&nbsp;&nbsp;&nbsp;&nbsp;&nbsp;&nbsp;&nbsp;&nbsp;&nbsp;&nbsp;&nbsp;&nbsp; on the Atlantis at this time we are using 9600 baud, but this can be verified </p>
<p>&nbsp;&nbsp;&nbsp;&nbsp;&nbsp;&nbsp;&nbsp;&nbsp;&nbsp;&nbsp;&nbsp;&nbsp;&nbsp;&nbsp;&nbsp;&nbsp;&nbsp;&nbsp;&nbsp;&nbsp;&nbsp; by checking the Calliope output to the WYSE monitors.</p>
