$@MID@$: 15
Date: Sun, 23 Oct 2011 11:59:36 +0000
Author: AH
version: 4.77
Type: Configuration
Subject: Wyse monitor display and Ship's data grabber
Cruise: at18-12
Attachment: 
Encoding: HTML
========================================
<p>The values displayed on the Wyse monitors was changed to WXTP for all of the weather data (it was IMET).</p>
<p>The values on the real time display for the Ship's Data Grabber were also changed to WXTP for the weather data.&nbsp; This involved updating twelve different files.&nbsp; The easiest way to find the files is to go to the ShipDataGrabber directory and search for all files containing, in this case, &quot;imet&quot; and it will list the files.&nbsp; They were:&nbsp;&nbsp;&nbsp;&nbsp;&nbsp; </p>
<p>\DAQW\daq_ctl.htm</p>
<p>\DAQW\daq_Aq.pl</p>
<p>\DAQW\data_dict.txt</p>
<p>\DAQW\cgi-bin\data_viewer_no_frames.pl</p>
<p>\DAQW\cgi-bin\data_viewer_noframes_unix.pl</p>
<p>\DAQW\cgi-bin\RTSHIP.TEMPLATE.VI</p>
<p>\DAQW\EndCruise\gen_rtplots.pl</p>
<p>\DAQW\EndCruise\gen_ship_plots.pl</p>
<p>\DAQW\EndCruise\SHIP.DAQ.HTML.TEMPLATE.V1</p>
<p>\DAQW\EndCruise\SHIP.DAQ.HTML.TEMPLATE.V2</p>
<p>\DAQW\EndCruise\SHIP.DAQ.HTML.TEMPLATE.txt</p>
<p>\DAQW\EndCruise\ship_make_html.pl</p>
<p>I am not certain whether everyone of these files is used and needed to be changed, but I was updated them all anyway.&nbsp; I first copied the entire directory as a backup to ShipDataGrabber_22oct2011 and got rid of some older backups from May.</p>
<p>&nbsp; &nbsp; &nbsp; &nbsp; &nbsp; &nbsp; &nbsp; &nbsp; &nbsp; &nbsp; &nbsp; &nbsp; &nbsp; &nbsp; &nbsp; &nbsp; &nbsp; &nbsp; &nbsp; &nbsp; &nbsp; &nbsp; &nbsp; &nbsp; &nbsp; &nbsp; &nbsp; &nbsp;&nbsp;&nbsp;&nbsp;&nbsp;&nbsp;&nbsp;&nbsp;&nbsp;&nbsp;&nbsp;&nbsp;&nbsp;&nbsp;&nbsp;&nbsp;&nbsp;&nbsp;&nbsp;&nbsp;&nbsp;&nbsp;&nbsp;&nbsp;&nbsp;&nbsp;&nbsp;&nbsp;&nbsp;&nbsp;&nbsp;&nbsp;&nbsp;&nbsp;&nbsp;&nbsp;&nbsp;&nbsp;&nbsp;&nbsp;&nbsp;&nbsp;&nbsp;&nbsp;&nbsp;&nbsp;&nbsp;&nbsp;&nbsp;&nbsp;&nbsp;&nbsp;&nbsp;&nbsp;&nbsp;&nbsp;&nbsp;&nbsp;&nbsp;&nbsp;&nbsp;&nbsp; </p>
<p>&nbsp;</p>
