$@MID@$: 17
Date: Mon, 28 Nov 2011 05:18:48 +0000
Author: AH
version: 
Type: Configuration
Subject: Back-up Athena
Cruise: at18-14
Attachment: 
Encoding: HTML
========================================
<p>Built a hard drive as a backup to Athena.&nbsp; It is called athena2 and has ip address 199.92.161.34 right now (so it can be hooked to the network without interfering.&nbsp; It is presently in installed in one of the Windows boxes (Barrie type).</p>
<p>
<meta name="Title" content="">
<meta name="Keywords" content="">
<meta http-equiv="Content-Type" content="text/html; charset=utf-8">
<meta name="ProgId" content="Word.Document">
<meta name="Generator" content="Microsoft Word 11">
<meta name="Originator" content="Microsoft Word 11">
<link rel="File-List" href="file://localhost/Users/aheater/Library/Caches/TemporaryItems/msoclip1/01/clip_filelist.xml" /> <!--[if gte mso 9]><xml>
<o:DocumentProperties>
<o:Template>Normal</o:Template>
<o:Revision>0</o:Revision>
<o:TotalTime>0</o:TotalTime>
<o:Pages>1</o:Pages>
<o:Words>93</o:Words>
<o:Characters>535</o:Characters>
<o:Lines>4</o:Lines>
<o:Paragraphs>1</o:Paragraphs>
<o:CharactersWithSpaces>657</o:CharactersWithSpaces>
<o:Version>11.1282</o:Version>
</o:DocumentProperties>
<o:OfficeDocumentSettings>
<o:AllowPNG />
</o:OfficeDocumentSettings>
</xml><![endif]--><!--[if gte mso 9]><xml>
<w:WordDocument>
<w:Zoom>0</w:Zoom>
<w:DoNotShowRevisions />
<w:DoNotPrintRevisions />
<w:DisplayHorizontalDrawingGridEvery>0</w:DisplayHorizontalDrawingGridEvery>
<w:DisplayVerticalDrawingGridEvery>0</w:DisplayVerticalDrawingGridEvery>
<w:UseMarginsForDrawingGridOrigin />
</w:WordDocument>
</xml><![endif]--> <style type="text/css">
<!--
 /* Font Definitions */
@font-face
	{font-family:"Times New Roman";
	panose-1:0 2 2 6 3 5 4 5 2 3;
	mso-font-charset:0;
	mso-generic-font-family:auto;
	mso-font-pitch:variable;
	mso-font-signature:50331648 0 0 0 1 0;}
@font-face
	{font-family:"Comic Sans MS";
	panose-1:0 3 15 7 2 3 3 2 2 2;
	mso-font-charset:0;
	mso-generic-font-family:auto;
	mso-font-pitch:variable;
	mso-font-signature:50331648 0 0 0 1 0;}
 /* Style Definitions */
p.MsoNormal, li.MsoNormal, div.MsoNormal
	{mso-style-parent:"";
	margin:0in;
	margin-bottom:.0001pt;
	mso-pagination:widow-orphan;
	font-size:12.0pt;
	font-family:"Comic Sans MS";}
table.MsoNormalTable
	{mso-style-parent:"";
	font-size:10.0pt;
	font-family:"Times New Roman";}
@page Section1
	{size:8.5in 11.0in;
	margin:1.0in 1.25in 1.0in 1.25in;
	mso-header-margin:.5in;
	mso-footer-margin:.5in;
	mso-paper-source:0;}
div.Section1
	{page:Section1;}
-->
</style>  <!--StartFragment--> </meta>
</meta>
</meta>
</meta>
</meta>
</meta>
</p>
<p class="MsoNormal">Set-up back-up hard-drive for Athena.<span style="">&nbsp; </span>Calliope program ran successful and delivered the calliope error log successfully (while only receiving the data available through the UDP broadcasts).<span style="">&nbsp; </span>The driver that is loaded for the serial port device(s) on the real Athena is loaded on the system, but has not been tested (driver is serenum.sys<span style="">&nbsp;&nbsp;&nbsp;&nbsp;&nbsp; </span>file version 5.00.2157.1<span style="">&nbsp;&nbsp;&nbsp;&nbsp;&nbsp; </span>location is C:\\WINNT\System32\DRIVERS for RocketPort-PCI 8 port, PCI Bus).<span style="">&nbsp; </span>The drive has not been tested in a computer with the serial device installed.<span style="">&nbsp; </span>I am not sure if other software is required (other than driver), but I did copy across a directory called rocketport.</p>
<p class="MsoNormal">&nbsp;</p>
<p class="MsoNormal"><o:p></o:p></p>
<!--EndFragment-->
<p>
<meta name="Title" content="">
<meta name="Keywords" content="">
<meta http-equiv="Content-Type" content="text/html; charset=utf-8">
<meta name="ProgId" content="Word.Document">
<meta name="Generator" content="Microsoft Word 11">
<meta name="Originator" content="Microsoft Word 11">
<link rel="File-List" href="file://localhost/Users/aheater/Library/Caches/TemporaryItems/msoclip1/01/clip_filelist.xml" /> <!--[if gte mso 9]><xml>
<o:DocumentProperties>
<o:Template>Normal</o:Template>
<o:Revision>0</o:Revision>
<o:TotalTime>0</o:TotalTime>
<o:Pages>1</o:Pages>
<o:Words>93</o:Words>
<o:Characters>535</o:Characters>
<o:Lines>4</o:Lines>
<o:Paragraphs>1</o:Paragraphs>
<o:CharactersWithSpaces>657</o:CharactersWithSpaces>
<o:Version>11.1282</o:Version>
</o:DocumentProperties>
<o:OfficeDocumentSettings>
<o:AllowPNG />
</o:OfficeDocumentSettings>
</xml><![endif]--><!--[if gte mso 9]><xml>
<w:WordDocument>
<w:Zoom>0</w:Zoom>
<w:DoNotShowRevisions />
<w:DoNotPrintRevisions />
<w:DisplayHorizontalDrawingGridEvery>0</w:DisplayHorizontalDrawingGridEvery>
<w:DisplayVerticalDrawingGridEvery>0</w:DisplayVerticalDrawingGridEvery>
<w:UseMarginsForDrawingGridOrigin />
</w:WordDocument>
</xml><![endif]--> <style type="text/css">
<!--
 /* Font Definitions */
@font-face
	{font-family:"Times New Roman";
	panose-1:0 2 2 6 3 5 4 5 2 3;
	mso-font-charset:0;
	mso-generic-font-family:auto;
	mso-font-pitch:variable;
	mso-font-signature:50331648 0 0 0 1 0;}
@font-face
	{font-family:"Comic Sans MS";
	panose-1:0 3 15 7 2 3 3 2 2 2;
	mso-font-charset:0;
	mso-generic-font-family:auto;
	mso-font-pitch:variable;
	mso-font-signature:50331648 0 0 0 1 0;}
 /* Style Definitions */
p.MsoNormal, li.MsoNormal, div.MsoNormal
	{mso-style-parent:"";
	margin:0in;
	margin-bottom:.0001pt;
	mso-pagination:widow-orphan;
	font-size:12.0pt;
	font-family:"Comic Sans MS";}
table.MsoNormalTable
	{mso-style-parent:"";
	font-size:10.0pt;
	font-family:"Times New Roman";}
@page Section1
	{size:8.5in 11.0in;
	margin:1.0in 1.25in 1.0in 1.25in;
	mso-header-margin:.5in;
	mso-footer-margin:.5in;
	mso-paper-source:0;}
div.Section1
	{page:Section1;}
-->Set-up back-up hard-drive for Athena.Calliope program ran successful and
delivered the calliope error log successfully (while only receiving the data
available through the UDP broadcasts).The driver that is loaded for the serial port device(s) on the real
Athena is loaded on the system, but has not been tested (driver is
serenum.sysfile version 5.00.2157.1location is
C:\\WINNT\System32\DRIVERS for RocketPort-PCI 8 port, PCI Bus).The drive has not been tested in a
computer with the serial device installed.I am not sure if other software is required (other than
driver), but I did copy across a directory called rocketport.</style>  <!--StartFragment-->    <!--EndFragment-->
<p>&nbsp;</p>
</meta>
</meta>
</meta>
</meta>
</meta>
</meta>
</p>
