$@MID@$: 1
Date: Sat, 26 Nov 2016 19:45:19 +0000
Author: AH
Type: Instructions
Location: Multiproc-computer lab | multiproc-mainlab
Subject: Moving Underlays / Targets
Cruise: at37-05
Attachment: 
Encoding: HTML
========================================
<p><style type="text/css">
<!--
 /* Font Definitions */
@font-face
	{font-family:Arial;
	panose-1:2 11 6 4 2 2 2 2 2 4;
	mso-font-charset:0;
	mso-generic-font-family:auto;
	mso-font-pitch:variable;
	mso-font-signature:3 0 0 0 1 0;}
@font-face
	{font-family:"Comic Sans MS";
	panose-1:3 15 7 2 3 3 2 2 2 4;
	mso-font-charset:0;
	mso-generic-font-family:auto;
	mso-font-pitch:variable;
	mso-font-signature:3 0 0 0 1 0;}
 /* Style Definitions */
p.MsoNormal, li.MsoNormal, div.MsoNormal
	{mso-style-parent:"";
	margin:0in;
	margin-bottom:.0001pt;
	mso-pagination:widow-orphan;
	font-size:12.0pt;
	font-family:"Times New Roman";
	mso-ascii-font-family:"Comic Sans MS";
	mso-fareast-font-family:"Times New Roman";
	mso-hansi-font-family:"Comic Sans MS";
	mso-bidi-font-family:"Times New Roman";}
@page Section1
	{size:8.5in 11.0in;
	margin:1.0in 1.25in 1.0in 1.25in;
	mso-header-margin:.5in;
	mso-footer-margin:.5in;
	mso-paper-source:0;}
div.Section1
	{page:Section1;}
-->
</style></p>
<p class="MsoNormal"><span style="font-size:14.0pt;mso-bidi-font-size:12.0pt;
font-family:Arial">There are some scripts to assist in moving files around (and to) the Multiproc &amp; multiproc2 (mainlab) computers.<span style="mso-spacerun: yes">&nbsp; </span>First off, Bob has put a directory in sci0_on_memory called ALVIN_NAV &ndash; do not delete this directory (this is what he wants to use in the future and to keep historical data.<span style="mso-spacerun: yes">&nbsp; </span>In that directory there are cruise directories and dive directories.<span style="mso-spacerun: yes">&nbsp; </span>Example:</span></p>
<p class="MsoNormal"><span style="font-size:14.0pt;mso-bidi-font-size:12.0pt;
font-family:Arial">&nbsp;</span></p>
<p class="MsoNormal"><span style="font-size:14.0pt;mso-bidi-font-size:12.0pt;
font-family:Arial">/home/sci0/ALVIN_NAV/AT37-05/D4847</span></p>
<p class="MsoNormal"><span style="font-size:14.0pt;mso-bidi-font-size:12.0pt;
font-family:Arial">&nbsp;</span></p>
<p class="MsoNormal"><span style="font-size:14.0pt;mso-bidi-font-size:12.0pt;
font-family:Arial">Note, the dive number starts with a &ldquo;D&rdquo;, this carries over to the toplab computers (being able to get the underlay&rsquo;s, targets, etc. during the download), etc.<span style="mso-spacerun: yes">&nbsp; </span>So, all the scripts involved are base on the &ldquo;D&rdquo; structure.<span style="mso-spacerun:
yes">&nbsp; </span></span></p>
<p class="MsoNormal"><span style="font-size:14.0pt;mso-bidi-font-size:12.0pt;
font-family:Arial">&nbsp;</span></p>
<p class="MsoNormal"><span style="font-size:14.0pt;mso-bidi-font-size:12.0pt;
font-family:Arial">Right now, Underlays and targets are brought to the multiproc computer by editing the stealscience script (grabs from directory mentioned above, puts files in subdirectories in /home/science/data/<span style="mso-spacerun: yes">&nbsp;&nbsp;&nbsp;&nbsp;&nbsp;&nbsp; </span>- sub directories =<span style="mso-spacerun: yes">&nbsp;&nbsp;&nbsp;&nbsp; </span>&ldquo;imagedata&rdquo;<span style="mso-spacerun: yes">&nbsp; </span>&amp; &ldquo;tgts&rdquo;.<span style="mso-spacerun: yes">&nbsp; </span>There is an editstealscience icon on the desktop of the multiproc computer forward end computer lab) that allows one to easily put in, and then &ldquo;Save&rdquo; the dive number.<span style="mso-spacerun:
yes">&nbsp; </span>Basically, I&rsquo;ve been putting any Underlays, etc. for a given day In current the ALVIN_NAV directory (i.e if there is a sentry file &ndash; they&rsquo;ve been putting theirs in the cruise directory under navgBackgrounds &ndash; I copy it over to the current ALVIN_NAV directory so I only need to grab from one spot.<span style="mso-spacerun: yes">&nbsp; </span><i style="mso-bidi-font-style:
normal">Side note:<span style="mso-spacerun: yes">&nbsp; </span>there are also scripts to grab from toplab if necessary and a script to edit the NavG ini file on the mulitproc computer and put the underlays in so they come up with NavG.<span style="mso-spacerun: yes">&nbsp; </span>One can also read the Underlays in after the fact, and have several displayed at once).</i></span></p>
<p class="MsoNormal"><span style="font-size:14.0pt;mso-bidi-font-size:12.0pt;
font-family:Arial">&nbsp;</span></p>
<p class="MsoNormal"><span style="font-size:14.0pt;mso-bidi-font-size:12.0pt;
font-family:Arial">Once the the files are on the multiproc computer, they can be grabbed from there by the multiproc2 computer (the other scripts also exist to grab from sci0_on_memory, but the thought was, this way, once the first one is set up, science can easily grab the files).<span style="mso-spacerun:
yes">&nbsp; </span>There is a script &ldquo;stealmultiproc&rdquo; on the multiproc2 computer that grabs everything in the directories &ldquo;home/science/data/imagedata&rdquo; &amp; <span style="mso-spacerun: yes">&nbsp;</span>&ldquo;home/science/data/tgts&rdquo; and copies it to multiproc2.<span style="mso-spacerun: yes">&nbsp; </span>Then, the science party can load the underlays &amp; target files via the NavG interface.</span></p>
<p class="MsoNormal">&nbsp;</p>
<p class="MsoNormal">&nbsp;</p>
