$@MID@$: 81
Date: Wed, 27 Sep 2017 20:35:31 +0000
Author: lstolp
S/N: qflex modem
Type: Configuration
Component: teledyne modem
Subject: BGP on Qflex modem
Cruise: at38
Attachment: 
Encoding: HTML
========================================
<p>From ftp:&nbsp;</p>

<p>root@ftp:~# telnet 128.128.252.202 2605</p>

<p>Trying 128.128.252.202...</p>

<p>Connected to 128.128.252.202.</p>

<p>Escape character is &#39;^]&#39;.</p>

<p>&nbsp;</p>

<p>User Access Verification</p>

<p>&nbsp;</p>

<p>Password:&nbsp;</p>

<p>modem-ship-atlantis&gt;&nbsp;</p>

<p>### go into enable mode and show running-config will give:</p>

<p>&nbsp;</p>

<p>modem-ship-atlantis&gt; ena&nbsp; &nbsp; &nbsp; &nbsp; &nbsp; &nbsp;</p>

<p>Password:&nbsp;</p>

<p>modem-ship-atlantis# show&nbsp;</p>

<p>&nbsp; bgp &nbsp; &nbsp; &nbsp; &nbsp; &nbsp; &nbsp; IP information</p>

<p>&nbsp; debugging &nbsp; &nbsp; &nbsp; Debugging functions (see also &#39;undebug&#39;)</p>

<p>&nbsp; history &nbsp; &nbsp; &nbsp; &nbsp; Display the session command history</p>

<p>&nbsp; ip&nbsp; &nbsp; &nbsp; &nbsp; &nbsp; &nbsp; &nbsp; IP information</p>

<p>&nbsp; logging &nbsp; &nbsp; &nbsp; &nbsp; Show current logging configuration</p>

<p>&nbsp; memory&nbsp; &nbsp; &nbsp; &nbsp; &nbsp; Memory statistics</p>

<p>&nbsp; route-map &nbsp; &nbsp; &nbsp; route-map information</p>

<p>&nbsp; running-config&nbsp; running configuration</p>

<p>&nbsp; startup-config&nbsp; Contentes of startup configuration</p>

<p>&nbsp; thread&nbsp; &nbsp; &nbsp; &nbsp; &nbsp; Thread information</p>

<p>&nbsp; version &nbsp; &nbsp; &nbsp; &nbsp; Displays zebra version</p>

<p>modem-ship-atlantis# show run</p>

<p>modem-ship-atlantis# show running-config&nbsp;</p>

<p>&nbsp;</p>

<p>Current configuration:</p>

<p>!</p>

<p>hostname modem-ship-atlantis</p>

<p>password paradise</p>

<p>enable password paradise</p>

<p>log record-priority</p>

<p>no banner motd</p>

<p>!</p>

<p>router bgp 64521</p>

<p>&nbsp;bgp router-id 192.168.96.193</p>

<p>&nbsp;network 128.128.252.0/28</p>

<p>&nbsp;network 128.128.252.200/30</p>

<p>&nbsp;neighbor 192.168.96.77 remote-as 64521</p>

<p>&nbsp;neighbor 192.168.96.77 description modem-shore-aorex&nbsp;</p>

<p>&nbsp;neighbor 192.168.96.77 prefix-list BGP-IN in</p>

<p>&nbsp;neighbor 192.168.96.77 prefix-list BGP-OUT out</p>

<p>&nbsp;neighbor 192.168.96.129 remote-as 64521</p>

<p>&nbsp;neighbor 192.168.96.129 description hsn-earth-gw&nbsp;</p>

<p>&nbsp;neighbor 192.168.96.129 prefix-list BGP-IN in</p>

<p>&nbsp;neighbor 192.168.96.129 prefix-list BGP-OUT out</p>

<p>!</p>

<p>ip prefix-list BGP-IN seq 5 permit 0.0.0.0/0</p>

<p>ip prefix-list BGP-OUT seq 5 permit 128.128.252.200/30</p>

<p>ip prefix-list BGP-OUT seq 10 permit 128.128.252.0/28</p>

<p>!</p>

<p>line vty</p>

<p>!</p>

<p>end</p>

<p>&nbsp;</p>
