$@MID@$: 50
Date: Sun, 27 Mar 2016 18:38:24 +0000
Author: Catie
Type: Termination
Winch: 
Wire: EM Cable / CTD conductor
Category: Routine
Subject: Reterminations done AT33-03
Cruise: at33-03
Attachment: 
Encoding: HTML
========================================
<p>CTD wire was cut and reterminated with guy-grip by D. Fornari on ~6 March 2016. All pairs megged at &gt; 1GOhm.This termination flooded at ~700m on first deployment and cast was aborted.</p>
<p>CTD wire was cut and reterminated with guy-grip&nbsp; by D. Fornari on ~8 March 2016. All pairs megged at &gt;1GOhm. This termination also had moisture intrusion on first deployment and caused intermittent data during the cast.</p>
<p>CTD wire was electrically reterminated (guy grip remained in place) by Catie on ~ 24 March 2016. Termination soaked in saltwater overnight then megged with following results:</p>
<p>&nbsp;</p>
<p><span style="font-size: xx-large;">25 March 2016 </span></p>
<p>Megger by Catie Graver</p>
<p>-Electrical retermination by Catie Graver</p>
<p><span style="font-size: large;">Tested with:&nbsp; Model 1060 AEMC Megger - (SSSG/ComET Megger)</span></p>
<h1>S/N:<span style="mso-spacerun: yes">&nbsp;   </span>154856</h1>
<p>Fwd .322 Wire, NSF-3-C165</p>
<p>Inside tape = 157 meters</p>
<p>Outside tape = 9787 meters</p>
<p>Overall length = 9630 meters</p>
<p>Air temp: 27-55 F</p>
<p>&nbsp;</p>
<p><span style="font-size: large;"><strong>Test 1: Entire wire from deck (with new termination) through drum to computer lab j-box</strong></span></p>
<p>&nbsp;Wire pair</p>
<p><span style="font-size: medium;">Wires</span><span style="font-size: medium;">         &nbsp;&nbsp;&nbsp;&nbsp;&nbsp;&nbsp;&nbsp;&nbsp;&nbsp;&nbsp;&nbsp;&nbsp;&nbsp;&nbsp;&nbsp;&nbsp;&nbsp;&nbsp;&nbsp;&nbsp;&nbsp;&nbsp;&nbsp;&nbsp;&nbsp;&nbsp;&nbsp;&nbsp;&nbsp;&nbsp;&nbsp;&nbsp;&nbsp;&nbsp;&nbsp;&nbsp;&nbsp;&nbsp;&nbsp;&nbsp;&nbsp;&nbsp;&nbsp;&nbsp;&nbsp;&nbsp;&nbsp;               Ohms&nbsp;&nbsp;&nbsp;&nbsp;&nbsp;&nbsp;&nbsp;&nbsp;&nbsp;&nbsp;&nbsp;&nbsp;&nbsp;&nbsp;&nbsp;&nbsp;&nbsp;&nbsp;&nbsp;&nbsp;&nbsp; DAR&nbsp;&nbsp;&nbsp;&nbsp;&nbsp;&nbsp;&nbsp;&nbsp;&nbsp;&nbsp; PI &nbsp;&nbsp;&nbsp;&nbsp;&nbsp;&nbsp;&nbsp;&nbsp; microF &nbsp; &nbsp; &nbsp;&nbsp;&nbsp;&nbsp; &nbsp;    &nbsp;&nbsp; <br />
</span></p>
<p><span style="font-size: medium;">Black-White  &nbsp;&nbsp;&nbsp;&nbsp;&nbsp;&nbsp;&nbsp;&nbsp;&nbsp;&nbsp;&nbsp;&nbsp;&nbsp;&nbsp;&nbsp;&nbsp;&nbsp;&nbsp;&nbsp;&nbsp;&nbsp;&nbsp;&nbsp;&nbsp;&nbsp;&nbsp;&nbsp;&nbsp;&nbsp;&nbsp;&nbsp;&nbsp;&nbsp;&nbsp;&nbsp;&nbsp;&nbsp;&nbsp; 1.934 GOhms &nbsp; &nbsp;&nbsp;&nbsp;&nbsp; 1.08 &nbsp; &nbsp;    &nbsp;   &nbsp;&nbsp; 1.06 &nbsp; &nbsp; &nbsp; &nbsp; &nbsp; 0.714 &nbsp; &nbsp; &nbsp;&nbsp; &nbsp;&nbsp;&nbsp;&nbsp;&nbsp;&nbsp;&nbsp;&nbsp; &nbsp; &nbsp; &nbsp;   &nbsp; &nbsp;&nbsp; &nbsp; &nbsp; &nbsp; &nbsp; &nbsp;    </span></p>
<p><span style="font-size: medium;">Green-White &nbsp;&nbsp; &nbsp;&nbsp; &nbsp;&nbsp;&nbsp;&nbsp;&nbsp;&nbsp;&nbsp;&nbsp;&nbsp;&nbsp;&nbsp;&nbsp;&nbsp;&nbsp;&nbsp;&nbsp;&nbsp;&nbsp;&nbsp;&nbsp;&nbsp;&nbsp;&nbsp;&nbsp;&nbsp;&nbsp;&nbsp;&nbsp;&nbsp;&nbsp;&nbsp; 1.276&nbsp; GOhms &nbsp; &nbsp; &nbsp; 1.06 &nbsp;&nbsp; &nbsp; &nbsp; &nbsp; 1.10 &nbsp; &nbsp; &nbsp; &nbsp; &nbsp; 1.141 &nbsp;&nbsp;&nbsp;&nbsp;&nbsp; <br />
</span></p>
<p><span style="font-size: medium;">White-Red &nbsp; &nbsp; &nbsp;&nbsp; &nbsp;&nbsp;&nbsp;&nbsp;&nbsp;&nbsp;&nbsp;&nbsp;&nbsp;&nbsp;&nbsp;&nbsp;&nbsp;&nbsp;&nbsp;&nbsp;&nbsp;&nbsp;&nbsp;&nbsp;&nbsp;&nbsp;&nbsp;&nbsp;&nbsp;&nbsp;&nbsp;&nbsp;&nbsp;&nbsp;&nbsp;&nbsp;&nbsp; 1.986 GOhms &nbsp; &nbsp; &nbsp;&nbsp; 1.10&nbsp; &nbsp; &nbsp;&nbsp;&nbsp; &nbsp;&nbsp; 1.07&nbsp; &nbsp; &nbsp; &nbsp;&nbsp;&nbsp; 0.709 &nbsp;&nbsp;&nbsp;&nbsp;&nbsp; <br />
</span></p>
<p><span style="font-size: medium;">Black-Red &nbsp;&nbsp;&nbsp;&nbsp;&nbsp;&nbsp;&nbsp;&nbsp;&nbsp;&nbsp;&nbsp;&nbsp;&nbsp;&nbsp;&nbsp;&nbsp;&nbsp;&nbsp;&nbsp;&nbsp;&nbsp;&nbsp;&nbsp;&nbsp;&nbsp;&nbsp;&nbsp;&nbsp;&nbsp;&nbsp;&nbsp;&nbsp;&nbsp;&nbsp;&nbsp;&nbsp;&nbsp;&nbsp;&nbsp;&nbsp;&nbsp; 1.879 GOhms &nbsp; &nbsp; &nbsp;&nbsp; 1.07&nbsp; &nbsp; &nbsp;&nbsp; &nbsp;&nbsp; 1.17 &nbsp; &nbsp; &nbsp; &nbsp; &nbsp; 0.761 &nbsp;&nbsp;&nbsp;&nbsp;&nbsp; <br />
</span></p>
<p><span style="font-size: medium;">Green-Black &nbsp; &nbsp; &nbsp; &nbsp; &nbsp; &nbsp; &nbsp; &nbsp;&nbsp;&nbsp;&nbsp;&nbsp;&nbsp;&nbsp;&nbsp;&nbsp;&nbsp;&nbsp;&nbsp;&nbsp;&nbsp;&nbsp;&nbsp;&nbsp;&nbsp;&nbsp;&nbsp;&nbsp;&nbsp;&nbsp; 1.257 GOhms &nbsp; &nbsp; &nbsp;&nbsp; 1.05&nbsp; &nbsp; &nbsp; &nbsp; &nbsp;&nbsp; 1.14</span><span style="font-size: medium;">&nbsp; &nbsp; &nbsp; &nbsp; &nbsp;&nbsp; 1.155&nbsp; &nbsp;&nbsp;&nbsp;&nbsp; <br />
</span></p>
<p><span style="font-size: medium;">Green-Red &nbsp; &nbsp;&nbsp;&nbsp;&nbsp;&nbsp;&nbsp;&nbsp;&nbsp;&nbsp;&nbsp;&nbsp;&nbsp;&nbsp;&nbsp;&nbsp;&nbsp;&nbsp;&nbsp;&nbsp;&nbsp;&nbsp;&nbsp;&nbsp;&nbsp;&nbsp;&nbsp;&nbsp;&nbsp;&nbsp;&nbsp;&nbsp;&nbsp;&nbsp;&nbsp;&nbsp;&nbsp;&nbsp;&nbsp; 1.485 GOhms &nbsp; &nbsp; &nbsp;&nbsp; 1.07&nbsp; &nbsp; &nbsp; &nbsp;&nbsp;&nbsp;&nbsp; 1.20 &nbsp; &nbsp; &nbsp; &nbsp; &nbsp; 1.147 &nbsp;&nbsp;&nbsp;&nbsp;&nbsp; <br />
</span></p>
<p>&nbsp;</p>
<p>&nbsp;</p>
