$@MID@$: 52
Date: Mon, 02 May 2016 02:15:01 +0000
Author: AH
Type: 
Winch: 
Wire: EM Cable / CTD conductor
Category: Routine
Subject: Re-Termination .322" 
Cruise: at33-04
Attachment: 
Encoding: HTML
========================================
<p><span style="font-size: xx-large;">02 May 2016 </span></p>
<p>Megger by Allison Heater</p>
<p>-Electrical retermination by Allison Heater</p>
<p><span style="font-size: large;">Tested with:&nbsp; Model 1060 AEMC Megger - (SSSG/ComET Megger)</span></p>
<h1>S/N:<span style="mso-spacerun: yes">&nbsp;   </span>154856</h1>
<p>Fwd .322 Wire, NSF-3-C165</p>
<p>Inside tape = 157 meters</p>
<p>Outside tape = 9734 meters</p>
<p>Overall length = 9577 meters</p>
<p>Air temp:&nbsp;&nbsp; 66.2 F</p>
<p>&nbsp;</p>
<p><span style="font-size: large;"><strong>Test 1: Entire wire from deck (with new termination) through drum to computer lab j-box</strong></span></p>
<p>&nbsp;Wire pair</p>
<p><span style="font-size: medium;">Wires</span><span style="font-size: medium;">          &nbsp;&nbsp;&nbsp;&nbsp;&nbsp;&nbsp;&nbsp;&nbsp;&nbsp;&nbsp;&nbsp;&nbsp;&nbsp;&nbsp;&nbsp;&nbsp;&nbsp;&nbsp;&nbsp;&nbsp;&nbsp;&nbsp;&nbsp;&nbsp;&nbsp;&nbsp;&nbsp;&nbsp;&nbsp;&nbsp;&nbsp;&nbsp;&nbsp;&nbsp;&nbsp;&nbsp;&nbsp;&nbsp;&nbsp;&nbsp;&nbsp;&nbsp;&nbsp;&nbsp;&nbsp;&nbsp;&nbsp;                Ohms&nbsp;&nbsp;&nbsp;&nbsp;&nbsp;&nbsp;&nbsp;&nbsp;&nbsp;&nbsp;&nbsp;&nbsp;&nbsp;&nbsp;&nbsp;&nbsp;&nbsp;&nbsp;&nbsp;&nbsp;&nbsp; DAR&nbsp;&nbsp;&nbsp;&nbsp;&nbsp;&nbsp;&nbsp;&nbsp;&nbsp;&nbsp; PI &nbsp;&nbsp;&nbsp;&nbsp;&nbsp;&nbsp;&nbsp;&nbsp; microF &nbsp; &nbsp; &nbsp;&nbsp;&nbsp;&nbsp; &nbsp;     &nbsp;&nbsp; <br />
</span></p>
<p><span style="font-size: medium;">Black-White   &nbsp;&nbsp;&nbsp;&nbsp;&nbsp;&nbsp;&nbsp;&nbsp;&nbsp;&nbsp;&nbsp;&nbsp;&nbsp;&nbsp;&nbsp;&nbsp;&nbsp;&nbsp;&nbsp;&nbsp;&nbsp;&nbsp;&nbsp;&nbsp;&nbsp;&nbsp;&nbsp;&nbsp;&nbsp;&nbsp;&nbsp;&nbsp;&nbsp;&nbsp;&nbsp;&nbsp;&nbsp;&nbsp;&nbsp; 2.007 GOhms &nbsp; &nbsp; &nbsp; 1.10 &nbsp; &nbsp; &nbsp; &nbsp; &nbsp; 0.93 &nbsp; &nbsp; &nbsp; &nbsp;&nbsp; 0.757 &nbsp; &nbsp;&nbsp;&nbsp;&nbsp;&nbsp; &nbsp; &nbsp;&nbsp;&nbsp; &nbsp; &nbsp;&nbsp; &nbsp;&nbsp;&nbsp;&nbsp;&nbsp;&nbsp;&nbsp;&nbsp; &nbsp; &nbsp; &nbsp;   &nbsp; &nbsp;&nbsp; &nbsp; &nbsp; &nbsp; &nbsp; &nbsp;    </span></p>
<p><span style="font-size: medium;">Green-White &nbsp;&nbsp; &nbsp;&nbsp; &nbsp;&nbsp;&nbsp;&nbsp;&nbsp;&nbsp;&nbsp;&nbsp;&nbsp;&nbsp;&nbsp;&nbsp;&nbsp;&nbsp;&nbsp;&nbsp;&nbsp;&nbsp;&nbsp;&nbsp;&nbsp;&nbsp;&nbsp;&nbsp;&nbsp;&nbsp;&nbsp;&nbsp;&nbsp;&nbsp;&nbsp;&nbsp; 1.111 GOhms &nbsp; &nbsp; &nbsp; 1.01 &nbsp; &nbsp; &nbsp; &nbsp; &nbsp; 1.04 &nbsp; &nbsp; &nbsp; &nbsp;&nbsp; 1.075 &nbsp; &nbsp; &nbsp;&nbsp;&nbsp;&nbsp;&nbsp;&nbsp;&nbsp; <br />
</span></p>
<p><span style="font-size: medium;">White-Red &nbsp; &nbsp; &nbsp;&nbsp; &nbsp;&nbsp;&nbsp;&nbsp;&nbsp;&nbsp;&nbsp;&nbsp;&nbsp;&nbsp;&nbsp;&nbsp;&nbsp;&nbsp;&nbsp;&nbsp;&nbsp;&nbsp;&nbsp;&nbsp;&nbsp;&nbsp;&nbsp;&nbsp;&nbsp;&nbsp;&nbsp;&nbsp;&nbsp;&nbsp;&nbsp;&nbsp;&nbsp;&nbsp; 2.353 GOhms &nbsp; &nbsp; &nbsp; 1.08 &nbsp; &nbsp; &nbsp; &nbsp; &nbsp; 1.34 &nbsp; &nbsp; &nbsp; &nbsp;&nbsp; 0.706 &nbsp; &nbsp; &nbsp;&nbsp;&nbsp; &nbsp;&nbsp;&nbsp;&nbsp;&nbsp; <br />
</span></p>
<p><span style="font-size: medium;">Black-Red &nbsp;&nbsp;&nbsp;&nbsp;&nbsp;&nbsp;&nbsp;&nbsp;&nbsp;&nbsp;&nbsp;&nbsp;&nbsp;&nbsp;&nbsp;&nbsp;&nbsp;&nbsp;&nbsp;&nbsp;&nbsp;&nbsp;&nbsp;&nbsp;&nbsp;&nbsp;&nbsp;&nbsp;&nbsp;&nbsp;&nbsp;&nbsp;&nbsp;&nbsp;&nbsp;&nbsp;&nbsp;&nbsp;&nbsp;&nbsp;&nbsp;&nbsp; 2.580&nbsp; GOhms &nbsp; &nbsp;&nbsp; 1.14 &nbsp; &nbsp; &nbsp; &nbsp; &nbsp; 1.36 &nbsp; &nbsp; &nbsp; &nbsp; 0.711 &nbsp; &nbsp;&nbsp;&nbsp;&nbsp;&nbsp;&nbsp;&nbsp;&nbsp; <br />
</span></p>
<p><span style="font-size: medium;">Green-Black &nbsp; &nbsp; &nbsp; &nbsp; &nbsp; &nbsp; &nbsp; &nbsp;&nbsp;&nbsp;&nbsp;&nbsp;&nbsp;&nbsp;&nbsp;&nbsp;&nbsp;&nbsp;&nbsp;&nbsp;&nbsp;&nbsp;&nbsp;&nbsp;&nbsp;&nbsp;&nbsp;&nbsp;&nbsp;&nbsp;&nbsp; 1.335 GOhms &nbsp; &nbsp; &nbsp; 1.10 &nbsp; &nbsp; &nbsp; &nbsp; &nbsp; &nbsp; 1.01 &nbsp; &nbsp; &nbsp;&nbsp; 1.086 &nbsp; &nbsp; &nbsp;&nbsp;</span><span style="font-size: medium;"> &nbsp;&nbsp;&nbsp;&nbsp; <br />
</span></p>
<p><span style="font-size: medium;">Green-Red &nbsp; &nbsp;&nbsp;&nbsp;&nbsp;&nbsp;&nbsp;&nbsp;&nbsp;&nbsp;&nbsp;&nbsp;&nbsp;&nbsp;&nbsp;&nbsp;&nbsp;&nbsp;&nbsp;&nbsp;&nbsp;&nbsp;&nbsp;&nbsp;&nbsp;&nbsp;&nbsp;&nbsp;&nbsp;&nbsp;&nbsp;&nbsp;&nbsp;&nbsp;&nbsp;&nbsp;&nbsp;&nbsp;&nbsp;&nbsp; 1.628 GOhms &nbsp; &nbsp; &nbsp; 1.10 &nbsp; &nbsp; &nbsp; &nbsp; &nbsp;&nbsp; 1.12 &nbsp; &nbsp; &nbsp; &nbsp; 1.144 &nbsp; &nbsp;&nbsp;&nbsp; &nbsp;&nbsp;&nbsp;&nbsp;&nbsp; <br />
</span></p>
<p><strong><span style="font-size: medium;">CONTINUITY:</span></strong><span style="font-size: medium;"><br />
</span></p>
<p><span style="font-size: medium;">Red-Green&nbsp;&nbsp;&nbsp;&nbsp;&nbsp;&nbsp;&nbsp;&nbsp;&nbsp; 290 Ohms</span></p>
<p><span style="font-size: medium;">Black-Green&nbsp;&nbsp;&nbsp;&nbsp;&nbsp;&nbsp;&nbsp; 295 Ohms</span></p>
<p><span style="font-size: medium;">White-Green&nbsp;&nbsp;&nbsp;&nbsp;&nbsp;&nbsp; 296 Ohms</span></p>
<p><span style="font-size: medium;">Green-Ship&nbsp;&nbsp;&nbsp;&nbsp; 0.83 Ohms</span></p>
<p>&nbsp;</p>
<p>&nbsp;</p>
