$@MID@$: 53
Date: Sat, 28 May 2016 15:34:46 +0000
Author: AH
Type: 
Winch: Markey #1 (fore)
Wire: EM Cable / CTD conductor
Category: General Problem
Subject: Re-terminate .322" due to kinks - NAAMES cruise - at34 - May 2016
Cruise: at34
Attachment: 160528_170137_kink_cast.xlsx,160528_170151_pitch_roll_24may2016.xlsx
Encoding: HTML
========================================
<p><span style="font-size: xx-large;">24 May 2016 </span></p>
<p><span style="font-size: large;">The .322&quot; wire kinked during the first deep cast of the day.&nbsp; The cast took place from 6:09 GMT to 7:38 GMT.&nbsp; The sea state did no</span><span style="font-size: large;">t seem too bad at the time.&nbsp; There was a fairly strong surface current.&nbsp; The deck winch operator mentioned seeing the CTD kite out quite a bit on <br />
</span><span style="font-size: large;">the initial decent.&nbsp; The kinks were located at 13' and 15' from the termination (near the package)<br />
</span></p>
<p><span style="font-size: large;">There were some big rolls during the cast, but the average roll was less than 2 degrees (average pitch was close to 1 degree).</span></p>
<p>&nbsp;</p>
<p><span style="font-size: large;">The maximum tension during the cast was 3114 lbs - this occurred during the haul in while there was still&nbsp; 1255 meters of wire out.&nbsp; The tension went from about 550 lbs up to 3114 and back down to about 550 lbs over a 8 1/2 second period of time.</span></p>
<p>&nbsp;</p>
<p><span style="font-size: large;">In the top four hundred meters of the cast we had very bad loading conditions.&nbsp; The 3ps system was registering zero loads (it even registered negative at 33, 42, 62, 84, 92 and 100 meters on the way down and 47 meters on the way up).</span></p>
<p>&nbsp;</p>
<p>&nbsp;</p>
<p>&nbsp;</p>
<p>&nbsp;</p>
<p>Partial Megger by Allison Heater</p>
<p>-Electrical retermination by Allison Heater</p>
<p><span style="font-size: large;">Tested with:&nbsp; Model 1060 AEMC Megger - (SSSG/ComET Megger)</span></p>
<h1>S/N:<span style="mso-spacerun: yes">&nbsp;   </span>154856</h1>
<p>Fwd .322 Wire, NSF-3-C165</p>
<p>Inside tape = 157 meters</p>
<p>Outside tape = 9724.5 meters</p>
<p>Overall length = 9567.5 meters</p>
<p>Air temp:&nbsp;&nbsp; ~54 degrees F</p>
<p>&nbsp;</p>
<p><span style="font-size: large;"><strong>Test: Entire wire from deck (with new termination) through drum to computer lab j-box - only tested<br />
</strong></span></p>
<p><span style="font-size: large;"><strong>conductors that were to be used, as termination needed to be complete and pull tested prior to a 13:00 cast</strong></span></p>
<p>&nbsp;Wire pair</p>
<p><span style="font-size: medium;">Wires</span><span style="font-size: medium;">           &nbsp;&nbsp;&nbsp;&nbsp;&nbsp;&nbsp;&nbsp;&nbsp;&nbsp;&nbsp;&nbsp;&nbsp;&nbsp;&nbsp;&nbsp;&nbsp;&nbsp;&nbsp;&nbsp;&nbsp;&nbsp;&nbsp;&nbsp;&nbsp;&nbsp;&nbsp;&nbsp;&nbsp;&nbsp;&nbsp;&nbsp;&nbsp;&nbsp;&nbsp;&nbsp;&nbsp;&nbsp;&nbsp;&nbsp;&nbsp;&nbsp;&nbsp;&nbsp;&nbsp;&nbsp;&nbsp;&nbsp;                 Ohms&nbsp;&nbsp;&nbsp;&nbsp;&nbsp;&nbsp;&nbsp;&nbsp;&nbsp;&nbsp;&nbsp;&nbsp;&nbsp;&nbsp;&nbsp;&nbsp;&nbsp;&nbsp;&nbsp;&nbsp;&nbsp; DAR&nbsp;&nbsp;&nbsp;&nbsp;&nbsp;&nbsp;&nbsp;&nbsp;&nbsp;&nbsp; PI &nbsp;&nbsp;&nbsp;&nbsp;&nbsp;&nbsp;&nbsp;&nbsp; microF &nbsp; &nbsp; &nbsp;&nbsp;&nbsp;&nbsp; &nbsp;      &nbsp;&nbsp; <br />
</span></p>
<p><span style="font-size: medium;">  </span></p>
<p><span style="font-size: medium;">Green-Red &nbsp; &nbsp;&nbsp;&nbsp;&nbsp;&nbsp;&nbsp;&nbsp;&nbsp;&nbsp;&nbsp;&nbsp;&nbsp;&nbsp;&nbsp;&nbsp;&nbsp;&nbsp;&nbsp;&nbsp;&nbsp;&nbsp;&nbsp;&nbsp;&nbsp;&nbsp;&nbsp;&nbsp;&nbsp;&nbsp;&nbsp;&nbsp;&nbsp;&nbsp;&nbsp;&nbsp;&nbsp;&nbsp;&nbsp;&nbsp; 4.63 GOhms &nbsp; &nbsp; &nbsp; 1.17 &nbsp; &nbsp; &nbsp; &nbsp; &nbsp;&nbsp; 1.32 &nbsp; &nbsp; &nbsp; &nbsp; 1.080 &nbsp; &nbsp;&nbsp;&nbsp; &nbsp;&nbsp;&nbsp;&nbsp;&nbsp; <br />
</span></p>
<p><strong><span style="font-size: medium;">CONTINUITY:</span></strong><span style="font-size: medium;"><br />
</span></p>
<p><span style="font-size: medium;">Red-Green&nbsp;&nbsp;&nbsp;&nbsp;&nbsp;&nbsp;&nbsp;&nbsp;&nbsp; 276 Ohms</span></p>
<p><span style="font-size: medium;">Green-Ship&nbsp;&nbsp;&nbsp;&nbsp; 0.8 Ohms</span></p>
<p>&nbsp;</p>
<p><span style="font-size: large;">3-June-2016 finished Megtesting the wire - &nbsp; air temperature &nbsp; 58.5 degrees F </span></p>
<p><span style="font-size: large;">Tested with:&nbsp; Model 1060 AEMC Megger - (SSSG/ComET Megger)</span></p>
<h1>S/N:<span style="mso-spacerun: yes">&nbsp;   </span>154856</h1>
<p>&nbsp;Wire pair</p>
<p><span style="font-size: medium;">Wires</span><span style="font-size: medium;">            &nbsp;&nbsp;&nbsp;&nbsp;&nbsp;&nbsp;&nbsp;&nbsp;&nbsp;&nbsp;&nbsp;&nbsp;&nbsp;&nbsp;&nbsp;&nbsp;&nbsp;&nbsp;&nbsp;&nbsp;&nbsp;&nbsp;&nbsp;&nbsp;&nbsp;&nbsp;&nbsp;&nbsp;&nbsp;&nbsp;&nbsp;&nbsp;&nbsp;&nbsp;&nbsp;&nbsp;&nbsp;&nbsp;&nbsp;&nbsp;&nbsp;&nbsp;&nbsp;&nbsp;&nbsp;&nbsp;&nbsp;&nbsp;&nbsp;&nbsp;&nbsp;                  Ohms&nbsp;&nbsp;&nbsp;&nbsp;&nbsp;&nbsp;&nbsp;&nbsp;&nbsp;&nbsp;&nbsp;&nbsp;&nbsp;&nbsp;&nbsp;&nbsp;&nbsp;&nbsp;&nbsp;&nbsp;&nbsp; DAR&nbsp;&nbsp;&nbsp;&nbsp;&nbsp;&nbsp;&nbsp;&nbsp;&nbsp;&nbsp; PI &nbsp;&nbsp;&nbsp;&nbsp;&nbsp;&nbsp;&nbsp;&nbsp; microF &nbsp; &nbsp; &nbsp;&nbsp;&nbsp;&nbsp; &nbsp;       &nbsp;&nbsp; <br />
</span></p>
<p><span style="font-size: medium;">  </span></p>
<p><span style="font-size: medium;">Green-Red &nbsp; &nbsp;&nbsp;&nbsp;&nbsp;&nbsp;&nbsp;&nbsp;&nbsp;&nbsp;&nbsp;&nbsp;&nbsp;&nbsp;&nbsp;&nbsp;&nbsp;&nbsp;&nbsp;&nbsp;&nbsp;&nbsp;&nbsp;&nbsp;&nbsp;&nbsp;&nbsp;&nbsp;&nbsp;&nbsp;&nbsp;&nbsp;&nbsp;&nbsp;&nbsp;&nbsp;&nbsp;&nbsp;&nbsp;&nbsp; 2.578 GOhms &nbsp; &nbsp; &nbsp; &nbsp; &nbsp; 1.09 &nbsp; &nbsp;&nbsp; &nbsp; &nbsp; &nbsp;&nbsp; - &nbsp; &nbsp; &nbsp; &nbsp;&nbsp;&nbsp;&nbsp; 1.081 &nbsp; &nbsp;&nbsp;&nbsp; &nbsp;&nbsp;&nbsp;&nbsp;&nbsp; <br />
</span></p>
<p><span style="font-size: medium;">White-Green&nbsp;&nbsp;&nbsp;&nbsp;&nbsp;&nbsp;&nbsp;&nbsp;&nbsp;&nbsp;&nbsp;&nbsp;&nbsp;&nbsp;&nbsp;&nbsp;&nbsp;&nbsp;&nbsp;&nbsp;&nbsp;&nbsp;&nbsp;&nbsp;&nbsp;&nbsp;&nbsp;&nbsp;&nbsp;&nbsp;&nbsp;&nbsp;&nbsp;&nbsp;&nbsp;&nbsp;&nbsp;&nbsp;&nbsp; 2.617 GOhms&nbsp;&nbsp;&nbsp;&nbsp;&nbsp;&nbsp;&nbsp;&nbsp;&nbsp;&nbsp;&nbsp; 1.15&nbsp;&nbsp;&nbsp;&nbsp;&nbsp;&nbsp;&nbsp;&nbsp;&nbsp; 1.15&nbsp;&nbsp;&nbsp;&nbsp;&nbsp;&nbsp;&nbsp;&nbsp; 1.074</span></p>
<p><span style="font-size: medium;">Black-Green&nbsp;&nbsp;&nbsp;&nbsp;&nbsp;&nbsp;&nbsp;&nbsp;&nbsp;&nbsp;&nbsp;&nbsp;&nbsp;&nbsp;&nbsp;&nbsp;&nbsp;&nbsp;&nbsp;&nbsp;&nbsp;&nbsp;&nbsp;&nbsp;&nbsp;&nbsp;&nbsp;&nbsp;&nbsp;&nbsp;&nbsp;&nbsp;&nbsp;&nbsp;&nbsp;&nbsp;&nbsp;&nbsp;&nbsp; 2.409 GOhms&nbsp;&nbsp;&nbsp;&nbsp;&nbsp;&nbsp;&nbsp;&nbsp;&nbsp;&nbsp;&nbsp;&nbsp; 0.99&nbsp;&nbsp;&nbsp;&nbsp;&nbsp;&nbsp;&nbsp;&nbsp; 1.00&nbsp;&nbsp;&nbsp;&nbsp;&nbsp;&nbsp;&nbsp;&nbsp;&nbsp; 1.153</span></p>
<p><span style="font-size: medium;">White-Black&nbsp;&nbsp;&nbsp;&nbsp;&nbsp;&nbsp;&nbsp;&nbsp;&nbsp;&nbsp;&nbsp;&nbsp;&nbsp;&nbsp;&nbsp;&nbsp;&nbsp;&nbsp;&nbsp;&nbsp;&nbsp;&nbsp;&nbsp;&nbsp;&nbsp;&nbsp;&nbsp;&nbsp;&nbsp;&nbsp;&nbsp;&nbsp;&nbsp;&nbsp;&nbsp;&nbsp;&nbsp;&nbsp;&nbsp;&nbsp; 3.958 GOhms&nbsp;&nbsp;&nbsp;&nbsp;&nbsp;&nbsp;&nbsp;&nbsp;&nbsp;&nbsp;&nbsp;&nbsp; 1.09&nbsp;&nbsp;&nbsp;&nbsp;&nbsp;&nbsp;&nbsp;&nbsp; 1.18&nbsp;&nbsp;&nbsp;&nbsp;&nbsp;&nbsp;&nbsp;&nbsp;&nbsp; 0.716</span></p>
<p><span style="font-size: medium;">White-red&nbsp;&nbsp;&nbsp;&nbsp;&nbsp;&nbsp;&nbsp;&nbsp;&nbsp;&nbsp;&nbsp;&nbsp;&nbsp;&nbsp;&nbsp;&nbsp;&nbsp;&nbsp;&nbsp;&nbsp;&nbsp;&nbsp;&nbsp;&nbsp;&nbsp;&nbsp;&nbsp;&nbsp;&nbsp;&nbsp;&nbsp;&nbsp;&nbsp;&nbsp;&nbsp;&nbsp;&nbsp;&nbsp;&nbsp;&nbsp;&nbsp;&nbsp;&nbsp; 3.781 GOhms&nbsp;&nbsp;&nbsp;&nbsp;&nbsp;&nbsp;&nbsp;&nbsp;&nbsp;&nbsp;&nbsp;&nbsp;&nbsp; 1.00&nbsp;&nbsp;&nbsp;&nbsp;&nbsp;&nbsp;&nbsp;&nbsp; 1.03&nbsp;&nbsp;&nbsp;&nbsp;&nbsp;&nbsp;&nbsp;&nbsp; 0.748</span></p>
<p><span style="font-size: medium;">Black-Red&nbsp;&nbsp;&nbsp;&nbsp;&nbsp;&nbsp;&nbsp;&nbsp;&nbsp;&nbsp;&nbsp;&nbsp;&nbsp;&nbsp;&nbsp;&nbsp;&nbsp;&nbsp;&nbsp;&nbsp;&nbsp;&nbsp;&nbsp;&nbsp;&nbsp;&nbsp;&nbsp;&nbsp;&nbsp;&nbsp;&nbsp;&nbsp;&nbsp;&nbsp;&nbsp;&nbsp;&nbsp;&nbsp;&nbsp;&nbsp;&nbsp;&nbsp; 3.609 GOhms&nbsp;&nbsp;&nbsp;&nbsp;&nbsp;&nbsp;&nbsp;&nbsp;&nbsp;&nbsp;&nbsp;&nbsp;&nbsp; 1.01&nbsp;&nbsp;&nbsp;&nbsp;&nbsp;&nbsp;&nbsp;&nbsp; 1.01&nbsp;&nbsp;&nbsp;&nbsp;&nbsp;&nbsp;&nbsp; 0.713</span></p>
<p>&nbsp;</p>
<p><strong><span style="font-size: medium;">CONTINUITY:</span></strong><span style="font-size: medium;"><br />
</span></p>
<p><span style="font-size: medium;">Red-Green&nbsp;&nbsp;&nbsp;&nbsp;&nbsp;&nbsp;&nbsp;&nbsp;&nbsp; 276 Ohms</span></p>
<p><span style="font-size: medium;">Green-Ship&nbsp;&nbsp;&nbsp;&nbsp; 0.8 Ohms</span></p>
<p><span style="font-size: medium;">White-Green&nbsp;&nbsp;&nbsp; 291 Ohms</span></p>
<p><span style="font-size: medium;">Black-Green&nbsp;&nbsp;&nbsp;&nbsp; 283 Ohms</span></p>
<p>&nbsp;</p>
<p>&nbsp;</p>
<p>&nbsp;</p>
