$@MID@$: 54
Date: Fri, 29 Jul 2016 11:36:03 +0000
Author: AH
Type: Termination
Winch: Markey #1 (fore)
Wire: EM Cable / CTD conductor
Category: Routine
Subject: Dead-end style termination - correct size
Cruise: at36
Attachment: 
Encoding: HTML
========================================
<p><span style="font-size: x-large;">The correct size/type for the DEAD-END for a termination on the CTD</span><span style="font-size: x-large;"> is:</span></p>
<p>&nbsp;</p>
<p><span style="font-size: x-large;">GUY-GRIP DEAD-END</span></p>
<p><span style="font-size: x-large;">B-Coat Galvanized Steel</span></p>
<p><span style="font-size: x-large;">GDE4106&nbsp;&nbsp; (or does it say GDE1106</span></p>
<p><span style="font-size: x-large;">Galvanized Steel Strand</span></p>
<p><span style="font-size: x-large;">5/16&quot;, 3W-7W</span></p>
<p>&nbsp;</p>
<p><span style="font-size: x-large;">Should have a black spray paint mark near the eye area.</span></p>
