$@MID@$: 4
Date: Mon, 27 Sep 2010 09:10:01 +0000
Author: AH
S/N: 548226 2328
Cruise: 
Chief Scientist: 
Who: WHOI
Status: in
Attachment: 
Encoding: HTML
========================================
<p>Returned to Atlantis - data removed - reformatted</p>
$@MID@$: 5
Date: Mon, 27 Sep 2010 09:11:11 +0000
Author: AH
S/N: 548226 2031
Cruise: 
Chief Scientist: 
Who: science
Status: in
Attachment: 
Encoding: HTML
========================================
<p>returned to Atlantis - data removed - reformatted&nbsp; </p>
