$@MID@$: 40
Date: Mon, 09 Nov 2015 15:19:43 +0000
Author: AH - gleaned from email - but undocumented
Type: Configuration
Category: sensor
Sensor: Other
S/N: sbe32 - 0219
Calibration Date: 
Subject / Summary: New Carousel
Cruise: at32
link: 
Revisions: 
Attachment: 
Encoding: HTML
========================================
<p>It appears, from an Aug 12 email that our CTD SBE 32 carousel was sent in and a new one installed</p>
<p>On 8/12/2015 10:45 AM, shipping@whoi.edu wrote:<br />
&gt; Request number: 49847<br />
&gt; Link to view request: http://shipreq.whoi.edu/shipreq/SRpages/ViewSRRequest.aspx?iid=49847<br />
&gt; Submit date: 8/12/2015 10:45:29 AM<br />
&gt; Requestor first name: Marshall<br />
&gt; Requestor last name: Swartz<br />
&gt; Ship To: Master R/V Atlantis<br />
&gt; WHOI tag number:<br />
&gt; Items:<br />
&gt;&nbsp;&nbsp;&nbsp;&nbsp;&nbsp;&nbsp; Quantity&nbsp;&nbsp;&nbsp;&nbsp;&nbsp;&nbsp;&nbsp; Description&nbsp;&nbsp;&nbsp;&nbsp; Value<br />
&gt;&nbsp;&nbsp;&nbsp;&nbsp;&nbsp;&nbsp; 1&nbsp;&nbsp;&nbsp;&nbsp;&nbsp;&nbsp;&nbsp;&nbsp;&nbsp;&nbsp;&nbsp;&nbsp;&nbsp;&nbsp; SBE32 s/n 0219 with hub in HT plywood box&nbsp;&nbsp;&nbsp;&nbsp;&nbsp;&nbsp; 18500<br />
&gt;&nbsp;&nbsp;&nbsp;&nbsp;&nbsp;&nbsp; <br />
&gt; Remarks: SHIPS SPARES IN TRANSIT<br />
&gt; <br />
Date: Wed, 12 Aug 2015 19:02:29 +0000 (UTC)<br />
From: atlantis sssg &lt;sssg@atlantis.whoi.edu&gt;<br />
To: David C. Fisichella &lt;dfisichella@whoi.edu&gt;, sssg@whoi.edu<br />
Subject: CTD Problem<br />
<br />
<br />
Hi David,<br />
<br />
&nbsp; During our first CTDs, we had problems with #22 bottle trigger.&nbsp; The potting compund for that trigger<br />
is delaminating.&nbsp; We can finish this cruise with no problem since we don't need all the bottles.<br />
Marshall is sending a replacement SBE32 to Greenland for next cruise.<br />
<br />
aloha,<br />
ds<br />
&nbsp;</p>
