$@MID@$: 16
Date: Mon, 03 Apr 2017 23:05:50 +0000
Author: Catie
Type: Configuration
Category: Software
equipment: Sonardyne software
Subject: CASIUS Survey
Cruise: at37-11
Attachment: 170403_230133_CASIUSReport.pdf
Encoding: HTML
========================================
<p>New CASIUS survey performed 2-3 April 2017 to compensate for Phins pitch angle sign change made on 18 March 2017 from -0.142 to +0.142.</p>
<p>Full report attached.</p>
<p>New offsets entered for dive 4879:</p>
<p>Transceiver starboard offset: -2.34 (old: -210)</p>
<p>Transceiver forward offset: -6.30 (old: -6.12)</p>
<p>Transceiver pitch: -0.20 (old: +0.18)</p>
<p>Transceiver roll: 0.06 (old: -0.01)</p>
<p>Transceiver heading: +2.26 (old: +2.09)</p>
<p>These new values altered x-y's on the seafloor by about 12 meters.</p>
<p>&nbsp;</p>
