$@MID@$: 20
Date: Mon, 30 Oct 2017 12:59:02 +0000
Author: Catie
Type: Configuration
Category: Hardware
equipment: Sonardyne software
Subject: New Ranger2 NSH & computer installed 15 Aug 2017
Cruise: at39-01
Attachment: 171030_133727_IP_address_for_Alvin_Net.jpg,171030_133751_NSH-FW-PreUpdate-mjs.png,171030_133758_Ranger_on_Start_OFF.png,171030_133812_Ranger2-beacon-setup.jpg,171030_133812_Ranger2-Environmental-settings.jpg,171030_133834_usbl-2-dvl-INI.jpg,171030_133834_Ranger2-GPS-CRP-offsets.jpg,171030_133834_Ranger2-MainScreen-for-Alvin.jpg,171030_133834_Ranger2-Options-System-setup.jpg,171030_133834_Ranger2-Options-View-setup.jpg,171030_133834_Ranger2-port-setup.jpg,171030_133834_Ranger2-System_Setup-TOD.jpg,171030_133834_Ranger2-System-Setup-NSH1.jpg,171030_133834_Ranger2-System-Setup-PAN.jpg,171030_133834_Ranger2-telegram-setup.jpg,171030_133834_Ranger2-Tools-Setup.jpg,171030_133834_Ranger2-Transceiver-CRP-offset.jpg,171030_133834_Ranger2-Transceiver-Pitch-Roll-Heading-offsets.jpg
Encoding: HTML
========================================
<p>New Ranger 2 NSH unit &amp; computer installed 15 Aug 2017 by mike skowronski.</p>

<p>Initial setup screenshots and job files attached (*some settings are not correct. See follow up entries for corrections)</p>
$@MID@$: 21
Date: Mon, 30 Oct 2017 13:40:35 +0000
Author: Catie
Type: Configuration
Category: Hardware
equipment: Sonardyne software
Subject: Working settings for new Ranger2 after first cruise of use
Cruise: at39-01
Attachment: 171030_134205_Untitled21.jpg,171030_134205_Untitled.jpg,171030_134205_Untitled2.jpg,171030_134205_Untitled3.jpg,171030_134205_Untitled4.jpg,171030_134205_Untitled5.jpg,171030_134205_Untitled6.jpg,171030_134205_Untitled7.jpg,171030_134205_Untitled8.jpg,171030_134205_Untitled9.jpg,171030_134205_Untitled10.jpg,171030_134205_Untitled11.jpg,171030_134205_Untitled12.jpg,171030_134205_Untitled13.jpg,171030_134205_Untitled14.jpg,171030_134205_Untitled15.jpg,171030_134205_Untitled16.jpg,171030_134205_Untitled17.jpg,171030_134205_Untitled18.jpg,171030_134205_Untitled19.jpg,171030_134205_Untitled20.jpg
Encoding: HTML
========================================

$@MID@$: 22
Date: Mon, 30 Oct 2017 13:48:22 +0000
Author: Catie
Type: Routine
Category: General
equipment: beacon | Sonardyne software
Subject: Protocol/syntax for SMS messages in Ranger2
Cruise: at39-01
Attachment: 
Encoding: HTML
========================================
<p>When initially sending SMS messages through Ranger2 manual command window, you will get &quot;Please select transceiver!!!&quot; error messages.</p>

<p>Send &quot;ADM1009&quot; command in manual command window to give transceiver an address to communicate for SMS messages.</p>

<p>To confirm SMS operation, send messages of the form &quot;SMS:0183,P0,A1,R0|test&quot;. Reply should be &quot;SMS:0813,P0,A1,R0 SMS:813,ACK&quot;.</p>

<p>Or send message &quot;SMS:0813,P0,A0,R1|test&quot;. Reply should be &quot;SMS:0813,P0,A0,R1 SMS:813,Rxxxxxxx&quot;.</p>

<p>There seems to be big issues with noise, when lots of other noise in the water it will take 10 or 20 tries to get a successful reply.</p>
