$@MID@$: 3
Date: Fri, 03 May 2013 13:29:55 +0000
Author: lstolp
Type: Configuration
Category: General
Subject: PORT FBB configuration
Cruise: WHOIDock
Attachment: 
Encoding: HTML
========================================
<div id="magicdomid32">
<ul class="list-bullet4">
    <li><span>LAN 1&nbsp;&nbsp; SHIP feed</span>
    <ul class="list-bullet4">
        <li><span>IP number: &nbsp;&nbsp;&nbsp; 216.86.248.176</span></li>
        <li><span> User: A108155 &nbsp;&nbsp;&nbsp;&nbsp; <br />
        </span></li>
        <li><span>automatic activation: active</span></li>
        <li><span>status: active</span></li>
        <li><span>plugged into 8 port netgear switch which has<br />
        </span>
        <ul class="list-bullet4">
            <li><span>FBB Computer</span></li>
            <li><span>Cheng FBB Feed</span></li>
            <li><span>Masrter FBB Feed</span></li>
            <li><span>Voip modem</span></li>
            <li><span>FBB Radio Table (DataTransfer switch)</span>
            <ul class="list-bullet4">
                <li><span>ShipNet </span></li>
                <li><span>FBB</span></li>
                <li><span>IP Camera</span></li>
            </ul>
            </li>
            <li><span>Bridge MAXSEA Data Transfer Switch</span>
            <ul class="list-bullet4">
                <li><span>FBB</span></li>
                <li><span>Ship network</span></li>
            </ul>
            </li>
        </ul>
        </li>
    </ul>
    </li>
</ul>
</div>
<div id="magicdomid36">
<ul>
    <li>LAN 2&nbsp;&nbsp; SSSG
    <ul>
        <li>IP number: 216.86.248.177</li>
        <li><span>user: B</span><span>108155</span></li>
        <li><span>automatic activation: active</span></li>
        <li><span>status: active</span></li>
        <li>Goes to White 04-51-0 which is split (with ethernet splitter) with science port</li>
        <li>blue on ethernet splitter to computer lab</li>
        <li>goes to a 4 port netgear swith which also feeds:
        <ul>
            <li>COMET shop</li>
            <li>mailhost (not in use)</li>
        </ul>
        </li>
    </ul>
    </li>
</ul>
</div>
<div id="magicdomid40">
<ul>
    <li><span>LAN 3&nbsp; SCIENCE</span>
    <ul>
        <li>IP number: 216.86.248.179</li>
        <li><span>user: C108155</span></li>
        <li><span>status: Acitve</span></li>
        <li><span>plugged into Gigabit 0/2&nbsp; C2900 router</span>
        <ul>
            <li><span>set to Bridge mode<br />
            </span></li>
            <li><span>HSN-over-FBB </span></li>
        </ul>
        </li>
    </ul>
    </li>
</ul>
</div>
<div id="magicdomid46">
<ul>
    <li><span>LAN 4 Handset</span><span><br />
    </span>
    <ul>
        <li><span><span>user:&nbsp; rd108155</span>&nbsp;&nbsp;&nbsp; as of 2017-Feb (and before )<br />
        </span></li>
    </ul>
    </li>
</ul>
<p>&nbsp;</p>
<ul>
    <li><span>Atlantis Streaming</span>
    <ul>
        <li><span>A987165</span></li>
    </ul>
    </li>
</ul>
</div>
$@MID@$: 4
Date: Fri, 03 May 2013 13:34:58 +0000
Author: lstolp
Type: Configuration
Category: Hardware
Subject: STBD FBB
Cruise: WHOIDock
Attachment: 
Encoding: HTML
========================================
<div id="magicdomid32">
<ul class="list-bullet4">
    <li><span>LAN 1&nbsp;&nbsp; SHIP feed</span>
    <ul class="list-bullet4">
        <li><span>IP number: &nbsp;&nbsp;&nbsp; 216.86.242.74</span></li>
        <li><span> User: PA4174016 &nbsp;&nbsp;&nbsp;&nbsp; <br />
        </span></li>
        <li><span>automatic activation: active</span></li>
        <li><span>status: active</span></li>
        <li><span>black cable that goes into ????<br />
        </span></li>
    </ul>
    </li>
</ul>
</div>
<div id="magicdomid36">
<ul>
    <li>LAN 2&nbsp;&nbsp; SSSG
    <ul>
        <li>IP number: 216.86.242.249</li>
        <li><span>user: PA174016<br />
        </span></li>
        <li><span>automatic activation: active</span></li>
        <li><span>status: active</span></li>
        <li>goes to red port of 04-51-0 which is split (ethernet splitter) blue with science net (red)</li>
        <li>mailhost feed</li>
    </ul>
    </li>
</ul>
</div>
<div id="magicdomid40">
<ul>
    <li><span>LAN 3&nbsp; SCIENCE</span>
    <ul>
        <li>IP number: 216.86.249.253</li>
        <li><span>user: PA74016<br />
        </span></li>
        <li><span>status: Acitve</span></li>
        <li>goes to red port of 04-51-0 which is split (ethernet splitter) blue with science net (red)</li>
        <li><span>plugged into Fastethernet 0/0/0 on C2900 router</span>
        <ul>
            <li><span>set as gateway of last resort</span></li>
        </ul>
        </li>
    </ul>
    </li>
</ul>
</div>
<div id="magicdomid46"><br />
<div id="magicdomid74">
<ul class="list-bullet1">
    <li><span>LAN 4 Handset&nbsp;&nbsp;&nbsp;&nbsp;&nbsp;</span></li>
    <p>&nbsp;</p>
</ul>
</div>
<div id="magicdomid75">
<p style="margin-left: 80px;"><span>User PR1314156&nbsp;&nbsp;&nbsp;&nbsp;&nbsp;&nbsp; pw = 51u3k85</span></p>
</div>
<div id="magicdomid76">&nbsp;</div>
<div id="magicdomid77">
<ul class="list-bullet1">
    <li><span>ATLANTIS STREAMING (up to 128k enabled)</span></li>
</ul>
</div>
<div id="magicdomid78">
<p style="margin-left: 80px;"><span>User: PU174017&nbsp;&nbsp;&nbsp;&nbsp;&nbsp;&nbsp;&nbsp; pw = same</span></p>
</div>
</div>
