$@MID@$: 1
Date: Fri, 10 May 2013 17:13:58 +0000
Author: AH
S/N: 
Type: Inventory
Category: General
Subject: CORING EQUIPMENT - Ellen dropped off some coring gear May 2013
Cruise: atpostat2502
Attachment: 
Encoding: HTML
========================================
<p>
<meta content="" name="Title" />
<meta content="" name="Keywords" />
<meta content="text/html; charset=utf-8" http-equiv="Content-Type" />
<meta content="Word.Document" name="ProgId" />
<meta content="Microsoft Word 11" name="Generator" />
<meta content="Microsoft Word 11" name="Originator" />
<link href="file://localhost/Users/aheater/Library/Caches/TemporaryItems/msoclip1/01/clip_filelist.xml" rel="File-List" /> <!--[if gte mso 9]><xml>
<o:DocumentProperties>
<o:Template>Normal</o:Template>
<o:Revision>0</o:Revision>
<o:TotalTime>0</o:TotalTime>
<o:Pages>1</o:Pages>
<o:Words>43</o:Words>
<o:Characters>250</o:Characters>
<o:Lines>2</o:Lines>
<o:Paragraphs>1</o:Paragraphs>
<o:CharactersWithSpaces>307</o:CharactersWithSpaces>
<o:Version>11.1282</o:Version>
</o:DocumentProperties>
<o:OfficeDocumentSettings>
<o:AllowPNG />
</o:OfficeDocumentSettings>
</xml><![endif]--><!--[if gte mso 9]><xml>
<w:WordDocument>
<w:Zoom>0</w:Zoom>
<w:DoNotShowRevisions />
<w:DoNotPrintRevisions />
<w:DisplayHorizontalDrawingGridEvery>0</w:DisplayHorizontalDrawingGridEvery>
<w:DisplayVerticalDrawingGridEvery>0</w:DisplayVerticalDrawingGridEvery>
<w:UseMarginsForDrawingGridOrigin />
</w:WordDocument>
</xml><![endif]--> <style type="text/css">
<!--
 /* Font Definitions */
@font-face
	{font-family:"Times New Roman";
	panose-1:0 2 2 6 3 5 4 5 2 3;
	mso-font-charset:0;
	mso-generic-font-family:auto;
	mso-font-pitch:variable;
	mso-font-signature:50331648 0 0 0 1 0;}
 /* Style Definitions */
p.MsoNormal, li.MsoNormal, div.MsoNormal
	{mso-style-parent:"";
	margin:0in;
	margin-bottom:.0001pt;
	mso-pagination:widow-orphan;
	font-size:12.0pt;
	font-family:"Times New Roman";}
table.MsoNormalTable
	{mso-style-parent:"";
	font-size:10.0pt;
	font-family:"Times New Roman";}
@page Section1
	{size:8.5in 11.0in;
	margin:1.0in 1.25in 1.0in 1.25in;
	mso-header-margin:.5in;
	mso-footer-margin:.5in;
	mso-paper-source:0;}
div.Section1
	{page:Section1;}
 /* List Definitions */
@list l0
	{mso-list-id:1613976996;
	mso-list-type:hybrid;
	mso-list-template-ids:-1106576310 1115145 1639433 1770505 984073 1639433 1770505 984073 1639433 1770505;}
@list l0:level1
	{mso-level-text:"%1\)";
	mso-level-tab-stop:.5in;
	mso-level-number-position:left;
	text-indent:-.25in;}
ol
	{margin-bottom:0in;}
ul
	{margin-bottom:0in;}
-->
</style>  <!--StartFragment-->
<p class="MsoNormal">R/V Atlantis-Giant Gravity Core Supplies:</p>
<p class="MsoNormal"><!--[if !supportEmptyParas]-->&nbsp;<!--[endif]--><o:p></o:p></p>
<p style="margin-left: 0.5in; text-indent: -0.25in;" class="MsoNormal"><!--[if !supportLists]-->1)<span style="font: 7pt &quot;Times New Roman&quot;;">&nbsp;&nbsp;&nbsp; </span><!--[endif]-->7 core cutters</p>
<p style="margin-left: 0.5in; text-indent: -0.25in;" class="MsoNormal"><!--[if !supportLists]-->2)<span style="font: 7pt &quot;Times New Roman&quot;;">&nbsp;&nbsp;&nbsp; </span><!--[endif]-->10 core catchers</p>
<p style="margin-left: 0.5in; text-indent: -0.25in;" class="MsoNormal"><!--[if !supportLists]-->3)<span style="font: 7pt &quot;Times New Roman&quot;;">&nbsp;&nbsp;&nbsp; </span><!--[endif]-->1 top jig</p>
<p style="margin-left: 0.5in; text-indent: -0.25in;" class="MsoNormal"><!--[if !supportLists]-->4)<span style="font: 7pt &quot;Times New Roman&quot;;">&nbsp;&nbsp;&nbsp; </span><!--[endif]-->2 pipe cutter + spare wheels for each</p>
<p style="margin-left: 0.5in; text-indent: -0.25in;" class="MsoNormal"><!--[if !supportLists]-->5)<span style="font: 7pt &quot;Times New Roman&quot;;">&nbsp;&nbsp;&nbsp; </span><!--[endif]-->top bolts and flat washers</p>
<p style="margin-left: 0.5in; text-indent: -0.25in;" class="MsoNormal"><!--[if !supportLists]-->6)<span style="font: 7pt &quot;Times New Roman&quot;;">&nbsp;&nbsp;&nbsp; </span><!--[endif]-->bottom screws</p>
<p style="margin-left: 0.5in; text-indent: -0.25in;" class="MsoNormal"><!--[if !supportLists]-->7)<span style="font: 7pt &quot;Times New Roman&quot;;">&nbsp;&nbsp;&nbsp; </span><!--[endif]-->socket wrench 5/8 and &frac34;</p>
<p style="margin-left: 0.5in; text-indent: -0.25in;" class="MsoNormal"><!--[if !supportLists]-->8)<span style="font: 7pt &quot;Times New Roman&quot;;">&nbsp;&nbsp;&nbsp; </span><!--[endif]-->core cutter taps + handle</p>
<p style="margin-left: 0.5in; text-indent: -0.25in;" class="MsoNormal"><!--[if !supportLists]-->9)<span style="font: 7pt &quot;Times New Roman&quot;;">&nbsp;&nbsp;&nbsp; </span><!--[endif]-->bits for both top (spade) and bottom</p>
<p style="margin-left: 0.5in; text-indent: -0.25in;" class="MsoNormal"><!--[if !supportLists]-->10)<span style="font: 7pt &quot;Times New Roman&quot;;"> </span><!--[endif]-->electric tape: 33, super 88 1 1/2&rdquo; and super 88 2&rdquo;</p>
<!--EndFragment--></p>
