$@MID@$: 56
Date: Sat, 03 Jun 2017 19:59:21 +0000
Author: Catie
S/N: 
Type: notes
equipment: Network Monitoring Tools
Subject: Wireshark command examples
Cruise: at37-13
Attachment: 
Encoding: HTML
========================================
<p>&nbsp;tcpdump -i eth5 -vvv -w /tmp/thisismyfilename.cap</p>

<p>&nbsp;tcpdump -i eth3 -vvv -w /tmp/computerdoingstuff.cap</p>

<p>tcpdump -nnnevv &nbsp;eth# &nbsp;host 224.0.0.1 &nbsp; &nbsp; &nbsp; &nbsp; &nbsp; &nbsp; &nbsp; &nbsp; &nbsp; &nbsp; &nbsp;# looks at multicaste packest on eth# verbosely w/out doing and DNS (much faster)</p>

<p>tcpdump -nnevv -i eth# host 199.92.161.42 and not host 199.92.161.115</p>

<p>TO MIRROR a port on a smartswitch</p>

<p>config t</p>

<p>int gi ##</p>

<p>port monitor gi ##</p>

<p>&nbsp;</p>

<p><br />
&nbsp;</p>
