$@MID@$: 57
Date: Tue, 26 Sep 2017 20:15:43 +0000
Author: lstolp
S/N: N/A
Type: Configuration
equipment: HIVE
Subject: HIVE Wireless install
Cruise: at38
Attachment: 
Encoding: HTML
========================================
<table border="1" cellpadding="0" cellspacing="0" dir="ltr">
	<tbody>
		<tr>
			<td>HiveAP wireless</td>
			<td>HIVE manager</td>
			<td>Computer Lab</td>
			<td>main deck</td>
			<td>192.168.11.220</td>
			<td>&nbsp;</td>
		</tr>
		<tr>
			<td>C2960x-1 port 10</td>
			<td>ap-hive1</td>
			<td>TopLab</td>
			<td>04 deck</td>
			<td>192.168.11.221</td>
			<td>08:ea:44:79:2a:40</td>
		</tr>
		<tr>
			<td>C2960x-1 port 12</td>
			<td>ap-hive2</td>
			<td>Chief Scientists Cabin</td>
			<td>03 deck</td>
			<td>192.168.11.222</td>
			<td>08:ea:44:79:34:40</td>
		</tr>
		<tr>
			<td>C2960x-1 port 11</td>
			<td>ap-hive3</td>
			<td>Expedition Leader Cabin</td>
			<td>02 deck</td>
			<td>192.168.11.223</td>
			<td>08:ea:44:79:34:80</td>
		</tr>
		<tr>
			<td>C2960x-1 port 9</td>
			<td>ap-hive4</td>
			<td>Library</td>
			<td>01 deck</td>
			<td>192.168.11.224</td>
			<td>00:19:77:4e:90:00</td>
		</tr>
		<tr>
			<td>C2960x-1 port 16</td>
			<td>ap-hive5</td>
			<td>1st engineers cabin</td>
			<td>01 deck</td>
			<td>192.168.11.225</td>
			<td>08:ea:44:79:34:00</td>
		</tr>
		<tr>
			<td>SG28-2 port 1</td>
			<td>ap-hive6</td>
			<td>FRWD Main Lab</td>
			<td>main</td>
			<td>192.168.11.226</td>
			<td>00:19:77:4e:39:40</td>
		</tr>
		<tr>
			<td>C2960x-1 port 14</td>
			<td>ap-hive7</td>
			<td>Computer Lab</td>
			<td>main</td>
			<td>192.168.11.227</td>
			<td>08:ea:44:79:2A:00</td>
		</tr>
		<tr>
			<td>SG10-1 port 6</td>
			<td>ap-hive8</td>
			<td>HydroLab</td>
			<td>main</td>
			<td>192.168.11.228</td>
			<td>00:19:77:4e:90:80</td>
		</tr>
		<tr>
			<td>C2960x-1 port 13</td>
			<td>ap-hive9</td>
			<td>Forward Cabin Area 2-31</td>
			<td>2nd deck</td>
			<td>192.168.11.229</td>
			<td>00:19:77:4e:47:80</td>
		</tr>
		<tr>
			<td>C2960x-1 port 16</td>
			<td>ap-hive10</td>
			<td>Dave Sims SSSG Cabin</td>
			<td>2nd deck</td>
			<td>192.168.11.230</td>
			<td>00:19:77:4e:41:00</td>
		</tr>
		<tr>
			<td>SG28-1 port 1</td>
			<td>ap-hive11</td>
			<td>Alvin Shop</td>
			<td>01 deck</td>
			<td>192.168.11.231</td>
			<td>00:19:77:4e:39:00</td>
		</tr>
		<tr>
			<td>&nbsp;</td>
			<td>spare-hive</td>
			<td>&nbsp;</td>
			<td>&nbsp;</td>
			<td>&nbsp;</td>
			<td>&nbsp;</td>
		</tr>
		<tr>
			<td>&nbsp;</td>
			<td>ap-deckhive1</td>
			<td>in chart room temp</td>
			<td>04 deck</td>
			<td>192.168.11.234</td>
			<td>e0:1c:41:08:90:00</td>
		</tr>
		<tr>
			<td>SG28-2 port 1</td>
			<td>ap-deckhive2</td>
			<td>ALVIN ET shop to doghouse</td>
			<td>04 deck</td>
			<td>192.168.11.235</td>
			<td>e0:1c:41:07:ff:c0</td>
		</tr>
		<tr>
			<td>&nbsp;</td>
			<td>ap-deckhive3</td>
			<td>spare</td>
			<td>&nbsp;</td>
			<td>192.168.11.236</td>
			<td>e0:1c:41:e4:d6:20</td>
		</tr>
	</tbody>
</table>
$@MID@$: 58
Date: Tue, 26 Sep 2017 20:18:00 +0000
Author: lstolp
S/N: c2960x-1
Type: Configuration
equipment: C2960x
Subject: C2960x-1 Stacking module swapped out
Cruise: at38
Attachment: 
Encoding: HTML
========================================
<p>The two C2960x switches are stacked in the computer lab. The stacking module seemed to fail during the NAMMES cruise, was swapped out in port:</p>

<p>AT2960X-1#</p>

<p>AT2960X-1#show switch detail</p>

<p>Switch/Stack Mac Address : 08cc.a76b.3680</p>

<p>&nbsp;&nbsp; &nbsp; &nbsp; &nbsp; &nbsp; &nbsp; &nbsp; &nbsp; &nbsp; &nbsp; &nbsp; &nbsp; &nbsp; &nbsp; &nbsp; &nbsp; &nbsp; &nbsp; &nbsp; &nbsp; &nbsp; H/W &nbsp; Current</p>

<p>Switch#&nbsp; Role &nbsp; Mac Address &nbsp; &nbsp; Priority Version&nbsp; State&nbsp;</p>

<p>----------------------------------------------------------</p>

<p>*1 &nbsp; &nbsp; &nbsp; Master 08cc.a76b.3680 &nbsp; &nbsp; 14 &nbsp; &nbsp; 4 &nbsp; &nbsp; &nbsp; Ready&nbsp; &nbsp; &nbsp; &nbsp; &nbsp; &nbsp; &nbsp; &nbsp;</p>

<p>&nbsp;2 &nbsp; &nbsp; &nbsp; Member 08cc.a7af.3380 &nbsp; &nbsp; 5&nbsp; &nbsp; &nbsp; 4 &nbsp; &nbsp; &nbsp; Ready&nbsp; &nbsp; &nbsp; &nbsp; &nbsp; &nbsp; &nbsp; &nbsp;</p>

<p>&nbsp;</p>

<p>&nbsp;</p>

<p>&nbsp;</p>

<p>&nbsp;&nbsp; &nbsp; &nbsp; &nbsp; Stack Port Status &nbsp; &nbsp; &nbsp; &nbsp; &nbsp; &nbsp; Neighbors&nbsp; &nbsp; &nbsp;</p>

<p>Switch#&nbsp; Port 1 &nbsp; &nbsp; Port 2 &nbsp; &nbsp; &nbsp; &nbsp; &nbsp; Port 1 &nbsp; Port 2&nbsp;</p>

<p>--------------------------------------------------------</p>

<p>&nbsp; 1&nbsp; &nbsp; &nbsp; &nbsp; Ok &nbsp; &nbsp; &nbsp; &nbsp; Ok&nbsp; &nbsp; &nbsp; &nbsp; &nbsp; &nbsp; &nbsp; &nbsp; 2&nbsp; &nbsp; &nbsp; &nbsp; 2&nbsp;</p>

<p>&nbsp; 2&nbsp; &nbsp; &nbsp; &nbsp; Ok &nbsp; &nbsp; &nbsp; &nbsp; Ok&nbsp; &nbsp; &nbsp; &nbsp; &nbsp; &nbsp; &nbsp; &nbsp; 1&nbsp; &nbsp; &nbsp; &nbsp; 1&nbsp;</p>

<p>&nbsp;</p>

<p>AT2960X-1#show switch stack-ports</p>

<p>&nbsp; Switch #&nbsp; &nbsp; Port 1 &nbsp; &nbsp; &nbsp; Port 2&nbsp;</p>

<p>&nbsp; --------&nbsp; &nbsp; ------ &nbsp; &nbsp; &nbsp; ------&nbsp;</p>

<p>&nbsp; &nbsp; 1 &nbsp; &nbsp; &nbsp; &nbsp; &nbsp; Ok &nbsp; &nbsp; &nbsp; &nbsp; &nbsp; Ok&nbsp; &nbsp;</p>

<p>&nbsp; &nbsp; 2 &nbsp; &nbsp; &nbsp; &nbsp; &nbsp; Ok &nbsp; &nbsp; &nbsp; &nbsp; &nbsp; Ok&nbsp; &nbsp;</p>

<p>&nbsp;</p>

<p>AT2960X-1#show switch ne</p>

<p>AT2960X-1#show switch neighbors&nbsp;</p>

<p>&nbsp; Switch #&nbsp; &nbsp; Port 1 &nbsp; &nbsp; &nbsp; Port 2</p>

<p>&nbsp; --------&nbsp; &nbsp; ------ &nbsp; &nbsp; &nbsp; ------</p>

<p>&nbsp; &nbsp; &nbsp; 1 &nbsp; &nbsp; &nbsp; &nbsp; 2 &nbsp; &nbsp; &nbsp; &nbsp; &nbsp; &nbsp; 2 &nbsp;</p>

<p>&nbsp; &nbsp; &nbsp; 2 &nbsp; &nbsp; &nbsp; &nbsp; 1 &nbsp; &nbsp; &nbsp; &nbsp; &nbsp; &nbsp; 1 &nbsp;</p>

<p>&nbsp;</p>

<p>Error message to console port showed that the switch did not recognize the module, complained about it not being a cisco.</p>

<p>&nbsp;</p>

<p>AT2960X-1#show switch stack-ring speed&nbsp;</p>

<p>&nbsp;</p>

<p>Stack Ring Speed&nbsp; &nbsp; &nbsp; &nbsp; : 20G</p>

<p>Stack Ring Configuration: Full</p>

<p>Stack Ring Protocol &nbsp; &nbsp; : FlexStack</p>

<p>&nbsp;</p>
