$@MID@$: 68
Date: Thu, 13 Nov 2014 17:16:33 +0000
Author: AH
Type: Configuration
name: linus
server type: mail
OS: Linux
Location: Computer Lab
Category: Other
Subject: SQUIRREL MAIL attachment size
Cruise: at26-23
Attachment: 
Encoding: HTML
========================================
<p>I increased the attachment size in squirrel mail to 5MB.&nbsp; Used info. found in link Catie found:</p>
<p>http://squirrelmail.org/wiki/AttachmentSize</p>
<p>&nbsp;</p>
<p>
<h3>Uploading the attachment to the server</h3>
<p><strong>Limitations in PHP</strong></p>
<p>PHP sets limits on the maximum files size when uploading files to the server.  To change this limit, you need to edit the <tt>php.ini</tt> configuration file. The values you will need to increase or decrease are:</p>
<ul>
    <li><a rel="nofollow" href="http://php.net/manual/en/ini.core.php#ini.memory-limit">[memory_limit]</a></li>
    <li><a rel="nofollow" href="http://php.net/manual/en/ini.core.php#ini.post-max-size">[post_max_size]</a></li>
    <li><a rel="nofollow" href="http://php.net/manual/en/ini.core.php#ini.upload-max-filesize">[upload_max_filesize]</a></li>
</ul>
<p>The values can be set in bytes (1,048,576 per MB) or they can be set by MB by appending the value with an &quot;M&quot;, i.e. 8M.</p>
<p>To upload large files, <tt>post_max_size</tt> must be larger than <tt>upload_max_filesize</tt>. If memory limit is enabled by configure script, <tt>memory_limit</tt> also affects file uploading. Generally speaking, <tt>memory_limit</tt> should be larger than <tt>post_max_size</tt>. <a rel="nofollow" href="http://php.net/manual/en/configuration.php#ini.post-max-size">[1]</a></p>
(SIDE NOTE:&nbsp; I did not find a <a rel="nofollow" href="http://httpd.apache.org/docs/mod/core.html#limitrequestbody">[LimitRequestBody]</a> in any apache config files that needed changing)</p>
<p>The only value I changed was upload_max_filesize (changed to 8M)</p>
<p>once complete I restarted dovecot and apache2 (not sure I needed to restart both, but I did).&nbsp; I tested the new limit, and it appears to work.</p>
