$@MID@$: 66
Date: Mon, 03 Nov 2014 09:53:51 +0000
Author: dsims
Type: Fix
name: mars
server type: 
OS: Windows
Location: Computer Lab
Category: Software
Subject: new power supply and LIFE! Also Win7
Cruise: at26-23
Attachment: 
Encoding: HTML
========================================
<p>&nbsp; I replaced the power supply in Mars with a 450W one.&nbsp; Since then, Mars has been stable.</p>
<p>&nbsp; I also installed Win7, with XP as a dual boot fallback.</p>
<p>&nbsp;</p>
<p>&nbsp;</p>
$@MID@$: 67
Date: Mon, 03 Nov 2014 10:09:24 +0000
Author: dsims
Type: Configuration
name: Windows Computers
server type: 
OS: Windows
Location: 
Category: Software
Subject: Auto Update Configuration with NTC Server
Cruise: at26-23
Attachment: 
Encoding: HTML
========================================
<p>&nbsp; I have been setting the General Use Windows machines to use NTC Server as the update server.&nbsp; </p>
<p>&nbsp; To do this:</p>
<p>Search: gpedit.msc and run it.</p>
<p>Under Computer Configuration</p>
<p>Admin Templates -&gt; Windows Components -&gt; Windows Update</p>
<p>Open Specify Intranet Microsoft Update Service Location</p>
<p>Click on Enabled</p>
<p>Enter http://ntcserver.ship.atlantis.whoi.edu&nbsp; in each of the </p>
<p>&nbsp;</p>
<p>Run windows update to check everything.</p>
<p>&nbsp;</p>
<p>NOTE:&nbsp; This probably doesn't update Office.&nbsp; Whenever we have landline internet, we should still run all the updates.&nbsp; To do that, go to WIndows update and click on </p>
<p>Check Online For Updates From Microsoft updates.</p>
<p>If you just clock on Check For Updates, it will only check with ntcserver.</p>
<p>&nbsp;</p>
<p>&nbsp;</p>
