$@MID@$: 1
Date: Sun, 23 Oct 2011 17:49:07 +0000
Author: AH
Subject: Latest Data - plotting new variables
Cruise: at18-12
Attachment: 
Encoding: HTML
========================================
<p><span style="font-size:x-large">2018-Jul-02 &nbsp; I</span></p>

<p><span style="font-size:x-large">UPDATED - NOTES ON ADDING NEW VARIABLES TO PLOTS (this is not a complete set of directions):</span></p>

<p><span style="font-size:x-large">1)&nbsp;&nbsp; There are individual scripts for each plot (sal, flur, atmp, hrh, etc).&nbsp; Each of these scripts needs to be checked, as there is an index value at the beginning which specifies which </span><span style="font-size:x-large">where the data is (in the getdata.pl script - see $index).&nbsp; The column values may be found by looking in get_data.pl - any variables that exist below where you add in the list must be incremented.&nbsp; Right now, the values are:</span></p>

<p><span style="font-size:x-large">variable&nbsp; column(s)</span></p>

<p><span style="font-size:x-large">spdlog&nbsp;&nbsp;&nbsp; 5</span></p>

<p><span style="font-size:x-large">stmp&nbsp;&nbsp;&nbsp;&nbsp;&nbsp; 7</span></p>

<p><span style="font-size:x-large">sal&nbsp;&nbsp;&nbsp;&nbsp;&nbsp;&nbsp;&nbsp; 8</span></p>

<p><span style="font-size:x-large">flur&nbsp;&nbsp;&nbsp;&nbsp;&nbsp;&nbsp; 9</span></p>

<p><span style="font-size:x-large">swr&nbsp;&nbsp;&nbsp;&nbsp;&nbsp;&nbsp; 10</span></p>

<p>&nbsp;</p>

<p><span style="font-size:x-large">baro&nbsp;&nbsp;&nbsp;&nbsp;&nbsp; 11,12</span></p>

<p>&nbsp;</p>

<p><span style="font-size:x-large">atmp&nbsp;&nbsp;&nbsp;&nbsp;&nbsp; 13,14</span></p>

<p>&nbsp;</p>

<p><span style="font-size:x-large">humi &nbsp;&nbsp;&nbsp;&nbsp;&nbsp;&nbsp;&nbsp; 15,16</span></p>

<p><span style="font-size:x-large">wind&nbsp;&nbsp;&nbsp;&nbsp;&nbsp;&nbsp; 17,18, 19,20</span></p>

<p><span style="font-size:x-large">rain&nbsp;&nbsp;&nbsp;&nbsp;&nbsp;&nbsp;&nbsp;&nbsp; 21,22,23,24</span></p>

<p><span style="font-size:x-large">depth&nbsp;&nbsp;&nbsp;&nbsp;&nbsp; 25, 26, 27</span></p>

<p><span style="font-size:x-large">lwr&nbsp;&nbsp;&nbsp;&nbsp;&nbsp;&nbsp;&nbsp;&nbsp;&nbsp; 28</span></p>

<p><span style="font-size:x-large">so, if I add a variable to the air temperature plot (atmp) I need to increment hrh, wind, rain, and depth, and also modify atmp to include the new variable.</span></p>

<p>&nbsp;</p>

<p><span style="font-size:x-large">-also need to add &quot;&#39;$datafile&#39; using 1:$airindex title &quot;variable_name&quot; with $thing&quot; to plot section for the new variable</span></p>

<p>&nbsp;</p>

<p>&nbsp;</p>

<p><span style="font-size:x-large">2)&nbsp; get_data.pl&nbsp;&nbsp;&nbsp;&nbsp;&nbsp;&nbsp;&nbsp; - in this script the index values all need to be incremented to represent the new columns in two different place (find them by searching for $index).&nbsp; I put the present column numbers (values) above each line.</span></p>

<p><span style="font-size:x-large">&nbsp;&nbsp;&nbsp;&nbsp;&nbsp;&nbsp;&nbsp;&nbsp;&nbsp;&nbsp;&nbsp;&nbsp;&nbsp;&nbsp;&nbsp;&nbsp;&nbsp;&nbsp;&nbsp;&nbsp;&nbsp;&nbsp;&nbsp;&nbsp;&nbsp;&nbsp;&nbsp;&nbsp;&nbsp;&nbsp; - also need to add a header to the .csv file (was around line 170 &amp; 260 when this was written - search on &quot;header&quot; to find)</span></p>

<p><span style="font-size:x-large">&nbsp;&nbsp;&nbsp;&nbsp;&nbsp;&nbsp;&nbsp;&nbsp;&nbsp;&nbsp;&nbsp;&nbsp;&nbsp;&nbsp;&nbsp;&nbsp;&nbsp;&nbsp;&nbsp;&nbsp;&nbsp;&nbsp;&nbsp;&nbsp;&nbsp;&nbsp;&nbsp;&nbsp;&nbsp;&nbsp; - update section about printing the header ~line 405</span></p>

<p><span style="font-size:x-large">&nbsp;&nbsp;&nbsp;&nbsp;&nbsp;&nbsp;&nbsp;&nbsp;&nbsp;&nbsp;&nbsp;&nbsp;&nbsp;&nbsp;&nbsp;&nbsp;&nbsp;&nbsp;&nbsp;&nbsp;&nbsp;&nbsp;&nbsp;&nbsp;&nbsp;&nbsp;&nbsp;&nbsp;&nbsp;&nbsp; -update the section under &quot;write data to tmp files&quot; ~line 525 - to include the new variable</span></p>

<p>&nbsp;&nbsp;&nbsp;&nbsp;&nbsp;&nbsp;&nbsp;&nbsp;&nbsp;&nbsp;&nbsp;&nbsp;&nbsp;&nbsp;&nbsp;&nbsp;&nbsp;&nbsp;&nbsp;&nbsp;&nbsp;&nbsp;&nbsp;&nbsp;&nbsp;&nbsp;&nbsp;&nbsp;&nbsp;&nbsp;&nbsp;&nbsp;&nbsp;&nbsp;&nbsp;&nbsp;&nbsp;&nbsp;&nbsp;&nbsp;&nbsp;&nbsp;&nbsp;&nbsp;&nbsp;&nbsp;&nbsp;&nbsp;&nbsp;&nbsp;&nbsp;&nbsp;&nbsp;&nbsp;&nbsp;&nbsp;&nbsp;&nbsp;&nbsp;&nbsp;&nbsp; <span style="font-size:x-large">-in section around line 860 - need to add the variable to the appropriate print format statement</span></p>

<p><span style="font-size:x-large">&nbsp;&nbsp;&nbsp;&nbsp;&nbsp;&nbsp;&nbsp;&nbsp;&nbsp;&nbsp;&nbsp;&nbsp;&nbsp;&nbsp;&nbsp;&nbsp;&nbsp;&nbsp;&nbsp;&nbsp;&nbsp;&nbsp;&nbsp;&nbsp;&nbsp;&nbsp;&nbsp;&nbsp;&nbsp;&nbsp; -in section around line 955 - need to add statement like this:&nbsp; $sbe45t = sprintf(&quot;%6.2f&quot;,$sbe45t);</span></p>

<p>&nbsp;</p>

<p><span style="font-size:x-large">Not sure that is all - but it&#39;s a start!</span></p>

<p>&nbsp;</p>

<p><span style="font-size:x-large">2011-Oct-23&nbsp;&nbsp; I added SBE45t to the data plots for the 24-hour plots and individual plots.</span></p>

<p><del><span style="font-size:x-large">NOTES ON ADDING NEW VARIABLES TO PLOTS (this is not a complete set of directions):</span></del></p>

<p><del><span style="font-size:x-large">example as of 20130820 (took imet sensors out of plots)</span></del></p>

<p><del><span style="font-size:x-large">1)&nbsp;&nbsp; There are individual scripts for each plot (sal, flur, atmp, hrh, etc).&nbsp; Each of these scripts needs to be checked, as there is an index value at the beginning which specifies which </span><span style="font-size:x-large">column the data is in (in the .csv file).&nbsp; The column values may be found by looking in get_data.pl - any variables that exist below where you add in the list must be incremented.&nbsp; Right now, the values are:</span></del></p>

<p><del><span style="font-size:x-large">variable&nbsp; column(s)</span></del></p>

<p><del><span style="font-size:x-large">spdlog&nbsp;&nbsp;&nbsp; 5,6</span></del></p>

<p><del><span style="font-size:x-large">cond&nbsp;&nbsp;&nbsp;&nbsp;&nbsp;&nbsp; 7</span></del></p>

<p><del><span style="font-size:x-large">sea surface temp 8,9</span></del></p>

<p><del><span style="font-size:x-large">sal&nbsp;&nbsp;&nbsp;&nbsp;&nbsp;&nbsp;&nbsp;&nbsp;&nbsp; 10</span></del></p>

<p><del><span style="font-size:x-large">flur&nbsp;&nbsp;&nbsp;&nbsp;&nbsp;&nbsp;&nbsp; 11</span></del></p>

<p><del><span style="font-size:x-large">swr&nbsp;&nbsp;&nbsp;&nbsp;&nbsp;&nbsp;&nbsp; 12</span></del></p>

<p><del><span style="font-size:x-large">baro&nbsp;&nbsp;&nbsp;&nbsp;&nbsp; 13,14</span></del></p>

<p><del><span style="font-size:x-large">atmp&nbsp;&nbsp;&nbsp;&nbsp;&nbsp; 15,16</span></del></p>

<p><del><span style="font-size:x-large">hrh&nbsp;&nbsp;&nbsp;&nbsp;&nbsp;&nbsp;&nbsp;&nbsp; 17,18</span></del></p>

<p><del><span style="font-size:x-large">wind&nbsp;&nbsp;&nbsp;&nbsp;&nbsp;&nbsp; 19,20,21,22</span></del></p>

<p><del><span style="font-size:x-large">rain&nbsp;&nbsp;&nbsp;&nbsp;&nbsp;&nbsp;&nbsp;&nbsp; 23,24,25,26</span></del></p>

<p><del><span style="font-size:x-large">depth&nbsp;&nbsp;&nbsp;&nbsp;&nbsp; 27,28,29,30 - depths from knudsen, em122, and spot for sound velocity</span></del></p>

<p><del><span style="font-size:x-large">lwr&nbsp;&nbsp;&nbsp;&nbsp;&nbsp;&nbsp;&nbsp;&nbsp;&nbsp; 31</span></del></p>

<p><del><span style="font-size:x-large">pitch / roll&nbsp;&nbsp;&nbsp; 32,33</span></del></p>

<p><del><span style="font-size:x-large">spar 34</span></del></p>

<p>&nbsp;</p>

<p><del><span style="font-size:x-large">&nbsp;</span></del></p>

<p>&nbsp;</p>

<p><del><span style="font-size:x-large">so, if I add a variable to the air temperature plot (atmp) I need to increment hrh, wind, rain, and depth, and also modify atmp to include the new variable.</span></del></p>

<p>&nbsp;</p>

<p><del><span style="font-size:x-large">-also need to add &quot;&#39;$datafile&#39; using 1:$airindex title &quot;variable_name&quot; with $thing&quot; to plot section for the new variable</span></del></p>

<p>&nbsp;</p>

<p>&nbsp;</p>

<p><del><span style="font-size:x-large">2)&nbsp; get_data.pl&nbsp;&nbsp;&nbsp;&nbsp;&nbsp;&nbsp;&nbsp; - in this script the index values all need to be incremented to represent the new columns in two different place (find them by searching for $index).&nbsp; I put the present column numbers (values) above each line.</span></del></p>

<p><del><span style="font-size:x-large">&nbsp;&nbsp;&nbsp;&nbsp;&nbsp;&nbsp;&nbsp;&nbsp;&nbsp;&nbsp;&nbsp;&nbsp;&nbsp;&nbsp;&nbsp;&nbsp;&nbsp;&nbsp;&nbsp;&nbsp;&nbsp;&nbsp;&nbsp;&nbsp;&nbsp;&nbsp;&nbsp;&nbsp;&nbsp;&nbsp; - also need to add a header to the .csv file (was around line 170 &amp; 260 when this was written - search on &quot;header&quot; to find)</span></del></p>

<p><del><span style="font-size:x-large">&nbsp;&nbsp;&nbsp;&nbsp;&nbsp;&nbsp;&nbsp;&nbsp;&nbsp;&nbsp;&nbsp;&nbsp;&nbsp;&nbsp;&nbsp;&nbsp;&nbsp;&nbsp;&nbsp;&nbsp;&nbsp;&nbsp;&nbsp;&nbsp;&nbsp;&nbsp;&nbsp;&nbsp;&nbsp;&nbsp; - update section about printing the header ~line 405</span></del></p>

<p><del><span style="font-size:x-large">&nbsp;&nbsp;&nbsp;&nbsp;&nbsp;&nbsp;&nbsp;&nbsp;&nbsp;&nbsp;&nbsp;&nbsp;&nbsp;&nbsp;&nbsp;&nbsp;&nbsp;&nbsp;&nbsp;&nbsp;&nbsp;&nbsp;&nbsp;&nbsp;&nbsp;&nbsp;&nbsp;&nbsp;&nbsp;&nbsp; -update the section under &quot;write data to tmp files&quot; ~line 525 - to include the new variable</span></del></p>

<p><del>&nbsp;&nbsp;&nbsp;&nbsp;&nbsp;&nbsp;&nbsp;&nbsp;&nbsp;&nbsp;&nbsp;&nbsp;&nbsp;&nbsp;&nbsp;&nbsp;&nbsp;&nbsp;&nbsp;&nbsp;&nbsp;&nbsp;&nbsp;&nbsp;&nbsp;&nbsp;&nbsp;&nbsp;&nbsp;&nbsp;&nbsp;&nbsp;&nbsp;&nbsp;&nbsp;&nbsp;&nbsp;&nbsp;&nbsp;&nbsp;&nbsp;&nbsp;&nbsp;&nbsp;&nbsp;&nbsp;&nbsp;&nbsp;&nbsp;&nbsp;&nbsp;&nbsp;&nbsp;&nbsp;&nbsp;&nbsp;&nbsp;&nbsp;&nbsp;&nbsp;&nbsp; <span style="font-size:x-large">-in section around line 860 - need to add the variable to the appropriate print format statement</span></del></p>

<p><del><span style="font-size:x-large">&nbsp;&nbsp;&nbsp;&nbsp;&nbsp;&nbsp;&nbsp;&nbsp;&nbsp;&nbsp;&nbsp;&nbsp;&nbsp;&nbsp;&nbsp;&nbsp;&nbsp;&nbsp;&nbsp;&nbsp;&nbsp;&nbsp;&nbsp;&nbsp;&nbsp;&nbsp;&nbsp;&nbsp;&nbsp;&nbsp; -in section around line 955 - need to add statement like this:&nbsp; $sbe45t = sprintf(&quot;%6.2f&quot;,$sbe45t);</span></del></p>

<p>&nbsp;</p>

<p><del><span style="font-size:x-large">Not sure that is all - but it&#39;s a start!</span></del></p>
