$@MID@$: 14
Date: Fri, 01 Feb 2019 19:41:47 +0000
Author: Emily
S/N: 
Type: Other
Category: General
Subject: Scripps Status Updates
Cruise: Shipyard 2019
Attachment: 
Encoding: HTML
========================================
<p>While the gravimeter is at the Scripps MarFac location (Dec 2018 - Apr 2019), the Scripps Resident Technician group there are tasked with documenting the status of:</p>

<p>ACCEL OVEN- (is the gauge cycling?)</p>

<p>PRC OVEN- (is the gauge cycling?)</p>

<p>BPTC- (is the gauge cycling?)</p>

<p>ELEX VOLTAGE</p>

<p>BAT VOLTAGE</p>

<p>They have been posting these status updates (ideally every other day but not always) to their online ticket tracking system on Atlassian JIRA. I (Emily) have login access from a prior internship with them and am posting their status updates&nbsp;to this spreadsheet on the shared SSSG drive:</p>

<p>https://drive.google.com/open?id=12WMRiLofImSJ8nTzGk-RB00wcadcskUw</p>

<p>The spreadsheet is then attached in an email for every new update entry (as per Fornari request) to these recipients:</p>

<table cellpadding="0">
	<tbody>
		<tr>
			<td colspan="2">Dan Fornari &lt;dfornari@whoi.edu&gt;,<br />
			pfpe-internal &lt;pfpe-internal@whoi.edu&gt;,<br />
			Randy Herr &lt;Randyherr@aol.com&gt;,<br />
			Tom Lanagan &lt;tlanagan@whoi.edu&gt;,<br />
			Stefano Suman &lt;ssuman@whoi.edu&gt;,<br />
			David Fisichella &lt;dfisichella@whoi.edu&gt;,<br />
			Robert S Laird &lt;rlaird@whoi.edu&gt;,<br />
			Christopher Griner &lt;cgriner@whoi.edu&gt;</td>
		</tr>
		<tr>
			<td colspan="2">
			<p>cc: sssg@atlantis.whoi.edu&gt;, sssg@whoi.edu</p>
			</td>
			<td colspan="2">&nbsp;</td>
		</tr>
	</tbody>
</table>

<p>&nbsp;</p>
