$@MID@$: 7
Date: Sun, 04 Dec 2016 19:00:35 +0000
Author: AH
S/N: 
Type: Configuration
Category: General
Subject: 
Cruise: at37-05
Attachment: 
Encoding: HTML
========================================
<p><style type="text/css">
<!--
 /* Font Definitions */
@font-face
	{font-family:Arial;
	panose-1:2 11 6 4 2 2 2 2 2 4;
	mso-font-charset:0;
	mso-generic-font-family:auto;
	mso-font-pitch:variable;
	mso-font-signature:3 0 0 0 1 0;}
@font-face
	{font-family:"Comic Sans MS";
	panose-1:3 15 7 2 3 3 2 2 2 4;
	mso-font-charset:0;
	mso-generic-font-family:auto;
	mso-font-pitch:variable;
	mso-font-signature:3 0 0 0 1 0;}
 /* Style Definitions */
p.MsoNormal, li.MsoNormal, div.MsoNormal
	{mso-style-parent:"";
	margin:0in;
	margin-bottom:.0001pt;
	mso-pagination:widow-orphan;
	font-size:12.0pt;
	font-family:"Times New Roman";
	mso-ascii-font-family:"Comic Sans MS";
	mso-fareast-font-family:"Times New Roman";
	mso-hansi-font-family:"Comic Sans MS";
	mso-bidi-font-family:"Times New Roman";}
@page Section1
	{size:8.5in 11.0in;
	margin:1.0in 1.25in 1.0in 1.25in;
	mso-header-margin:.5in;
	mso-footer-margin:.5in;
	mso-paper-source:0;}
div.Section1
	{page:Section1;}
-->
</style></p>
<p class="MsoNormal">Turned back on!&nbsp; But see below for where to find the rsync process to turn off while in EEZ's</p>
<p class="MsoNormal"><b style="mso-bidi-font-weight:normal"><span style="font-size:14.0pt;mso-bidi-font-size:12.0pt;font-family:Arial;color:red">GRAVITY DATA RSYNC IS TURNED OFF:<span style="mso-spacerun: yes">&nbsp; </span></span></b><span style="font-size:14.0pt;mso-bidi-font-size:12.0pt;font-family:Arial;color:red">There is an rsync in the root crontab on linus which sync&rsquo;s the gravity data over to Linus &ndash; I turned it off, so I could continue running the gravimeter (and monitoring its functionality) within the EEZ.<span style="mso-spacerun:
yes">&nbsp; </span>Uncomment the line to restart the sync.</span></p>
