$@MID@$: 10
Date: Sun, 04 Jun 2017 22:47:42 +0000
Author: Catie
S/N: 
Type: Inventory
Category: Probe
Subject: Current probe inventory July 2018
Cruise: WHOI IN PORT - summer 2018
Attachment: 
Encoding: HTML
========================================
<p>July 29, 2018:</p>

<p>Qty. 14: &nbsp;&nbsp; Deep Blue, 760m, mfg 2012-2013</p>

<p>Qty 1:&nbsp;&nbsp;&nbsp;&nbsp;&nbsp; T-7, 760m, mfg 1997</p>

<p>Qty 10:&nbsp;&nbsp;&nbsp; T--6, 460m mfg 2006</p>

<p>Qty 5:&nbsp;&nbsp;&nbsp;&nbsp;&nbsp; T-5, 1830m, mfg 2003</p>

<p>Qty 12: &nbsp;&nbsp; T-5, 1830m, think they are mfg 2014 &nbsp; &nbsp;&nbsp;&nbsp;&nbsp;&nbsp;&nbsp;&nbsp;&nbsp;</p>

<p>&nbsp;</p>

<p>&nbsp;</p>

<p><del>January 2, 2018:</del></p>

<p><del>Qty. 20: &nbsp;Deep Blue, 760m, mfg 2012-2013</del></p>

<p><del>Qty 1: T-7, 760m, mfg 1997 &nbsp;(one of two remaining was tried during the &nbsp; &nbsp;<br />
Wheat cruise, it did not work)</del></p>

<p><del>Qty 10: T--6, 460m mfg 2006</del></p>

<p><del>Qty 3: T-5, 1830m, mfg 2003</del><br />
&nbsp;</p>

<p>&nbsp;</p>

<p><del>Qty. 23:&nbsp; Deep Blue, 760m, mfg 2012-2013</del></p>

<p><del>Qty 2: T-7, 760m, mfg 1997</del></p>

<p><del>Qty 10: T--6, 460m mfg 2006</del></p>

<p><del>Qty 3: T-5, 1830m, mfg 2003</del></p>
