$@MID@$: 2
Date: Tue, 26 Jun 2012 20:07:37 +0000
Author: Catie
Type: Configuration
Category: 
Subject: Sipura (passageway) phone
Cruise: at21-03
Attachment: 
Encoding: HTML
========================================
<p>128.128.252.4 - Usernames are &quot;user&quot; and &quot;admin&quot;, password is same for both - its the generic &quot;5..&quot; password.</p>
<p>20140108 - checked networking - for this one I had to logon as user first (with the generic password) then select &quot;Admin Logon&quot; and type password again to get to admin</p>
$@MID@$: 3
Date: Tue, 26 Jun 2012 20:10:07 +0000
Author: Catie
Type: Configuration
Category: 
Subject: Snom (main lab) phone
Cruise: at21-03
Attachment: 
Encoding: HTML
========================================
<p>128.128.252.5, no user name, password is the generic &quot;5..&quot; password.</p>
