$@MID@$: 46
Date: Sat, 31 Oct 2015 07:55:41 +0000
Author: dsims
Type: Termination
Winch: Markey #1 (fore)
Wire: EM Cable / CTD conductor
Category: Fix
Subject: Re- Termination of em wire
Cruise: at31-a
Attachment: 
Encoding: HTML
========================================
<p>TEST AND TERMINATION BY DAVE SIMS **Actual date of this wire termination and testing was 10-10-15, before AT31.** (CG 6Nov15)</p>
<p><span style="font-size: large;">Re-terminated and pull tested the EM wire.<br />
</span></p>
<p>&nbsp;<span style="font-size: large;">Wire is 9824.5 meters according to the tape.</span></p>
<p><span style="font-size: large;">Insulation Resistance:</span></p>
<p><span style="font-size: large;">Wires &nbsp;&nbsp;&nbsp;&nbsp;&nbsp;&nbsp;&nbsp;&nbsp;&nbsp;&nbsp;&nbsp;&nbsp;&nbsp;&nbsp;&nbsp;&nbsp;&nbsp;&nbsp;&nbsp;&nbsp;&nbsp;&nbsp; Ohms&nbsp;&nbsp;&nbsp;&nbsp;&nbsp;&nbsp;&nbsp;&nbsp;&nbsp;&nbsp; DAR&nbsp;&nbsp;&nbsp;&nbsp;&nbsp;&nbsp;&nbsp;&nbsp;&nbsp; PI&nbsp;&nbsp;&nbsp;&nbsp;&nbsp;&nbsp;&nbsp;&nbsp;&nbsp;&nbsp; uF</span></p>
<p><span style="font-size: large;">Red-White&nbsp;&nbsp;&nbsp;&nbsp;&nbsp;&nbsp;&nbsp;&nbsp;&nbsp;&nbsp;&nbsp;&nbsp;&nbsp;&nbsp;&nbsp;&nbsp; 780M&nbsp;&nbsp;&nbsp;&nbsp;&nbsp;&nbsp;&nbsp;&nbsp;&nbsp;&nbsp; 1.59&nbsp;&nbsp;&nbsp;&nbsp;&nbsp;&nbsp;&nbsp;&nbsp;&nbsp; 3.27&nbsp;&nbsp;&nbsp;&nbsp;&nbsp;&nbsp; .759</span></p>
<p><span style="font-size: large;">Red-Black&nbsp;&nbsp;&nbsp;&nbsp;&nbsp;&nbsp;&nbsp;&nbsp;&nbsp;&nbsp;&nbsp;&nbsp;&nbsp;&nbsp;&nbsp;&nbsp;&nbsp; 91.4M&nbsp;&nbsp;&nbsp;&nbsp;&nbsp;&nbsp;&nbsp;&nbsp;&nbsp; 2.03&nbsp;&nbsp;&nbsp;&nbsp;&nbsp;&nbsp;&nbsp;&nbsp;&nbsp; 2.03&nbsp;&nbsp;&nbsp;&nbsp;&nbsp;&nbsp; .764</span></p>
<p><span style="font-size: large;">Red-Green&nbsp;&nbsp;&nbsp;&nbsp;&nbsp;&nbsp;&nbsp;&nbsp;&nbsp;&nbsp;&nbsp;&nbsp;&nbsp;&nbsp;&nbsp;&nbsp; 17.86M&nbsp;&nbsp;&nbsp;&nbsp;&nbsp;&nbsp;&nbsp; 1.65&nbsp;&nbsp;&nbsp;&nbsp;&nbsp;&nbsp;&nbsp;&nbsp;&nbsp; 3.95&nbsp;&nbsp;&nbsp;&nbsp;&nbsp;&nbsp; 1.096</span></p>
<p><span style="font-size: large;">Black-White&nbsp;&nbsp;&nbsp;&nbsp;&nbsp;&nbsp;&nbsp;&nbsp;&nbsp;&nbsp;&nbsp;&nbsp;&nbsp;&nbsp;&nbsp; 2.092G&nbsp;&nbsp;&nbsp;&nbsp;&nbsp;&nbsp;&nbsp;&nbsp;&nbsp; .73&nbsp;&nbsp;&nbsp;&nbsp;&nbsp;&nbsp;&nbsp;&nbsp;&nbsp; 5.15&nbsp;&nbsp;&nbsp;&nbsp;&nbsp;&nbsp;&nbsp; .721</span></p>
<p><span style="font-size: large;">Black-Green&nbsp;&nbsp;&nbsp;&nbsp;&nbsp;&nbsp;&nbsp;&nbsp;&nbsp;&nbsp;&nbsp;&nbsp;&nbsp;&nbsp; 29.16M&nbsp;&nbsp;&nbsp;&nbsp;&nbsp;&nbsp;&nbsp;&nbsp; none&nbsp;&nbsp;&nbsp;&nbsp;&nbsp;&nbsp;&nbsp; none&nbsp;&nbsp;&nbsp;&nbsp;&nbsp;&nbsp; 1.090</span></p>
<p><span style="font-size: large;">White-Green&nbsp;&nbsp;&nbsp;&nbsp;&nbsp;&nbsp;&nbsp;&nbsp;&nbsp;&nbsp;&nbsp;&nbsp;&nbsp;&nbsp; 2.494G&nbsp;&nbsp;&nbsp;&nbsp;&nbsp;&nbsp;&nbsp;&nbsp; 2.44&nbsp;&nbsp;&nbsp;&nbsp;&nbsp;&nbsp;&nbsp; &nbsp; 2.70&nbsp;&nbsp;&nbsp;&nbsp;&nbsp;&nbsp;&nbsp; 1.096</span></p>
<p>&nbsp;</p>
<p><span style="font-size: large;">Continuity Test:</span></p>
<p><span style="font-size: large;">Note: the Megger was acting up, so readings were done with a Simpson 260</span></p>
<p>&nbsp;</p>
<p><span style="font-size: large;">Wires&nbsp;&nbsp;&nbsp;&nbsp;&nbsp;&nbsp;&nbsp;&nbsp;&nbsp;&nbsp;&nbsp;&nbsp;&nbsp; Ohms</span></p>
<p><span style="font-size: large;">Red-Green&nbsp;&nbsp;&nbsp;&nbsp;&nbsp;&nbsp; 290</span></p>
<p><span style="font-size: large;">Black-Green&nbsp;&nbsp;&nbsp;&nbsp; 300</span></p>
<p><span style="font-size: large;">White-Green&nbsp;&nbsp;&nbsp;&nbsp;&nbsp; 300</span></p>
<p><span style="font-size: large;">Green-Ship&nbsp;&nbsp;&nbsp;&nbsp;&nbsp;&nbsp;&nbsp; 2</span></p>
<p>&nbsp;</p>
<p><span style="font-size: large;">With readings like above, the system is working fine.&nbsp; </span></p>
<p><span style="font-size: large;">However, I'm going to re-test with the engineers' Megger to see if things wind up differently.&nbsp; Then I'll check the slip rings.</span></p>
<p>**Catie- Tested and traced the cause of these readings to bad slip ring on 4 Nov 15. See separate slip ring entry for final resolution** </p>
<p>&nbsp;</p>
