$@MID@$: 31
Date: Tue, 07 May 2013 14:14:07 +0000
Author: AH
Type: Configuration
Category: 
Sensor: Other
S/N: 
Calibration Date: 
Subject / Summary: LOAD CELL
Cruise: at25
link: 
Revisions: 
Attachment: 
Encoding: HTML
========================================
<p>&nbsp;
<meta content="" name="Title" />
<meta content="" name="Keywords" />
<meta content="text/html; charset=utf-8" http-equiv="Content-Type" />
<meta content="Word.Document" name="ProgId" />
<meta content="Microsoft Word 11" name="Generator" />
<meta content="Microsoft Word 11" name="Originator" />
<link href="file://localhost/Users/aheater/Library/Caches/TemporaryItems/msoclip1/01/clip_filelist.xml" rel="File-List" /> <!--[if gte mso 9]><xml>
<o:DocumentProperties>
<o:Template>Normal</o:Template>
<o:Revision>0</o:Revision>
<o:TotalTime>0</o:TotalTime>
<o:Pages>1</o:Pages>
<o:Words>364</o:Words>
<o:Characters>2075</o:Characters>
<o:Lines>17</o:Lines>
<o:Paragraphs>4</o:Paragraphs>
<o:CharactersWithSpaces>2548</o:CharactersWithSpaces>
<o:Version>11.1282</o:Version>
</o:DocumentProperties>
<o:OfficeDocumentSettings>
<o:AllowPNG />
</o:OfficeDocumentSettings>
</xml><![endif]--><!--[if gte mso 9]><xml>
<w:WordDocument>
<w:Zoom>0</w:Zoom>
<w:DoNotShowRevisions />
<w:DoNotPrintRevisions />
<w:DisplayHorizontalDrawingGridEvery>0</w:DisplayHorizontalDrawingGridEvery>
<w:DisplayVerticalDrawingGridEvery>0</w:DisplayVerticalDrawingGridEvery>
<w:UseMarginsForDrawingGridOrigin />
</w:WordDocument>
</xml><![endif]--> <style type="text/css">
<!--
 /* Font Definitions */
@font-face
	{font-family:"Times New Roman";
	panose-1:0 2 2 6 3 5 4 5 2 3;
	mso-font-charset:0;
	mso-generic-font-family:auto;
	mso-font-pitch:variable;
	mso-font-signature:50331648 0 0 0 1 0;}
 /* Style Definitions */
p.MsoNormal, li.MsoNormal, div.MsoNormal
	{mso-style-parent:"";
	margin:0in;
	margin-bottom:.0001pt;
	mso-pagination:widow-orphan;
	font-size:12.0pt;
	font-family:Helvetica;}
table.MsoNormalTable
	{mso-style-parent:"";
	font-size:10.0pt;
	font-family:"Times New Roman";}
@page Section1
	{size:8.5in 11.0in;
	margin:1.0in 1.25in 1.0in 1.25in;
	mso-header-margin:.5in;
	mso-footer-margin:.5in;
	mso-paper-source:0;}
div.Section1
	{page:Section1;}
-->
</style>  <!--StartFragment-->
<p class="MsoNormal">The WHOI SSSG load cell custom produced by 3PSInc has the following specs, taken from the 3PSINC drawing &quot;LP-5K-2008-0&quot;.</p>
<p class="MsoNormal">The load pin can be powered directly from a SBE9 or any source from 10 to 15 VDC, and draws under 15mA across that range.</p>
<p class="MsoNormal">You should be aware of the orientation of the load scribe on the load cell case, which allows alignment of the load pin to the</p>
<p class="MsoNormal">mount so that the strain is properly applied across the sensing bridge.</p>
<p class="MsoNormal"><!--[if !supportEmptyParas]-->&nbsp;<!--[endif]--><o:p></o:p></p>
<p class="MsoNormal">We have no prepared cables for this cell. Simply use an Impulse or Subconn MCIL4F with MCDLSF locking sleeve.</p>
<p class="MsoNormal">Since this is being used with an SIO SBE9, the connection of this cell should be left with Rob Palomares.&nbsp;</p>
<p class="MsoNormal">If an MCIL4F pigtail or locking sleeve are required, contact Dave Wellwood (x2657) or George Tupper (x2683).</p>
<p class="MsoNormal"><!--[if !supportEmptyParas]-->&nbsp;<!--[endif]--><o:p></o:p></p>
<p class="MsoNormal">Rob Palomares can setup a voltage channel on their SBE9 to provide for this load cell output. A simple two-term equation can fully</p>
<p class="MsoNormal">describe the load cell voltage output to tension in pounds. The unit produces 1.000 volts output per 1,000 lbs tension.</p>
<p class="MsoNormal"><!--[if !supportEmptyParas]-->&nbsp;<!--[endif]--><o:p></o:p></p>
<p class="MsoNormal">Call or email me if you have any questions.</p>
<p class="MsoNormal"><!--[if !supportEmptyParas]-->&nbsp;<!--[endif]--><o:p></o:p></p>
<p class="MsoNormal">Marshall</p>
<p class="MsoNormal"><!--[if !supportEmptyParas]-->&nbsp;<!--[endif]--><o:p></o:p></p>
<p class="MsoNormal">&nbsp;</p>
<p class="MsoNormal">1. Performance:</p>
<p class="MsoNormal">1.1 Rated force: 5000 lbs</p>
<p class="MsoNormal">1.2 Output: 0 to 5 VDC</p>
<p class="MsoNormal">1.3 Static error band: +/- 0.5% of full scale output including non-linearity, non-repeatablity and hysteresis.</p>
<p class="MsoNormal"><!--[if !supportEmptyParas]-->&nbsp;<!--[endif]--><o:p></o:p></p>
<p class="MsoNormal">2.0 Electrical</p>
<p class="MsoNormal">2.1 Excitation: 10 to 15 Volts DC</p>
<p class="MsoNormal">2.2 Connection:&nbsp;</p>
<p class="MsoNormal">MCBH-4M stainless steel base.</p>
<p class="MsoNormal">Pin 1: + Pwr</p>
<p class="MsoNormal">Pin 2: + Sig</p>
<p class="MsoNormal">Pin 3: - Sig</p>
<p class="MsoNormal">Pin 4: Pwr common.</p>
<p class="MsoNormal">Note: Power common and Signal - (pins 3 and 4) do not need to be isolated and can be tied together.</p>
<p class="MsoNormal">2.3 Sensing element: Full bridge, 350 ohm bridge impedance.</p>
<p class="MsoNormal"><!--[if !supportEmptyParas]-->&nbsp;<!--[endif]--><o:p></o:p></p>
<p class="MsoNormal">3.0 Mechanical:</p>
<p class="MsoNormal">3.1 Material 17-4PH SST per AMS 5643, Cond H1150, passivated.</p>
<p class="MsoNormal">3.2 Overload Rating:</p>
<p class="MsoNormal">&nbsp; 150% of capacity (7,500 lbs) without calibration shift (safe overload.)</p>
<p class="MsoNormal">&nbsp; 300% of capacity (15,000 lbs) without mechanical failure.</p>
<p class="MsoNormal"><!--[if !supportEmptyParas]-->&nbsp;<!--[endif]--><o:p></o:p></p>
<p class="MsoNormal">4.0 Environmental:</p>
<p class="MsoNormal">4.1 Temperature range, operating and storage: -40 deg F to + 150 deg F.</p>
<p class="MsoNormal">4.2 Thermal effects:&nbsp;</p>
<p class="MsoNormal">&nbsp;Zero shift: less than 0.01% of capacity per deg F.</p>
<p class="MsoNormal">&nbsp; Sensitivity shift: less than 0.01% of capacity per deg F.</p>
<p class="MsoNormal"><!--[if !supportEmptyParas]-->&nbsp;<!--[endif]--><o:p></o:p></p>
<p class="MsoNormal">&nbsp;&nbsp;</p>
<p class="MsoNormal"><!--[if !supportEmptyParas]-->&nbsp;<!--[endif]--><o:p></o:p></p>
<p class="MsoNormal"><!--[if !supportEmptyParas]-->&nbsp;<!--[endif]--><o:p></o:p></p>
<p class="MsoNormal">--</p>
<p class="MsoNormal">*******************************************************************</p>
<p class="MsoNormal">* Marshall Swartz &nbsp; &nbsp; &nbsp; &nbsp; &nbsp; &nbsp; &nbsp; &nbsp; Phone: &nbsp;1-508-289-2246 &nbsp; &nbsp; &nbsp; &nbsp; &nbsp;*</p>
<p class="MsoNormal">* Physical Oceanography Dept. &nbsp; &nbsp; &nbsp; &nbsp; &nbsp; &nbsp; &nbsp; &nbsp; &nbsp; &nbsp; &nbsp; &nbsp; &nbsp; &nbsp; &nbsp; &nbsp; &nbsp; &nbsp; *</p>
<p class="MsoNormal">* Clark Lab G71 &nbsp; &nbsp; &nbsp; &nbsp; &nbsp; &nbsp; &nbsp; &nbsp; &nbsp; Email: &nbsp;mswartz at whoi dot edu *</p>
<p class="MsoNormal">* Mail and shipping address: &nbsp; &nbsp; &nbsp;266 Woods Hole Rd. MS#30 &nbsp; &nbsp; &nbsp; &nbsp;*</p>
<p class="MsoNormal">* Woods Hole Oceanographic Institution &nbsp;Woods Hole, MA &nbsp;02543 USA *</p>
<p class="MsoNormal">*******************************************************************</p>
<p class="MsoNormal"><!--[if !supportEmptyParas]-->&nbsp;<!--[endif]--><o:p></o:p></p>
<!--EndFragment--></p>
