$@MID@$: 2
Date: Sat, 05 Nov 2011 10:13:07 +0000
Author: AH
Type: Routine
Location: Other
Subject: RS232 DB-9 pinning and DB-9 to DB-25 pinout
Cruise: at18-13
Attachment: 111105_101222_rs232_db9_1.jpg,111105_101233_rs232_db9todb25.jpg
Encoding: HTML
========================================

$@MID@$: 3
Date: Sat, 05 Nov 2011 12:17:58 +0000
Author: AH
Type: Configuration
Location: Other
Subject: RS422 Signal Splitter (borrowed from ComET)
Cruise: at18-13
Attachment: 111105_121658_422splitter1.jpg,111105_121707_422splitter2.jpg,111105_121716_422splitter3.jpg,111105_121725_422splitter4.jpg
Encoding: HTML
========================================

$@MID@$: 4
Date: Sat, 05 Nov 2011 12:20:38 +0000
Author: AH
Type: Configuration
Location: Other
Subject: MOXA 5400 documentation
Cruise: at18-13
Attachment: 111105_122016_moxa5400_1.jpg,111105_122026_moxa5400_2.jpg
Encoding: HTML
========================================

$@MID@$: 5
Date: Sat, 05 Nov 2011 12:21:27 +0000
Author: AH
Type: Configuration
Location: Other
Subject: MOXA - signal converter documentation
Cruise: at18-13
Attachment: 111105_122111_moxa_media_conversion_1.jpg,111105_122123_moxa_media_conversion_2.jpg
Encoding: HTML
========================================

