$@MID@$: 70
Date: Tue, 28 Apr 2015 20:15:23 +0000
Author: lstolp
Type: Other
name: brody | ftp
server type: network
OS: Linux
Location: Computer Lab
Category: Software
Subject: network tools to look at bandwidth hogs
Cruise: at27-a
Attachment: 
Encoding: HTML
========================================
<p>&nbsp;<span style="font-family: verdana, tahoma, sans-serif;">This will give a quick look at each interface on ftp... KB/s</span></p>
<p style="font-family: verdana, tahoma, sans-serif;">apt-get install bwm-ng</p>
<p style="font-family: verdana, tahoma, sans-serif;">to run as sudo: bwm-ng</p>
<p style="font-family: verdana, tahoma, sans-serif;">&nbsp;</p>
<p style="font-family: verdana, tahoma, sans-serif;">apt-get install iftop</p>
<p style="font-family: verdana, tahoma, sans-serif;">run iftop -ieth2 -c/tmp/conf</p>
<p style="font-family: verdana, tahoma, sans-serif;">more /tmp/conf</p>
<p style="font-family: verdana, tahoma, sans-serif;">filter-code: port 443</p>
<p style="font-family: verdana, tahoma, sans-serif;">This will show ssl/443 traffic on science network.. see dropbox, google, cloud, amazonaws&nbsp; things not caught by squid..</p>
<p style="font-family: verdana, tahoma, sans-serif;">&nbsp;</p>
<p style="font-family: verdana, tahoma, sans-serif;">tcpdump to see all the other stuff.. maybe need to just do a not on certain udp ports:</p>
<p style="font-family: verdana, tahoma, sans-serif;">tcpdump -A -i eth2 port not 22 and port not 53 and port not 80 and not udp</p>
<p style="font-family: verdana, tahoma, sans-serif;">&nbsp;</p>
<div>&nbsp;</div>
