$@MID@$: 72
Date: Mon, 04 May 2015 09:12:28 +0000
Author: lstolp
Type: General Problem
name: r2rat01
server type: network
OS: Linux
Location: Computer Lab
Category: Other
Subject: science eventl log  lost GPS data (this could be related to network issues from science computer)
Cruise: at27-a
Attachment: 
Encoding: HTML
========================================
<p>2015/05/01 12:25:36 $GPGGA,122535.00,4005.92048,N,07053.35843,W,2,17,0.7,25.23,M,-34.36,M,5.0,0936*4E<br />
2015/05/01 12:25:51 $GPGGA,122550.00,4005.92116,N,07053.35476,W,2,17,0.7,25.64,M,-34.36,M,4.0,0936*4F<br />
2015/05/01 12:26:06 $GPGGA,122605.00,4005.92182,N,07053.35110,W,2,17,0.7,25.09,M,-34.36,M,3.0,0936*48<br />
2015/05/01 12:26:21 $GPGGA,122620.00,4005.92254,N,07053.34792,W,2,17,0.7,25.24,M,-34.36,M,6.0,0936*40<br />
2015/05/01 12:26:36 $GPGGA,122635.00,4005.92274,N,07053.34484,W,2,17,0.7,25.12,M,-34.36,M,5.0,0936*44<br />
2015/05/01 14:10:18 $GPGGA,141017.00,4005.89983,N,07053.00090,W,2,16,0.7,24.80,M,-34.36,M,4.0,0936*42<br />
2015/05/01 14:10:33 $GPGGA,141032.00,4005.89991,N,07053.00091,W,2,16,0.7,24.86,M,-34.36,M,6.0,0936*43<br />
2015/05/01 14:10:48 $GPGGA,141047.00,4005.89982,N,07053.00128,W,2,16,0.7,25.22,M,-34.36,M,5.0,0936*4C<br />
2015/05/01 14:11:03 $GPGGA,141102.00,4005.89972,N,07053.00132,W,2,16,0.8,24.74,M,-34.36,M,4.0,0936*44<br />
2015/05/01 14:11:18 $GPGGA,141117.00,4005.89954,N,07053.00166,W,2,16,0.8,24.55,M,-34.36,M,4.0,0936*46<br />
2015/05/01 14:11:33 $GPGGA,141132.00,4005.89969,N,07053.00184,W,2,16,0.8,24.88,M,-34.36,M,3.0,0936*44<br />
2015/05/01 14:11:48 $GPGGA,141147.00,4005.90017,N,07053.00143,W,2,16,0.8,24.54,M,-34.36,M,5.0,0936*42<br />
2015/05/01 14:12:03 $GPGGA,141202.00,4005.89962,N,07053.00106,W,2,16,0.8,25.00,M,-34.36,M,4.0,0936*43<br />
&nbsp;</p>
