$@MID@$: 7
Date: Fri, 29 Jan 2016 16:20:07 +0000
Author: Catie
Hardware: 12Khz
Type: Routine
Category: General
Subject / Summary: Testing all 12kHz aboard Atlantis January 2016 with EchoSim
Cruise: shipyard 2015-2016
Attachment: 
Encoding: HTML
========================================
<p>Tested the following with transducer face submerged in 5 gal bucket at 12kHz:</p>
<p>-S/N 21: 165 Ohms</p>
<p>-S/N 018: 325 Ohms</p>
<p>-S/N 1060: 236 Ohms</p>
<p>&nbsp;</p>
<p>Tested the following in-hull:</p>
<p>-S/N 1057; &quot;A&quot;; Brand new. From Lab: 148 Ohms &nbsp;&nbsp;&nbsp; From Transducer: 203 Ohms</p>
<p>-S/N 112; &quot;B&quot;; Original to ship. From Lab: 128 Ohms &nbsp;&nbsp; From Transducer: 219 Ohms</p>
<p>&nbsp;</p>
<p>&nbsp;</p>
