$@MID@$: 2
Date: Tue, 10 Apr 2012 11:15:43 +0000
Author: AH
S/N: 101708
Type: Other
Category: Hardware
Subject: MK21/ETHERNET DAQ received from Oceanus
Cruise: at20
Attachment: 
Encoding: HTML
========================================
<p><span style="font-size: large;">We got Oceanus' MK21/ETHERNET DAQ<br />
</span></p>
<p><span style="font-size: large;">S/N 101708<br />
</span></p>
<p><span style="font-size: large;">P/N 352141-1<br />
</span></p>
<p><span style="font-size: large;">MAC address:&nbsp; 00:0B-3C-02-FF-8F<br />
</span></p>
<p><span style="font-size: large;">I have emailed Sippican requesting a copy of the manual for this unit.&nbsp; It has a few extra switches, etc.</span></p>
<p>&nbsp;</p>
<p><span style="font-size: large;"><br />
</span></p>
<p>&nbsp;</p>
$@MID@$: 3
Date: Tue, 10 Apr 2012 14:35:33 +0000
Author: AH
S/N: 
Type: Other
Category: General
Subject: Contacts emails at Sippican
Cruise: at20
Attachment: 
Encoding: HTML
========================================
<p><span style="font-size: large;">&quot;Curran, Thomas&quot; &lt;thomas.curran@lmco.com&gt;&nbsp;&nbsp;&nbsp; Going forward I am the correct PoC for LM Sippican oceanographic products.&nbsp; I<br />
&gt; would ask that you copy Ms. Karen Borges (cc'ed on this message) on future<br />
&gt; correspondence, to ensure that you get a prompt reply to your product<br />
&gt; enquiries.&nbsp; </span></p>
<p><span style="font-size: large;">If you require technical support on our oceanographic products,<br />
&gt; including future requests for product manuals, we suggest you use our central<br />
&gt; technical support e-mail address at<br />
&gt; oceansupport.dl-sippican@imc4.ems.lmco.com&lt;mailto:oceansupport.dl-sippican@imc4.ems.lmco.com&gt;</span></p>
