$@MID@$: 4
Date: Fri, 31 May 2013 18:43:10 +0000
Author: AH
Type: Configuration
Category: 
Subject: 3131
Cruise: at26-01
Attachment: 130531_184306_Screen_shot_2013-05-31_at_1.16.27_PM.png
Encoding: HTML
========================================

$@MID@$: 5
Date: Fri, 31 May 2013 18:45:27 +0000
Author: AH
Type: Configuration
Category: 
Subject: 3130
Cruise: at26-01
Attachment: 130531_184356_Screen_shot_2013-05-31_at_1.28.36_PM.png,130531_184410_Screen_shot_2013-05-31_at_1.28.59_PM.png,130531_184423_Screen_shot_2013-05-31_at_1.29.11_PM.png,130531_184436_Screen_shot_2013-05-31_at_1.29.18_PM.png,130531_184450_Screen_shot_2013-05-31_at_1.29.32_PM.png
Encoding: HTML
========================================
<p>Phone tested and working 31-May-2013</p>
