$@MID@$: 96
Date: Wed, 06 Mar 2019 00:27:07 +0000
Author: Catie
System: EM122 - Kongsberg
Type: Configuration
Category: Hardware
S/N: 
Subject / Summary: New Tx Boards Installed in TRU and firmware updated
Cruise: at42-07yard
Attachment: 
Encoding: HTML
========================================
<p>During Chuck&#39;s visit on 5 March 2019, the following Tx board swaps were made:</p>

<p>-Failed board S/N 212188 was removed from the TRU</p>

<p>-Failed board S/N 212190 was removed from the TRU</p>

<p>-Good board S/N 211185 was removed from slot 20</p>

<p>-Good board S/N 212138 was removed from slot 21</p>

<p>-Good board S/N 212152 was removed from slot 22</p>

<p>-Good NavO board S/N 397766 installed in slot 15</p>

<p>-Good NavO board S/N 397840 installed in slot 20</p>

<p>-Good NavO board S/N 397510 installed in slot 21</p>

<p>-Good NavO board S/N 397489 installed in slot 22</p>

<p>-Good NavO board S/N 397859 installed in slot 23</p>

<p>-Good NavO board S/N 397511 installed in slot 24</p>

<p>&nbsp;</p>

<p>Firmware was updated on all 6 NavO boards to bring them to the same firmware as the existing boards</p>
