$@MID@$: 12
Date: Sun, 15 Jul 2018 19:36:22 +0000
Author: AH
Type: Configuration
Category: Hardware
Subject: Acoustic Modem Outer Ring
Cruise: at40-03
Attachment: 180715_193639_acoustic_modem_outer_ring.pdf
Encoding: HTML
========================================

$@MID@$: 13
Date: Sun, 15 Jul 2018 19:55:05 +0000
Author: AH
Type: Configuration
Category: Hardware
Subject: Spare Transduer Wells
Cruise: at40-03
Attachment: 180715_195521_Spare_Transducer_Well_-_Item_S69.pdf
Encoding: HTML
========================================

$@MID@$: 14
Date: Sun, 15 Jul 2018 20:15:31 +0000
Author: AH
Type: Configuration
Category: Hardware
Subject: Transducer - Acoustic Modem Assembly
Cruise: at40-03
Attachment: 180715_201607_Atlantis_Acoustic_Modem_Assembly_&_Parts_List.pdf
Encoding: HTML
========================================

$@MID@$: 15
Date: Sun, 15 Jul 2018 20:29:50 +0000
Author: AH
Type: Configuration
Category: Hardware
Subject: Acoustic Modem gasket
Cruise: at40-03
Attachment: 180715_203008_AL5402-0100-005_MDW_REV_A.pdf
Encoding: HTML
========================================

