$@MID@$: 4
Date: Sun, 17 Mar 2013 17:08:28 +0000
Author: lstolp
Cruise: ti655
Part: CTD Sensor
S/N: TIOGA 2013
cal date: March 2013
Type: Configuration
Category: Hardware
Subject: CTD Calibrations
Attachment: 130317_170606_SBE43_0264_20130205.XML,130317_170628_SBE43_0264_20130205.pdf,130317_170650_SBE03_4492_20130111.XML,130317_170704_SBE03_4492_20130111.pdf,130317_170728_SBE04_2186_20120712.pdf,130317_170746_SBE04_2186_20120712.XML,130317_170758_WETLabs_FLRTD-364_20120324.pdf
Encoding: HTML
========================================

$@MID@$: 5
Date: Sun, 17 Mar 2013 17:09:05 +0000
Author: lstolp
Cruise: ti655
Part: CTD Sensor
S/N: TIOGA CTD
cal date: March 2013
Type: Problem | Configuration
Category: 
Subject: ZIP file of calibration data
Attachment: 130317_170920_Tioga_20130311.zip
Encoding: HTML
========================================

