$@MID@$: 6
Date: Tue, 08 Oct 2013 12:32:34 +0000
Author: lstolp
Cruise: ti709
Part: CTD | CTD Sensor | Bottle
S/N: package weight
cal date: 20131007
Type: Configuration
Category: Hardware
Subject: package weight
Attachment: 
Encoding: HTML
========================================
<p>Marshall,<br />
<br />
Ken and I filled up the 12 bottles on his rosette with salt water and weighed it on Rick Trask's digital scale.<br />
<br />
Weight in air is 636 Pounds.<br />
<br />
George<br />
<br />
Sent from my iPhone<br />
hanks, George.<br />
Without water, 96 lbs less (2lb/liter x 4l x 12 bottles). I recall this rosette as 550 lbs in air no h2o,<br />
so it jives.<br />
<br />
<br />
&nbsp;</p>
