$@MID@$: 48
Date: Sat, 07 Mar 2020 18:08:09 +0000
Author: lstolp
Cruise: ti1094
Sensor: SBE48
S/N: 21
cal date: sept 23 2017
Category: installed
Type: Other
Subject: installed 21
Attachment: 
Encoding: HTML
Draft: user
========================================
<p>Removed SBE48 #19 and replaced it with SBE48 #21.&nbsp; Will see it the problem travels with the instrument or the ship.&nbsp; swap was on nov 21 at 2120.</p>
$@MID@$: 49
Date: Sat, 07 Mar 2020 18:08:59 +0000
Author: RLaird
Cruise: ti10002
Sensor: SBE48
S/N: 21
cal date: sept 23 2017
Category: Hardware
Type: Calibration
Subject: removed 21 and sent back for calibration
Attachment: 
Encoding: HTML
========================================
<p>SBE48 #21 removed, not replaced. It was under the settee and not sure it was in the water.&nbsp;</p>
