$@MID@$: 5
Date: Mon, 18 Apr 2016 11:09:24 +0000
Author: lstolp
Type: Routine
Category: Software
Subject: Port FBB
Cruise: at33-04
Attachment: 160418_110920_FBB_port_0_20160418.txt
Encoding: HTML
========================================
<p>&nbsp;cleared out error logs.. attached output</p>
$@MID@$: 6
Date: Mon, 18 Apr 2016 11:10:28 +0000
Author: lstolp
Type: Routine
Category: Software
Subject: FBB stbd
Cruise: at33-04
Attachment: 160418_111024_FBB_stbd_100_20160418.txt
Encoding: HTML
========================================
<p>cleared out errorlog and attached info</p>
