$@MID@$: 1
Date: Sun, 23 Oct 2011 18:10:40 +0000
Author: AH
Type: Duties
Subject / Summary: Clean FLow Thru System tubing
Cruise: at18-12
link: 
Attachment: 
Encoding: HTML
========================================
<p>Clean tubing for flow thru system - monthly and/or when the fluorometer data begins to drift steadily upward</p>
$@MID@$: 2
Date: Sun, 23 Oct 2011 18:14:01 +0000
Author: AH
Type: Duties
Subject / Summary: Chemical Inventory
Cruise: at18-12
link: 
Attachment: 
Encoding: HTML
========================================
<p>Perform Chemical Inventory every cruise - at the end of each cruise search through labs, freezers, reefers and chemvan for chemicals that may be left behind - remind science, or if not requiring refrigeration/freezing set them out in the main lab for packing</p>
