$@MID@$: 77
Date: Tue, 26 Mar 2019 00:26:38 +0000
Author: AH
Type: Wire
Winch: Markey #1 (fore)
Wire: EM Cable / CTD conductor
Category: Routine
Subject: New Termination and Megger Results
Cruise: at42-09
Attachment: 190326_013011_20190324135502108.pdf
Encoding: HTML
========================================
<p>24 March 2019</p>

<p>Termination and Megger by Allison Heater</p>

<p>Termination of the new wire loaded - was from the Knorr and has been in storage since then.</p>

<p>Tested with:&nbsp; Model 1060 AEMC Megger - (Engineer&#39;s Megger)</p>

<h1>S/N:&nbsp;</h1>

<p>Fwd .322 Wire, NSF-05-C128</p>

<p>Inside tape = &nbsp;&nbsp; 46 meters</p>

<p>Outside tape =&nbsp; 8624.5 meters</p>

<p>Overall length =&nbsp; 8578.5 meters</p>

<p>Air temp: 13.9 degrees C ; 57 degrees F</p>

<p>Tested entire wire from termination, through drum and j-boxes to computer lab end</p>

<p>&nbsp;</p>

<p>Wire pair</p>

<p>Wires &nbsp;&nbsp;&nbsp;&nbsp;&nbsp;&nbsp;&nbsp;&nbsp;&nbsp;&nbsp;&nbsp;&nbsp;&nbsp;&nbsp;&nbsp;&nbsp;&nbsp;&nbsp;&nbsp;&nbsp;&nbsp;&nbsp;&nbsp;&nbsp;&nbsp;&nbsp;&nbsp;&nbsp;&nbsp;&nbsp;&nbsp;&nbsp;&nbsp;&nbsp;&nbsp;&nbsp;&nbsp;&nbsp;&nbsp;&nbsp;&nbsp;&nbsp;&nbsp;&nbsp;&nbsp;&nbsp;&nbsp; Ohms&nbsp;&nbsp;&nbsp;&nbsp;&nbsp;&nbsp;&nbsp;&nbsp;&nbsp;&nbsp;&nbsp;&nbsp;&nbsp;&nbsp;&nbsp;&nbsp;&nbsp;&nbsp;&nbsp;&nbsp;&nbsp; DAR&nbsp;&nbsp;&nbsp;&nbsp;&nbsp;&nbsp;&nbsp;&nbsp;&nbsp;&nbsp; PI &nbsp;&nbsp;&nbsp;&nbsp;&nbsp;&nbsp;&nbsp;&nbsp; microF &nbsp; &nbsp; &nbsp;&nbsp;&nbsp;&nbsp; &nbsp; &nbsp;&nbsp;</p>

<p>Green-Red &nbsp;&nbsp;&nbsp;&nbsp;&nbsp;&nbsp;&nbsp;&nbsp;&nbsp;&nbsp;&nbsp;&nbsp;&nbsp;&nbsp;&nbsp;&nbsp;&nbsp;&nbsp;&nbsp;&nbsp;&nbsp;&nbsp;&nbsp;&nbsp;&nbsp;&nbsp;&nbsp;&nbsp;&nbsp;&nbsp;&nbsp;&nbsp;&nbsp;&nbsp;&nbsp;&nbsp;&nbsp;&nbsp;&nbsp;&nbsp; 17.16 GOhms &nbsp; &nbsp;&nbsp;&nbsp;&nbsp;&nbsp; 1.25 &nbsp; &nbsp; &nbsp; &nbsp;&nbsp; 1.23 &nbsp; &nbsp; &nbsp; &nbsp; 0.937&nbsp; &nbsp; &nbsp;&nbsp; &nbsp;&nbsp;&nbsp;&nbsp;&nbsp;&nbsp;&nbsp;&nbsp; &nbsp; &nbsp; &nbsp; &nbsp; &nbsp;&nbsp; &nbsp; &nbsp; &nbsp; &nbsp;&nbsp;</p>

<p>Green-White &nbsp;&nbsp; &nbsp;&nbsp;&nbsp;&nbsp;&nbsp;&nbsp;&nbsp;&nbsp;&nbsp;&nbsp;&nbsp;&nbsp;&nbsp;&nbsp;&nbsp;&nbsp;&nbsp;&nbsp;&nbsp;&nbsp;&nbsp;&nbsp;&nbsp;&nbsp;&nbsp;&nbsp;&nbsp;&nbsp;&nbsp;&nbsp;&nbsp;&nbsp;&nbsp;&nbsp;&nbsp; 16.51 GOhms &nbsp; &nbsp; &nbsp; &nbsp; 1.24 &nbsp;&nbsp; &nbsp; &nbsp; &nbsp; 1.23 &nbsp; &nbsp; &nbsp; &nbsp; 0.933 &nbsp;&nbsp;&nbsp;&nbsp;</p>

<p>Green-Black &nbsp;&nbsp; &nbsp;&nbsp;&nbsp;&nbsp;&nbsp;&nbsp;&nbsp;&nbsp;&nbsp;&nbsp;&nbsp;&nbsp;&nbsp;&nbsp;&nbsp;&nbsp;&nbsp;&nbsp;&nbsp;&nbsp;&nbsp;&nbsp;&nbsp;&nbsp;&nbsp;&nbsp;&nbsp;&nbsp;&nbsp;&nbsp;&nbsp;&nbsp;&nbsp;&nbsp;&nbsp; 20.37 GOhms &nbsp; &nbsp; &nbsp;&nbsp;&nbsp; 1.26&nbsp; &nbsp; &nbsp;&nbsp;&nbsp; &nbsp; 1.36&nbsp; &nbsp; &nbsp; &nbsp;&nbsp; 1.005 &nbsp;&nbsp;&nbsp;</p>

<p>Red-White &nbsp;&nbsp;&nbsp;&nbsp;&nbsp;&nbsp;&nbsp;&nbsp;&nbsp;&nbsp;&nbsp;&nbsp;&nbsp;&nbsp;&nbsp;&nbsp;&nbsp;&nbsp;&nbsp;&nbsp;&nbsp;&nbsp;&nbsp;&nbsp;&nbsp;&nbsp;&nbsp;&nbsp;&nbsp;&nbsp;&nbsp;&nbsp;&nbsp;&nbsp;&nbsp;&nbsp;&nbsp;&nbsp;&nbsp;&nbsp;&nbsp; 27.78 GOhms &nbsp; &nbsp; &nbsp; &nbsp; 1.08 &nbsp; &nbsp;&nbsp; &nbsp;&nbsp;&nbsp; 1.20 &nbsp; &nbsp; &nbsp;&nbsp; &nbsp; 0.616 &nbsp;&nbsp;&nbsp;&nbsp;&nbsp;</p>

<p>Red-Black &nbsp;&nbsp;&nbsp;&nbsp;&nbsp;&nbsp;&nbsp;&nbsp;&nbsp;&nbsp;&nbsp;&nbsp;&nbsp;&nbsp;&nbsp;&nbsp;&nbsp;&nbsp;&nbsp;&nbsp;&nbsp;&nbsp;&nbsp;&nbsp;&nbsp;&nbsp;&nbsp;&nbsp;&nbsp;&nbsp;&nbsp;&nbsp;&nbsp;&nbsp;&nbsp;&nbsp;&nbsp;&nbsp;&nbsp;&nbsp;&nbsp; 36.00 GOhms &nbsp; &nbsp; &nbsp; &nbsp; 1.12&nbsp; &nbsp; &nbsp; &nbsp; &nbsp;&nbsp; 1.20&nbsp; &nbsp; &nbsp; &nbsp;&nbsp;&nbsp; 0.622&nbsp; &nbsp;&nbsp;&nbsp;</p>

<p>White-Black &nbsp;&nbsp;&nbsp;&nbsp;&nbsp;&nbsp;&nbsp;&nbsp;&nbsp;&nbsp;&nbsp;&nbsp;&nbsp;&nbsp;&nbsp;&nbsp;&nbsp;&nbsp;&nbsp;&nbsp;&nbsp;&nbsp;&nbsp;&nbsp;&nbsp;&nbsp;&nbsp;&nbsp;&nbsp;&nbsp;&nbsp;&nbsp;&nbsp;&nbsp;&nbsp;&nbsp;&nbsp;&nbsp;&nbsp; 32.33 GOhms &nbsp; &nbsp; &nbsp;&nbsp; 1.08&nbsp; &nbsp; &nbsp; &nbsp;&nbsp; &nbsp;&nbsp; 1.20 &nbsp;&nbsp;&nbsp; &nbsp; &nbsp;&nbsp; 0.656 &nbsp;&nbsp;&nbsp;&nbsp;</p>

<p>&nbsp;</p>

<p>&nbsp;CONTINUITY:</p>

<p>Expected value:&nbsp;&nbsp; (8.5785 km) * (30.8 Ohms/km) = 264.2 Ohms&nbsp;&nbsp;&nbsp;&nbsp;&nbsp;&nbsp;&nbsp;</p>

<p>Readings:&nbsp; Blk-Green 244 Ohms;&nbsp; Red-Green 246 Ohms;&nbsp; White-Green 244 Ohms;&nbsp; Green-Ship 0.9 Ohms</p>

<p>&nbsp;</p>
