$@MID@$: 81
Date: Mon, 29 Apr 2019 06:16:51 +0000
Author: Emily
Type: Termination
Winch: Markey #1 (fore)
Wire: EM Cable / CTD conductor
Category: Fix
Subject: New termination 0.322 wire
Cruise: at42-10
Attachment: 
Encoding: HTML
========================================
<p>The results below are from a termination done on 4/28/2019. Two previous terminations (3/24/19 and 4/27/19) were subjected to unplanned tension spikes (4000lb or higher) during load testing and 3ps calibration. For this reason, and because we received unusual meghometer and multimeter values, we cut off 18 meters of wire that ran from the termination to the drum.</p>

<p>&nbsp;</p>

<p>28 April 2019 PST (29 April 2019 UTC)</p>

<p>Termination and Megger by Emily Shimada</p>

<p>Tested with:&nbsp; Model 1060 AEMC Megger used on wall power. - S/N 154856DCDV,&nbsp;cal. date 8/6/2018&nbsp;</p>

<p>Fwd .322 Wire, NSF-05-C128</p>

<p>Inside tape = &nbsp;&nbsp; 46 meters</p>

<p>Outside tape =&nbsp; 8604.0&nbsp;meters (tape given to Chief Mate PJ on 4/30/2019 on the Bridge)</p>

<p>Overall length =&nbsp; 8650&nbsp;meters</p>

<p>Air temp: 14.4&nbsp;degrees C ; 57.9 degrees F</p>

<p>Tested entire wire from termination, through drum and j-boxes to computer lab end.</p>

<p>MEGGER RESULTS</p>

<p>Wires &nbsp;&nbsp;&nbsp;&nbsp;&nbsp;&nbsp;&nbsp;&nbsp;&nbsp;&nbsp;&nbsp;&nbsp;&nbsp;&nbsp;&nbsp;&nbsp;&nbsp;&nbsp;&nbsp;&nbsp;&nbsp;&nbsp;&nbsp;&nbsp;&nbsp;&nbsp;&nbsp;&nbsp;&nbsp;&nbsp;&nbsp;&nbsp;&nbsp;&nbsp;&nbsp;&nbsp;&nbsp;&nbsp;&nbsp;&nbsp;&nbsp;&nbsp;&nbsp;&nbsp;&nbsp;&nbsp;&nbsp; Ohms&nbsp;&nbsp;&nbsp;&nbsp;&nbsp;&nbsp;&nbsp;&nbsp;&nbsp;&nbsp;&nbsp;&nbsp;&nbsp;&nbsp;&nbsp;&nbsp;&nbsp;&nbsp;&nbsp;&nbsp;&nbsp; DAR&nbsp;&nbsp;&nbsp;&nbsp;&nbsp;&nbsp;&nbsp;&nbsp;&nbsp;&nbsp; PI &nbsp;&nbsp;&nbsp;&nbsp;&nbsp;&nbsp;&nbsp;&nbsp; microF &nbsp; &nbsp; &nbsp;&nbsp;&nbsp;&nbsp; &nbsp; &nbsp;&nbsp;</p>

<p>Green-Black&nbsp; &nbsp; &nbsp; &nbsp; &nbsp; &nbsp; &nbsp; &nbsp; &nbsp; &nbsp; &nbsp; &nbsp; &nbsp; &nbsp; &nbsp; &nbsp; &nbsp; &nbsp; &nbsp; &nbsp; 11.81&nbsp;GOhms &nbsp; &nbsp;&nbsp;&nbsp;&nbsp;&nbsp; 1.12&nbsp; &nbsp; &nbsp; &nbsp; &nbsp; 1.23 &nbsp; &nbsp; &nbsp; &nbsp; 0.950&nbsp; &nbsp; &nbsp; &nbsp; &nbsp; &nbsp; &nbsp; &nbsp; &nbsp; &nbsp; &nbsp; &nbsp; &nbsp; &nbsp; &nbsp; &nbsp; &nbsp; &nbsp;</p>

<p>Green-Red&nbsp;&nbsp;&nbsp; &nbsp; &nbsp; &nbsp; &nbsp; &nbsp; &nbsp; &nbsp; &nbsp; &nbsp; &nbsp; &nbsp; &nbsp; &nbsp; &nbsp; &nbsp; &nbsp; &nbsp; &nbsp; &nbsp; 11.46 GOhms &nbsp; &nbsp; &nbsp; &nbsp; 1.09&nbsp; &nbsp; &nbsp; &nbsp; &nbsp; 1.19&nbsp; &nbsp; &nbsp; &nbsp; &nbsp;0.941&nbsp; &nbsp; &nbsp;</p>

<p>Green-White&nbsp; &nbsp; &nbsp; &nbsp; &nbsp; &nbsp; &nbsp; &nbsp; &nbsp; &nbsp; &nbsp; &nbsp; &nbsp; &nbsp; &nbsp; &nbsp; &nbsp; &nbsp; &nbsp; &nbsp; 13.05 GOhms &nbsp; &nbsp; &nbsp;&nbsp;&nbsp; 1.13&nbsp; &nbsp; &nbsp; &nbsp; &nbsp; 1.21&nbsp; &nbsp; &nbsp; &nbsp; &nbsp;0.931&nbsp; &nbsp;&nbsp;</p>

<p>Black-White&nbsp; &nbsp; &nbsp; &nbsp; &nbsp; &nbsp; &nbsp; &nbsp; &nbsp; &nbsp; &nbsp; &nbsp; &nbsp; &nbsp; &nbsp; &nbsp; &nbsp; &nbsp; &nbsp; &nbsp; &nbsp; 24.42 GOhms &nbsp; &nbsp; &nbsp; &nbsp; 1.06&nbsp; &nbsp; &nbsp; &nbsp; &nbsp; 1.10 &nbsp; &nbsp; &nbsp;&nbsp;&nbsp; 0.621&nbsp; &nbsp; &nbsp;&nbsp;</p>

<p>Red-Black&nbsp; &nbsp; &nbsp; &nbsp; &nbsp; &nbsp; &nbsp; &nbsp; &nbsp; &nbsp; &nbsp; &nbsp; &nbsp; &nbsp; &nbsp; &nbsp; &nbsp; &nbsp; &nbsp; &nbsp; &nbsp; &nbsp; 21.37 GOhms &nbsp; &nbsp; &nbsp; &nbsp; 1.05&nbsp; &nbsp; &nbsp; &nbsp; &nbsp; &nbsp;1.12&nbsp; &nbsp; &nbsp; &nbsp; &nbsp;0.623&nbsp; &nbsp;&nbsp;&nbsp;</p>

<p>White-Red&nbsp;&nbsp;&nbsp; &nbsp; &nbsp; &nbsp; &nbsp; &nbsp; &nbsp; &nbsp; &nbsp; &nbsp; &nbsp; &nbsp; &nbsp; &nbsp; &nbsp; &nbsp; &nbsp; &nbsp; &nbsp; &nbsp; &nbsp;20.29 GOhms&nbsp; &nbsp; &nbsp; &nbsp; &nbsp; 1.08&nbsp; &nbsp; &nbsp; &nbsp;&nbsp; &nbsp;&nbsp;1.07&nbsp; &nbsp; &nbsp; &nbsp; &nbsp; 0.619&nbsp; &nbsp; &nbsp;</p>

<p>&nbsp;</p>

<p>CONTINUITY:</p>

<p>Expected value:&nbsp;&nbsp; (8.604&nbsp;km) * (30.8 Ohms/km) = 265.0&nbsp;Ohms&nbsp;&nbsp;&nbsp;&nbsp;&nbsp;&nbsp;&nbsp;</p>

<p>Readings:&nbsp; Blk-Green 265&nbsp;Ohms;&nbsp; Red-Green 270&nbsp;Ohms;&nbsp; White-Green 262 Ohms;&nbsp; Green-Ship 0.9 Ohms</p>

<p>Black-White 496 Ohms; Black-Red 498 Ohms; Red-White 497 Ohms</p>

<p>NOTE: Continuity readings taken with Fluke 87III TrueRMS multimeter and checked using the 400 kOhms setting on the AEMC 1060 meghometer. Results from both instruments were within a 10 Ohm range.</p>
