$@MID@$: 78
Date: Thu, 04 Apr 2019 17:34:13 +0000
Author: Catie
Type: Slip Ring
Winch: Markey #1 (fore)
Wire: EM Cable / CTD conductor
Category: Routine
Subject: Current Slip Ring Inventory April 2019
Cruise: at42-09
Attachment: 
Encoding: HTML
========================================
<p>MXO6 s/n 215.647 installed brand new March 2019.</p>

<p>Newly rebuillt WHOI-style expected to be working spare</p>

<p>&nbsp;</p>

<p>Failed or failing units in spares:</p>

<p>WHOI-style installed Nov 2017 and removed from service March 2019 is failed. At least 2 pairs are shorted to each other.</p>

<p>MXO6 s/n 7.25 removed from service Nov 2017 due to poor insulation resistance when installed in the weather.</p>

<p>MXO4 s/n 29.379 (with Burton connectors) removed from service August 2016 due to poor megger readings when installed in the weather</p>

<p>MXO6 s/n 24.9 not used due to very short mecca connectors. Same vintage as other old Meridians and unable to be rebuilt.</p>
