$@MID@$: 82
Date: Sun, 19 May 2019 22:07:35 +0000
Author: AH
Type: Termination
Winch: Markey #1 (fore)
Wire: EM Cable / CTD conductor
Category: General Problem
Subject: Re-termination due to kink in wire
Cruise: at42-11
Attachment: 
Encoding: HTML
========================================
<p>19 May 2019</p>

<p>Termination (Allison) and Megger by Allison &amp; Emily</p>

<p>Termination of the new wire loaded - was from the Knorr and has been in storage since then.</p>

<p>Tested with:&nbsp; Model 1060 AEMC Megger - (SSSG Megger) S/N: 154856DCDV</p>

<p>Fwd .322 Wire, NSF-05-C128</p>

<p>Inside tape = &nbsp;&nbsp; 46 meters</p>

<p>Outside tape =&nbsp; 8570.5 meters</p>

<p>Overall length =&nbsp; 8524.5 meters</p>

<p>Air temp: 14.4 degrees C ; 57.9 degrees F</p>

<p>Tested wire only - termination to drum end</p>

<p><strong>INSULATION TEST RESULTS:</strong></p>

<table border="1" cellpadding="1" cellspacing="1">
	<tbody>
		<tr>
			<td>
			<p><strong>WIRE PAIRS</strong></p>
			</td>
			<td><strong>Ohms</strong></td>
			<td><strong>DAR</strong></td>
			<td><strong>PI</strong></td>
			<td><strong>C (&micro;F)</strong></td>
		</tr>
		<tr>
			<td>GREEN - BLACK&nbsp; &nbsp;</td>
			<td>103.7 G&nbsp; &nbsp; &nbsp; &nbsp;&nbsp;</td>
			<td>1.16&nbsp; &nbsp; &nbsp; &nbsp; &nbsp; &nbsp;</td>
			<td>1.05&nbsp; &nbsp; &nbsp; &nbsp; &nbsp;&nbsp;</td>
			<td>0.944&nbsp; &nbsp; &nbsp; &nbsp; &nbsp; &nbsp; &nbsp; &nbsp; &nbsp; &nbsp;</td>
		</tr>
		<tr>
			<td>GREEN - RED</td>
			<td>64 G</td>
			<td>1.17&nbsp; &nbsp;&nbsp;</td>
			<td>1.44</td>
			<td>0.934</td>
		</tr>
		<tr>
			<td>GREEN - WHITE</td>
			<td>68 G</td>
			<td>1.10</td>
			<td>1.37</td>
			<td>0.927</td>
		</tr>
		<tr>
			<td>BLACK - WHITE</td>
			<td>153.7 G</td>
			<td>1.27</td>
			<td>1.08</td>
			<td>0.655</td>
		</tr>
		<tr>
			<td>RED - WHITE</td>
			<td>120.4 G</td>
			<td>1.21</td>
			<td>1.01</td>
			<td>0.613</td>
		</tr>
		<tr>
			<td>BLACK - RED&nbsp;</td>
			<td>86.2 G</td>
			<td>1.14</td>
			<td>1.18</td>
			<td>0.618</td>
		</tr>
	</tbody>
</table>

<p>&nbsp; &nbsp;&nbsp; &nbsp;&nbsp;&nbsp; &nbsp;&nbsp;&nbsp;</p>

<p><strong>CONTINUITY TEST RESULTS: </strong></p>

<p><em>(using&nbsp;AEMC 1060 megger&nbsp;on 400kOhm setting)</em></p>

<p>Expected value:&nbsp;&nbsp; (8.5245 km) * (30.8 Ohms/km) = 262.6 Ohms&nbsp;&nbsp;&nbsp;&nbsp;&nbsp;&nbsp;&nbsp;</p>

<table border="1" cellpadding="1" cellspacing="1">
	<tbody>
		<tr>
			<td><strong>WIRE PAIRS</strong></td>
			<td><strong>OHMS</strong></td>
			<td><strong>&nbsp;&nbsp;</strong></td>
			<td><strong>END TO END&nbsp;&nbsp;</strong></td>
			<td><strong>OHMS&nbsp;</strong> &nbsp;&nbsp;</td>
		</tr>
		<tr>
			<td>GREEN - RED&nbsp; &nbsp;</td>
			<td>253&nbsp; &nbsp; &nbsp; &nbsp; &nbsp; &nbsp; &nbsp;</td>
			<td>&nbsp;</td>
			<td>BLACK</td>
			<td>252</td>
		</tr>
		<tr>
			<td>GREEN - WHITE&nbsp; &nbsp;</td>
			<td>252</td>
			<td>&nbsp; &nbsp;&nbsp;</td>
			<td>RED</td>
			<td>252</td>
		</tr>
		<tr>
			<td>GREEN - BLACK&nbsp;&nbsp;</td>
			<td>254</td>
			<td>&nbsp;</td>
			<td>WHITE</td>
			<td>251</td>
		</tr>
		<tr>
			<td>BLACK - WHITE</td>
			<td>502</td>
			<td>&nbsp;</td>
			<td>&nbsp;</td>
			<td>&nbsp;</td>
		</tr>
		<tr>
			<td>WHITE - RED</td>
			<td>504</td>
			<td>&nbsp;</td>
			<td>&nbsp;</td>
			<td>&nbsp;</td>
		</tr>
		<tr>
			<td>RED - BLACK</td>
			<td>504</td>
			<td>&nbsp;</td>
			<td>GREEN - SHIP&nbsp;</td>
			<td>1.32 k</td>
		</tr>
	</tbody>
</table>

<p>&nbsp;</p>

<p>****This is all the way through from the computer lab to the termination end (including slipring, drum, j-box, etc)</p>

<p>Temperature:&nbsp; 12.1 C / 53.8 F</p>

<p>Continuity:<br />
Green-Ship&nbsp;&nbsp; 1.2 ohms<br />
Green-Red&nbsp;&nbsp;&nbsp; 252 Ohms<br />
Green-White&nbsp; 250 Ohms<br />
Green-Black&nbsp; 250 Ohms<br />
Black-White&nbsp; 496 Ohms<br />
White-Red&nbsp;&nbsp;&nbsp; 497 Ohms<br />
Red-Black&nbsp;&nbsp;&nbsp; 498 Ohms<br />
(not quite sure why the pairs are less then adding the corresponding singles)</p>

<p>Insulation Resisitance<br />
&nbsp;&nbsp;&nbsp;&nbsp;&nbsp;&nbsp;&nbsp;&nbsp;&nbsp;&nbsp;&nbsp;&nbsp;&nbsp;&nbsp;&nbsp;&nbsp;&nbsp; GOhms&nbsp;&nbsp;&nbsp; DAR&nbsp;&nbsp; PI&nbsp;&nbsp;&nbsp;&nbsp; u<br />
Green-White&nbsp;&nbsp;&nbsp;&nbsp;&nbsp; 8.60&nbsp;&nbsp;&nbsp;&nbsp;&nbsp; 1.10&nbsp; 1.19&nbsp; 0.988<br />
Green-Red&nbsp;&nbsp;&nbsp;&nbsp;&nbsp;&nbsp;&nbsp; 2.887&nbsp;&nbsp;&nbsp;&nbsp; 1.02&nbsp; 1.21&nbsp; 0.941<br />
Green-Black&nbsp;&nbsp;&nbsp;&nbsp;&nbsp; 2.635&nbsp;&nbsp;&nbsp;&nbsp; 0.99&nbsp; 1.07&nbsp; 0.950<br />
Black-White&nbsp;&nbsp;&nbsp;&nbsp;&nbsp; 8.08&nbsp;&nbsp;&nbsp;&nbsp;&nbsp; 1.03&nbsp; 1.21&nbsp; 0.623<br />
White-Red&nbsp;&nbsp;&nbsp;&nbsp;&nbsp;&nbsp;&nbsp; 6.16&nbsp;&nbsp;&nbsp;&nbsp;&nbsp; 1.02&nbsp; 1.17&nbsp; 0.655<br />
Red-Black&nbsp;&nbsp;&nbsp;&nbsp;&nbsp;&nbsp;&nbsp; 2.111&nbsp;&nbsp;&nbsp;&nbsp; 0.99&nbsp; 1.14&nbsp; 0.659</p>

<p>&nbsp;</p>

<p>&nbsp;</p>
