$@MID@$: 85
Date: Tue, 10 Sep 2019 18:04:38 +0000
Author: AH
Type: Wire
Winch: Traction
Wire: fiber optic
Category: Routine
Subject: New .681" FO wire spooled - Sept. 8
Cruise: at42-16
Attachment: 190927_043851_Black_1us_pulse.jpg,190927_043900_Black_100ns_pulse.jpg,190927_043908_Black_300us_pulse.jpg,190927_043919_Gray_1us_pulse.jpg,190927_043932_Gray_100ns_pulse.jpg,190927_043944_Gray_300ns_pulse.jpg
Encoding: HTML
========================================
<p>New .681&quot; FO Wire Spooled onto drum Sept. 8, 2019</p>

<p>&quot;Rochester Wire &amp; Cable LLCUSA, Q2172&quot;&nbsp;&nbsp; NSF 11-F06 0.681 FO cable</p>

<p>Inner tape 0000199.5 meters</p>

<p>Outside Tape 0010191.5</p>

<p>Overall length = 9992 meters</p>

<p>Insulation Resistance Testing 9/25/2019</p>

<p>SSSG/COMET Megger</p>

<p>250 Volts from termination through the drum up to but not including slipring</p>

<p>&nbsp;&nbsp;&nbsp;&nbsp;&nbsp;&nbsp;&nbsp;&nbsp;&nbsp;&nbsp;&nbsp;&nbsp;&nbsp;&nbsp;&nbsp;&nbsp;&nbsp;&nbsp;&nbsp;&nbsp; GOhms&nbsp;&nbsp;&nbsp; DAR&nbsp;&nbsp; &nbsp;&nbsp; PI &nbsp; &nbsp; &nbsp; &nbsp;&nbsp; u</p>

<p>1-2&nbsp;&nbsp;&nbsp;&nbsp;&nbsp;&nbsp;&nbsp;&nbsp;&nbsp;&nbsp;&nbsp;&nbsp;&nbsp;&nbsp; 24.18&nbsp;&nbsp;&nbsp;&nbsp;&nbsp;&nbsp;&nbsp; 3.08 &nbsp; &nbsp; &nbsp; 4.72 &nbsp; &nbsp; 1.061 &nbsp;</p>

<p>2-3&nbsp;&nbsp;&nbsp;&nbsp;&nbsp;&nbsp;&nbsp;&nbsp;&nbsp;&nbsp;&nbsp;&nbsp;&nbsp;&nbsp; 28.63&nbsp;&nbsp;&nbsp;&nbsp;&nbsp;&nbsp;&nbsp; 3.46&nbsp;&nbsp;&nbsp;&nbsp;&nbsp;&nbsp; 4.82&nbsp;&nbsp; &nbsp; 1.005</p>

<p>1-3&nbsp;&nbsp;&nbsp;&nbsp;&nbsp;&nbsp;&nbsp;&nbsp;&nbsp;&nbsp;&nbsp;&nbsp;&nbsp;&nbsp; 32.09&nbsp;&nbsp;&nbsp;&nbsp;&nbsp;&nbsp; 2.81&nbsp;&nbsp;&nbsp;&nbsp;&nbsp;&nbsp;&nbsp; 4.64&nbsp;&nbsp;&nbsp;&nbsp; 1.035</p>

<p>1-armor&nbsp;&nbsp;&nbsp;&nbsp;&nbsp;&nbsp; 13.58 &nbsp;&nbsp;&nbsp;&nbsp;&nbsp;&nbsp; 2.44&nbsp;&nbsp;&nbsp;&nbsp;&nbsp;&nbsp;&nbsp; ----&nbsp;&nbsp;&nbsp;&nbsp;&nbsp;&nbsp; 1.479</p>

<p>2-armor&nbsp;&nbsp;&nbsp;&nbsp;&nbsp;&nbsp;&nbsp; 14.95&nbsp;&nbsp;&nbsp;&nbsp;&nbsp;&nbsp; 3.08&nbsp;&nbsp;&nbsp;&nbsp;&nbsp;&nbsp;&nbsp; -----&nbsp;&nbsp;&nbsp;&nbsp;&nbsp; 1.450</p>

<p>3-armor&nbsp;&nbsp;&nbsp;&nbsp;&nbsp;&nbsp;&nbsp; 21.66&nbsp;&nbsp;&nbsp;&nbsp;&nbsp;&nbsp; 2.64&nbsp;&nbsp;&nbsp;&nbsp;&nbsp;&nbsp; 3.41&nbsp;&nbsp;&nbsp;&nbsp;&nbsp; 1.564</p>

<p>CONTINUITY TESTING&nbsp;&nbsp; 9/23/2019&nbsp;&nbsp;&nbsp;&nbsp; 17.5 degrees C</p>

<p>FLUKE METER&nbsp;&nbsp; leads = .1 Ohms</p>

<p>1-3&nbsp;&nbsp;&nbsp;&nbsp;&nbsp;&nbsp; 96.1 - 0.1 = 96.0 Ohms</p>

<p>2-3&nbsp;&nbsp;&nbsp;&nbsp;&nbsp; 96.2 - 0.1 = 96.1 Ohms</p>

<p>1-2&nbsp;&nbsp;&nbsp;&nbsp;&nbsp; 96.3 - 0.1 = 96.2 Ohms</p>

<p>1&nbsp; = 48.05 Ohms</p>

<p>2&nbsp; = 48.15 Ohms</p>

<p>3&nbsp; = 47.95 Ohms</p>

<p>&nbsp;</p>

<p>expected :&nbsp; (9.992 kilometers)*(4.9 Ohms/km) = 48.9 Ohms&nbsp;&nbsp;&nbsp;&nbsp;&nbsp; the 4.9 Ohms/km is from the old 0.681&quot;&nbsp; (does not have additional fibers), I&#39;m assuming the resistance is the same while I look for a specifications sheet.</p>

<p>&nbsp;</p>
