$@MID@$: 86
Date: Thu, 12 Sep 2019 22:45:32 +0000
Author: AH
Type: Termination
Winch: Markey #1 (fore)
Wire: EM Cable / CTD conductor
Category: Routine
Subject: New Termination - 0.322" CTD conductor wire MEGGER RESULTS
Cruise: at42-16
Attachment: 
Encoding: HTML
========================================
<p>11 September 2019</p>

<p>Termination and Megger by Allison Heater</p>

<p>WIRE:&nbsp; Fwd .322 Wire, NSF-05-C128</p>

<p>Tested with:&nbsp; Model 1060 AEMC Megger - (Engineer&#39;s Megger)</p>

<h1><span style="font-size:12px">S/N:&nbsp; 154856DCDV</span></h1>

<p>Inside tape = &nbsp;&nbsp; 46 meters</p>

<p>Outside tape =&nbsp; 8518.0 meters</p>

<p>Overall length =&nbsp; 8472.0 meters</p>

<p>Air temp: 16.6 degrees C ; 61.9 degrees F</p>

<p>Tested entire wire from termination, through drum and j-boxes to computer lab end</p>

<p>&nbsp;</p>

<p>Wire pair</p>

<p>Wires &nbsp;&nbsp;&nbsp;&nbsp;&nbsp;&nbsp;&nbsp;&nbsp;&nbsp;&nbsp;&nbsp;&nbsp;&nbsp;&nbsp;&nbsp;&nbsp;&nbsp;&nbsp;&nbsp;&nbsp;&nbsp;&nbsp;&nbsp;&nbsp;&nbsp;&nbsp;&nbsp;&nbsp;&nbsp;&nbsp;&nbsp;&nbsp;&nbsp;&nbsp;&nbsp;&nbsp;&nbsp;&nbsp;&nbsp;&nbsp;&nbsp;&nbsp;&nbsp;&nbsp;&nbsp;&nbsp;&nbsp; Ohms&nbsp;&nbsp;&nbsp;&nbsp;&nbsp;&nbsp;&nbsp;&nbsp;&nbsp;&nbsp;&nbsp;&nbsp;&nbsp;&nbsp;&nbsp;&nbsp;&nbsp;&nbsp;&nbsp;&nbsp;&nbsp; DAR&nbsp;&nbsp;&nbsp;&nbsp;&nbsp;&nbsp;&nbsp;&nbsp;&nbsp;&nbsp; PI &nbsp;&nbsp;&nbsp;&nbsp;&nbsp;&nbsp;&nbsp;&nbsp; microF &nbsp; &nbsp; &nbsp;&nbsp;&nbsp;&nbsp; &nbsp; &nbsp;&nbsp;</p>

<p>Green-Red &nbsp;&nbsp;&nbsp;&nbsp;&nbsp;&nbsp;&nbsp;&nbsp;&nbsp;&nbsp;&nbsp;&nbsp;&nbsp;&nbsp;&nbsp;&nbsp;&nbsp;&nbsp;&nbsp;&nbsp;&nbsp;&nbsp;&nbsp;&nbsp;&nbsp;&nbsp;&nbsp;&nbsp;&nbsp;&nbsp;&nbsp;&nbsp;&nbsp;&nbsp;&nbsp;&nbsp;&nbsp;&nbsp;&nbsp;&nbsp; 2.509 GOhms &nbsp; &nbsp;&nbsp;&nbsp;&nbsp;&nbsp; 1.02 &nbsp; &nbsp; &nbsp; &nbsp;&nbsp; 1.08 &nbsp; &nbsp; &nbsp; &nbsp; 0.9991 &nbsp; &nbsp;&nbsp; &nbsp;&nbsp;&nbsp;&nbsp;&nbsp;&nbsp;&nbsp;&nbsp; &nbsp; &nbsp; &nbsp; &nbsp; &nbsp;&nbsp; &nbsp; &nbsp; &nbsp; &nbsp;</p>

<p>Green-White &nbsp;&nbsp; &nbsp;&nbsp;&nbsp;&nbsp;&nbsp;&nbsp;&nbsp;&nbsp;&nbsp;&nbsp;&nbsp;&nbsp;&nbsp;&nbsp;&nbsp;&nbsp;&nbsp;&nbsp;&nbsp;&nbsp;&nbsp;&nbsp;&nbsp;&nbsp;&nbsp;&nbsp;&nbsp;&nbsp;&nbsp;&nbsp;&nbsp;&nbsp;&nbsp;&nbsp; 2.918 GOhms &nbsp; &nbsp; &nbsp; &nbsp; 1.01 &nbsp;&nbsp; &nbsp; &nbsp; &nbsp; 1.03 &nbsp; &nbsp; &nbsp; &nbsp; 0.981 &nbsp;&nbsp;&nbsp;</p>

<p>Green-Black &nbsp;&nbsp; &nbsp;&nbsp;&nbsp;&nbsp;&nbsp;&nbsp;&nbsp;&nbsp;&nbsp;&nbsp;&nbsp;&nbsp;&nbsp;&nbsp;&nbsp;&nbsp;&nbsp;&nbsp;&nbsp;&nbsp;&nbsp;&nbsp;&nbsp;&nbsp;&nbsp;&nbsp;&nbsp;&nbsp;&nbsp;&nbsp;&nbsp;&nbsp;&nbsp;&nbsp;&nbsp; 2.856 GOhms &nbsp; &nbsp; &nbsp;&nbsp;&nbsp; 1.04&nbsp; &nbsp; &nbsp;&nbsp;&nbsp; &nbsp; 1.07&nbsp; &nbsp; &nbsp; &nbsp;&nbsp; 1.001 &nbsp;&nbsp;</p>

<p>Red-White &nbsp;&nbsp;&nbsp;&nbsp;&nbsp;&nbsp;&nbsp;&nbsp;&nbsp;&nbsp;&nbsp;&nbsp;&nbsp;&nbsp;&nbsp;&nbsp;&nbsp;&nbsp;&nbsp;&nbsp;&nbsp;&nbsp;&nbsp;&nbsp;&nbsp;&nbsp;&nbsp;&nbsp;&nbsp;&nbsp;&nbsp;&nbsp;&nbsp;&nbsp;&nbsp;&nbsp;&nbsp;&nbsp;&nbsp;&nbsp;&nbsp; 3.964 GOhms &nbsp; &nbsp; &nbsp; &nbsp; 1.01 &nbsp; &nbsp;&nbsp; &nbsp;&nbsp;&nbsp; 0.99 &nbsp; &nbsp; &nbsp;&nbsp; &nbsp; 0.611 &nbsp;&nbsp;&nbsp;&nbsp;</p>

<p>Red-Black &nbsp;&nbsp;&nbsp;&nbsp;&nbsp;&nbsp;&nbsp;&nbsp;&nbsp;&nbsp;&nbsp;&nbsp;&nbsp;&nbsp;&nbsp;&nbsp;&nbsp;&nbsp;&nbsp;&nbsp;&nbsp;&nbsp;&nbsp;&nbsp;&nbsp;&nbsp;&nbsp;&nbsp;&nbsp;&nbsp;&nbsp;&nbsp;&nbsp;&nbsp;&nbsp;&nbsp;&nbsp;&nbsp;&nbsp;&nbsp;&nbsp; 4.64 GOhms &nbsp; &nbsp; &nbsp;&nbsp; &nbsp; 1.01&nbsp; &nbsp; &nbsp; &nbsp; &nbsp;&nbsp; 1.05&nbsp; &nbsp; &nbsp; &nbsp;&nbsp;&nbsp; 0.614 &nbsp;&nbsp;</p>

<p>White-Black &nbsp;&nbsp;&nbsp;&nbsp;&nbsp;&nbsp;&nbsp;&nbsp;&nbsp;&nbsp;&nbsp;&nbsp;&nbsp;&nbsp;&nbsp;&nbsp;&nbsp;&nbsp;&nbsp;&nbsp;&nbsp;&nbsp;&nbsp;&nbsp;&nbsp;&nbsp;&nbsp;&nbsp;&nbsp;&nbsp;&nbsp;&nbsp;&nbsp;&nbsp;&nbsp;&nbsp;&nbsp;&nbsp;&nbsp; 5.59 GOhms &nbsp; &nbsp; &nbsp;&nbsp; 1.02&nbsp; &nbsp; &nbsp; &nbsp;&nbsp; &nbsp;&nbsp; 1.07 &nbsp;&nbsp;&nbsp; &nbsp; &nbsp;&nbsp; 0.654 &nbsp;&nbsp;&nbsp;</p>

<p>&nbsp;</p>

<p>&nbsp;CONTINUITY:</p>

<p>Expected value:&nbsp;&nbsp; (8.472 km) * (30.8 Ohms/km) = 260.9 Ohms&nbsp;&nbsp;&nbsp;&nbsp;&nbsp;&nbsp;&nbsp;</p>

<p>Readings with Megger:&nbsp; Blk-Green 253 Ohms;&nbsp; Red-Green 255 Ohms;&nbsp; White-Green 253 Ohms;&nbsp; Green-Ship 1.3 Ohms</p>

<p>Readings with FLUKE 87 III:&nbsp;</p>

<p>&nbsp;&nbsp;&nbsp;&nbsp;&nbsp;&nbsp;&nbsp;&nbsp;&nbsp;&nbsp;&nbsp; Blk-Green 230-275 Ohms</p>

<p>&nbsp;&nbsp;&nbsp;&nbsp;&nbsp;&nbsp;&nbsp; &nbsp;&nbsp; Red-Green 243-270 Ohms&nbsp;</p>

<p>&nbsp;&nbsp;&nbsp;&nbsp;&nbsp;&nbsp;&nbsp;&nbsp;&nbsp;&nbsp; White-Green 231-279 Ohms&nbsp;</p>

<p>&nbsp;&nbsp;&nbsp;&nbsp;&nbsp;&nbsp;&nbsp;&nbsp;&nbsp;&nbsp; Green-Ship 3.5 Ohms</p>

<p>I hooked the wires up to the FLUKE and tried to let them settle for several minutes each.&nbsp; They never did.&nbsp; The readings include the leads.&nbsp; The readings fluctuated so much and so quickly that it was next to impossible to target a &quot;mostly&quot; value.&nbsp; As far as I know, we do not have a way of recording the values and I&#39;m not sure an average is very beneficial anyway.</p>

<p>&nbsp;</p>
