$@MID@$: 38
Date: Fri, 28 Jun 2013 05:36:12 +0000
Author: Arianna Johns
System: EM122 - Kongsberg
Type: General Problem
Category: Hardware
S/N: 
Subject / Summary: This is the email info between us and the Kongsberg people regarding our TX issues we experienced on the transit
Cruise: at26-02
Attachment: 
Encoding: HTML
========================================
<p>&nbsp;I am leaving this in email format because the actual details are a little vague to my noob self and I want all important information to be conveyed by the people who said it.</p>
<p>Allison if you get a chance could you put up the original board swapping we stuff we did? I couldn't find it attached to the emails that were saved in the SSSG EM122 email folder.&nbsp;</p>
<p>&nbsp;</p>
<p class="MsoNormal"><span style="font-size:10.0pt;line-height:115%;font-family:
&quot;Times New Roman&quot;,&quot;serif&quot;">Bist test stuffs for elog<o:p></o:p></span></p>
<pre style="background-position: initial initial; background-repeat: initial initial;"><span style="font-family: 'Times New Roman', serif;">Hi Mark,<o:p></o:p></span></pre>
<pre style="background-position: initial initial; background-repeat: initial initial;"><span style="font-family: 'Times New Roman', serif;">&nbsp;</span><span style="font-family: 'Times New Roman', serif;">We are back in US waters and running the multibeam. &nbsp;I did a BIST test<o:p></o:p></span></pre>
<pre style="background-position: initial initial; background-repeat: initial initial;"><span style="font-family: 'Times New Roman', serif;">today, and I am getting the &quot;low z&quot; thing again. &nbsp;We are in about 3500<o:p></o:p></span></pre>
<pre style="background-position: initial initial; background-repeat: initial initial;"><span style="font-family: 'Times New Roman', serif;">meters of water. &nbsp;We are underway, and it is fairly rough. &nbsp;I wanted to<o:p></o:p></span></pre>
<pre style="background-position: initial initial; background-repeat: initial initial;"><span style="font-family: 'Times New Roman', serif;">let you know now though, because a month or so ago we ran the em122 for<o:p></o:p></span></pre>
<pre style="background-position: initial initial; background-repeat: initial initial;"><span style="font-family: 'Times New Roman', serif;">the first time in about 9 months and it failed then too. &nbsp;We were in<o:p></o:p></span></pre>
<pre style="background-position: initial initial; background-repeat: initial initial;"><span style="font-family: 'Times New Roman', serif;">shallower water, so I thought it was that.<o:p></o:p></span></pre>
<pre style="background-position: initial initial; background-repeat: initial initial;"><span style="font-family: 'Times New Roman', serif;">&nbsp;</span></pre>
<pre style="background-position: initial initial; background-repeat: initial initial;"><span style="font-family: 'Times New Roman', serif;">The system seems to be running fine. &nbsp;But, the BIST test failure worries<o:p></o:p></span></pre>
<pre style="background-position: initial initial; background-repeat: initial initial;"><span style="font-family: 'Times New Roman', serif;">me. &nbsp;I will plan to rerun a few more times over the next few days.<o:p></o:p></span></pre>
<pre style="background-position: initial initial; background-repeat: initial initial;"><span style="font-family: 'Times New Roman', serif;">&nbsp;</span></pre>
<pre style="background-position: initial initial; background-repeat: initial initial;"><span style="font-family: 'Times New Roman', serif;">What are your thoughts on this?<o:p></o:p></span></pre>
<pre style="background-position: initial initial; background-repeat: initial initial;"><span style="font-family: 'Times New Roman', serif;">&nbsp;</span></pre>
<pre style="background-position: initial initial; background-repeat: initial initial;"><span style="font-family: 'Times New Roman', serif;">Allison<o:p></o:p></span></pre>
<p class="MsoNormal"><span style="font-size:10.0pt;line-height:115%;font-family:
&quot;Times New Roman&quot;,&quot;serif&quot;">&nbsp;~~~~~~~~~~~~~~~~~~~~~~~~~~~~~~~~~~~~~~~~~~~~~~~~~~~~~~~~~~~~~~~~~~~~~~~~</span></p>
<p class="MsoNormal" style="margin-bottom: 0.0001pt; background-position: initial initial; background-repeat: initial initial;"><span style="font-size: 10pt; font-family: 'Times New Roman', serif;">Allison,<o:p></o:p></span></p>
<p class="MsoNormal" style="margin-bottom: 0.0001pt; background-position: initial initial; background-repeat: initial initial;"><span style="font-size: 10pt; font-family: 'Times New Roman', serif;">&nbsp;</span></p>
<p class="MsoNormal" style="margin-bottom: 0.0001pt; background-position: initial initial; background-repeat: initial initial;"><span style="font-size: 10pt; font-family: 'Times New Roman', serif;">It looks like that when turning on the EM122 TRU the TX36 subrack did not<o:p></o:p></span></p>
<p class="MsoNormal" style="margin-bottom: 0.0001pt; background-position: initial initial; background-repeat: initial initial;"><span style="font-size: 10pt; font-family: 'Times New Roman', serif;">boot up correctly. I would reboot the EM122 TRU and wait about 3 minutes for<o:p></o:p></span></p>
<p class="MsoNormal" style="margin-bottom: 0.0001pt; background-position: initial initial; background-repeat: initial initial;"><span style="font-size: 10pt; font-family: 'Times New Roman', serif;">total boot of the EM122 then run the BIST. Once the system has passed all<o:p></o:p></span></p>
<p class="MsoNormal" style="margin-bottom: 0.0001pt; background-position: initial initial; background-repeat: initial initial;"><span style="font-size: 10pt; font-family: 'Times New Roman', serif;">BIST then you can start pinging.<o:p></o:p></span></p>
<p class="MsoNormal" style="margin-bottom: 0.0001pt; background-position: initial initial; background-repeat: initial initial;"><span style="font-size: 10pt; font-family: 'Times New Roman', serif;">&nbsp;</span></p>
<pre style="background-position: initial initial; background-repeat: initial initial;"><span style="font-family: 'Times New Roman', serif;">tried rebooting the TRU, waiting for all the &quot;GOOD&quot; lights and then waiting <o:p></o:p></span></pre>
<pre style="background-position: initial initial; background-repeat: initial initial;"><span style="font-family: 'Times New Roman', serif;">an additional 5 minutes - still failed.&nbsp; Then I tried rebooting everything <o:p></o:p></span></pre>
<pre style="background-position: initial initial; background-repeat: initial initial;"><span style="font-family: 'Times New Roman', serif;">(PreAmp and computer too), and also waited 5 minutes after all the lights were <o:p></o:p></span></pre>
<pre style="background-position: initial initial; background-repeat: initial initial;"><span style="font-family: 'Times New Roman', serif;">on on the TRU) - still same results.&nbsp; A lot of the low Z, and also:<o:p></o:p></span></pre>
<pre style="background-position: initial initial; background-repeat: initial initial;"><span style="font-family: 'Times New Roman', serif;">&nbsp;</span></pre>
<pre style="background-position: initial initial; background-repeat: initial initial;"><span style="font-family: 'Times New Roman', serif;">-------------------<o:p></o:p></span></pre>
<pre style="background-position: initial initial; background-repeat: initial initial;"><span style="font-family: 'Times New Roman', serif;">Rack 0&nbsp; Slot&nbsp; 7<o:p></o:p></span></pre>
<pre style="background-position: initial initial; background-repeat: initial initial;"><span style="font-family: 'Times New Roman', serif;">Ch:&nbsp; 3&nbsp;&nbsp; Shorted transducer<o:p></o:p></span></pre>
<pre style="background-position: initial initial; background-repeat: initial initial;"><span style="font-family: 'Times New Roman', serif;">&nbsp;</span></pre>
<pre style="background-position: initial initial; background-repeat: initial initial;"><span style="font-family: 'Times New Roman', serif;">-------------------<o:p></o:p></span></pre>
<pre style="background-position: initial initial; background-repeat: initial initial;"><span style="font-family: 'Times New Roman', serif;">which worries me.&nbsp; Somehow I missed this in the first severla tests, but it was <o:p></o:p></span></pre>
<pre style="background-position: initial initial; background-repeat: initial initial;"><span style="font-family: 'Times New Roman', serif;">there every time.<o:p></o:p></span></pre>
<pre style="background-position: initial initial; background-repeat: initial initial;"><span style="font-family: 'Times New Roman', serif;">&nbsp;</span></pre>
<pre style="background-position: initial initial; background-repeat: initial initial;"><span style="font-family: 'Times New Roman', serif;">The system has not passed a BIST test since we've been out of drydock.<o:p></o:p></span></pre>
<pre style="background-position: initial initial; background-repeat: initial initial;"><span style="font-family: 'Times New Roman', serif;">&nbsp;</span></pre>
<pre style="background-position: initial initial; background-repeat: initial initial;"><span style="font-family: 'Times New Roman', serif;">Allison<o:p></o:p></span></pre>
<p class="MsoNormal"><span style="font-size:10.0pt;line-height:115%;font-family:
&quot;Times New Roman&quot;,&quot;serif&quot;">&nbsp;~~~~~~~~~~~~~~~~~~~~~~~~~~~~~~~~~~~~~~~~~~~~~~~~~~~~~~~~~~~~~~~~~~~~~~~~~~~</span></p>
<pre style="background-position: initial initial; background-repeat: initial initial;"><span style="font-family: 'Times New Roman', serif;">Allison,<o:p></o:p></span></pre>
<pre style="background-position: initial initial; background-repeat: initial initial;"><span style="font-family: 'Times New Roman', serif;">&nbsp;</span></pre>
<pre style="background-position: initial initial; background-repeat: initial initial;"><span style="font-family: 'Times New Roman', serif;">Can you reboot the EM122 and telnet into the EM122 and watch it boot via<o:p></o:p></span></pre>
<pre style="background-position: initial initial; background-repeat: initial initial;"><span style="font-family: 'Times New Roman', serif;">telnet? At the end of the telnet session with the EM 122 TRU you should see<o:p></o:p></span></pre>
<pre style="background-position: initial initial; background-repeat: initial initial;"><span style="font-family: 'Times New Roman', serif;">a message at the bottom saying something like 24 of 24, 4 of 4, 2 of 2. Then<o:p></o:p></span></pre>
<pre style="background-position: initial initial; background-repeat: initial initial;"><span style="font-family: 'Times New Roman', serif;">start up SIS and perform a BIST. If you still have low Z measurements then<o:p></o:p></span></pre>
<pre style="background-position: initial initial; background-repeat: initial initial;"><span style="font-family: 'Times New Roman', serif;">turn off the TRU and reseat the 24 TX 36 cards carefully, not to damage<o:p></o:p></span></pre>
<pre style="background-position: initial initial; background-repeat: initial initial;"><span style="font-family: 'Times New Roman', serif;">them. Then turn on the EM122 TRU watch it boot connect to SIS then perform<o:p></o:p></span></pre>
<pre style="background-position: initial initial; background-repeat: initial initial;"><span style="font-family: 'Times New Roman', serif;">BIST. After saving BIST tests compare to the ones you started with to see if<o:p></o:p></span></pre>
<pre style="background-position: initial initial; background-repeat: initial initial;"><span style="font-family: 'Times New Roman', serif;">there any differences.<o:p></o:p></span></pre>
<pre style="background-position: initial initial; background-repeat: initial initial;"><span style="font-family: 'Times New Roman', serif;">&nbsp;</span></pre>
<pre style="background-position: initial initial; background-repeat: initial initial;"><span style="font-family: 'Times New Roman', serif;">If there are no differences from the other BIST tests you have performed<o:p></o:p></span></pre>
<pre style="background-position: initial initial; background-repeat: initial initial;"><span style="font-family: 'Times New Roman', serif;">then find a good TX 36 card and a TX 36 card with low Z's. Turn off the<o:p></o:p></span></pre>
<pre style="background-position: initial initial; background-repeat: initial initial;"><span style="font-family: 'Times New Roman', serif;">EM122 TRU and swap these cards. Turn on the EM122 and connect to SIS and<o:p></o:p></span></pre>
<pre style="background-position: initial initial; background-repeat: initial initial;"><span style="font-family: 'Times New Roman', serif;">perform a BIST. Inspect the BIST for TX channels and see if the low Z's<o:p></o:p></span></pre>
<pre style="background-position: initial initial; background-repeat: initial initial;"><span style="font-family: 'Times New Roman', serif;">followed the board for that slot. Meaning, that slot has low Z values now<o:p></o:p></span></pre>
<pre style="background-position: initial initial; background-repeat: initial initial;"><span style="font-family: 'Times New Roman', serif;">and the other slot is good.<o:p></o:p></span></pre>
<pre style="background-position: initial initial; background-repeat: initial initial;"><span style="font-family: 'Times New Roman', serif;">&nbsp;~~~~~~~~~~~~~~~~~~~~~~~~~~~~~~~~~~~~~~~~~~~~~~~~~~~~~~~~~~~~~~~~~~~~~~~~~~~~~~~~~~~~~~~~~~~</span></pre>
<p class="MsoNormal"><span style="font-size:10.0pt;line-height:115%;font-family:
&quot;Times New Roman&quot;,&quot;serif&quot;">&nbsp;</span></p>
<pre style="background-position: initial initial; background-repeat: initial initial;"><span style="font-family: 'Times New Roman', serif;">Hi again,<o:p></o:p></span></pre>
<pre style="background-position: initial initial; background-repeat: initial initial;"><span style="font-family: 'Times New Roman', serif;">&nbsp;</span></pre>
<pre style="background-position: initial initial; background-repeat: initial initial;"><span style="font-family: 'Times New Roman', serif;">I was just up on the bridge, and I do think that noise could be a large <o:p></o:p></span></pre>
<pre style="background-position: initial initial; background-repeat: initial initial;"><span style="font-family: 'Times New Roman', serif;">contributing factor to our poor results.&nbsp; I didn't think it was so rough <o:p></o:p></span></pre>
<pre style="background-position: initial initial; background-repeat: initial initial;"><span style="font-family: 'Times New Roman', serif;">yesterday, but it is worse today and I think we are above the recommended noise <o:p></o:p></span></pre>
<pre style="background-position: initial initial; background-repeat: initial initial;"><span style="font-family: 'Times New Roman', serif;">levels for testing.&nbsp; However, I'd like your opinion on that.<o:p></o:p></span></pre>
<pre style="background-position: initial initial; background-repeat: initial initial;"><span style="font-family: 'Times New Roman', serif;">&nbsp;</span></pre>
<pre style="background-position: initial initial; background-repeat: initial initial;"><span style="font-family: 'Times New Roman', serif;">I would also like to know what you think might be going on with slot 7 &amp; 12 ( <o:p></o:p></span></pre>
<pre style="background-position: initial initial; background-repeat: initial initial;"><span style="font-family: 'Times New Roman', serif;">the &quot;shorted transducer&quot; errors).&nbsp; Could we damage something if we turn the <o:p></o:p></span></pre>
<pre style="background-position: initial initial; background-repeat: initial initial;"><span style="font-family: 'Times New Roman', serif;">system on with these errors?&nbsp; What, exactly, does the error mean (I understand <o:p></o:p></span></pre>
<pre style="background-position: initial initial; background-repeat: initial initial;"><span style="font-family: 'Times New Roman', serif;">there is a short, but where, etc.)<o:p></o:p></span></pre>
<pre style="background-position: initial initial; background-repeat: initial initial;"><span style="font-family: 'Times New Roman', serif;">&nbsp;</span></pre>
<pre style="background-position: initial initial; background-repeat: initial initial;"><span style="font-family: 'Times New Roman', serif;">Thanks,</span><span style="font-family: 'Times New Roman', serif;">&nbsp;</span></pre>
<pre style="background-position: initial initial; background-repeat: initial initial;"><span style="font-family: 'Times New Roman', serif;">Allison<o:p></o:p></span></pre>
<pre style="background-position: initial initial; background-repeat: initial initial;"><span style="font-family: 'Times New Roman', serif;">&nbsp;~~~~~~~~~~~~~~~~~~~~~~~~~~~~~~~~~~~~~~~~~~~~~~~~~~~~~~~~~~~~~~~~~~~~~~~~~~~~~~~~~~~~~~~~~~~~~~~~~~~~</span></pre>
<pre style="background-position: initial initial; background-repeat: initial initial;"><span style="font-family: 'Times New Roman', serif;">&nbsp;</span></pre>
<pre style="background-position: initial initial; background-repeat: initial initial;"><span style="font-family: 'Times New Roman', serif;">On Sat, 15 Jun 2013, Allison Heater wrote:<o:p></o:p></span></pre>
<pre style="background-position: initial initial; background-repeat: initial initial;"><span style="font-family: 'Times New Roman', serif;">&nbsp;</span></pre>
<pre style="background-position: initial initial; background-repeat: initial initial;"><span style="font-family:&quot;Times New Roman&quot;,&quot;serif&quot;;color:maroon">&gt; </span><span style="font-family: 'Times New Roman', serif;"><o:p></o:p></span></pre>
<pre style="background-position: initial initial; background-repeat: initial initial;"><span style="font-family:&quot;Times New Roman&quot;,&quot;serif&quot;;
color:maroon">&gt; I had a further look at what I sent you yesterday.&nbsp; If we can presume that if </span><span style="font-family: 'Times New Roman', serif;"><o:p></o:p></span></pre>
<pre style="background-position: initial initial; background-repeat: initial initial;"><span style="font-family:&quot;Times New Roman&quot;,&quot;serif&quot;;
color:maroon">&gt; a board came up successfully in a slot at least once (i.e. I didn't damage </span><span style="font-family: 'Times New Roman', serif;"><o:p></o:p></span></pre>
<pre style="background-position: initial initial; background-repeat: initial initial;"><span style="font-family:&quot;Times New Roman&quot;,&quot;serif&quot;;
color:maroon">&gt; any), I think we have shown that all the boards are good except B4, B6, B8, &amp; </span><span style="font-family: 'Times New Roman', serif;"><o:p></o:p></span></pre>
<pre style="background-position: initial initial; background-repeat: initial initial;"><span style="font-family:&quot;Times New Roman&quot;,&quot;serif&quot;;
color:maroon">&gt; B9 (I numbered them to match their original slot).&nbsp; I'm not saying any of </span><span style="font-family: 'Times New Roman', serif;"><o:p></o:p></span></pre>
<pre style="background-position: initial initial; background-repeat: initial initial;"><span style="font-family:&quot;Times New Roman&quot;,&quot;serif&quot;;
color:maroon">&gt; those are bad, I'm just saying none of them have passed yet. Slots in </span><span style="font-family: 'Times New Roman', serif;"><o:p></o:p></span></pre>
<pre style="background-position: initial initial; background-repeat: initial initial;"><span style="font-family:&quot;Times New Roman&quot;,&quot;serif&quot;;
color:maroon">&gt; question:&nbsp; 2, 3, 4, 6, 7, 9, 10, 12, 16, &amp; 23.&nbsp; Something ugly is happening </span><span style="font-family: 'Times New Roman', serif;"><o:p></o:p></span></pre>
<pre style="background-position: initial initial; background-repeat: initial initial;"><span style="font-family:&quot;Times New Roman&quot;,&quot;serif&quot;;
color:maroon">&gt; at 12 now too (shorted transducers, along with 7).&nbsp; I left the system powered </span><span style="font-family: 'Times New Roman', serif;"><o:p></o:p></span></pre>
<pre style="background-position: initial initial; background-repeat: initial initial;"><span style="font-family:&quot;Times New Roman&quot;,&quot;serif&quot;;
color:maroon">&gt; up last night and was going to run another BIST this morning.</span><span style="font-family: 'Times New Roman', serif;"><o:p></o:p></span></pre>
<pre style="background-position: initial initial; background-repeat: initial initial;"><span style="font-family:&quot;Times New Roman&quot;,&quot;serif&quot;;
color:maroon">&gt; </span><span style="font-family: 'Times New Roman', serif;"><o:p></o:p></span></pre>
<pre style="background-position: initial initial; background-repeat: initial initial;"><span style="font-family:&quot;Times New Roman&quot;,&quot;serif&quot;;color:maroon">&gt; Based on what you know so far - what do you think we are looking at? This is </span><span style="font-family: 'Times New Roman', serif;"><o:p></o:p></span></pre>
<pre style="background-position: initial initial; background-repeat: initial initial;"><span style="font-family:&quot;Times New Roman&quot;,&quot;serif&quot;;
color:maroon">&gt; supposed to be used next cruise.&nbsp; We'll be in port at Astoria for about 7 </span><span style="font-family: 'Times New Roman', serif;"><o:p></o:p></span></pre>
<pre style="background-position: initial initial; background-repeat: initial initial;"><span style="font-family:&quot;Times New Roman&quot;,&quot;serif&quot;;
color:maroon">&gt; full days (we get in sometime on the 17th and the ship sails again the </span><span style="font-family: 'Times New Roman', serif;"><o:p></o:p></span></pre>
<pre style="background-position: initial initial; background-repeat: initial initial;"><span style="font-family:&quot;Times New Roman&quot;,&quot;serif&quot;;
color:maroon">&gt; morning of the 25th).&nbsp; THat's next week.&nbsp; I'm just thinking if someone needs </span><span style="font-family: 'Times New Roman', serif;"><o:p></o:p></span></pre>
<pre style="background-position: initial initial; background-repeat: initial initial;"><span style="font-family:&quot;Times New Roman&quot;,&quot;serif&quot;;
color:maroon">&gt; to take a look or we need parts, we need to find out pretty quickly.</span><span style="font-family: 'Times New Roman', serif;"><o:p></o:p></span></pre>
<pre style="background-position: initial initial; background-repeat: initial initial;"><span style="font-family:&quot;Times New Roman&quot;,&quot;serif&quot;;
color:maroon">&gt; </span><span style="font-family: 'Times New Roman', serif;"><o:p></o:p></span></pre>
<pre style="background-position: initial initial; background-repeat: initial initial;"><span style="font-family:&quot;Times New Roman&quot;,&quot;serif&quot;;color:maroon">&gt; Thanks,</span><span style="font-family: 'Times New Roman', serif;"><o:p></o:p></span></pre>
<pre style="background-position: initial initial; background-repeat: initial initial;"><span style="font-family:&quot;Times New Roman&quot;,&quot;serif&quot;;
color:maroon">&gt; </span><span style="font-family: 'Times New Roman', serif;"><o:p></o:p></span></pre>
<pre style="background-position: initial initial; background-repeat: initial initial;"><span style="font-family:&quot;Times New Roman&quot;,&quot;serif&quot;;color:maroon">&gt; Allison</span><span style="font-family: 'Times New Roman', serif;"><o:p></o:p></span></pre>
<pre style="background-position: initial initial; background-repeat: initial initial;"><span style="font-family:&quot;Times New Roman&quot;,&quot;serif&quot;;
color:maroon">&gt;  ~~~~~~~~~~~~~~~~~~~~~~~~~~~~~~~~~~~~~~~~~~~~~~~~~~~~~~~~~~~~~~~~~~~~~~~~~~~~~~~~~~~~~~~~~~~~~~~~~</span><span style="font-family: 'Times New Roman', serif;"><o:p></o:p></span></pre>
<pre style="background-position: initial initial; background-repeat: initial initial;"><span style="font-family: 'Times New Roman', serif;">Allison,<o:p></o:p></span></pre>
<pre style="background-position: initial initial; background-repeat: initial initial;"><span style="font-family: 'Times New Roman', serif;">&nbsp;</span></pre>
<pre style="background-position: initial initial; background-repeat: initial initial;"><span style="font-family: 'Times New Roman', serif;">As to my previous email. I wanted you to swap one TX36 card that had some<o:p></o:p></span></pre>
<pre style="background-position: initial initial; background-repeat: initial initial;"><span style="font-family: 'Times New Roman', serif;">low Z for one TX36 card that did not have any errors. What was the result of<o:p></o:p></span></pre>
<pre style="background-position: initial initial; background-repeat: initial initial;"><span style="font-family: 'Times New Roman', serif;">doing this? Did the low Z channels follow the board? I did not want you to<o:p></o:p></span></pre>
<pre style="background-position: initial initial; background-repeat: initial initial;"><span style="font-family: 'Times New Roman', serif;">swap a bunch of TX36 cards.<o:p></o:p></span></pre>
<pre style="background-position: initial initial; background-repeat: initial initial;"><span style="font-family: 'Times New Roman', serif;">&nbsp;</span></pre>
<pre style="background-position: initial initial; background-repeat: initial initial;"><span style="font-family: 'Times New Roman', serif;">&nbsp;</span></pre>
<pre style="background-position: initial initial; background-repeat: initial initial;"><span style="font-family: 'Times New Roman', serif;">Best Regards,</span><span style="font-family: 'Times New Roman', serif;">&nbsp;</span></pre>
<pre style="background-position: initial initial; background-repeat: initial initial;"><span style="font-family: 'Times New Roman', serif;">Tony Dahlheim&nbsp;<o:p></o:p></span></pre>
<p class="MsoNormal"><span style="font-size:10.0pt;line-height:115%;font-family:
&quot;Times New Roman&quot;,&quot;serif&quot;">~~~~~~~~~~~~~~~~~~~~~~~~~~~~~~~~~~~~~~~~~~~~~~~~~~~~~~~~~~~~~~~~~~~~~~~~~~~~~~~~~~~~~~~~~~~~~`&nbsp;</span></p>
<pre style="background-position: initial initial; background-repeat: initial initial;"><span style="font-family: 'Times New Roman', serif;">Allison,</span></pre>
<pre style="background-position: initial initial; background-repeat: initial initial;"><span style="font-family: 'Times New Roman', serif;">&nbsp;</span></pre>
<pre style="background-position: initial initial; background-repeat: initial initial;"><span style="font-family: 'Times New Roman', serif;">If it did not follow the board then usually the issue lies with the<o:p></o:p></span></pre>
<pre style="background-position: initial initial; background-repeat: initial initial;"><span style="font-family: 'Times New Roman', serif;">transducer itself. So, When you came out of dry dock was the TX array<o:p></o:p></span></pre>
<pre style="background-position: initial initial; background-repeat: initial initial;"><span style="font-family: 'Times New Roman', serif;">cleaned? Does the TX array still have growth on it? Was there any damage to<o:p></o:p></span></pre>
<pre style="background-position: initial initial; background-repeat: initial initial;"><span style="font-family: 'Times New Roman', serif;">the TX array? Did the array get painted?<o:p></o:p></span></pre>
<pre style="background-position: initial initial; background-repeat: initial initial;"><span style="font-family: 'Times New Roman', serif;">&nbsp;</span></pre>
<pre style="background-position: initial initial; background-repeat: initial initial;"><span style="font-family: 'Times New Roman', serif;">These are a few questions that need to be answered before we proceed.<o:p></o:p></span></pre>
<pre style="background-position: initial initial; background-repeat: initial initial;"><span style="font-family: 'Times New Roman', serif;">Because it appears to be a physical issue with the TX array.<o:p></o:p></span></pre>
<pre style="background-position: initial initial; background-repeat: initial initial;"><span style="font-family: 'Times New Roman', serif;">&nbsp;</span></pre>
<pre style="background-position: initial initial; background-repeat: initial initial;"><span style="font-family: 'Times New Roman', serif;">&nbsp;</span></pre>
<pre style="background-position: initial initial; background-repeat: initial initial;"><span style="font-family: 'Times New Roman', serif;">Best Regards,</span><span style="font-family: 'Times New Roman', serif;">&nbsp;</span></pre>
<pre style="background-position: initial initial; background-repeat: initial initial;"><span style="font-family: 'Times New Roman', serif;">Tony Dahlheim&nbsp;  <o:p></o:p></span><span style="font-size:10.0pt;line-height:115%;font-family:
&quot;Times New Roman&quot;,&quot;serif&quot;">~~~~~~~~~~~~~~~~~~~~~~~~~~~~~~~~~~~~~~~~~~~~~~~~~~~~~~~~~~~~~~~~~~~~~~~~~~~~~~~~~~&nbsp;</span></pre>
<pre style="background-position: initial initial; background-repeat: initial initial;"><span style="font-family: 'Times New Roman', serif;">We are in Astoria now, so Dutch Wegman is here on the ship.&nbsp; He is our port <o:p></o:p></span></pre>
<pre style="background-position: initial initial; background-repeat: initial initial;"><span style="font-family: 'Times New Roman', serif;">engineer, and was present during the shipyard period.&nbsp; He said they got a <o:p></o:p></span></pre>
<pre style="background-position: initial initial; background-repeat: initial initial;"><span style="font-family: 'Times New Roman', serif;">procedure from Kongsberg for cleaning the array, which was followed (he could <o:p></o:p></span></pre>
<pre style="background-position: initial initial; background-repeat: initial initial;"><span style="font-family: 'Times New Roman', serif;">not recount the exact procedure, but as it came directly from Kongsberg, it <o:p></o:p></span></pre>
<pre style="background-position: initial initial; background-repeat: initial initial;"><span style="font-family: 'Times New Roman', serif;">must have been the correct method).&nbsp; Prior to cleaning, he said there were only <o:p></o:p></span></pre>
<pre style="background-position: initial initial; background-repeat: initial initial;"><span style="font-family: 'Times New Roman', serif;">a few barnacles on the arry - not too much to clean off.&nbsp; He said the array <o:p></o:p></span></pre>
<pre style="background-position: initial initial; background-repeat: initial initial;"><span style="font-family: 'Times New Roman', serif;">looked good and undamaged prior to the ship leaving dry dock.<o:p></o:p></span></pre>
<pre style="background-position: initial initial; background-repeat: initial initial;"><span style="font-family: 'Times New Roman', serif;">&nbsp;</span></pre>
<pre style="background-position: initial initial; background-repeat: initial initial;"><span style="font-family: 'Times New Roman', serif;">What's the next step?&nbsp; As I said, we are in Astoria, so someone could come to <o:p></o:p></span></pre>
<pre style="background-position: initial initial; background-repeat: initial initial;"><span style="font-family: 'Times New Roman', serif;">the ship to investigate.<o:p></o:p></span></pre>
<pre style="background-position: initial initial; background-repeat: initial initial;"><span style="font-family: 'Times New Roman', serif;">&nbsp;</span></pre>
<pre style="background-position: initial initial; background-repeat: initial initial;"><span style="font-family: 'Times New Roman', serif;">Thanks,</span><span style="font-family: 'Times New Roman', serif;">&nbsp;</span></pre>
<pre style="background-position: initial initial; background-repeat: initial initial;"><span style="font-family: 'Times New Roman', serif;">Allison<o:p></o:p></span></pre>
<p class="MsoNormal"><span style="font-size:10.0pt;line-height:115%;font-family:
&quot;Times New Roman&quot;,&quot;serif&quot;">&nbsp;~~~~~~~~~~~~~~~~~~~~~~~~~~~~~~~~~~~~~~~~~~~~~~~~~~~~~~~~~~~~~~~~~~~~~~~~~~~~~~~~~</span></p>
<pre style="background-position: initial initial; background-repeat: initial initial;"><span style="font-family: 'Times New Roman', serif;">Allison,<o:p></o:p></span></pre>
<pre style="background-position: initial initial; background-repeat: initial initial;"><span style="font-family: 'Times New Roman', serif;">&nbsp;</span></pre>
<pre style="background-position: initial initial; background-repeat: initial initial;"><span style="font-family: 'Times New Roman', serif;">Give us your schedule again please. Right now all of our personnel is out in<o:p></o:p></span></pre>
<pre style="background-position: initial initial; background-repeat: initial initial;"><span style="font-family: 'Times New Roman', serif;">the field working. I leave tomorrow for a job until July sometime. I will<o:p></o:p></span></pre>
<pre style="background-position: initial initial; background-repeat: initial initial;"><span style="font-family: 'Times New Roman', serif;">discuss this here about maybe getting someone aboard to do an impedance test<o:p></o:p></span></pre>
<pre style="background-position: initial initial; background-repeat: initial initial;"><span style="font-family: 'Times New Roman', serif;">on the TX array. First I am waiting on a response from our main office about<o:p></o:p></span></pre>
<pre style="background-position: initial initial; background-repeat: initial initial;"><span style="font-family: 'Times New Roman', serif;">the issues you are having. If Dutch Wegman can give us any additional<o:p></o:p></span></pre>
<pre style="background-position: initial initial; background-repeat: initial initial;"><span style="font-family: 'Times New Roman', serif;">information it would be greatly appreciated.</span></pre>
<pre style="background-position: initial initial; background-repeat: initial initial;"><span style="font-family: 'Times New Roman', serif;">&nbsp;</span></pre>
<pre style="background-position: initial initial; background-repeat: initial initial;"><span style="font-family: 'Times New Roman', serif;">Best Regards,</span><span style="font-family: 'Times New Roman', serif;">&nbsp;</span></pre>
<pre style="background-position: initial initial; background-repeat: initial initial;"><span style="font-family: 'Times New Roman', serif;">Tony Dahlheim&nbsp;<o:p></o:p></span></pre>
<p>&nbsp;</p>
<p class="MsoNormal"><span style="font-size:10.0pt;line-height:115%;font-family:
&quot;Times New Roman&quot;,&quot;serif&quot;">&nbsp;</span></p>
