$@MID@$: 40
Date: Wed, 07 Aug 2013 17:38:26 +0000
Author: AH
System: EM122 - Kongsberg
Type: General Problem
Category: Other
S/N: 
Subject / Summary: CLASSIC INTERFERENCE OBSERVED IN WATER COLUMN DATA
Cruise: at26-04
Attachment: 130807_173634_deep_mode.jpg,130807_173710_shallow_mode.jpg,130807_173729_medium_mode.jpg,130807_173742_very_deep_mode.jpg,130807_175421_sectors_em122.jpg
Encoding: HTML
========================================
<p><em>NOTE:&nbsp; in my email section, I have the &quot;very deep&quot; confused with deep' - the VERY DEEP has only 6 sectors</em></p>
<p>Date: Wed, 7 Aug 2013 09:57:35 -0700From: Jared Harris &lt;jared.harris@kongsberg.com&gt;To: sssg@atlantis.whoi.edu<br />
Cc: David Fisichella &lt;dfisichella@whoi.edu&gt;, km.support.lynnwood@kongsberg.com,&nbsp;&nbsp;&nbsp; sssg@whoi.edu<br />
Subject: Re: Water Column Data - fuzzy looking beams<br />
<br />
<br />
Hello Allison,<br />
Your RX noise spectrum BISTS indicate elevated noise levels at 11.7khz. &nbsp;The<br />
screenshots are a textbook example of another source of acoustic energy in the same<br />
operating ranges as the 122 (pinger or altimeter on auv perhaps). &nbsp;My short spec for<br />
the 122 is a little outdated, but you can see that when looking at your screenshots<br />
the &quot;smearing&quot; you observe is within the sectors using 11.7 in those specific modes. &nbsp;<br />
<br />
Jared</p>
<p>SECTION FROM BIST TEST HE IS REFERRING TO:</p>
<p><br />
<br />
RX NOISE SPECTRUM <br />
<br />
Board No:&nbsp;&nbsp;&nbsp;&nbsp; 1&nbsp;&nbsp;&nbsp;&nbsp;&nbsp;&nbsp;&nbsp;&nbsp;&nbsp;&nbsp; 2&nbsp;&nbsp;&nbsp;&nbsp;&nbsp;&nbsp;&nbsp;&nbsp;&nbsp; 3&nbsp;&nbsp;&nbsp;&nbsp;&nbsp;&nbsp;&nbsp;&nbsp; 4<br />
<br />
10.0 kHz:&nbsp;&nbsp;&nbsp;&nbsp; 41.1&nbsp;&nbsp;&nbsp;&nbsp;&nbsp;&nbsp; 39.9&nbsp;&nbsp;&nbsp;&nbsp;&nbsp;&nbsp; 40.0&nbsp;&nbsp;&nbsp;&nbsp;&nbsp;&nbsp; 40.4&nbsp;&nbsp; dB<br />
10.2 kHz:&nbsp;&nbsp;&nbsp;&nbsp; 42.5&nbsp;&nbsp;&nbsp;&nbsp;&nbsp;&nbsp; 40.7&nbsp;&nbsp;&nbsp;&nbsp;&nbsp;&nbsp; 41.4&nbsp;&nbsp;&nbsp;&nbsp;&nbsp;&nbsp; 42.0&nbsp;&nbsp; dB<br />
10.3 kHz:&nbsp;&nbsp;&nbsp;&nbsp; 43.4&nbsp;&nbsp;&nbsp;&nbsp;&nbsp;&nbsp; 42.5&nbsp;&nbsp;&nbsp;&nbsp;&nbsp;&nbsp; 42.3&nbsp;&nbsp;&nbsp;&nbsp;&nbsp;&nbsp; 42.6&nbsp;&nbsp; dB<br />
10.4 kHz:&nbsp;&nbsp;&nbsp;&nbsp; 44.1&nbsp;&nbsp;&nbsp;&nbsp;&nbsp;&nbsp; 42.9&nbsp;&nbsp;&nbsp;&nbsp;&nbsp;&nbsp; 43.2&nbsp;&nbsp;&nbsp;&nbsp;&nbsp;&nbsp; 43.4&nbsp;&nbsp; dB<br />
10.6 kHz:&nbsp;&nbsp;&nbsp;&nbsp; 44.6&nbsp;&nbsp;&nbsp;&nbsp;&nbsp;&nbsp; 43.0&nbsp;&nbsp;&nbsp;&nbsp;&nbsp;&nbsp; 43.7&nbsp;&nbsp;&nbsp;&nbsp;&nbsp;&nbsp; 44.7&nbsp;&nbsp; dB<br />
10.7 kHz:&nbsp;&nbsp;&nbsp;&nbsp; 44.6&nbsp;&nbsp;&nbsp;&nbsp;&nbsp;&nbsp; 43.4&nbsp;&nbsp;&nbsp;&nbsp;&nbsp;&nbsp; 44.3&nbsp;&nbsp;&nbsp;&nbsp;&nbsp;&nbsp; 45.2&nbsp;&nbsp; dB<br />
10.9 kHz:&nbsp;&nbsp;&nbsp;&nbsp; 44.8&nbsp;&nbsp;&nbsp;&nbsp;&nbsp;&nbsp; 43.7&nbsp;&nbsp;&nbsp;&nbsp;&nbsp;&nbsp; 44.0&nbsp;&nbsp;&nbsp;&nbsp;&nbsp;&nbsp; 44.3&nbsp;&nbsp; dB<br />
11.0 kHz:&nbsp;&nbsp;&nbsp;&nbsp; 45.7&nbsp;&nbsp;&nbsp;&nbsp;&nbsp;&nbsp; 44.1&nbsp;&nbsp;&nbsp;&nbsp;&nbsp;&nbsp; 44.7&nbsp;&nbsp;&nbsp;&nbsp;&nbsp;&nbsp; 45.6&nbsp;&nbsp; dB<br />
11.2 kHz:&nbsp;&nbsp;&nbsp;&nbsp; 44.9&nbsp;&nbsp;&nbsp;&nbsp;&nbsp;&nbsp; 43.9&nbsp;&nbsp;&nbsp;&nbsp;&nbsp;&nbsp; 44.4&nbsp;&nbsp;&nbsp;&nbsp;&nbsp;&nbsp; 45.7&nbsp;&nbsp; dB<br />
11.3 kHz:&nbsp;&nbsp;&nbsp;&nbsp; 45.5&nbsp;&nbsp;&nbsp;&nbsp;&nbsp;&nbsp; 43.9&nbsp;&nbsp;&nbsp;&nbsp;&nbsp;&nbsp; 44.6&nbsp;&nbsp;&nbsp;&nbsp;&nbsp;&nbsp; 44.6&nbsp;&nbsp; dB<br />
11.4 kHz:&nbsp;&nbsp;&nbsp;&nbsp; 44.9&nbsp;&nbsp;&nbsp;&nbsp;&nbsp;&nbsp; 43.4&nbsp;&nbsp;&nbsp;&nbsp;&nbsp;&nbsp; 44.7&nbsp;&nbsp;&nbsp;&nbsp;&nbsp;&nbsp; 44.5&nbsp;&nbsp; dB<br />
11.6 kHz:&nbsp;&nbsp;&nbsp;&nbsp; 45.4&nbsp;&nbsp;&nbsp;&nbsp;&nbsp;&nbsp; 44.1&nbsp;&nbsp;&nbsp;&nbsp;&nbsp;&nbsp; 44.3&nbsp;&nbsp;&nbsp;&nbsp;&nbsp;&nbsp; 44.9&nbsp;&nbsp; dB<br />
<span style="background-color: Lime;">11.7 kHz:&nbsp;&nbsp;&nbsp;&nbsp; 51.2&nbsp;&nbsp;&nbsp;&nbsp;&nbsp;&nbsp; 57.9&nbsp;&nbsp;&nbsp;&nbsp;&nbsp;&nbsp; 63.3&nbsp;&nbsp;&nbsp;&nbsp;&nbsp;&nbsp; 57.0&nbsp;&nbsp; dB</span><br />
11.9 kHz:&nbsp;&nbsp;&nbsp;&nbsp; 45.7&nbsp;&nbsp;&nbsp;&nbsp;&nbsp;&nbsp; 43.1&nbsp;&nbsp;&nbsp;&nbsp;&nbsp;&nbsp; 43.9&nbsp;&nbsp;&nbsp;&nbsp;&nbsp;&nbsp; 44.2&nbsp;&nbsp; dB<br />
12.0 kHz:&nbsp;&nbsp;&nbsp;&nbsp; 44.7&nbsp;&nbsp;&nbsp;&nbsp;&nbsp;&nbsp; 43.0&nbsp;&nbsp;&nbsp;&nbsp;&nbsp;&nbsp; 43.8&nbsp;&nbsp;&nbsp;&nbsp;&nbsp;&nbsp; 44.1&nbsp;&nbsp; dB<br />
12.1 kHz:&nbsp;&nbsp;&nbsp;&nbsp; 44.2&nbsp;&nbsp;&nbsp;&nbsp;&nbsp;&nbsp; 43.1&nbsp;&nbsp;&nbsp;&nbsp;&nbsp;&nbsp; 44.5&nbsp;&nbsp;&nbsp;&nbsp;&nbsp;&nbsp; 44.0&nbsp;&nbsp; dB<br />
12.3 kHz:&nbsp;&nbsp;&nbsp;&nbsp; 43.9&nbsp;&nbsp;&nbsp;&nbsp;&nbsp;&nbsp; 42.4&nbsp;&nbsp;&nbsp;&nbsp;&nbsp;&nbsp; 43.1&nbsp;&nbsp;&nbsp;&nbsp;&nbsp;&nbsp; 43.8&nbsp;&nbsp; dB<br />
12.4 kHz:&nbsp;&nbsp;&nbsp;&nbsp; 44.5&nbsp;&nbsp;&nbsp;&nbsp;&nbsp;&nbsp; 42.1&nbsp;&nbsp;&nbsp;&nbsp;&nbsp;&nbsp; 43.1&nbsp;&nbsp;&nbsp;&nbsp;&nbsp;&nbsp; 43.8&nbsp;&nbsp; dB<br />
12.6 kHz:&nbsp;&nbsp;&nbsp;&nbsp; 44.6&nbsp;&nbsp;&nbsp;&nbsp;&nbsp;&nbsp; 42.5&nbsp;&nbsp;&nbsp;&nbsp;&nbsp;&nbsp; 43.0&nbsp;&nbsp;&nbsp;&nbsp;&nbsp;&nbsp; 44.3&nbsp;&nbsp; dB<br />
12.7 kHz:&nbsp;&nbsp;&nbsp;&nbsp; 43.6&nbsp;&nbsp;&nbsp;&nbsp;&nbsp;&nbsp; 41.5&nbsp;&nbsp;&nbsp;&nbsp;&nbsp;&nbsp; 42.5&nbsp;&nbsp;&nbsp;&nbsp;&nbsp;&nbsp; 42.8&nbsp;&nbsp; dB<br />
12.9 kHz:&nbsp;&nbsp;&nbsp;&nbsp; 42.8&nbsp;&nbsp;&nbsp;&nbsp;&nbsp;&nbsp; 40.8&nbsp;&nbsp;&nbsp;&nbsp;&nbsp;&nbsp; 41.1&nbsp;&nbsp;&nbsp;&nbsp;&nbsp;&nbsp; 42.2&nbsp;&nbsp; dB<br />
13.0 kHz:&nbsp;&nbsp;&nbsp;&nbsp; 42.3&nbsp;&nbsp;&nbsp;&nbsp;&nbsp;&nbsp; 40.3&nbsp;&nbsp;&nbsp;&nbsp;&nbsp;&nbsp; 40.9&nbsp;&nbsp;&nbsp;&nbsp;&nbsp;&nbsp; 41.8&nbsp;&nbsp; dB<br />
<br />
Maximum noise at Board 3 Frequency 11.7 kHz Level:&nbsp; 63.3 dB&nbsp;&nbsp;&nbsp;&nbsp;&nbsp; <br />
<br />
&nbsp;</p>
<p>&nbsp;</p>
<p><br />
<br />
From: atlantis sssg &lt;sssg@atlantis.whoi.edu&gt;<br />
To: JaredHarris &lt;jared.harris@kongsberg.com&gt;,<br />
Cc: Tony Dahlheim &lt;tony.dahlheim@kongsberg.com&gt;, sssg@atlantis.whoi.edu, Chuck Hohing<br />
&lt;chuck.hohing@kongsberg.com&gt;, David Fisichella &lt;dfisichella@whoi.edu&gt;,<br />
km.support.lynnwood@kongsberg.com, mark.rice@kongsberg.com, sssg@whoi.edu<br />
Date: 08/07/2013 07:25 AM<br />
Subject: Water Column Data - fuzzy looking beams<br />
<br />
_<br />
Hi Jared,<br />
<br />
I have more questions / problems.<br />
<br />
I have attached some .jog screenshots and I am also in the process of<br />
copying some snippets of data over to a server at Woods Hole for you to<br />
look at. &nbsp;To access that data you need to either ftp to the server, or<br />
put:<br />
&nbsp; &nbsp; &nbsp; &nbsp; &nbsp; &nbsp; &nbsp; ftp://128.128.250.51 [128.128.250.51]&nbsp; in a browser and navigate to:<br />
<br />
&nbsp; &nbsp; &nbsp; &nbsp; &nbsp; &nbsp; &nbsp; &nbsp;pub/ship/atlantis/science/incoming<br />
<br />
from here they can save the desired file to their own computer.<br />
<br />
PROBLEM DESCRIPTION:<br />
A section of our water column data is looking smeared/fuzzy/basically not<br />
right. &nbsp;The effected beams seem to change (depending on max swath angle,<br />
etc.), but running in auto mode, it always seems to be the same angular<br />
range. &nbsp;We are in transit right now, with the Jason somewhere below the<br />
ship (this is sort of irrelevant to the problem, as we saw it the other<br />
day with nothing in the water, I mention just in case you see anything<br />
else odd in teh water column data). &nbsp;The water depth has been around 1900<br />
meters, so the system has been operating in &quot;DEEP&quot; mode. &nbsp;The smears are<br />
roughly between 33 degrees to 55 degrees. &nbsp;Again, the affected beams vary<br />
based on the max swath angle setting. &nbsp;We are running in dual swath mode<br />
(1 by 1 system).<br />
<br />
Catie (my colleague) brought up &quot;sectors&quot;, and I think she is on to<br />
something. &nbsp;I forced the system to run in various modes: &nbsp;shallow to very<br />
deep (regardless of depth). &nbsp;The &quot;smear&quot; did, indeed, move. &nbsp;I did a very<br />
rough calculation on where the approximate sectors are (how the beams are<br />
divided between the sectors in each mode) and it does appear that the<br />
&quot;smear&quot; is following the sector divisions.<br />
<br />
Here is my very rough estimate (I am including this in case I am way off<br />
base here, just so you know what I did / what I'm thinking)<br />
<br />
max swath angle = 70 degrees, dual swath mode, EQUIANGULAR<br />
DEEP &amp; VERY DEEP MODE<br />
Rough sector &nbsp; &nbsp; &nbsp; approximate beam numbers<br />
edge (angle) &nbsp; &nbsp; &nbsp; falling into that sector<br />
<br />
(port)<br />
-70 to -52 &nbsp; &nbsp; &nbsp; &nbsp; &nbsp; &nbsp; 0 &nbsp;- &nbsp;37 &nbsp; &nbsp;sector 1<br />
-52 to -35 &nbsp; &nbsp; &nbsp; &nbsp; &nbsp; &nbsp; 37 - &nbsp;72 &nbsp; &nbsp;sector 2<br />
-35 to -18 &nbsp; &nbsp; &nbsp; &nbsp; &nbsp; &nbsp; 72 - 107 &nbsp; &nbsp;sector 3<br />
-18 to &nbsp; 0 &nbsp; &nbsp; &nbsp; &nbsp; &nbsp; &nbsp;107 - 144 &nbsp; &nbsp;sector 4<br />
0 to &nbsp;18 &nbsp; &nbsp; &nbsp; &nbsp; &nbsp; &nbsp; &nbsp;144 - 181 &nbsp; &nbsp;sector 5<br />
18 to 35 &nbsp; &nbsp; &nbsp; &nbsp; &nbsp; &nbsp; &nbsp;181 - 216 &nbsp; &nbsp;sector 6<br />
35 to 52 &nbsp; &nbsp; &nbsp; &nbsp; &nbsp; &nbsp; &nbsp;216 - 251 &nbsp; &nbsp;sector 7<br />
52 to 70 &nbsp; &nbsp; &nbsp; &nbsp; &nbsp; &nbsp; &nbsp;251 - 288 &nbsp; &nbsp;sector 8<br />
(stbd)<br />
<br />
SHALLOW &amp; MEDIUM<br />
Rough sector &nbsp; &nbsp; &nbsp; approximate beam numbers<br />
edge (angle) &nbsp; &nbsp; &nbsp; falling into that sector<br />
<br />
(port)<br />
-70 to -45 &nbsp; &nbsp; &nbsp; &nbsp; &nbsp; &nbsp;0 &nbsp;- &nbsp;52 &nbsp; &nbsp;sector 1<br />
-45 to &nbsp;0 &nbsp; &nbsp; &nbsp; &nbsp; &nbsp; &nbsp;52 &nbsp;- 144 &nbsp; &nbsp;sector 2<br />
0 to &nbsp; 45 &nbsp; &nbsp; &nbsp; &nbsp; &nbsp; 144 &nbsp;- 236 &nbsp; &nbsp;sector 3<br />
45 to 70 &nbsp; &nbsp; &nbsp; &nbsp; &nbsp; &nbsp;236 &nbsp;- 288 &nbsp; &nbsp;sector 4<br />
<br />
When I forced the modes (with max swath angle 70 degrees, equiangular,<br />
dual frequency, water depth ~1900 m) I saw:<br />
<br />
&nbsp; &nbsp; &nbsp; &nbsp; &nbsp; &nbsp; &nbsp; &nbsp; &nbsp; approximate affected<br />
&nbsp; &nbsp; &nbsp; &nbsp; &nbsp; &nbsp; &nbsp; &nbsp; &nbsp; &nbsp; &nbsp; beam range<br />
SHALLOW MODE &nbsp; &nbsp; &nbsp; &nbsp; &nbsp; &nbsp;51 - 140 &nbsp; &nbsp; &nbsp;mostly sector 2 (port side)<br />
<br />
MEDIUM MODE &nbsp; &nbsp; &nbsp; &nbsp; &nbsp; &nbsp; 43 - 143 &nbsp; &nbsp; &nbsp;mostly sector 2 (port side)<br />
<br />
DEEP &nbsp; &nbsp; &nbsp; &nbsp; &nbsp; &nbsp; &nbsp; &nbsp; &nbsp; 227 - 268 &nbsp; &nbsp; &nbsp;mostly sector 7 (stbd side)<br />
<br />
VERY DEEP &nbsp; &nbsp; &nbsp; &nbsp; &nbsp; &nbsp; &nbsp;191 - 237 &nbsp; &nbsp; &nbsp;sectors 6 &amp; 7 (stbd side)<br />
<br />
NOTE: &nbsp;my determination of affected beam numbers is from bringing up teh<br />
scope view and then clicking on the edges of the affected areas and seeing<br />
which beam number comes up.<br />
<br />
HISTORY:<br />
<br />
Also of interest<br />
We had been having problems with the TX Channel Test Failing (low z /<br />
shorted transducers / low voltage). &nbsp;The other day, right after this<br />
problem showed up, I did a BIST test and the TX Channel Test suddenly<br />
passed for the first time in months and months. &nbsp;I don't know if that has<br />
any significance, but it seems rather coincidental. &nbsp;My first notion was<br />
to think something had been wrapped around the array and had come loose,<br />
but not completely dislodged. &nbsp;However, further investigation<br />
(above) seems to indicate it has something to do with the pulse<br />
length and frequency (of course, you are better suited to determine<br />
that than I). &nbsp;Anyway, I have attached the BIST tests we have run during<br />
this cruise.<br />
<br />
Thank you, in advance, for you help with this problem. &nbsp;Please let me know<br />
if you have any difficulty getting to the data on the server, or opening<br />
attachments.<br />
<br />
Allison<br />
<br />
&nbsp;</p>
