$@MID@$: 74
Date: Sun, 03 Mar 2019 00:18:58 +0000
Author: lstolp
Sensor: SBE45
S/N: 4537678-0122
Calibration Date: 20180308
Type: Calibration
Category: Hardware
Subject: Installed 20190304
Cruise: at42-07yard
Attachment: 190303_002011_SBE_45_C0122_08Mar18.pdf,190303_002040_SBE_45_T0122_08Mar18.pdf
Encoding: HTML
========================================

$@MID@$: 75
Date: Sun, 03 Mar 2019 00:24:49 +0000
Author: lstolp
Sensor: Fluorometer
S/N: WS3S-582P
Calibration Date: 20180316
Type: Calibration
Category: Hardware
Subject: installed 20190304
Cruise: at42-07yard
Attachment: 190303_002517_WS3S-582P_Charsheet.pdf
Encoding: HTML
========================================

