$@MID@$: 77
Date: Sun, 06 Oct 2019 22:16:32 +0000
Author: AH
Sensor: SBE48
S/N: 480019
Calibration Date: 2018-May-02
Type: Other
Category: Hardware
Subject: Installed SBE48_0019
Cruise: at42-18
Attachment: 
Encoding: HTML
========================================
<p>Installed newer-ly calibrated SBE48 - SN 0019</p>

<p>Updated data.template underway/doc directory and Samos website</p>

<p>Instrument Make and Model: SBE48 Hull Mounted Temperature Sensor<br />
S/N: 48-0019<br />
Calibration Date: &nbsp;2018-May-02<br />
Installation: 2019-Oct-06</p>

<p>&nbsp;</p>

<p>Calibration Info from Instrument</p>

<p>S&gt;DS</p>

<p>SBE 48 V 2.0a &nbsp; SERIAL NO. 0019 &nbsp; &nbsp;06 Oct 2019 &nbsp;21:37:19<br />
battery voltage = 11.6<br />
Calibrate mode is enabled<br />
not logging: received stop command<br />
sample interval = 0 seconds<br />
number of samples to average = 1<br />
samplenumber = 2726, free = 2053466<br />
serial sync mode disabled<br />
real-time output enabled<br />
SBE 39 configuration = temperature only<br />
binary upload does not include time<br />
temperature = 16.77 deg C</p>

<p>S&gt;DC<br />
SERIALNO=0019<br />
TCALDATE=02-May-18<br />
TA0=-2.279161e-004<br />
TA1= 3.142278e-004<br />
TA2=-4.930923e-006<br />
TA3= 2.189714e-007<br />
RCALDATE=13-Oct-09<br />
RTCA0= 1.000000e+000<br />
RTCA1= 0.000000e+000<br />
RTCA2=-0.000000e+000<br />
&nbsp; &nbsp; &nbsp; &nbsp; &nbsp; &nbsp; &nbsp; &nbsp; &nbsp; &nbsp; &nbsp; &nbsp; &nbsp; &nbsp; &nbsp; &nbsp; &nbsp; &nbsp; &nbsp;</p>
