$@MID@$: 38
Date: Sat, 02 Aug 2014 17:38:22 +0000
Author: Catie & AH
Type: Termination
Winch: Markey #1 (fore)
Wire: EM Cable / CTD conductor
Category: Routine
Subject: MEGGER RESULTS - New 0.322 wire - NSF-3-C165
Cruise: 
Attachment: 
Encoding: HTML
========================================
<p>&nbsp;</p>
<p><span style="font-size: xx-large;">13 November 2015 </span></p>
<p>Termination and Megger by Catie Graver</p>
<p>*Retermination after cable came up from cast 003 on 12 November 2015 with two significant kinks, one ~7m from the package and one ~9m from the package. The package experienced numerous zero tension events during the cast in the rough weather conditions. Wire logs seem to suggest the most significant shock loading occurred as the package was brought back to the surface to begin data acquisition for the cast. </p>
<p>**Note- this is first new termination with new slip ring installed, s/n 29.379</p>
<p><span style="font-size: large;">Tested with:&nbsp; Model 1060 AEMC Megger - (SSSG/ComET Megger)</span></p>
<h1>S/N:<span style="mso-spacerun: yes">&nbsp;   </span>154856</h1>
<p>Fwd .322 Wire, NSF-3-C165</p>
<p>Inside tape = 157 meters</p>
<p>Outside tape = 9810 meters</p>
<p>Overall length = 9653 meters</p>
<p>Air temp: 3 C&nbsp; (37 F)</p>
<p>Tested entire wire from termination, through drum and j-boxes to computer lab end</p>
<p>&nbsp;</p>
<p>Wire pair</p>
<p><span style="font-size: medium;">Wires</span><span style="font-size: medium;">        &nbsp;&nbsp;&nbsp;&nbsp;&nbsp;&nbsp;&nbsp;&nbsp;&nbsp;&nbsp;&nbsp;&nbsp;&nbsp;&nbsp;&nbsp;&nbsp;&nbsp;&nbsp;&nbsp;&nbsp;&nbsp;&nbsp;&nbsp;&nbsp;&nbsp;&nbsp;&nbsp;&nbsp;&nbsp;&nbsp;&nbsp;&nbsp;&nbsp;&nbsp;&nbsp;&nbsp;&nbsp;&nbsp;&nbsp;&nbsp;&nbsp;&nbsp;&nbsp;&nbsp;&nbsp;&nbsp;&nbsp;              Ohms&nbsp;&nbsp;&nbsp;&nbsp;&nbsp;&nbsp;&nbsp;&nbsp;&nbsp;&nbsp;&nbsp;&nbsp;&nbsp;&nbsp;&nbsp;&nbsp;&nbsp;&nbsp;&nbsp;&nbsp;&nbsp; DAR&nbsp;&nbsp;&nbsp;&nbsp;&nbsp;&nbsp;&nbsp;&nbsp;&nbsp;&nbsp; PI &nbsp;&nbsp;&nbsp;&nbsp;&nbsp;&nbsp;&nbsp;&nbsp; microF &nbsp; &nbsp; &nbsp;&nbsp;&nbsp;&nbsp; &nbsp;   &nbsp;&nbsp; <br />
</span></p>
<p><span style="font-size: medium;">Green-Red  &nbsp;&nbsp;&nbsp;&nbsp;&nbsp;&nbsp;&nbsp;&nbsp;&nbsp;&nbsp;&nbsp;&nbsp;&nbsp;&nbsp;&nbsp;&nbsp;&nbsp;&nbsp;&nbsp;&nbsp;&nbsp;&nbsp;&nbsp;&nbsp;&nbsp;&nbsp;&nbsp;&nbsp;&nbsp;&nbsp;&nbsp;&nbsp;&nbsp;&nbsp;&nbsp;&nbsp;&nbsp;&nbsp;&nbsp; 18.03 GOhms &nbsp; &nbsp;&nbsp;&nbsp;&nbsp;&nbsp; 1.35 &nbsp; &nbsp;    &nbsp;  &nbsp;&nbsp; 1.67 &nbsp; &nbsp; &nbsp; &nbsp; &nbsp; 1.159 &nbsp; &nbsp; &nbsp;&nbsp; &nbsp;&nbsp;&nbsp;&nbsp;&nbsp;&nbsp;&nbsp;&nbsp; &nbsp; &nbsp; &nbsp;   &nbsp; &nbsp;&nbsp; &nbsp; &nbsp; &nbsp; &nbsp; &nbsp;    <br />
</span></p>
<p><span style="font-size: medium;">Green-White &nbsp;&nbsp; &nbsp;&nbsp;&nbsp;&nbsp;&nbsp;&nbsp;&nbsp;&nbsp;&nbsp;&nbsp;&nbsp;&nbsp;&nbsp;&nbsp;&nbsp;&nbsp;&nbsp;&nbsp;&nbsp;&nbsp;&nbsp;&nbsp;&nbsp;&nbsp;&nbsp;&nbsp;&nbsp;&nbsp;&nbsp;&nbsp;&nbsp;&nbsp;&nbsp;&nbsp; 17.63&nbsp; GOhms &nbsp; &nbsp; &nbsp; 1.25 &nbsp;&nbsp; &nbsp; &nbsp; &nbsp;&nbsp; 1.74 &nbsp; &nbsp; &nbsp; &nbsp; &nbsp; 1.087 &nbsp;&nbsp;&nbsp;&nbsp;&nbsp; <br />
</span></p>
<p><span style="font-size: medium;">Green-Black &nbsp;&nbsp; &nbsp;&nbsp;&nbsp;&nbsp;&nbsp;&nbsp;&nbsp;&nbsp;&nbsp;&nbsp;&nbsp;&nbsp;&nbsp;&nbsp;&nbsp;&nbsp;&nbsp;&nbsp;&nbsp;&nbsp;&nbsp;&nbsp;&nbsp;&nbsp;&nbsp;&nbsp;&nbsp;&nbsp;&nbsp;&nbsp;&nbsp;&nbsp;&nbsp;&nbsp; 16.99 GOhms &nbsp; &nbsp; &nbsp;&nbsp; 1.28&nbsp; &nbsp; &nbsp;&nbsp;&nbsp; &nbsp;&nbsp; 1.74&nbsp; &nbsp; &nbsp; &nbsp; &nbsp;&nbsp; 1.100 &nbsp;&nbsp;&nbsp;&nbsp; <br />
</span></p>
<p><span style="font-size: medium;">Red-White &nbsp;&nbsp;&nbsp;&nbsp;&nbsp;&nbsp;&nbsp;&nbsp;&nbsp;&nbsp;&nbsp;&nbsp;&nbsp;&nbsp;&nbsp;&nbsp;&nbsp;&nbsp;&nbsp;&nbsp;&nbsp;&nbsp;&nbsp;&nbsp;&nbsp;&nbsp;&nbsp;&nbsp;&nbsp;&nbsp;&nbsp;&nbsp;&nbsp;&nbsp;&nbsp;&nbsp;&nbsp;&nbsp;&nbsp;&nbsp; 30.54 GOhms &nbsp; &nbsp; &nbsp;&nbsp; 1.31 &nbsp; &nbsp; &nbsp;&nbsp; &nbsp;&nbsp; 1.70 &nbsp; &nbsp; &nbsp; &nbsp; &nbsp; 0.716 &nbsp;&nbsp;&nbsp;&nbsp;&nbsp; <br />
</span></p>
<p><span style="font-size: medium;">Red-Black &nbsp;&nbsp;&nbsp;&nbsp;&nbsp;&nbsp;&nbsp;&nbsp;&nbsp;&nbsp;&nbsp;&nbsp;&nbsp;&nbsp;&nbsp;&nbsp;&nbsp;&nbsp;&nbsp;&nbsp;&nbsp;&nbsp;&nbsp;&nbsp;&nbsp;&nbsp;&nbsp;&nbsp;&nbsp;&nbsp;&nbsp;&nbsp;&nbsp;&nbsp;&nbsp;&nbsp;&nbsp;&nbsp;&nbsp;&nbsp; 30.73 GOhms &nbsp; &nbsp; &nbsp;&nbsp; 1.30&nbsp; &nbsp; &nbsp; &nbsp; &nbsp;&nbsp; 1.78</span><span style="font-size: medium;">&nbsp; &nbsp; &nbsp; &nbsp; &nbsp;&nbsp;&nbsp; 0.721&nbsp; &nbsp;&nbsp;&nbsp;&nbsp; <br />
</span></p>
<p><span style="font-size: medium;">White-Black &nbsp;&nbsp;&nbsp;&nbsp;&nbsp;&nbsp;&nbsp;&nbsp;&nbsp;&nbsp;&nbsp;&nbsp;&nbsp;&nbsp;&nbsp;&nbsp;&nbsp;&nbsp;&nbsp;&nbsp;&nbsp;&nbsp;&nbsp;&nbsp;&nbsp;&nbsp;&nbsp;&nbsp;&nbsp;&nbsp;&nbsp;&nbsp;&nbsp;&nbsp;&nbsp;&nbsp;&nbsp;&nbsp; 31.07 GOhms &nbsp; &nbsp; &nbsp;&nbsp; 1.23&nbsp; &nbsp; &nbsp; &nbsp;&nbsp;&nbsp; 1.53 &nbsp; &nbsp; &nbsp; &nbsp; &nbsp;&nbsp; 0.768 &nbsp;&nbsp;&nbsp;&nbsp;&nbsp; <br />
</span></p>
<p>&nbsp;</p>
<p>&nbsp;<span style="font-size: large;">CONTINUITY:</span></p>
<p><span style="font-size: large;"><span style="font-size: small;">Expected value:&nbsp;&nbsp; (9.653 km) * (30.8 Ohms/km) = 297.3 Ohms&nbsp;&nbsp;&nbsp;&nbsp;&nbsp;&nbsp;&nbsp; <br />
</span></span></p>
<p><span style="font-size: large;"><span style="font-size: small;">Readings:&nbsp;  Red-White 540 Ohms;&nbsp; Red-Blk 542 Ohms;&nbsp; Blk-White 544 Ohms;&nbsp; Red-GR 274  Ohms;&nbsp; Blk-GR 270 Ohms;&nbsp; White-GR 270 Ohms<br />
</span></span></p>
<p>&nbsp;</p>
<p>&nbsp;***************</p>
<p><span style="font-size: large;">14-June-2015</span></p>
<p><span style="font-size: large;">Re-checked the continuity of the white conductor using the Fluke 87 III - it was 307.7 when looped to the ground wire. </span></p>
<p><span style="font-size: large;">So, ~ 307 ohms&nbsp;&nbsp;&nbsp; (78.8 degrees F outside)</span></p>
<p>&nbsp;</p>
<p><span style="font-size: xx-large;">07 June 2015 </span></p>
<p>Termination and Megger by Allison Heater</p>
<p>*Retermination done by Allison Heater - needed to cut off previous to be able to spin the drum during testing to repair winch</p>
<p><span style="font-size: large;">Tested with:&nbsp; Model 1060 AEMC Megger - (Engineering Megger)</span></p>
<h1>IEC 61557&nbsp; IP 53 - IK 04&nbsp; bar code sticker 208034 FMDV&nbsp; <span style="mso-spacerun: yes"><br />
</span></h1>
<p><strong><span style="font-size: medium;">calibration date 10/14/2014</span></strong></p>
<p>&nbsp;</p>
<p>Fwd .322 Wire, NSF-3-C165</p>
<p>Inside tape = 157 meters</p>
<p>Outside tape = 9886.5 meters</p>
<p>Overall length = 9729.5 meters</p>
<p>Air temp: 22.5 C&nbsp; (72.5 F)</p>
<p>Tested entire wire from computer lab, through, drum and j-boxes to termination end (wire already terminated)</p>
<p>&nbsp;</p>
<p>Wire pair</p>
<p><span style="font-size: medium;">Wires</span><span style="font-size: medium;">        &nbsp;&nbsp;&nbsp;&nbsp;&nbsp;&nbsp;&nbsp;&nbsp;&nbsp;&nbsp;&nbsp;&nbsp;&nbsp;&nbsp;&nbsp;&nbsp;&nbsp;&nbsp;&nbsp;&nbsp;&nbsp;&nbsp;&nbsp;&nbsp;&nbsp;&nbsp;&nbsp;&nbsp;&nbsp;&nbsp;&nbsp;&nbsp;&nbsp;&nbsp;&nbsp;&nbsp;&nbsp;&nbsp;&nbsp;&nbsp;&nbsp;&nbsp;&nbsp;&nbsp;&nbsp;&nbsp;&nbsp;              Ohms&nbsp;&nbsp;&nbsp;&nbsp;&nbsp;&nbsp;&nbsp;&nbsp;&nbsp;&nbsp;&nbsp;&nbsp;&nbsp;&nbsp;&nbsp;&nbsp;&nbsp;&nbsp;&nbsp;&nbsp;&nbsp; DAR&nbsp;&nbsp;&nbsp;&nbsp;&nbsp;&nbsp;&nbsp;&nbsp;&nbsp;&nbsp; PI &nbsp;&nbsp;&nbsp;&nbsp;&nbsp;&nbsp;&nbsp;&nbsp; microF &nbsp; &nbsp; &nbsp;&nbsp;&nbsp;&nbsp; &nbsp;   &nbsp;&nbsp; <br />
</span></p>
<p><span style="font-size: medium;">Green-Red  &nbsp;&nbsp;&nbsp;&nbsp;&nbsp;&nbsp;&nbsp;&nbsp;&nbsp;&nbsp;&nbsp;&nbsp;&nbsp;&nbsp;&nbsp;&nbsp;&nbsp;&nbsp;&nbsp;&nbsp;&nbsp;&nbsp;&nbsp;&nbsp;&nbsp;&nbsp;&nbsp;&nbsp;&nbsp;&nbsp;&nbsp;&nbsp;&nbsp;&nbsp;&nbsp;&nbsp;&nbsp;&nbsp;&nbsp; 998 MOhms &nbsp; &nbsp;&nbsp; &nbsp;&nbsp; &nbsp; 1.07 &nbsp; &nbsp;    &nbsp;  &nbsp;&nbsp;&nbsp; 1.22 &nbsp; &nbsp; &nbsp; &nbsp; &nbsp; 1.078 &nbsp; &nbsp; &nbsp;&nbsp; &nbsp;&nbsp;&nbsp;&nbsp;&nbsp;&nbsp;&nbsp;&nbsp; &nbsp; &nbsp; &nbsp;   &nbsp; &nbsp;&nbsp; &nbsp; &nbsp; &nbsp; &nbsp; &nbsp;    <br />
</span></p>
<p><span style="font-size: medium;">Green-White &nbsp;&nbsp; &nbsp;&nbsp;&nbsp;&nbsp;&nbsp;&nbsp;&nbsp;&nbsp;&nbsp;&nbsp;&nbsp;&nbsp;&nbsp;&nbsp;&nbsp;&nbsp;&nbsp;&nbsp;&nbsp;&nbsp;&nbsp;&nbsp;&nbsp;&nbsp;&nbsp;&nbsp;&nbsp;&nbsp;&nbsp;&nbsp;&nbsp;&nbsp;&nbsp;&nbsp; 1.374&nbsp; GOhms &nbsp; &nbsp; &nbsp; 1.09 &nbsp;&nbsp; &nbsp; &nbsp; &nbsp;&nbsp; 1.02 &nbsp; &nbsp; &nbsp; &nbsp; &nbsp; 1.074 &nbsp;&nbsp;&nbsp;&nbsp;&nbsp; <br />
</span></p>
<p><span style="font-size: medium;">Green-Black &nbsp;&nbsp; &nbsp;&nbsp;&nbsp;&nbsp;&nbsp;&nbsp;&nbsp;&nbsp;&nbsp;&nbsp;&nbsp;&nbsp;&nbsp;&nbsp;&nbsp;&nbsp;&nbsp;&nbsp;&nbsp;&nbsp;&nbsp;&nbsp;&nbsp;&nbsp;&nbsp;&nbsp;&nbsp;&nbsp;&nbsp;&nbsp;&nbsp;&nbsp;&nbsp;&nbsp; 1.144 GOhms &nbsp; &nbsp; &nbsp;&nbsp; 1.04&nbsp; &nbsp; &nbsp;&nbsp;&nbsp; &nbsp;&nbsp; 1.02&nbsp; &nbsp; &nbsp; &nbsp; &nbsp;&nbsp; 1.152 &nbsp;&nbsp;&nbsp;&nbsp;&nbsp; <br />
</span></p>
<p><span style="font-size: medium;">Red-White &nbsp;&nbsp;&nbsp;&nbsp;&nbsp;&nbsp;&nbsp;&nbsp;&nbsp;&nbsp;&nbsp;&nbsp;&nbsp;&nbsp;&nbsp;&nbsp;&nbsp;&nbsp;&nbsp;&nbsp;&nbsp;&nbsp;&nbsp;&nbsp;&nbsp;&nbsp;&nbsp;&nbsp;&nbsp;&nbsp;&nbsp;&nbsp;&nbsp;&nbsp;&nbsp;&nbsp;&nbsp;&nbsp;&nbsp;&nbsp; 1.121 GOhms &nbsp; &nbsp; &nbsp;&nbsp; 0.99 &nbsp; &nbsp; &nbsp;&nbsp; &nbsp;&nbsp; 1.27 &nbsp; &nbsp; &nbsp; &nbsp; &nbsp; 0.711 &nbsp;&nbsp;&nbsp;&nbsp;&nbsp; <br />
</span></p>
<p><span style="font-size: medium;">Red-Black &nbsp;&nbsp;&nbsp;&nbsp;&nbsp;&nbsp;&nbsp;&nbsp;&nbsp;&nbsp;&nbsp;&nbsp;&nbsp;&nbsp;&nbsp;&nbsp;&nbsp;&nbsp;&nbsp;&nbsp;&nbsp;&nbsp;&nbsp;&nbsp;&nbsp;&nbsp;&nbsp;&nbsp;&nbsp;&nbsp;&nbsp;&nbsp;&nbsp;&nbsp;&nbsp;&nbsp;&nbsp;&nbsp;&nbsp;&nbsp; 1.387 GOhms &nbsp; &nbsp; &nbsp;&nbsp; 1.04&nbsp; &nbsp; &nbsp; &nbsp; &nbsp;&nbsp; 1.07</span><span style="font-size: medium;">&nbsp; &nbsp; &nbsp; &nbsp; &nbsp;&nbsp;&nbsp; 0.755&nbsp; &nbsp;&nbsp;&nbsp;&nbsp; <br />
</span></p>
<p><span style="font-size: medium;">White-Black &nbsp;&nbsp;&nbsp;&nbsp;&nbsp;&nbsp;&nbsp;&nbsp;&nbsp;&nbsp;&nbsp;&nbsp;&nbsp;&nbsp;&nbsp;&nbsp;&nbsp;&nbsp;&nbsp;&nbsp;&nbsp;&nbsp;&nbsp;&nbsp;&nbsp;&nbsp;&nbsp;&nbsp;&nbsp;&nbsp;&nbsp;&nbsp;&nbsp;&nbsp;&nbsp;&nbsp;&nbsp;&nbsp; 1.909 GOhms &nbsp; &nbsp; &nbsp;&nbsp; 1.13&nbsp; &nbsp; &nbsp; &nbsp;&nbsp;&nbsp; 1.05 &nbsp; &nbsp; &nbsp; &nbsp; &nbsp;&nbsp; 0.716 &nbsp;&nbsp;&nbsp;&nbsp;&nbsp; <br />
</span></p>
<p>&nbsp;</p>
<p>&nbsp;<span style="font-size: large;">CONTINUITY:</span></p>
<p><span style="font-size: large;"><span style="font-size: small;">Expected value:&nbsp;&nbsp; (9.7295 km) * (30.8 Ohms/km) = 299.7 Ohms&nbsp;&nbsp;&nbsp;&nbsp;&nbsp;&nbsp;&nbsp;&nbsp; </span></span></p>
<p><span style="font-size: large;"><span style="font-size: small;"><br />
</span></span><span style="font-size: large;">Green-Ship = 0.86 Ohms<br />
</span></p>
<p><span style="font-size: large;">Red = 297 Ohms</span></p>
<p><span style="font-size: large;">Black = 304 Ohms</span></p>
<p><span style="font-size: large;">White = 342 Ohms</span></p>
<p><span style="font-size: large;">&nbsp;<br />
</span></p>
<p>***********************</p>
<p><span style="font-size: xx-large;">27 May 2015 </span></p>
<p>Termination and Megger by Allison Heater &amp; Stuart McLaughlin</p>
<p>*Routine retermination</p>
<p><span style="font-size: large;">Tested with:&nbsp; Model 1060 AEMC Megger - (SSSG/ComET Megger)</span></p>
<h1>S/N:<span style="mso-spacerun: yes">&nbsp;   </span>154856</h1>
<p>Fwd .322 Wire, NSF-3-C165</p>
<p>Inside tape = 157 meters</p>
<p>Outside tape = 9891 meters</p>
<p>Overall length = 9734 meters</p>
<p>Air temp: 17.2 C&nbsp; (63 F)</p>
<p>Tested entire wire from computer lab, through, drum and j-boxes to termination end (no termination put on yet)</p>
<p>&nbsp;</p>
<p>Wire pair</p>
<p><span style="font-size: medium;">Wires</span><span style="font-size: medium;">       &nbsp;&nbsp;&nbsp;&nbsp;&nbsp;&nbsp;&nbsp;&nbsp;&nbsp;&nbsp;&nbsp;&nbsp;&nbsp;&nbsp;&nbsp;&nbsp;&nbsp;&nbsp;&nbsp;&nbsp;&nbsp;&nbsp;&nbsp;&nbsp;&nbsp;&nbsp;&nbsp;&nbsp;&nbsp;&nbsp;&nbsp;&nbsp;&nbsp;&nbsp;&nbsp;&nbsp;&nbsp;&nbsp;&nbsp;&nbsp;&nbsp;&nbsp;&nbsp;&nbsp;&nbsp;&nbsp;&nbsp;             Ohms&nbsp;&nbsp;&nbsp;&nbsp;&nbsp;&nbsp;&nbsp;&nbsp;&nbsp;&nbsp;&nbsp;&nbsp;&nbsp;&nbsp;&nbsp;&nbsp;&nbsp;&nbsp;&nbsp;&nbsp;&nbsp; DAR&nbsp;&nbsp;&nbsp;&nbsp;&nbsp;&nbsp;&nbsp;&nbsp;&nbsp;&nbsp; PI &nbsp;&nbsp;&nbsp;&nbsp;&nbsp;&nbsp;&nbsp;&nbsp; microF &nbsp; &nbsp; &nbsp;&nbsp;&nbsp;&nbsp; &nbsp;  &nbsp;&nbsp; <br />
</span></p>
<p><span style="font-size: medium;">Green-Red &nbsp;&nbsp;&nbsp;&nbsp;&nbsp;&nbsp;&nbsp;&nbsp;&nbsp;&nbsp;&nbsp;&nbsp;&nbsp;&nbsp;&nbsp;&nbsp;&nbsp;&nbsp;&nbsp;&nbsp;&nbsp;&nbsp;&nbsp;&nbsp;&nbsp;&nbsp;&nbsp;&nbsp;&nbsp;&nbsp;&nbsp;&nbsp;&nbsp;&nbsp;&nbsp;&nbsp;&nbsp;&nbsp;&nbsp; 1.319 GOhms &nbsp; &nbsp;&nbsp;&nbsp;&nbsp;&nbsp; 1.38 &nbsp; &nbsp;    &nbsp; &nbsp;&nbsp; 2.17 &nbsp; &nbsp; &nbsp; &nbsp; &nbsp; 1.159 &nbsp; &nbsp; &nbsp;&nbsp; &nbsp;&nbsp;&nbsp;&nbsp;&nbsp;&nbsp;&nbsp;&nbsp; &nbsp; &nbsp; &nbsp;   &nbsp; &nbsp;&nbsp; &nbsp; &nbsp; &nbsp; &nbsp; &nbsp;    <br />
</span></p>
<p><span style="font-size: medium;">Green-White &nbsp;&nbsp; &nbsp;&nbsp;&nbsp;&nbsp;&nbsp;&nbsp;&nbsp;&nbsp;&nbsp;&nbsp;&nbsp;&nbsp;&nbsp;&nbsp;&nbsp;&nbsp;&nbsp;&nbsp;&nbsp;&nbsp;&nbsp;&nbsp;&nbsp;&nbsp;&nbsp;&nbsp;&nbsp;&nbsp;&nbsp;&nbsp;&nbsp;&nbsp;&nbsp;&nbsp; 2.383&nbsp; GOhms &nbsp; &nbsp; &nbsp; 1.11 &nbsp;&nbsp; &nbsp; &nbsp; &nbsp;&nbsp; 1.16 &nbsp; &nbsp; &nbsp; &nbsp; &nbsp; 1.091 &nbsp;&nbsp;&nbsp;&nbsp;&nbsp; <br />
</span></p>
<p><span style="font-size: medium;">Green-Black &nbsp;&nbsp; &nbsp;&nbsp;&nbsp;&nbsp;&nbsp;&nbsp;&nbsp;&nbsp;&nbsp;&nbsp;&nbsp;&nbsp;&nbsp;&nbsp;&nbsp;&nbsp;&nbsp;&nbsp;&nbsp;&nbsp;&nbsp;&nbsp;&nbsp;&nbsp;&nbsp;&nbsp;&nbsp;&nbsp;&nbsp;&nbsp;&nbsp;&nbsp;&nbsp;&nbsp; 1.638 GOhms &nbsp; &nbsp; &nbsp;&nbsp; 1.09&nbsp; &nbsp; &nbsp;&nbsp;&nbsp; &nbsp;&nbsp; 1.08&nbsp; &nbsp; &nbsp; &nbsp; &nbsp;&nbsp; 0.718 &nbsp;&nbsp;&nbsp;&nbsp;&nbsp; <br />
</span></p>
<p><span style="font-size: medium;">Red-White &nbsp;&nbsp;&nbsp;&nbsp;&nbsp;&nbsp;&nbsp;&nbsp;&nbsp;&nbsp;&nbsp;&nbsp;&nbsp;&nbsp;&nbsp;&nbsp;&nbsp;&nbsp;&nbsp;&nbsp;&nbsp;&nbsp;&nbsp;&nbsp;&nbsp;&nbsp;&nbsp;&nbsp;&nbsp;&nbsp;&nbsp;&nbsp;&nbsp;&nbsp;&nbsp;&nbsp;&nbsp;&nbsp;&nbsp;&nbsp; 1.853 GOhms &nbsp; &nbsp; &nbsp;&nbsp; 1.05 &nbsp; &nbsp; &nbsp;&nbsp; &nbsp;&nbsp; 1.03 &nbsp; &nbsp; &nbsp; &nbsp; &nbsp; 0.718 &nbsp;&nbsp;&nbsp;&nbsp;&nbsp; <br />
</span></p>
<p><span style="font-size: medium;">Red-Black &nbsp;&nbsp;&nbsp;&nbsp;&nbsp;&nbsp;&nbsp;&nbsp;&nbsp;&nbsp;&nbsp;&nbsp;&nbsp;&nbsp;&nbsp;&nbsp;&nbsp;&nbsp;&nbsp;&nbsp;&nbsp;&nbsp;&nbsp;&nbsp;&nbsp;&nbsp;&nbsp;&nbsp;&nbsp;&nbsp;&nbsp;&nbsp;&nbsp;&nbsp;&nbsp;&nbsp;&nbsp;&nbsp;&nbsp;&nbsp; 1.592 GOhms &nbsp; &nbsp; &nbsp;&nbsp; 1.06&nbsp; &nbsp; &nbsp; &nbsp; &nbsp;&nbsp; 0.94</span><span style="font-size: medium;">&nbsp; &nbsp; &nbsp; &nbsp; &nbsp;&nbsp;&nbsp; 0.721&nbsp; &nbsp;&nbsp;&nbsp;&nbsp; <br />
</span></p>
<p><span style="font-size: medium;">White-Black &nbsp;&nbsp;&nbsp;&nbsp;&nbsp;&nbsp;&nbsp;&nbsp;&nbsp;&nbsp;&nbsp;&nbsp;&nbsp;&nbsp;&nbsp;&nbsp;&nbsp;&nbsp;&nbsp;&nbsp;&nbsp;&nbsp;&nbsp;&nbsp;&nbsp;&nbsp;&nbsp;&nbsp;&nbsp;&nbsp;&nbsp;&nbsp;&nbsp;&nbsp;&nbsp;&nbsp;&nbsp;&nbsp; 2.702 GOhms &nbsp; &nbsp; &nbsp;&nbsp; 1.07&nbsp; &nbsp; &nbsp; &nbsp;&nbsp;&nbsp; 1.05 &nbsp; &nbsp; &nbsp; &nbsp; &nbsp;&nbsp; 0.724 &nbsp;&nbsp;&nbsp;&nbsp;&nbsp; <br />
</span></p>
<p>&nbsp;</p>
<p>&nbsp;<span style="font-size: large;">CONTINUITY:</span></p>
<p><span style="font-size: large;"><span style="font-size: small;">Expected value:&nbsp;&nbsp; (9.734 km) * (30.8 Ohms/km) = 299.8 Ohms&nbsp;&nbsp;&nbsp;&nbsp;&nbsp;&nbsp;&nbsp;&nbsp; </span></span></p>
<p><span style="font-size: large;"><span style="font-size: small;">Readings:&nbsp; Red-White 581 Ohms;&nbsp; Red-Blk 589 Ohms;&nbsp; Blk-White 593 Ohms;&nbsp; Red-GR 291 Ohms;&nbsp; Blk-GR 300.8 Ohms;&nbsp; White-GR 296 Ohms;&nbsp; GR-Ship 0.83 Ohms</span></span></p>
<p><span style="font-size: large;">Green-Ship = 0.83 Ohms<br />
</span></p>
<p><span style="font-size: large;">Red = 288.5 Ohms</span></p>
<p><span style="font-size: large;">Black = 300.5 Ohms</span></p>
<p><span style="font-size: large;">White = 292.5 Ohms</span></p>
<p><span style="font-size: large;">&nbsp;NOTE:&nbsp; after the termination was completed, the insulation resistance was checked (only ran a couple minutes each) to verify the new electronic connections and the continuity was re-verified.<br />
</span></p>
<p>&nbsp;</p>
<p>&nbsp;***************</p>
<p><span style="font-size: xx-large;">26 December 2014 </span></p>
<p>Termination by Catie Graver, Megger by Catie Graver</p>
<p>*Routine retermination</p>
<p><span style="font-size: large;">Tested with:&nbsp; Model 1060 AEMC Megger - (SSSG/ComET Megger)</span></p>
<h1>S/N:<span style="mso-spacerun: yes">&nbsp;   </span>154856</h1>
<p>Fwd .322 Wire, NSF-3-C165</p>
<p>Inside tape =</p>
<p>Outside tape =</p>
<p>Overall length =</p>
<p>Air temp: 22 C</p>
<p>Tested entire wire from computer lab, through, drum and j-boxes to termination</p>
<p>&nbsp;</p>
<p>Wire pair</p>
<p><span style="font-size: medium;">Wires</span><span style="font-size: medium;">      &nbsp;&nbsp;&nbsp;&nbsp;&nbsp;&nbsp;&nbsp;&nbsp;&nbsp;&nbsp;&nbsp;&nbsp;&nbsp;&nbsp;&nbsp;&nbsp;&nbsp;&nbsp;&nbsp;&nbsp;&nbsp;&nbsp;&nbsp;&nbsp;&nbsp;&nbsp;&nbsp;&nbsp;&nbsp;&nbsp;&nbsp;&nbsp;&nbsp;&nbsp;&nbsp;&nbsp;&nbsp;&nbsp;&nbsp;&nbsp;&nbsp;&nbsp;&nbsp;&nbsp;&nbsp;&nbsp;&nbsp;            Ohms&nbsp;&nbsp;&nbsp;&nbsp;&nbsp;&nbsp;&nbsp;&nbsp;&nbsp;&nbsp;&nbsp;&nbsp;&nbsp;&nbsp;&nbsp;&nbsp;&nbsp;&nbsp;&nbsp;&nbsp;&nbsp; DAR&nbsp;&nbsp;&nbsp;&nbsp;&nbsp;&nbsp;&nbsp;&nbsp;&nbsp;&nbsp; PI &nbsp;&nbsp;&nbsp;&nbsp;&nbsp;&nbsp;&nbsp;&nbsp; microF &nbsp; &nbsp; &nbsp;&nbsp;   Continuity &nbsp; &nbsp;  &nbsp;&nbsp; <br />
</span></p>
<p><span style="font-size: medium;">Black-white  &nbsp;&nbsp;&nbsp;&nbsp;&nbsp;&nbsp;&nbsp;&nbsp;&nbsp;&nbsp;&nbsp;&nbsp;&nbsp;&nbsp;&nbsp;&nbsp;&nbsp;&nbsp;&nbsp;&nbsp;&nbsp;&nbsp;&nbsp;&nbsp;&nbsp;&nbsp;&nbsp;&nbsp;&nbsp;&nbsp;&nbsp;&nbsp;&nbsp;&nbsp;&nbsp;&nbsp;&nbsp;&nbsp;&nbsp;&nbsp; 1.936 GOhms &nbsp; &nbsp;&nbsp;&nbsp;&nbsp;&nbsp; 1.08 &nbsp; &nbsp;   &nbsp;&nbsp;  1.12 &nbsp; &nbsp; &nbsp; &nbsp; &nbsp; 0.767 &nbsp; &nbsp; &nbsp; 601 Ohms &nbsp;&nbsp;&nbsp;&nbsp;&nbsp;&nbsp;&nbsp;&nbsp; &nbsp; &nbsp; &nbsp;   &nbsp; &nbsp;&nbsp; &nbsp; &nbsp; &nbsp; &nbsp; &nbsp;   <br />
</span></p>
<p><span style="font-size: medium;">Black-red &nbsp;&nbsp; &nbsp;&nbsp;&nbsp;&nbsp;&nbsp;&nbsp;&nbsp;&nbsp;&nbsp;&nbsp;&nbsp;&nbsp;&nbsp;&nbsp;&nbsp;&nbsp;&nbsp;&nbsp;&nbsp;&nbsp;&nbsp;&nbsp;&nbsp;&nbsp;&nbsp;&nbsp;&nbsp;&nbsp;&nbsp;&nbsp;&nbsp;&nbsp;&nbsp;&nbsp;&nbsp;&nbsp;&nbsp;&nbsp;&nbsp;&nbsp; 1.114&nbsp; GOhms &nbsp; &nbsp; &nbsp;&nbsp; 1.05 &nbsp;&nbsp;&nbsp;&nbsp;&nbsp;&nbsp; 0.97 &nbsp; &nbsp; &nbsp; &nbsp; &nbsp; 0.721 &nbsp;&nbsp;&nbsp;&nbsp;&nbsp; 598 Ohms<br />
</span></p>
<p><span style="font-size: medium;">Red-white &nbsp;&nbsp; &nbsp;&nbsp;&nbsp;&nbsp;&nbsp;&nbsp;&nbsp;&nbsp;&nbsp;&nbsp;&nbsp;&nbsp;&nbsp;&nbsp;&nbsp;&nbsp;&nbsp;&nbsp;&nbsp;&nbsp;&nbsp;&nbsp;&nbsp;&nbsp;&nbsp;&nbsp;&nbsp;&nbsp;&nbsp;&nbsp;&nbsp;&nbsp;&nbsp;&nbsp;&nbsp;&nbsp;&nbsp;&nbsp; 1.485 GOhms &nbsp; &nbsp; &nbsp;&nbsp;&nbsp; 1.07&nbsp; &nbsp; &nbsp;&nbsp;&nbsp;&nbsp; 1.26&nbsp; &nbsp; &nbsp; &nbsp; &nbsp; &nbsp; 0.760 &nbsp;&nbsp;&nbsp;&nbsp;&nbsp; 600 Ohms<br />
</span></p>
<p><span style="font-size: medium;">Red-green &nbsp;&nbsp;&nbsp;&nbsp;&nbsp;&nbsp;&nbsp;&nbsp;&nbsp;&nbsp;&nbsp;&nbsp;&nbsp;&nbsp;&nbsp;&nbsp;&nbsp;&nbsp;&nbsp;&nbsp;&nbsp;&nbsp;&nbsp;&nbsp;&nbsp;&nbsp;&nbsp;&nbsp;&nbsp;&nbsp;&nbsp;&nbsp;&nbsp;&nbsp;&nbsp;&nbsp;&nbsp;&nbsp;&nbsp;&nbsp;&nbsp;&nbsp; 1.000 GOhms &nbsp; &nbsp; &nbsp;&nbsp; 1.08 &nbsp; &nbsp; &nbsp;&nbsp; 1.21 &nbsp; &nbsp; &nbsp; &nbsp; &nbsp;&nbsp; 1.092 &nbsp;&nbsp;&nbsp;&nbsp;&nbsp; 299 Ohms<br />
</span></p>
<p><span style="font-size: medium;">White-green &nbsp;&nbsp;&nbsp;&nbsp;&nbsp;&nbsp;&nbsp;&nbsp;&nbsp;&nbsp;&nbsp;&nbsp;&nbsp;&nbsp;&nbsp;&nbsp;&nbsp;&nbsp;&nbsp;&nbsp;&nbsp;&nbsp;&nbsp;&nbsp;&nbsp;&nbsp;&nbsp;&nbsp;&nbsp;&nbsp;&nbsp;&nbsp;&nbsp;&nbsp;&nbsp;&nbsp;&nbsp;&nbsp;&nbsp; 1.482 GOhms &nbsp; &nbsp; &nbsp;&nbsp; 1.10&nbsp; &nbsp; &nbsp; &nbsp; 1.1</span><span style="font-size: medium;">3&nbsp; &nbsp; &nbsp; &nbsp; &nbsp;&nbsp;&nbsp; 1.087&nbsp; &nbsp;&nbsp;&nbsp;&nbsp; 302 Ohms<br />
</span></p>
<p><span style="font-size: medium;">Black-green &nbsp;&nbsp;&nbsp;&nbsp;&nbsp;&nbsp;&nbsp;&nbsp;&nbsp;&nbsp;&nbsp;&nbsp;&nbsp;&nbsp;&nbsp;&nbsp;&nbsp;&nbsp;&nbsp;&nbsp;&nbsp;&nbsp;&nbsp;&nbsp;&nbsp;&nbsp;&nbsp;&nbsp;&nbsp;&nbsp;&nbsp;&nbsp;&nbsp;&nbsp;&nbsp;&nbsp;&nbsp;&nbsp;&nbsp;&nbsp; 1.020 GOhms &nbsp; &nbsp; &nbsp;&nbsp; 1.07&nbsp; &nbsp; &nbsp; &nbsp; 1.19 &nbsp; &nbsp; &nbsp; &nbsp; &nbsp;&nbsp; 1.101 &nbsp;&nbsp;&nbsp;&nbsp;&nbsp; 301 Ohms</span></p>
<p>&nbsp;</p>
<p><span style="font-size: xx-large;">10 August 2014 </span></p>
<p>Termination by Catie Graver, Megger by Catie Graver</p>
<p>*Reterminated due to loose/raised strands in outer armor after initial casts with new wire</p>
<p><span style="font-size: large;">Tested with:&nbsp; Model 1060 AEMC Megger - (SSSG/ComET Megger)</span></p>
<h1>S/N:<span style="mso-spacerun: yes">&nbsp;   </span>154856</h1>
<p>Fwd .322 Wire, NSF-3-C165 - Nearly Brand New Wire!!!!</p>
<p>Inside tape = 157 meters</p>
<p>Outside tape = 9925.5 meters</p>
<p>Overall length = 9768.5 meters</p>
<p>Air temp: 14 C</p>
<p>Tested entire wire from computer lab, through, drum and j-boxes to termination</p>
<p>&nbsp;</p>
<p>Wire pair</p>
<p><span style="font-size: medium;">Wires</span><span style="font-size: medium;">     &nbsp;&nbsp;&nbsp;&nbsp;&nbsp;&nbsp;&nbsp;&nbsp;&nbsp;&nbsp;&nbsp;&nbsp;&nbsp;&nbsp;&nbsp;&nbsp;&nbsp;&nbsp;&nbsp;&nbsp;&nbsp;&nbsp;&nbsp;&nbsp;&nbsp;&nbsp;&nbsp;&nbsp;&nbsp;&nbsp;&nbsp;&nbsp;&nbsp;&nbsp;&nbsp;&nbsp;&nbsp;&nbsp;&nbsp;&nbsp;&nbsp;&nbsp;&nbsp;&nbsp;&nbsp;&nbsp;&nbsp;           Ohms&nbsp;&nbsp;&nbsp;&nbsp;&nbsp;&nbsp;&nbsp;&nbsp;&nbsp;&nbsp;&nbsp;&nbsp;&nbsp;&nbsp;&nbsp;&nbsp;&nbsp;&nbsp;&nbsp;&nbsp;&nbsp; DAR&nbsp;&nbsp;&nbsp;&nbsp;&nbsp;&nbsp;&nbsp;&nbsp;&nbsp;&nbsp; PI &nbsp;&nbsp;&nbsp;&nbsp;&nbsp;&nbsp;&nbsp;&nbsp; microF &nbsp; &nbsp; &nbsp;&nbsp;  Continuity &nbsp; &nbsp;  &nbsp;&nbsp; <br />
</span></p>
<p><span style="font-size: medium;">Black-white &nbsp;&nbsp;&nbsp;&nbsp;&nbsp;&nbsp;&nbsp;&nbsp;&nbsp;&nbsp;&nbsp;&nbsp;&nbsp;&nbsp;&nbsp;&nbsp;&nbsp;&nbsp;&nbsp;&nbsp;&nbsp;&nbsp;&nbsp;&nbsp;&nbsp;&nbsp;&nbsp;&nbsp;&nbsp;&nbsp;&nbsp;&nbsp;&nbsp;&nbsp;&nbsp;&nbsp;&nbsp;&nbsp;&nbsp;&nbsp; 3.307 GOhms &nbsp; &nbsp;&nbsp;&nbsp;&nbsp;&nbsp; 1.09 &nbsp; &nbsp;  &nbsp;&nbsp;  1.14 &nbsp; &nbsp; &nbsp; &nbsp; &nbsp; 0.771 &nbsp; &nbsp; &nbsp; 580 Ohms &nbsp;&nbsp;&nbsp;&nbsp;&nbsp;&nbsp;&nbsp;&nbsp; &nbsp; &nbsp; &nbsp;   &nbsp; &nbsp;&nbsp; &nbsp; &nbsp; &nbsp; &nbsp; &nbsp;  <br />
</span></p>
<p><span style="font-size: medium;">Black-red &nbsp;&nbsp; &nbsp;&nbsp;&nbsp;&nbsp;&nbsp;&nbsp;&nbsp;&nbsp;&nbsp;&nbsp;&nbsp;&nbsp;&nbsp;&nbsp;&nbsp;&nbsp;&nbsp;&nbsp;&nbsp;&nbsp;&nbsp;&nbsp;&nbsp;&nbsp;&nbsp;&nbsp;&nbsp;&nbsp;&nbsp;&nbsp;&nbsp;&nbsp;&nbsp;&nbsp;&nbsp;&nbsp;&nbsp;&nbsp;&nbsp;&nbsp; 2.387&nbsp; GOhms &nbsp; &nbsp; &nbsp;&nbsp; 1.08 &nbsp;&nbsp;&nbsp;&nbsp;&nbsp;&nbsp; 1.10 &nbsp; &nbsp; &nbsp; &nbsp; &nbsp; 0.768&nbsp;&nbsp;&nbsp;&nbsp;&nbsp;&nbsp; 576 Ohms<br />
</span></p>
<p><span style="font-size: medium;">Red-white &nbsp;&nbsp; &nbsp;&nbsp;&nbsp;&nbsp;&nbsp;&nbsp;&nbsp;&nbsp;&nbsp;&nbsp;&nbsp;&nbsp;&nbsp;&nbsp;&nbsp;&nbsp;&nbsp;&nbsp;&nbsp;&nbsp;&nbsp;&nbsp;&nbsp;&nbsp;&nbsp;&nbsp;&nbsp;&nbsp;&nbsp;&nbsp;&nbsp;&nbsp;&nbsp;&nbsp;&nbsp;&nbsp;&nbsp;&nbsp; 2.838 GOhms &nbsp; &nbsp; &nbsp;&nbsp;&nbsp; 1.11&nbsp; &nbsp; &nbsp;&nbsp;&nbsp; 1.22&nbsp; &nbsp; &nbsp; &nbsp; &nbsp; &nbsp; 0.720 &nbsp;&nbsp;&nbsp;&nbsp;&nbsp; 578 Ohms<br />
</span></p>
<p><span style="font-size: medium;">Red-green &nbsp;&nbsp;&nbsp;&nbsp;&nbsp;&nbsp;&nbsp;&nbsp;&nbsp;&nbsp;&nbsp;&nbsp;&nbsp;&nbsp;&nbsp;&nbsp;&nbsp;&nbsp;&nbsp;&nbsp;&nbsp;&nbsp;&nbsp;&nbsp;&nbsp;&nbsp;&nbsp;&nbsp;&nbsp;&nbsp;&nbsp;&nbsp;&nbsp;&nbsp;&nbsp;&nbsp;&nbsp;&nbsp;&nbsp;&nbsp;&nbsp;&nbsp; 2.185 GOhms &nbsp; &nbsp; &nbsp;&nbsp; 1.11 &nbsp; &nbsp; &nbsp;&nbsp; 1.16 &nbsp; &nbsp; &nbsp; &nbsp; &nbsp;&nbsp; 1.096 &nbsp;&nbsp;&nbsp;&nbsp;&nbsp; 288 Ohms<br />
</span></p>
<p><span style="font-size: medium;">White-green &nbsp;&nbsp;&nbsp;&nbsp;&nbsp;&nbsp;&nbsp;&nbsp;&nbsp;&nbsp;&nbsp;&nbsp;&nbsp;&nbsp;&nbsp;&nbsp;&nbsp;&nbsp;&nbsp;&nbsp;&nbsp;&nbsp;&nbsp;&nbsp;&nbsp;&nbsp;&nbsp;&nbsp;&nbsp;&nbsp;&nbsp;&nbsp;&nbsp;&nbsp;&nbsp;&nbsp;&nbsp;&nbsp;&nbsp; 2.031 GOhms &nbsp; &nbsp; &nbsp;&nbsp; 1.11&nbsp; &nbsp; &nbsp; &nbsp; 1.23&nbsp; &nbsp; &nbsp; &nbsp; &nbsp;&nbsp;&nbsp; 1.091&nbsp; &nbsp;&nbsp;&nbsp;&nbsp; 292 Ohms<br />
</span></p>
<p><span style="font-size: medium;">Black-green &nbsp;&nbsp;&nbsp;&nbsp;&nbsp;&nbsp;&nbsp;&nbsp;&nbsp;&nbsp;&nbsp;&nbsp;&nbsp;&nbsp;&nbsp;&nbsp;&nbsp;&nbsp;&nbsp;&nbsp;&nbsp;&nbsp;&nbsp;&nbsp;&nbsp;&nbsp;&nbsp;&nbsp;&nbsp;&nbsp;&nbsp;&nbsp;&nbsp;&nbsp;&nbsp;&nbsp;&nbsp;&nbsp;&nbsp;&nbsp; 1.816 GOhms &nbsp; &nbsp; &nbsp;&nbsp; 1.10&nbsp; &nbsp; &nbsp; &nbsp; 1.16 &nbsp; &nbsp; &nbsp; &nbsp; &nbsp;&nbsp; 1.104 &nbsp;&nbsp;&nbsp;&nbsp;&nbsp; 290 Ohms</span></p>
<p>&nbsp;</p>
<p><span style="font-size: xx-large;">21 July 2014 </span></p>
<p>Termination by Catie Graver, Megger by Dave Sims</p>
<p><span style="font-size: large;">Tested with:&nbsp; Model 1060 AEMC Megger - (SSSG/ComET Megger)</span></p>
<h1>S/N:<span style="mso-spacerun: yes">&nbsp;   </span>154856</h1>
<p>Fwd .322 Wire, NSF-3-C165 - Brand New Wire!!!!</p>
<p>Inside tape = 157 meters</p>
<p>Outside tape = 9947 meters</p>
<p>Overall length = 9790 meters</p>
<p>Air temp: 14 C</p>
<p>Tested entire wire from computer lab, through, drum and j-boxes to termination</p>
<p>&nbsp;</p>
<p>Wire pair</p>
<p><span style="font-size: medium;">Wires</span><span style="font-size: medium;">    &nbsp;&nbsp;&nbsp;&nbsp;&nbsp;&nbsp;&nbsp;&nbsp;&nbsp;&nbsp;&nbsp;&nbsp;&nbsp;&nbsp;&nbsp;&nbsp;&nbsp;&nbsp;&nbsp;&nbsp;&nbsp;&nbsp;&nbsp;&nbsp;&nbsp;&nbsp;&nbsp;&nbsp;&nbsp;&nbsp;&nbsp;&nbsp;&nbsp;&nbsp;&nbsp;&nbsp;&nbsp;&nbsp;&nbsp;&nbsp;&nbsp;&nbsp;&nbsp;&nbsp;&nbsp;&nbsp;&nbsp;          Ohms&nbsp;&nbsp;&nbsp;&nbsp;&nbsp;&nbsp;&nbsp;&nbsp;&nbsp;&nbsp;&nbsp;&nbsp;&nbsp;&nbsp;&nbsp;&nbsp;&nbsp;&nbsp;&nbsp;&nbsp;&nbsp; DAR&nbsp;&nbsp;&nbsp;&nbsp;&nbsp;&nbsp;&nbsp;&nbsp;&nbsp;&nbsp; PI &nbsp;&nbsp;&nbsp;&nbsp;&nbsp;&nbsp;&nbsp;&nbsp; microF &nbsp; &nbsp; &nbsp;&nbsp; Continuity &nbsp; &nbsp;  &nbsp;&nbsp; <br />
</span></p>
<p><span style="font-size: medium;">Red-green    &nbsp;&nbsp;&nbsp;&nbsp;&nbsp;&nbsp;&nbsp;&nbsp;&nbsp;&nbsp;&nbsp;&nbsp;&nbsp;&nbsp;&nbsp;&nbsp;&nbsp;&nbsp;&nbsp;&nbsp;&nbsp;&nbsp;&nbsp;&nbsp;&nbsp;&nbsp;&nbsp;&nbsp;&nbsp;&nbsp;&nbsp;&nbsp;&nbsp;&nbsp;&nbsp;&nbsp;&nbsp;&nbsp;&nbsp;&nbsp;&nbsp; 3.66 GOhms &nbsp; &nbsp;&nbsp;&nbsp;&nbsp;&nbsp;&nbsp; 1.18 &nbsp; &nbsp; &nbsp;&nbsp;  1.34 &nbsp; &nbsp; &nbsp; &nbsp; &nbsp;&nbsp; 1.167 &nbsp; &nbsp; &nbsp; 288 Ohms &nbsp;&nbsp;&nbsp;&nbsp;&nbsp;&nbsp;&nbsp;&nbsp; &nbsp; &nbsp; &nbsp;   &nbsp; &nbsp;&nbsp; &nbsp; &nbsp; &nbsp; &nbsp; &nbsp; <br />
</span></p>
<p><span style="font-size: medium;">Black-white &nbsp;&nbsp;&nbsp;&nbsp;&nbsp;&nbsp;&nbsp;&nbsp;&nbsp;&nbsp;&nbsp;&nbsp;&nbsp;&nbsp;&nbsp;&nbsp;&nbsp;&nbsp;&nbsp;&nbsp;&nbsp;&nbsp;&nbsp;&nbsp;&nbsp;&nbsp;&nbsp;&nbsp;&nbsp;&nbsp;&nbsp;&nbsp;&nbsp;&nbsp;&nbsp;&nbsp;&nbsp;&nbsp;&nbsp;&nbsp; 4.40&nbsp; GOhms &nbsp; &nbsp; &nbsp;&nbsp;&nbsp; 1.13 &nbsp;&nbsp;&nbsp;&nbsp;&nbsp;&nbsp; 1.21 &nbsp; &nbsp; &nbsp; &nbsp; &nbsp;&nbsp; 0.728&nbsp;&nbsp;&nbsp;&nbsp;&nbsp;&nbsp; 576 Ohms<br />
</span></p>
<p><span style="font-size: medium;">Black-green &nbsp;&nbsp;&nbsp;&nbsp;&nbsp;&nbsp;&nbsp;&nbsp;&nbsp;&nbsp;&nbsp;&nbsp;&nbsp;&nbsp;&nbsp;&nbsp;&nbsp;&nbsp;&nbsp;&nbsp;&nbsp;&nbsp;&nbsp;&nbsp;&nbsp;&nbsp;&nbsp;&nbsp;&nbsp;&nbsp;&nbsp;&nbsp;&nbsp;&nbsp;&nbsp;&nbsp;&nbsp;&nbsp;&nbsp; 2.557 GOhms &nbsp; &nbsp; &nbsp;&nbsp; 1.09&nbsp; &nbsp; &nbsp;&nbsp;&nbsp; 1.26&nbsp; &nbsp; &nbsp; &nbsp; &nbsp; &nbsp; 1.107 &nbsp;&nbsp;&nbsp;&nbsp;&nbsp; 292 Ohms<br />
</span></p>
<p><span style="font-size: medium;">White-red &nbsp;&nbsp;&nbsp;&nbsp;&nbsp;&nbsp;&nbsp;&nbsp;&nbsp;&nbsp;&nbsp;&nbsp;&nbsp;&nbsp;&nbsp;&nbsp;&nbsp;&nbsp;&nbsp;&nbsp;&nbsp;&nbsp;&nbsp;&nbsp;&nbsp;&nbsp;&nbsp;&nbsp;&nbsp;&nbsp;&nbsp;&nbsp;&nbsp;&nbsp;&nbsp;&nbsp;&nbsp;&nbsp;&nbsp;&nbsp;&nbsp;&nbsp;&nbsp; 4.09 GOhms &nbsp; &nbsp; &nbsp; &nbsp;&nbsp; 1.13 &nbsp; &nbsp; &nbsp;&nbsp; 1.24 &nbsp; &nbsp; &nbsp; &nbsp; &nbsp;&nbsp; 0.721&nbsp;&nbsp;&nbsp;&nbsp;&nbsp;&nbsp; 576 Ohms<br />
</span></p>
<p><span style="font-size: medium;">White-green &nbsp;&nbsp;&nbsp;&nbsp;&nbsp;&nbsp;&nbsp;&nbsp;&nbsp;&nbsp;&nbsp;&nbsp;&nbsp;&nbsp;&nbsp;&nbsp;&nbsp;&nbsp;&nbsp;&nbsp;&nbsp;&nbsp;&nbsp;&nbsp;&nbsp;&nbsp;&nbsp;&nbsp;&nbsp;&nbsp;&nbsp;&nbsp;&nbsp;&nbsp;&nbsp;&nbsp;&nbsp;&nbsp;&nbsp; 3.184 GOhms &nbsp; &nbsp; &nbsp;&nbsp; 1.15&nbsp; &nbsp; &nbsp; &nbsp; 1.29 &nbsp; &nbsp; &nbsp; &nbsp; &nbsp;&nbsp; 1.161&nbsp; &nbsp;&nbsp;&nbsp;&nbsp; 290 Ohms<br />
</span></p>
<p><span style="font-size: medium;">Black-Red &nbsp;&nbsp;&nbsp;&nbsp;&nbsp;&nbsp;&nbsp;&nbsp;&nbsp;&nbsp;&nbsp;&nbsp;&nbsp;&nbsp;&nbsp;&nbsp;&nbsp;&nbsp;&nbsp;&nbsp;&nbsp;&nbsp;&nbsp;&nbsp;&nbsp;&nbsp;&nbsp;&nbsp;&nbsp;&nbsp;&nbsp;&nbsp;&nbsp;&nbsp;&nbsp;&nbsp;&nbsp;&nbsp;&nbsp;&nbsp;&nbsp;&nbsp; 3.174 GOhms &nbsp; &nbsp; &nbsp;&nbsp; 1.10&nbsp; &nbsp; &nbsp; &nbsp; 1.04 &nbsp; &nbsp; &nbsp; &nbsp; &nbsp;&nbsp; 0.726&nbsp;&nbsp;&nbsp;&nbsp;&nbsp;&nbsp; 576 Ohms<br />
</span></p>
<p>&nbsp;</p>
<p><span style="font-size: medium;">New slip ring (now s/n 4.690) and new cable from drum to slip ring (old one was suspect) also installed when new wire was installed.</span></p>
