$@MID@$: 41
Date: Mon, 24 Nov 2014 13:06:49 +0000
Author: AH - from Catie email
Type: 
Winch: 
Wire: other
Category: Routine
Subject: Slipring Inventory - from Aug 2, 2014
Cruise: at26-23
Attachment: 
Encoding: HTML
========================================
<p>Date: Sat, 2 Aug 2014 20:57:03 +0000 (UTC)<br />
From: atlantis sssg &lt;sssg@atlantis.whoi.edu&gt;<br />
To: rlaird@whoi.edu<br />
Cc: sssg@whoi.edu<br />
Subject: AT slip ring inventory<br />
<br />
Hi Robbie et al-<br />
As promised Atlantis slip ring inventory:<br />
<br />
Presently installed: Meridian MXO-4/MM, s/n 4.690, Burton brand connectors<br />
<br />
Spare: Meridian MXO-4/WHOI, s/n 29.379, Burton brand connectors&nbsp; **this is the one you said was<br />
bent? Having trouble finding that now..<br />
<br />
The two above have the Burton 4-pin plugs on either end that match the cables that come up through<br />
the kick pipes to the winches. The cables we had the fancy dummy plugs made for. The rest of our<br />
spares have meccas.<br />
<br />
Meridian MXO-6, s/n 24.9, 6 mecca connectors<br />
<br />
Meridian MXO-6/WHOI, s/n 7.25, 6 mecca connectors<br />
<br />
No name brand, no serial number, 4 mecca connectors<br />
<br />
<br />
Catie<br />
<br />
&nbsp;</p>
