$@MID@$: 8
Date: Sat, 24 Aug 2013 08:49:31 +0000
Author: Catie
Type: Routine
Category: Van / Hardware
Subject: Hatch exercise
Cruise: at26-04
Attachment: 
Encoding: HTML
========================================
<p>Just in case anyone cares at some point in the future, Arianna and I exercised the isotope van hatch today. Opened ok with a bit of effort, had to adjust the nuts with the supplied wrench (thanks Chris!) to get it shut again. </p>
$@MID@$: 9
Date: Sat, 24 Aug 2013 08:56:26 +0000
Author: Catie
Type: Routine
Category: scintillation counter
Subject: Tested LSC
Cruise: at26-04
Attachment: 
Encoding: HTML
========================================
<p>Arianna and I turned on and ran a test of the computer and Hidex LSC today, all appears in working order.</p>
