$@MID@$: 89
Date: Sun, 19 Apr 2020 11:17:28 +0000
Author: AH
S/N: 
Type: Other
Component: Spectrum Analyzer
Subject: Tuned In
Cruise: at43-01
Attachment: 200419_112146_Atlantis_better_but_faint.JPG
Encoding: HTML
========================================
<p>I was able to tune in teh Spectrum Analyzer using the following settings:</p>

<p>&nbsp;&nbsp;&nbsp;&nbsp;&nbsp; Resolution Bandwidth (RBW)&nbsp;&nbsp;&nbsp;&nbsp; 300 kHz</p>

<p>&nbsp;&nbsp;&nbsp;&nbsp;&nbsp; Video BAndwdth (VBW)&nbsp;&nbsp;&nbsp;&nbsp; 10 Hz</p>

<p>&nbsp;&nbsp;&nbsp;&nbsp;&nbsp; Sweep (SWP)&nbsp;&nbsp;&nbsp;&nbsp;&nbsp;&nbsp;&nbsp;&nbsp;&nbsp;&nbsp; 1.6 s</p>

<p>&nbsp;&nbsp;&nbsp;&nbsp;&nbsp;&nbsp; Center:&nbsp;&nbsp; 1.02450 GHz</p>

<p>&nbsp;&nbsp;&nbsp;&nbsp;&nbsp; REF&nbsp;&nbsp; 69.10 uV</p>

<p>&nbsp;&nbsp;&nbsp;&nbsp; Span 74.6 MHz</p>

<p>&nbsp;</p>

<p>&nbsp;</p>
