$@MID@$: 4
Date: Mon, 21 May 2012 11:15:44 +0000
Author: AH
Type: Other
Subject / Summary: NS5 - job's needing to be done
Cruise: at21-01
link: 
Revisions: 
Attachment: 
Encoding: HTML
========================================
<p><span style="font-size: large;">Here is a reminder that our NS5 Maintenance and Purchasing module has a place for your future<br />
ship jobs.<br />
Meaning jobs that need to be done through Dutch etc.<br />
It falls under Service request # 0202118.<br />
If you have a job to be addressed, please send a short description in an e-mail that the chief or<br />
I can cut and paste into SR 0202118<br />
<br />
an example is below;<br />
<br />
Best regards,<br />
Capt<br />
<br />
<br />
This item is to give Atlantis crew a spot where they can list SSSG issues that need future<br />
resolution.&nbsp; We use SHIPYARD 2013 as the event as this is likley when they will be done.&nbsp; Crew is<br />
welcome to add to this as we go and we will try to keep the information flowing to SSSG too.<br />
Dutch<br />
<br />
1.&nbsp; Overhaul of fume vent exhaust fans.&nbsp; These fans are located in the engine room uptakes.&nbsp; The<br />
2011 check of the air flow in April showed decreased flow and we may need to ovewrhaul these<br />
fans.&nbsp; Dutch<br />
</span><br />
&nbsp;</p>
