$@MID@$: 2
Date: Thu, 11 Apr 2013 11:08:39 +0000
Author: lstolp
Cruise: ti659
S/N: 469
Type: Other
Category: Hardware
Subject: deckunit removed and shipped back to RDI
Attachment: 
Encoding: HTML
========================================
<p>300 KHz Mariner Workhorse</p>
<p>P/N 701-6013-00</p>
<p>S/N 469</p>
<p>Rev M</p>
<p>&nbsp;</p>
<p>&nbsp;</p>
<p>##############################</p>
<p>Date: Wed, 1 May 2013 18:13:23 +0000<br />
From: RDI CSAdmin &lt;RDI.CSAdmin@Teledyne.com&gt;<br />
To: &quot;'rlaird@whoi.edu'&quot; &lt;rlaird@whoi.edu&gt;<br />
Cc: &quot;sssg@whoi.edu&quot; &lt;sssg@whoi.edu&gt;, &quot;khoutler@whoi.edu&quot; &lt;khoutler@whoi.edu&gt;<br />
Subject: RE: Quotation WHMVM Chassis, SN: 469 (our RMA 77478)<br />
<br />
Hi Robbie,<br />
<br />
Do you require a revised quotation or will this email be sufficient?&nbsp; Please provide your PO so that we may<br />
proceed with the repair.<br />
<br />
Kind Regards,<br />
<br />
Kean Vorn-Valdez<br />
Client Service Liaison Group<br />
Teledyne RD Instrument<br />
&quot;A member of Teledyne Marine&quot;<br />
14020 Stowe Dr<br />
Poway, Ca 92064<br />
Main Tel (858)842-2600 <br />
Direct Tel (858)842-2971<br />
Fax: (858)842-2822<br />
Email: rdicsadmin@teledyne.com <br />
<br />
<br />
<br />
<br />
<br />
-----Original Message-----<br />
From: rlaird@whoi.edu [mailto:rlaird@whoi.edu] <br />
Sent: Wednesday, May 01, 2013 11:02 AM<br />
To: RDI CSAdmin<br />
Cc: sssg@whoi.edu; khoutler@whoi.edu<br />
Subject: Re: Quotation WHMVM Chassis, SN: 469 (our RMA 77478)<br />
<br />
Hi<br />
<br />
Please go ahead with the repair without repairing the syncro, but with NMEA gyro.<br />
<br />
Thanks<br />
<br />
Robbie Laird<br />
WHOI/SSSG<br />
<br />
<br />
Quoting RDI CSAdmin &lt;RDI.CSAdmin@Teledyne.com&gt;:<br />
<br />
&gt; Hi Robbi,<br />
&gt;<br />
&gt;<br />
&gt; Per our Customer Service Manager, Ed Apodaca, quote without syncro <br />
&gt; repaired is:<br />
&gt;<br />
&gt;<br />
&gt; Part Number<br />
&nbsp;</p>
