$@MID@$: 7
Date: Wed, 15 May 2019 21:37:11 +0000
Author: AH
Type: 
Location: 
Subject: 2019 benchmark locations
Cruise: 2019 shipyard
Attachment: 190515_214109_2019_atlantis_benchmarks.pdf
Encoding: HTML
========================================
<p>Updated benchmark documentation with benchmark locations and offsets from the 2019 IMTEC survey conducted at MIDD shipyard.</p>

<table border="0" cellpadding="0" cellspacing="0" style="width:629px">
	<tbody>
		<tr>
			<td colspan="4" style="height:23px; width:355px">
			<p><strong>2019 Survey Benchmarks</strong></p>
			</td>
			<td style="height:23px; width:275px">&nbsp;</td>
		</tr>
		<tr>
			<td style="height:23px; width:122px">
			<p><strong>Benchmark</strong></p>
			</td>
			<td style="height:23px; width:82px">
			<p><strong>x</strong></p>
			</td>
			<td style="height:23px; width:69px">
			<p><strong>y</strong></p>
			</td>
			<td style="height:23px; width:82px">
			<p><strong>z</strong></p>
			</td>
			<td style="height:23px; width:275px">
			<p><strong>Location</strong></p>
			</td>
		</tr>
		<tr>
			<td style="height:23px; width:122px">
			<p>PBM1</p>
			</td>
			<td style="height:23px; width:82px">
			<p>5.115</p>
			</td>
			<td style="height:23px; width:69px">
			<p>1.369</p>
			</td>
			<td style="height:23px; width:82px">
			<p>-12.565</p>
			</td>
			<td style="height:23px; width:275px">
			<p>Bow - top of bulkwards</p>
			</td>
		</tr>
		<tr>
			<td style="height:23px; width:122px">
			<p>PBM2</p>
			</td>
			<td style="height:23px; width:82px">
			<p>-30.721</p>
			</td>
			<td style="height:23px; width:69px">
			<p>0.445</p>
			</td>
			<td style="height:23px; width:82px">
			<p>-21.163</p>
			</td>
			<td style="height:23px; width:275px">
			<p>flybridge - forward</p>
			</td>
		</tr>
		<tr>
			<td style="height:23px; width:122px">
			<p>PBM3</p>
			</td>
			<td style="height:23px; width:82px">
			<p>-34.148</p>
			</td>
			<td style="height:23px; width:69px">
			<p>-7.898</p>
			</td>
			<td style="height:23px; width:82px">
			<p>-21.185</p>
			</td>
			<td style="height:23px; width:275px">
			<p>flybridge - port (fwd of bow mast)</p>
			</td>
		</tr>
		<tr>
			<td style="height:23px; width:122px">
			<p>PBM4</p>
			</td>
			<td style="height:23px; width:82px">
			<p>-34.146</p>
			</td>
			<td style="height:23px; width:69px">
			<p>7.907</p>
			</td>
			<td style="height:23px; width:82px">
			<p>-21.179</p>
			</td>
			<td style="height:23px; width:275px">
			<p>flybridge - stbd (fwd of bow mast)</p>
			</td>
		</tr>
		<tr>
			<td style="height:23px; width:122px">
			<p>PBM5</p>
			</td>
			<td style="height:23px; width:82px">
			<p>-43.526</p>
			</td>
			<td style="height:23px; width:69px">
			<p>1.677</p>
			</td>
			<td style="height:23px; width:82px">
			<p>-21.137</p>
			</td>
			<td style="height:23px; width:275px">
			<p>flybridge - aft (stbd side)</p>
			</td>
		</tr>
		<tr>
			<td style="height:23px; width:122px">
			<p>PBM6</p>
			</td>
			<td style="height:23px; width:82px">
			<p>-62.809</p>
			</td>
			<td style="height:23px; width:69px">
			<p>-3.35</p>
			</td>
			<td style="height:23px; width:82px">
			<p>-10.277</p>
			</td>
			<td style="height:23px; width:275px">
			<p>fantail - port ladder to 01 deck</p>
			</td>
		</tr>
		<tr>
			<td style="height:23px; width:122px">
			<p>PBM7</p>
			</td>
			<td style="height:23px; width:82px">
			<p>-66.925</p>
			</td>
			<td style="height:23px; width:69px">
			<p>5.815</p>
			</td>
			<td style="height:23px; width:82px">
			<p>-9.666</p>
			</td>
			<td style="height:23px; width:275px">
			<p>fantail - stbd crane base</p>
			</td>
		</tr>
		<tr>
			<td style="height:23px; width:122px">
			<p>PBM8</p>
			</td>
			<td style="height:23px; width:82px">
			<p>-76.297</p>
			</td>
			<td style="height:23px; width:69px">
			<p>2.597</p>
			</td>
			<td style="height:23px; width:82px">
			<p>-8.46</p>
			</td>
			<td style="height:23px; width:275px">
			<p>fantail - stbd A-Frame pedestal</p>
			</td>
		</tr>
		<tr>
			<td style="height:23px; width:122px">
			<p>PBM9</p>
			</td>
			<td style="height:23px; width:82px">
			<p>-76.301</p>
			</td>
			<td style="height:23px; width:69px">
			<p>-3.486</p>
			</td>
			<td style="height:23px; width:82px">
			<p>-8.469</p>
			</td>
			<td style="height:23px; width:275px">
			<p>fantail - port A-Frame pedestal</p>
			</td>
		</tr>
		<tr>
			<td style="height:23px; width:122px">
			<p>PBM10</p>
			</td>
			<td style="height:23px; width:82px">
			<p>-24.459</p>
			</td>
			<td style="height:23px; width:69px">
			<p>-0.851</p>
			</td>
			<td style="height:23px; width:82px">
			<p>-2.622</p>
			</td>
			<td style="height:23px; width:275px">
			<p>tank top level fwd (on piping)</p>
			</td>
		</tr>
		<tr>
			<td style="height:23px; width:122px">
			<p>PBM11</p>
			</td>
			<td style="height:23px; width:82px">
			<p>-25.087</p>
			</td>
			<td style="height:23px; width:69px">
			<p>-5.506</p>
			</td>
			<td style="height:23px; width:82px">
			<p>-2.599</p>
			</td>
			<td style="height:23px; width:275px">
			<p>tank top repair parts room (3-40-4)</p>
			</td>
		</tr>
		<tr>
			<td style="height:23px; width:122px">
			<p>PBM12</p>
			</td>
			<td style="height:23px; width:82px">
			<p>-26.202</p>
			</td>
			<td style="height:23px; width:69px">
			<p>5.789</p>
			</td>
			<td style="height:23px; width:82px">
			<p>-2.6</p>
			</td>
			<td style="height:23px; width:275px">
			<p>tank top GSM stores room (3-40-1)</p>
			</td>
		</tr>
		<tr>
			<td style="height:23px; width:122px">
			<p>PBM13</p>
			</td>
			<td style="height:23px; width:82px">
			<p>-33.389</p>
			</td>
			<td style="height:23px; width:69px">
			<p>-0.991</p>
			</td>
			<td style="height:23px; width:82px">
			<p>-4.773</p>
			</td>
			<td style="height:23px; width:275px">
			<p>tank top doorway to transducer well</p>
			</td>
		</tr>
	</tbody>
</table>

<p>&nbsp;</p>
