$@MID@$: 73
Date: Sun, 02 Sep 2018 13:52:58 +0000
Author: AH
S/N: 
Type: Configuration
equipment: 
Subject: 
Cruise: at41
Attachment: 
Encoding: HTML
Draft: aheater
========================================

$@MID@$: 74
Date: Sun, 02 Sep 2018 14:08:18 +0000
Author: AH
S/N: 
Type: Configuration
equipment: cyberoam CR50iNG
Subject: CYBEROAM - offshore/at dock - firewall
Cruise: at41
Attachment: 180902_140846_Cyberoam_firewall_at_dock_and_offshore.jpg
Encoding: HTML
========================================

