$@MID@$: 8
Date: Tue, 13 Sep 2016 00:10:11 +0000
Author: AH
Type: Windows
Subject: WINDOWS UPDATES via NTCSERVER
Cruise: at37-02
Attachment: 160912_235733_WindowsUpdate_ntcserver_instructions0001.pdf,160913_002910_specify_intranet_update_service_location.jpg
Encoding: HTML
========================================
<p>Attached is some information for making a windows computer on the network a client for the ntcserver windows updates.</p>
<p>Basically, you run &gt;gpedit.msc&nbsp;&nbsp;&nbsp; on the client computer select:&nbsp;&nbsp; Computer Configuration, then Administrative Templates, then Windows Components</p>
<p>&nbsp;&nbsp;&nbsp;&nbsp;&nbsp;&nbsp;&nbsp;&nbsp;&nbsp;&nbsp;&nbsp;&nbsp;&nbsp;&nbsp;&nbsp;&nbsp;&nbsp;&nbsp;&nbsp;&nbsp; then click Windows Update&nbsp; - find &quot;specify intranet microsoft update service location and double click.&nbsp; This is where you specify the</p>
<p>&nbsp;&nbsp;&nbsp;&nbsp;&nbsp;&nbsp;&nbsp;&nbsp;&nbsp;&nbsp;&nbsp;&nbsp;&nbsp;&nbsp;&nbsp;&nbsp;&nbsp;&nbsp;&nbsp; ntcserver.&nbsp; Make sure you do it as a URL&nbsp;&nbsp; -&gt;&nbsp;&nbsp; http://ntcserver.ship.atlantis.whoi.edu</p>
<p>THat's the main thing.&nbsp; THere are a few other options that can be configured (see attachment).</p>
<p>then, in a command window type:</p>
<p>&gt;wuauclt /detectnow</p>
<p>&gt;wuauclt /reportnow</p>
<p>***************************************</p>
<p>I have the following computers working as of 2016-Sept:&nbsp;&nbsp;&nbsp; chico, harpo, mikey, alvinmech</p>
<p>I tried to do: gummo&nbsp; - I can't seem to get it to work - I looked up the error message online and it says the URL is incorrect.&nbsp; I tried the ipaddress, that didn't work, I can ping ntcserver from gummo and vice versa, and I have double and triple checked my typing of the server info.&nbsp; So, I'm not sure what is going on that I can't get it to work.</p>
<p>On the wsus server (WIndows SOftware??&nbsp;&nbsp; Update Server) it shows:&nbsp; chico, harpo, mikey, alvinmech, 3ps (but that's XP so it can't get any updates), readyrose (library)., </p>
<p>saturn (is that in Dave's office) &amp; mars (I haven't checked that one yet)</p>
$@MID@$: 9
Date: Tue, 13 Sep 2016 00:28:47 +0000
Author: AH
Type: Other
Subject: ESET - WINDOWS
Cruise: at37-02
Attachment: 160913_001725_ESET_LIc.pdf,160913_001735_ESET_notes0001.pdf
Encoding: HTML
========================================
<p>MAIN STEPS: (THIS IS WINDOWS VERSION)</p>
<p>1)&nbsp; load ESET software</p>
<p>&nbsp;&nbsp;&nbsp;&nbsp;&nbsp;&nbsp;&nbsp;&nbsp;&nbsp;&nbsp;&nbsp;&nbsp;&nbsp; user and password for Windows on sheet below</p>
<p>2)&nbsp; configure - think the server is specified in the&nbsp;&nbsp; &quot;set-up&quot; &nbsp; -&gt; &nbsp; &quot;advanced&quot;&nbsp;</p>
<p>&nbsp;&nbsp;&nbsp;&nbsp;&nbsp;&nbsp;&nbsp;&nbsp;&nbsp;&nbsp;&nbsp;&nbsp;&nbsp;&nbsp;&nbsp;&nbsp; put in&nbsp;&nbsp;&nbsp;&nbsp;&nbsp; http://192.168.12.2:2221&nbsp;&nbsp;&nbsp;&nbsp;&nbsp;&nbsp; (I think you could put in whole dns name)</p>
<p>3)&nbsp; configure &quot;remote administration&quot;</p>
<p>&nbsp;&nbsp;&nbsp;&nbsp;&nbsp; setup&nbsp; -&nbsp;&nbsp; advanced&nbsp;&nbsp;&nbsp; - tools&nbsp;&nbsp;&nbsp; -&nbsp;&nbsp;&nbsp; remote administration</p>
<p>&nbsp;&nbsp;&nbsp;&nbsp;&nbsp; enter in server here again&nbsp; 192.168.12.2&nbsp;&nbsp; </p>
<p>ESET is presently working on:&nbsp; chico, harpo, gummo, 3ps, alvinmech, mikey, gummo</p>
<p>&nbsp;</p>
