$@MID@$: 12
Date: Sat, 31 Jan 2015 09:42:18 +0000
Author: AH
svn: 
Type: Other
Subject: TESTING - running log of what I changed/did
Cruise: at26-28
Attachment: 
Encoding: HTML
========================================
<p>1)&nbsp; Turned off SAMOS and NOAA data feeds - set up crontab reminder (to turn crontab back on) and emailed Samos and Noaa.</p>
<p>&nbsp;2)&nbsp; When I began:</p>
<p>sssg@atdatalog01:/usr/local/src/dsLog$ svn info<br />
Path: .<br />
URL: svn+ssh://sssg@sssg11.whoi.edu/usr/local/svn/repos/dsLog<br />
Repository Root: svn+ssh://sssg@sssg11.whoi.edu/usr/local/svn/repos/dsLog<br />
Repository UUID: e08966f8-1ac0-419d-820b-70f84d108046<br />
Revision: 34<br />
Node Kind: directory<br />
Schedule: normal<br />
Last Changed Author: tthiel<br />
Last Changed Rev: 34<br />
Last Changed Date: 2014-09-09 16:40:21 +0000 (Tue, 09 Sep 2014)<br />
&nbsp;</p>
<p>sssg@atdatalog01:/usr/local/src/dsLogCSV$ svn info <br />
Path: .<br />
URL: svn+ssh://atsssg@sssg11.whoi.edu/usr/local/svn/repos/dsLogCSV/trunk<br />
Repository Root: svn+ssh://atsssg@sssg11.whoi.edu/usr/local/svn/repos/dsLogCSV<br />
Repository UUID: 2abb757b-5482-4096-a495-971c1d6b0275<br />
Revision: 95<br />
Node Kind: directory<br />
Schedule: normal<br />
Last Changed Author: tthiel<br />
Last Changed Rev: 95<br />
Last Changed Date: 2015-01-28 22:42:53 +0000 (Wed, 28 Jan 2015)<br />
<br />
&nbsp; 3)&nbsp; FInd .ini file which is running and dsLogCSV versions running:</p>
<p>&nbsp;&nbsp;&nbsp;&nbsp;&nbsp;&nbsp;&nbsp;&nbsp;&nbsp;&nbsp;&nbsp;&nbsp;&nbsp;&nbsp;&nbsp;&nbsp;&nbsp;&nbsp;&nbsp;&nbsp;&nbsp;&nbsp;&nbsp;&nbsp;&nbsp; /home/dslog/dsLogCSV.ini is presently linked to at_dsLogCSV_20141022.ini&nbsp;&nbsp; - change this to Laura's attached version at_dsLogCSV_20150130.ini</p>
<p>&nbsp;&nbsp;&nbsp;&nbsp;&nbsp;&nbsp;&nbsp;&nbsp;&nbsp;&nbsp;&nbsp;&nbsp;&nbsp;&nbsp;&nbsp;&nbsp;&nbsp;&nbsp;&nbsp;&nbsp;&nbsp;&nbsp;&nbsp; /usr/local/bin/dsLogCSV is presently linked to /usr/local/bin/dsLogCSV-76&nbsp;&nbsp; - leave this as is&nbsp;&nbsp;&nbsp;&nbsp;&nbsp;&nbsp;&nbsp;&nbsp;&nbsp;&nbsp;&nbsp;&nbsp;&nbsp;&nbsp;&nbsp;&nbsp;&nbsp;&nbsp;&nbsp;&nbsp;&nbsp;&nbsp;&nbsp;&nbsp;&nbsp;&nbsp;&nbsp;&nbsp;&nbsp;&nbsp;&nbsp;&nbsp;&nbsp;&nbsp;&nbsp;</p>
<p>***broke it already by forgetting to call link dsLogCSV.ini (left off the ini part) :)</p>
<p>4)&nbsp; Went through the steps of donwloading a couple of times:</p>
<p>root@atdatalog01:/usr/local/src#&nbsp;&nbsp;&nbsp;&nbsp;&nbsp;&nbsp;&nbsp;&nbsp;&nbsp;</p>
<p>svn co svn+ssh://atsssg@sssg11.whoi.edu/usr/local/svn/repos/dsLogCSV/trunk dsLogCSV</p>
<p>exited root - did the compile steps:</p>
<p>cd /usr/local/src/dsLogCSV</p>
<p>make clean</p>
<p>make dsLogCSV</p>
<p>make dsLogPostCSV</p>
<p>*both make commands said was up-to-date so I guess I did not need to try and compile</p>
<p>checked revision number with &gt;svn info</p>
<p>copied to /usr/local/bin/dsLogCSV-revisionnumber (in this case 95)</p>
<p>and&nbsp;&nbsp; /usr/local/bin/dsLogPostCSV-95&nbsp; (I guess the &quot;Post&quot; should be the same)</p>
<p>&nbsp;</p>
<p>****** ****************SKIP TO 4-FEB-2015</p>
<p>Samos and NOAA still turned off - hope to turn back on by end of day</p>
<p>Killed send_dslog_ssv.pl on FTP in favor of dsLogCSV outputting there from atdatalog01</p>
<p>&nbsp;&nbsp;&nbsp;&nbsp;&nbsp;&nbsp;&nbsp;&nbsp;&nbsp; will get serial re-direction working on FTP for em122 - or turn &quot;OFF&quot; OUTPUT_4 on dsLOGCSV and &quot;ON&quot; send_dslog_ssv.pl</p>
